<?xml version="1.0" encoding="UTF-8"?><TestSessionContainer xmlns="http://www.codecover.org/xml/testsession-container" Date="1416432344118" TestSessionContainerId="8dac71e3-22ae-4d33-9b49-cad299a65dcb" version="1.0">
<SrcFileList>
<SrcFile Content="package rules;&#13;&#10;&#13;&#10;import java.util.ArrayList;&#13;&#10;&#13;&#10;import boards.Board;&#13;&#10;import chessTest.Color;&#13;&#10;import chessTest.Coord;&#13;&#10;import chessTest.GameState;&#13;&#10;import chessTest.Move;&#13;&#10;import chessTest.Piece;&#13;&#10;import chessTest.View;&#13;&#10;&#13;&#10;public abstract class Rules {&#13;&#10;&#13;&#10;&#9;public abstract Board createBoard();&#13;&#10;&#13;&#10;&#9;public abstract ArrayList&lt;Move&gt; listAvailableMoves(Piece p, Board b);&#13;&#10;&#13;&#10;&#9;public abstract String movePiece(Piece p, Coord c, Color playersTurn,&#13;&#10;&#9;&#9;&#9;View view, Board b);&#13;&#10;&#13;&#10;&#9;public abstract GameState checkGameOver(Board b);&#13;&#10;}&#13;&#10;" Filename="Rules.java" Intrnl_Id="1"/>
<SrcFile Content="package rules;&#13;&#10;&#13;&#10;import java.util.ArrayList;&#13;&#10;&#13;&#10;import chessTest.Coord;&#13;&#10;import chessTest.Move;&#13;&#10;import chessTest.Pair;&#13;&#10;import chessTest.Piece;&#13;&#10;import chessTest.PieceName;&#13;&#10;import chessTest.Tile;&#13;&#10;import chessTest.View;&#13;&#10;import boards.Board;&#13;&#10;import boards.LosAlamosBoard;&#13;&#10;&#13;&#10;/* TODO: change textview so that classic rules deals with invalid input&#13;&#10; * &#9;&#9; so that los alamos can change it so that users cannot promote&#13;&#10; * &#9;&#9; to bishops */&#13;&#10;&#13;&#10;public class LosAlamosRules extends ClassicRules {&#13;&#10;&#9;public LosAlamosRules(){&#13;&#10;&#9;&#9;&#13;&#10;&#9;}&#13;&#10;&#9;&#13;&#10;&#9;public Board createBoard(){&#13;&#10;&#9;&#9;return new LosAlamosBoard();&#13;&#10;&#9;}&#13;&#10;&#9;&#13;&#10;&#9;@Override&#13;&#10;&#9;public void addPawnMoves(ArrayList&lt;Move&gt; ret, int direction, Coord c,&#13;&#10;&#9;&#9;&#9;Piece p, Board b) {&#13;&#10;&#9;&#9;//Moving the pawn 2 spaces forward on its first move has been&#13;&#10;&#9;&#9;//removed&#13;&#10;&#9;&#9;Tile t = b.getTile(c.x, c.y + (1 * direction));&#13;&#10;&#9;&#9;if (t != null &amp;&amp; t.curPiece == null) {&#13;&#10;&#9;&#9;&#9;ret.add(p.createMove(t.coord.clone(), false));&#13;&#10;&#9;&#9;}&#13;&#10;&#13;&#10;&#9;&#9;t = b.getTile(c.x + 1, c.y + (1 * direction));&#13;&#10;&#9;&#9;if (t != null &amp;&amp; t.curPiece != null) {&#13;&#10;&#9;&#9;&#9;ret.add(p.createMove(t.coord.clone()));&#13;&#10;&#9;&#9;}&#13;&#10;&#13;&#10;&#9;&#9;t = b.getTile(c.x - 1, c.y + (1 * direction));&#13;&#10;&#9;&#9;if (t != null &amp;&amp; t.curPiece != null) {&#13;&#10;&#9;&#9;&#9;ret.add(p.createMove(t.coord.clone()));&#13;&#10;&#9;&#9;}&#13;&#10;&#9;}&#13;&#10;&#13;&#10;&#9;public void addKingMoves(ArrayList&lt;Move&gt; ret, int direction, Coord c,&#13;&#10;&#9;&#9;&#9;Piece p, Board b) {&#13;&#10;&#9;&#9;//Castling has been removed&#13;&#10;&#9;&#9;Tile t;&#13;&#10;&#9;&#9;// loop through the 2D grid around the current piece&#13;&#10;&#9;&#9;for (int i = -1; i &lt; 2; i++) {&#13;&#10;&#9;&#9;&#9;for (int j = -1; j &lt; 2; j++) {&#13;&#10;&#9;&#9;&#9;&#9;if (i == 0 &amp;&amp; j == 0) { // can't move the king to it's current&#13;&#10;&#9;&#9;&#9;&#9;&#9;&#9;&#9;&#9;&#9;&#9;// position&#13;&#10;&#9;&#9;&#9;&#9;&#9;continue;&#13;&#10;&#9;&#9;&#9;&#9;}&#13;&#10;&#9;&#9;&#9;&#9;t = b.getTile(c.x + j, c.y + i);&#13;&#10;&#9;&#9;&#9;&#9;if (t != null) {&#13;&#10;&#9;&#9;&#9;&#9;&#9;ret.add(p.createMove(t.coord.clone()));&#13;&#10;&#13;&#10;&#9;&#9;&#9;&#9;}&#13;&#10;&#9;&#9;&#9;}&#13;&#10;&#9;&#9;}&#13;&#10;&#9;}&#13;&#10;&#9;&#13;&#10;&#9;public ArrayList&lt;Pair&lt;Character,PieceName&gt;&gt; promotionChoices(View v) {&#13;&#10;&#9;&#9;ArrayList&lt;Pair&lt;Character,PieceName&gt;&gt; pieceChoices = new ArrayList&lt;Pair&lt;Character,PieceName&gt;&gt;();&#13;&#10;&#9;&#9;pieceChoices.add(new Pair&lt;Character,PieceName&gt;('r', PieceName.ROOK));&#13;&#10;&#9;&#9;pieceChoices.add(new Pair&lt;Character,PieceName&gt;('n', PieceName.KNIGHT));&#13;&#10;&#9;&#9;pieceChoices.add(new Pair&lt;Character,PieceName&gt;('q', PieceName.QUEEN));&#13;&#10;&#9;&#9;&#13;&#10;&#9;&#9;if (v != null) {&#13;&#10;&#9;&#9;&#9;v.displayMsg(&quot;Promotion choices are:&quot;);&#13;&#10;&#9;&#9;&#9;v.displayMsg(&quot;r - rook&quot;);&#13;&#10;&#9;&#9;&#9;v.displayMsg(&quot;n - knight&quot;);&#13;&#10;&#9;&#9;&#9;v.displayMsg(&quot;q - queen&quot;);&#13;&#10;&#9;&#9;}&#13;&#10;&#9;&#9;&#13;&#10;&#9;&#9;return pieceChoices;&#13;&#10;&#9;}&#13;&#10;}" Filename="LosAlamosRules.java" Intrnl_Id="2"/>
<SrcFile Content="package rules;&#13;&#10;&#13;&#10;import java.util.ArrayList;&#13;&#10;import java.util.Iterator;&#13;&#10;&#13;&#10;import boards.Board;&#13;&#10;import boards.ClassicBoard;&#13;&#10;import chessTest.Color;&#13;&#10;import chessTest.Coord;&#13;&#10;import chessTest.GameState;&#13;&#10;import chessTest.Move;&#13;&#10;import chessTest.Pair;&#13;&#10;import chessTest.Piece;&#13;&#10;import chessTest.PieceName;&#13;&#10;import chessTest.Tile;&#13;&#10;import chessTest.View;&#13;&#10;&#13;&#10;public class ClassicRules extends Rules {&#13;&#10;&#9;&#13;&#10;&#9;private int nBlackKingMoves = 0, nWhiteKingMoves = 0;&#13;&#10;&#9;&#13;&#10;&#9;public ClassicRules() {&#13;&#10;&#13;&#10;&#9;}&#13;&#10;&#13;&#10;&#9;public Board createBoard() {&#13;&#10;&#9;&#9;return new ClassicBoard();&#13;&#10;&#9;}&#13;&#10;&#13;&#10;&#9;public GameState checkGameOver(Board b) {&#13;&#10;&#9;&#9;if (isInCheckmate(b, Color.WHITE))&#13;&#10;&#9;&#9;&#9;return GameState.TWO_WIN;&#13;&#10;&#9;&#9;else if (isInCheckmate(b, Color.BLACK))&#13;&#10;&#9;&#9;&#9;return GameState.ONE_WIN;&#13;&#10;&#9;&#9;else if (isDraw(b))&#13;&#10;&#9;&#9;&#9;return GameState.DRAW;&#13;&#10;&#9;&#9;return GameState.IN_PROGRESS;&#13;&#10;&#9;}&#13;&#10;&#13;&#10;&#9;public boolean isDraw(Board b) {&#13;&#10;&#9;&#9;return nBlackKingMoves &gt;= 21 || nWhiteKingMoves &gt;= 21 || isInStaleMate(b, Color.WHITE) || isInStaleMate(b, Color.BLACK);&#13;&#10;&#9;}&#13;&#10;&#9;&#13;&#10;&#9;public boolean loopOverAllMoves(Board b, Color c) {&#13;&#10;&#9;&#9;&#13;&#10;&#9;&#9;boolean cannotMove = true;&#13;&#10;&#9;&#9;&#13;&#10;&#9;&#9;Board bClone = b.clone();&#13;&#10;&#9;&#9;&#13;&#10;&#9;&#9;//Grabs all players pieces to check if a move can save them&#13;&#10;&#9;&#9;checkMateLoop: for (int y = 0; y &lt; bClone.tiles.length; y++) {&#13;&#10;&#9;&#9;&#9;for (int x = 0; x &lt; bClone.tiles.length; x++) {&#13;&#10;&#9;&#9;&#9;&#9;&#13;&#10;&#9;&#9;&#9;&#9;Piece p = bClone.getTile(new Coord(x, y)).curPiece;&#13;&#10;&#9;&#9;&#9;&#9;if (p != null &amp;&amp; p.color == c) {&#13;&#10;&#9;&#9;&#9;&#9;&#9;ArrayList&lt;Move&gt; moves = listAvailableMoves(p,bClone);&#13;&#10;&#9;&#9;&#9;&#9;&#9;for (Move m: moves) {&#13;&#10;&#9;&#9;&#9;&#9;&#9;&#9;movePiece(p, m.coord, c, null, bClone);&#13;&#10;&#9;&#9;&#9;&#9;&#9;&#9;if (!isInCheck(bClone, c)) {&#13;&#10;&#9;&#9;&#9;&#9;&#9;&#9;&#9;cannotMove = false;&#13;&#10;&#9;&#9;&#9;&#9;&#9;&#9;&#9;break checkMateLoop;&#13;&#10;&#9;&#9;&#9;&#9;&#9;&#9;}&#13;&#10;&#9;&#9;&#9;&#9;&#9;&#9;//reset cloned board;&#13;&#10;&#9;&#9;&#9;&#9;&#9;&#9;bClone = b.clone();&#13;&#10;&#9;&#9;&#9;&#9;&#9;}&#13;&#10;&#9;&#9;&#9;&#9;}&#13;&#10;&#9;&#9;&#9;}&#13;&#10;&#9;&#9;}&#13;&#10;&#9;&#9;&#13;&#10;&#9;&#9;return cannotMove;&#13;&#10;&#9;}&#13;&#10;&#9;&#13;&#10;&#9;//Stalemate condition #2: No valid moves possible without putting the king in check&#13;&#10;&#9;public boolean isInStaleMate(Board b, Color c) {&#13;&#10;&#9;&#9;return loopOverAllMoves(b, c);&#13;&#10;&#9;}&#13;&#10;&#13;&#10;&#9;public boolean isInCheckmate(Board b, Color c) {&#13;&#10;&#13;&#10;&#9;&#9;//Only checks if the player is currently in check&#13;&#10;&#9;&#9;if (isInCheck(b, c)) {&#13;&#10;&#9;&#9;&#9;return loopOverAllMoves(b, c);&#13;&#10;&#9;&#9;}&#13;&#10;&#9;&#9;&#9;return false;&#13;&#10;&#9;}&#13;&#10;&#13;&#10;&#9;public boolean isInCheck(Board b, Color c) {&#13;&#10;&#13;&#10;&#9;&#9;Piece king = null;&#13;&#10;&#9;&#9;boolean check = false;&#13;&#10;&#13;&#10;&#9;&#9;// Find King piece for current player&#13;&#10;&#9;&#9;kingLoop: for (int y = 0; y &lt; b.tiles.length; y++) {&#13;&#10;&#9;&#9;&#9;for (int x = 0; x &lt; b.tiles.length; x++) {&#13;&#10;&#9;&#9;&#9;&#9;Piece p = b.getTile(new Coord(x, y)).curPiece;&#13;&#10;&#9;&#9;&#9;&#9;if (p != null &amp;&amp; p.name == PieceName.KING &amp;&amp; p.color == c) {&#13;&#10;&#9;&#9;&#9;&#9;&#9;king = p;&#13;&#10;&#9;&#9;&#9;&#9;&#9;break kingLoop;&#13;&#10;&#9;&#9;&#9;&#9;}&#13;&#10;&#9;&#9;&#9;}&#13;&#10;&#9;&#9;}&#13;&#10;&#13;&#10;&#9;&#9;// Check if King is in check&#13;&#10;&#9;&#9;checkLoop: for (int y = 0; y &lt; b.tiles.length; y++) {&#13;&#10;&#9;&#9;&#9;for (int x = 0; x &lt; b.tiles.length; x++) {&#13;&#10;&#9;&#9;&#9;&#9;Piece p = b.getTile(new Coord(x, y)).curPiece;&#13;&#10;&#9;&#9;&#9;&#9;// Kings can't put kings in check&#13;&#10;&#9;&#9;&#9;&#9;if (p != null &amp;&amp; p.color != c &amp;&amp; p.name != PieceName.KING) {&#13;&#10;&#9;&#9;&#9;&#9;&#9;ArrayList&lt;Move&gt; moves = this.listAvailableMoves(p, b);&#13;&#10;&#9;&#9;&#9;&#9;&#9;for (Move move : moves) {&#13;&#10;&#9;&#9;&#9;&#9;&#9;&#9;if (move.coord.equals(king.curTile.coord)&#13;&#10;&#9;&#9;&#9;&#9;&#9;&#9;&#9;&#9;&amp;&amp; move.isKillMove) {&#13;&#10;&#9;&#9;&#9;&#9;&#9;&#9;&#9;check = true;&#13;&#10;&#9;&#9;&#9;&#9;&#9;&#9;&#9;break checkLoop;&#13;&#10;&#9;&#9;&#9;&#9;&#9;&#9;}&#13;&#10;&#9;&#9;&#9;&#9;&#9;}&#13;&#10;&#9;&#9;&#9;&#9;}&#13;&#10;&#9;&#9;&#9;}&#13;&#10;&#9;&#9;}&#13;&#10;&#13;&#10;&#9;&#9;return check;&#13;&#10;&#9;}&#13;&#10;&#13;&#10;&#9;// returns rook who have not moved in same row as c on the &quot;left&quot; side&#13;&#10;&#9;public Piece findCastleRook(Coord c, Board board, boolean left) {&#13;&#10;&#9;&#9;Coord nextC = c.clone();&#13;&#10;&#9;&#9;nextC.x += left ? -1 : 1;&#13;&#10;&#9;&#9;Tile t = board.getTile(nextC);&#13;&#10;&#9;&#9;if (t == null) {&#13;&#10;&#9;&#9;&#9;return null;&#13;&#10;&#9;&#9;}&#13;&#10;&#9;&#9;Piece p = t.curPiece;&#13;&#10;&#9;&#9;if (p != null) {&#13;&#10;&#9;&#9;&#9;if (p.name == PieceName.ROOK &amp;&amp; !p.hasMoved) {&#13;&#10;&#9;&#9;&#9;&#9;return p;&#13;&#10;&#9;&#9;&#9;} else {&#13;&#10;&#9;&#9;&#9;&#9;return null;&#13;&#10;&#9;&#9;&#9;}&#13;&#10;&#9;&#9;}&#13;&#10;&#9;&#9;return findCastleRook(nextC, board, left);&#13;&#10;&#9;}&#13;&#10;&#13;&#10;&#9;public String movePiece(Piece p, Coord c, Color playersTurn, View view,&#13;&#10;&#9;&#9;&#9;Board board) {&#13;&#10;&#9;&#9;Board cloneB = board.clone();&#13;&#10;&#9;&#9;Tile t = cloneB.getTile(c);&#13;&#10;&#9;&#9;boolean isValidMove = false;&#13;&#10;&#9;&#9;Piece cloneP = cloneB.getTile(p.curTile.coord).curPiece;&#13;&#10;&#9;&#9;ArrayList&lt;Move&gt; moves = this.listAvailableMoves(cloneP, board);&#13;&#10;&#9;&#9;for (Move move : moves) {&#13;&#10;&#9;&#9;&#9;if (move.coord.x == c.x &amp;&amp; move.coord.y == c.y) {&#13;&#10;&#9;&#9;&#9;&#9;for (Pair&lt;Piece, Coord&gt; subMove : move.subMoves) {&#13;&#10;&#9;&#9;&#9;&#9;&#9;if(subMove.getElement1() == null){&#13;&#10;&#9;&#9;&#9;&#9;&#9;&#9;cloneB.getTile(subMove.getElement0().curTile.coord).curPiece = null;&#13;&#10;&#9;&#9;&#9;&#9;&#9;&#9;continue;&#13;&#10;&#9;&#9;&#9;&#9;&#9;}&#13;&#10;&#9;&#9;&#9;&#9;&#9;&#13;&#10;&#9;&#9;&#9;&#9;&#9;t = cloneB.getTile(subMove.getElement1());&#13;&#10;&#9;&#9;&#9;&#9;&#9;Piece cloneBP = cloneB.getTile(subMove.getElement0().curTile.coord).curPiece;&#13;&#10;&#9;&#9;&#9;&#9;&#9;t.setPiece(cloneBP);&#13;&#10;&#9;&#9;&#9;&#9;&#9;if(move.pawnMoveTwo){&#13;&#10;&#9;&#9;&#9;&#9;&#9;&#9;cloneBP.enPassantKillable = true;&#13;&#10;&#9;&#9;&#9;&#9;&#9;}&#13;&#10;&#9;&#9;&#9;&#9;&#9;cloneBP.hasMoved = true;&#13;&#10;&#9;&#9;&#9;&#9;}&#13;&#10;&#9;&#9;&#9;&#9;cloneP = checkPromotion(cloneP, move, view, board);&#13;&#10;&#9;&#9;&#9;&#9;isValidMove = true;&#13;&#10;&#9;&#9;&#9;&#9;break;&#13;&#10;&#9;&#9;&#9;}&#13;&#10;&#9;&#9;}&#13;&#10;&#9;&#9;if (!isValidMove) {&#13;&#10;&#9;&#9;&#9;return &quot;Invalid Move: This piece cannot be moved to your desired tile.&quot;;&#13;&#10;&#9;&#9;}&#13;&#10;&#13;&#10;&#9;&#9;if (!isInCheck(cloneB, playersTurn)) {&#13;&#10;&#9;&#9;&#9;board.set(cloneB);&#13;&#10;&#9;&#9;} else {&#13;&#10;&#9;&#9;&#9;return &quot;Invalid Move: This move leaves your king in check.&quot;;&#13;&#10;&#9;&#9;}&#13;&#10;&#9;&#9;&#13;&#10;&#9;&#9;// stalemate condition #1: The king as the only colour of its piece moves 21 times&#13;&#10;&#9;&#9;if (p.name == PieceName.KING) { // we're moving the king&#13;&#10;&#9;&#9;&#9;&#13;&#10;&#9;&#9;&#9;for (int x = 0; x &lt; board.tiles[0].length; x++) {&#13;&#10;&#9;&#9;&#9;&#9;for (int y = 0; y &lt; board.tiles.length; y++) {&#13;&#10;&#9;&#9;&#9;&#9;&#9;Tile tile = board.getTile(x, y);&#13;&#10;&#9;&#9;&#9;&#9;&#9;Piece piece = tile.curPiece;&#13;&#10;&#9;&#9;&#9;&#9;&#9;if (piece != null &amp;&amp; piece.color == p.color &amp;&amp; piece.name != PieceName.KING) {&#13;&#10;&#9;&#9;&#9;&#9;&#9;&#9;return null;&#13;&#10;&#9;&#9;&#9;&#9;&#9;}&#13;&#10;&#9;&#9;&#9;&#9;}&#13;&#10;&#9;&#9;&#9;}&#13;&#10;&#9;&#9;&#9;&#13;&#10;&#9;&#9;&#9;&#13;&#10;&#9;&#9;    if (p.color == Color.WHITE) {&#13;&#10;&#9;&#9;    &#9;nWhiteKingMoves++;&#13;&#10;&#9;&#9;    &#9;if (nWhiteKingMoves &gt;= 21) {&#13;&#10;&#9;&#9;    &#9;&#9;return &quot;Stalemate! The white King has moved 21 times as the only white piece!&quot;;&#13;&#10;&#9;&#9;    &#9;}&#13;&#10;&#9;&#9;    }&#13;&#10;&#9;&#9;    else {&#13;&#10;&#9;&#9;    &#9;nBlackKingMoves++;&#13;&#10;&#9;&#9;    &#9;if (nBlackKingMoves &gt;= 21) {&#13;&#10;&#9;&#9;    &#9;&#9;return &quot;Stalemate! The black King has moved 21 times as the only white piece!&quot;;&#13;&#10;&#9;&#9;    &#9;}&#13;&#10;&#9;&#9;    }&#13;&#10;&#9;&#9;}&#13;&#10;&#13;&#10;&#9;&#9;return null;&#13;&#10;&#9;}&#13;&#10;&#13;&#10;&#9;public Piece checkPromotion(Piece p, Move move, View view, Board b) {&#13;&#10;&#13;&#10;&#9;&#9;if (view != null &amp;&amp; p.name == PieceName.PAWN) {&#13;&#10;&#13;&#10;&#9;&#9;&#9;if (p.color == Color.WHITE) {&#13;&#10;&#9;&#9;&#9;&#9;if (move.coord.y == (b.tiles.length - 1)) {&#13;&#10;&#9;&#9;&#9;&#9;&#9;p.name = view.getPromotion(promotionChoices(view));&#13;&#10;&#9;&#9;&#9;&#9;}&#13;&#10;&#9;&#9;&#9;}&#13;&#10;&#13;&#10;&#9;&#9;&#9;if (p.color == Color.BLACK) {&#13;&#10;&#9;&#9;&#9;&#9;if (move.coord.y == 0) {&#13;&#10;&#9;&#9;&#9;&#9;&#9;p.name = view.getPromotion(promotionChoices(view));&#13;&#10;&#9;&#9;&#9;&#9;}&#13;&#10;&#9;&#9;&#9;}&#13;&#10;&#9;&#9;}&#13;&#10;&#13;&#10;&#9;&#9;return p;&#13;&#10;&#9;}&#13;&#10;&#13;&#10;&#9;public ArrayList&lt;Move&gt; listAvailableMoves(Piece p, Board b) {&#13;&#10;&#9;&#9;ArrayList&lt;Move&gt; ret = new ArrayList&lt;Move&gt;();&#13;&#10;&#9;&#9;int direction = p.color == Color.WHITE ? 1 : -1;&#13;&#10;&#9;&#9;Coord c = p.curTile.coord.clone();&#13;&#10;&#13;&#10;&#9;&#9;if (p.name == PieceName.PAWN) {&#13;&#10;&#9;&#9;&#9;addPawnMoves(ret, direction, c, p, b);&#13;&#10;&#9;&#9;} else if (p.name == PieceName.KING) {&#13;&#10;&#9;&#9;&#9;addKingMoves(ret, direction, c, p, b);&#13;&#10;&#9;&#9;} else if (p.name == PieceName.ROOK) {&#13;&#10;&#9;&#9;&#9;addRookMoves(ret, direction, c, p, b);&#13;&#10;&#9;&#9;} else if (p.name == PieceName.BISHOP) {&#13;&#10;&#9;&#9;&#9;addBishopMoves(ret, direction, c, p, b);&#13;&#10;&#9;&#9;} else if (p.name == PieceName.QUEEN) {&#13;&#10;&#9;&#9;&#9;addQueenMoves(ret, direction, c, p, b);&#13;&#10;&#9;&#9;} else if (p.name == PieceName.KNIGHT) {&#13;&#10;&#9;&#9;&#9;addKnightMoves(ret, direction, c, p, b);&#13;&#10;&#9;&#9;}&#13;&#10;&#13;&#10;&#9;&#9;// remove all moves that move the piece to a tile that doesn't exist, or&#13;&#10;&#9;&#9;// to a tile occupied by a piece of our own colour&#13;&#10;&#9;&#9;Iterator&lt;Move&gt; i = ret.iterator();&#13;&#10;&#9;&#9;while (i.hasNext()) {&#13;&#10;&#9;&#9;&#9;Move x = i.next();&#13;&#10;&#9;&#9;&#9;if (b.getTile(x.coord).curPiece != null&#13;&#10;&#9;&#9;&#9;&#9;&#9;&amp;&amp; b.getTile(x.coord).curPiece.color == p.color) {&#13;&#10;&#9;&#9;&#9;&#9;i.remove();&#13;&#10;&#9;&#9;&#9;}&#13;&#10;&#9;&#9;}&#13;&#10;&#9;&#9;return ret;&#13;&#10;&#9;}&#13;&#10;&#13;&#10;&#9;public void addPawnMoves(ArrayList&lt;Move&gt; ret, int direction, Coord c,&#13;&#10;&#9;&#9;&#9;Piece p, Board b) {&#13;&#10;&#9;&#9;Tile t = b.getTile(c.x, c.y + (1 * direction));&#13;&#10;&#9;&#9;if (t != null &amp;&amp; t.curPiece == null) {&#13;&#10;&#9;&#9;&#9;ret.add(p.createMove(t.coord.clone(), false));&#13;&#10;&#9;&#9;}&#13;&#10;&#9;&#9;if (!p.hasMoved) {&#13;&#10;&#9;&#9;&#9;t = b.getTile(c.x, c.y + (2 * direction));&#13;&#10;&#9;&#9;&#9;if (t != null &amp;&amp; t.curPiece == null) {&#13;&#10;&#9;&#9;&#9;&#9;Move m = p.createMove(t.coord.clone(), false);&#13;&#10;&#9;&#9;&#9;&#9;m.pawnMoveTwo = true;&#13;&#10;&#9;&#9;&#9;&#9;ret.add(m);&#13;&#10;&#9;&#9;&#9;}&#13;&#10;&#9;&#9;}&#13;&#10;&#13;&#10;&#9;&#9;//capture moves&#13;&#10;&#9;&#9;t = b.getTile(c.x + 1, c.y + (1 * direction));&#13;&#10;&#9;&#9;if (t != null &amp;&amp; t.curPiece != null) {&#13;&#10;&#9;&#9;&#9;ret.add(p.createMove(t.coord.clone()));&#13;&#10;&#9;&#9;}&#13;&#10;&#13;&#10;&#9;&#9;t = b.getTile(c.x - 1, c.y + (1 * direction));&#13;&#10;&#9;&#9;if (t != null &amp;&amp; t.curPiece != null) {&#13;&#10;&#9;&#9;&#9;ret.add(p.createMove(t.coord.clone()));&#13;&#10;&#9;&#9;}&#13;&#10;&#9;&#9;&#13;&#10;&#9;&#9;//enpassant moves&#13;&#10;&#9;&#9;t = b.getTile(c.x - 1, c.y + (0 * direction));&#13;&#10;&#9;&#9;if (t != null &amp;&amp; t.curPiece != null) {&#13;&#10;&#9;&#9;&#9;if(t.curPiece.enPassantKillable){&#13;&#10;&#9;&#9;&#9;&#9;t = b.getTile(c.x - 1, c.y + (1 * direction));&#13;&#10;&#9;&#9;&#9;&#9;if (t != null &amp;&amp; t.curPiece == null) {&#13;&#10;&#9;&#9;&#9;&#9;&#9;Move m = p.createMove(t.coord.clone());&#13;&#10;&#9;&#9;&#9;&#9;&#9;t = b.getTile(c.x - 1, c.y + (0 * direction));&#13;&#10;&#9;&#9;&#9;&#9;&#9;m.addSubMove(new Pair&lt;Piece, Coord&gt;(t.curPiece, null));&#13;&#10;&#9;&#9;&#9;&#9;&#9;ret.add(m);&#13;&#10;&#9;&#9;&#9;&#9;}&#13;&#10;&#9;&#9;&#9;}&#13;&#10;&#9;&#9;}&#13;&#10;&#9;&#9;&#13;&#10;&#9;&#9;t = b.getTile(c.x + 1, c.y + (0 * direction));&#13;&#10;&#9;&#9;if (t != null &amp;&amp; t.curPiece != null) {&#13;&#10;&#9;&#9;&#9;if(t.curPiece.enPassantKillable){&#13;&#10;&#9;&#9;&#9;&#9;t = b.getTile(c.x + 1, c.y + (1 * direction));&#13;&#10;&#9;&#9;&#9;&#9;if (t != null &amp;&amp; t.curPiece == null) {&#13;&#10;&#9;&#9;&#9;&#9;&#9;Move m = p.createMove(t.coord.clone());&#13;&#10;&#9;&#9;&#9;&#9;&#9;t = b.getTile(c.x + 1, c.y + (0 * direction));&#13;&#10;&#9;&#9;&#9;&#9;&#9;m.addSubMove(new Pair&lt;Piece, Coord&gt;(t.curPiece, null));&#13;&#10;&#9;&#9;&#9;&#9;&#9;ret.add(m);&#13;&#10;&#9;&#9;&#9;&#9;}&#13;&#10;&#9;&#9;&#9;}&#13;&#10;&#9;&#9;}&#13;&#10;&#9;&#9;&#13;&#10;&#9;&#9;&#13;&#10;&#9;}&#13;&#10;&#13;&#10;&#9;public void addKingMoves(ArrayList&lt;Move&gt; ret, int direction, Coord c,&#13;&#10;&#9;&#9;&#9;Piece p, Board b) {&#13;&#10;&#9;&#9;Tile t;&#13;&#10;&#9;&#9;// loop through the 2D grid around the current piece&#13;&#10;&#9;&#9;for (int i = -1; i &lt; 2; i++) {&#13;&#10;&#9;&#9;&#9;for (int j = -1; j &lt; 2; j++) {&#13;&#10;&#9;&#9;&#9;&#9;if (i != 0 || j != 0) { // can't move the king to it's current&#13;&#10;&#9;&#9;&#9;&#9;&#9;&#9;&#9;&#9;&#9;&#9;// position&#13;&#10;&#9;&#9;&#9;&#9;&#9;t = b.getTile(c.x + j, c.y + i);&#13;&#10;&#9;&#9;&#9;&#9;&#9;if (t != null) {&#13;&#10;&#9;&#9;&#9;&#9;&#9;&#9;ret.add(p.createMove(t.coord.clone()));&#13;&#10;&#13;&#10;&#9;&#9;&#9;&#9;&#9;}&#13;&#10;&#9;&#9;&#9;&#9;}&#13;&#10;&#9;&#9;&#9;&#9;&#13;&#10;&#9;&#9;&#9;}&#13;&#10;&#9;&#9;}&#13;&#10;&#9;&#9;// castling&#13;&#10;&#9;&#9;if (!p.hasMoved) {&#13;&#10;&#9;&#9;&#9;boolean left = false;&#13;&#10;&#9;&#9;&#9;// add castle left and right to ret&#13;&#10;&#9;&#9;&#9;do {&#13;&#10;&#9;&#9;&#9;&#9;left = !left;&#13;&#10;&#9;&#9;&#9;&#9;Piece rook = findCastleRook(p.curTile.coord, b, left);&#13;&#10;&#9;&#9;&#9;&#9;if (rook != null) {&#13;&#10;&#9;&#9;&#9;&#9;&#9;// check if any of squares king touches puts him in check&#13;&#10;&#9;&#9;&#9;&#9;&#9;Board clonedB = b.clone();&#13;&#10;&#9;&#9;&#9;&#9;&#9;if (this.isInCheck(clonedB, p.color)) {&#13;&#10;&#9;&#9;&#9;&#9;&#9;&#9;break;&#13;&#10;&#9;&#9;&#9;&#9;&#9;}&#13;&#10;&#9;&#9;&#9;&#9;&#9;Piece cloneKing = clonedB.getTile(p.curTile.coord).curPiece;&#13;&#10;&#9;&#9;&#9;&#9;&#9;Coord castleMove = cloneKing.curTile.coord;&#13;&#10;&#9;&#9;&#9;&#9;&#9;castleMove.x += left ? -1 : 1;&#13;&#10;&#9;&#9;&#9;&#9;&#9;Tile castleMoveTile = clonedB.getTile(castleMove);&#13;&#10;&#9;&#9;&#9;&#9;&#9;castleMoveTile.setPiece(cloneKing);&#13;&#10;&#9;&#9;&#9;&#9;&#9;if (this.isInCheck(clonedB, p.color)) {&#13;&#10;&#9;&#9;&#9;&#9;&#9;&#9;break;&#13;&#10;&#9;&#9;&#9;&#9;&#9;}&#13;&#10;&#9;&#9;&#9;&#9;&#9;castleMove.x += left ? -1 : 1;&#13;&#10;&#9;&#9;&#9;&#9;&#9;castleMoveTile = clonedB.getTile(castleMove);&#13;&#10;&#9;&#9;&#9;&#9;&#9;castleMoveTile.setPiece(cloneKing);&#13;&#10;&#9;&#9;&#9;&#9;&#9;if (this.isInCheck(clonedB, p.color)) {&#13;&#10;&#9;&#9;&#9;&#9;&#9;&#9;break;&#13;&#10;&#9;&#9;&#9;&#9;&#9;}&#13;&#10;&#13;&#10;&#9;&#9;&#9;&#9;&#9;// Add left or right castle move&#13;&#10;&#9;&#9;&#9;&#9;&#9;Coord kingMove = p.curTile.coord.clone();&#13;&#10;&#9;&#9;&#9;&#9;&#9;kingMove.x += left ? -2 : 2;&#13;&#10;&#9;&#9;&#9;&#9;&#9;Coord rookMove = p.curTile.coord.clone();&#13;&#10;&#9;&#9;&#9;&#9;&#9;rookMove.x += left ? -1 : 1;&#13;&#10;&#9;&#9;&#9;&#9;&#9;Move mo = p.createMove(kingMove, false);&#13;&#10;&#9;&#9;&#9;&#9;&#9;mo.addSubMove(new Pair&lt;Piece, Coord&gt;(rook, rookMove));&#13;&#10;&#9;&#9;&#9;&#9;&#9;ret.add(mo);&#13;&#10;&#9;&#9;&#9;&#9;}&#13;&#10;&#9;&#9;&#9;} while (left);&#13;&#10;&#9;&#9;}&#13;&#10;&#9;}&#13;&#10;&#13;&#10;&#9;public void addRookMoves(ArrayList&lt;Move&gt; ret, int direction, Coord c,&#13;&#10;&#9;&#9;&#9;Piece p, Board b) {&#13;&#10;&#9;&#9;Tile t;&#13;&#10;&#9;&#9;// loop through the vertical, going up&#13;&#10;&#9;&#9;int offset;&#13;&#10;&#9;&#9;for (offset = 1;; offset++) {&#13;&#10;&#9;&#9;&#9;t = b.getTile(c.x, c.y + offset);&#13;&#10;&#9;&#9;&#9;if (t == null) {&#13;&#10;&#9;&#9;&#9;&#9;break;&#13;&#10;&#9;&#9;&#9;}&#13;&#10;&#9;&#9;&#9;ret.add(p.createMove(t.coord.clone()));&#13;&#10;&#9;&#9;&#9;if (t.curPiece != null) {&#13;&#10;&#9;&#9;&#9;&#9;break;&#13;&#10;&#9;&#9;&#9;}&#13;&#10;&#9;&#9;}&#13;&#10;&#13;&#10;&#9;&#9;// loop through the vertical, going down&#13;&#10;&#9;&#9;for (offset = -1;; offset--) {&#13;&#10;&#9;&#9;&#9;t = b.getTile(c.x, c.y + offset);&#13;&#10;&#9;&#9;&#9;if (t == null) {&#13;&#10;&#9;&#9;&#9;&#9;break;&#13;&#10;&#9;&#9;&#9;}&#13;&#10;&#9;&#9;&#9;ret.add(p.createMove(t.coord.clone()));&#13;&#10;&#9;&#9;&#9;if (t.curPiece != null) {&#13;&#10;&#9;&#9;&#9;&#9;break;&#13;&#10;&#9;&#9;&#9;}&#13;&#10;&#9;&#9;}&#13;&#10;&#13;&#10;&#9;&#9;// loop through the horizontal, going left&#13;&#10;&#9;&#9;for (offset = 1;; offset++) {&#13;&#10;&#9;&#9;&#9;t = b.getTile(c.x + offset, c.y);&#13;&#10;&#9;&#9;&#9;if (t == null) {&#13;&#10;&#9;&#9;&#9;&#9;break;&#13;&#10;&#9;&#9;&#9;}&#13;&#10;&#9;&#9;&#9;ret.add(p.createMove(t.coord.clone()));&#13;&#10;&#9;&#9;&#9;if (t.curPiece != null) {&#13;&#10;&#9;&#9;&#9;&#9;break;&#13;&#10;&#9;&#9;&#9;}&#13;&#10;&#9;&#9;}&#13;&#10;&#13;&#10;&#9;&#9;// loop through the horizontal, going right&#13;&#10;&#9;&#9;for (offset = -1;; offset--) {&#13;&#10;&#9;&#9;&#9;t = b.getTile(c.x + offset, c.y);&#13;&#10;&#9;&#9;&#9;if (t == null) {&#13;&#10;&#9;&#9;&#9;&#9;break;&#13;&#10;&#9;&#9;&#9;}&#13;&#10;&#9;&#9;&#9;ret.add(p.createMove(t.coord.clone()));&#13;&#10;&#9;&#9;&#9;if (t.curPiece != null) {&#13;&#10;&#9;&#9;&#9;&#9;break;&#13;&#10;&#9;&#9;&#9;}&#13;&#10;&#9;&#9;}&#13;&#10;&#9;}&#13;&#10;&#13;&#10;&#9;public void addBishopMoves(ArrayList&lt;Move&gt; ret, int direction, Coord c,&#13;&#10;&#9;&#9;&#9;Piece p, Board b) {&#13;&#10;&#9;&#9;Tile t;&#13;&#10;&#9;&#9;// loop through the diagonal, going up and left&#13;&#10;&#9;&#9;int offset;&#13;&#10;&#9;&#9;for (offset = 1;; offset++) {&#13;&#10;&#9;&#9;&#9;t = b.getTile(c.x + offset, c.y + offset);&#13;&#10;&#9;&#9;&#9;if (t == null) {&#13;&#10;&#9;&#9;&#9;&#9;break;&#13;&#10;&#9;&#9;&#9;}&#13;&#10;&#9;&#9;&#9;ret.add(p.createMove(t.coord.clone()));&#13;&#10;&#9;&#9;&#9;if (t.curPiece != null) {&#13;&#10;&#9;&#9;&#9;&#9;break;&#13;&#10;&#9;&#9;&#9;}&#13;&#10;&#9;&#9;}&#13;&#10;&#9;&#9;// loop through the diagonal, going up and right&#13;&#10;&#9;&#9;for (offset = 1;; offset++) {&#13;&#10;&#9;&#9;&#9;t = b.getTile(c.x - offset, c.y - offset);&#13;&#10;&#9;&#9;&#9;if (t == null) {&#13;&#10;&#9;&#9;&#9;&#9;break;&#13;&#10;&#9;&#9;&#9;}&#13;&#10;&#9;&#9;&#9;ret.add(p.createMove(t.coord.clone()));&#13;&#10;&#9;&#9;&#9;if (t.curPiece != null) {&#13;&#10;&#9;&#9;&#9;&#9;break;&#13;&#10;&#9;&#9;&#9;}&#13;&#10;&#9;&#9;}&#13;&#10;&#9;&#9;// loop through the diagonal, going down and left&#13;&#10;&#9;&#9;for (offset = 1;; offset++) {&#13;&#10;&#9;&#9;&#9;t = b.getTile(c.x + offset, c.y - offset);&#13;&#10;&#9;&#9;&#9;if (t == null) {&#13;&#10;&#9;&#9;&#9;&#9;break;&#13;&#10;&#9;&#9;&#9;}&#13;&#10;&#9;&#9;&#9;ret.add(p.createMove(t.coord.clone()));&#13;&#10;&#9;&#9;&#9;if (t.curPiece != null) {&#13;&#10;&#9;&#9;&#9;&#9;break;&#13;&#10;&#9;&#9;&#9;}&#13;&#10;&#9;&#9;}&#13;&#10;&#9;&#9;// loop through the diagonal, going down and right&#13;&#10;&#9;&#9;for (offset = 1;; offset++) {&#13;&#10;&#9;&#9;&#9;t = b.getTile(c.x - offset, c.y + offset);&#13;&#10;&#9;&#9;&#9;if (t == null) {&#13;&#10;&#9;&#9;&#9;&#9;break;&#13;&#10;&#9;&#9;&#9;}&#13;&#10;&#9;&#9;&#9;ret.add(p.createMove(t.coord.clone()));&#13;&#10;&#9;&#9;&#9;if (t.curPiece != null) {&#13;&#10;&#9;&#9;&#9;&#9;break;&#13;&#10;&#9;&#9;&#9;}&#13;&#10;&#9;&#9;}&#13;&#10;&#9;}&#13;&#10;&#13;&#10;&#9;public void addQueenMoves(ArrayList&lt;Move&gt; ret, int direction, Coord c,&#13;&#10;&#9;&#9;&#9;Piece p, Board b) {&#13;&#10;&#9;&#9;Tile t;&#13;&#10;&#9;&#9;// loop through the diagonal, going up and left&#13;&#10;&#9;&#9;int offset;&#13;&#10;&#9;&#9;for (offset = 1;; offset++) {&#13;&#10;&#9;&#9;&#9;t = b.getTile(c.x + offset, c.y + offset);&#13;&#10;&#9;&#9;&#9;if (t == null) {&#13;&#10;&#9;&#9;&#9;&#9;break;&#13;&#10;&#9;&#9;&#9;}&#13;&#10;&#9;&#9;&#9;ret.add(p.createMove(t.coord.clone()));&#13;&#10;&#9;&#9;&#9;if (t.curPiece != null) {&#13;&#10;&#9;&#9;&#9;&#9;break;&#13;&#10;&#9;&#9;&#9;}&#13;&#10;&#9;&#9;}&#13;&#10;&#9;&#9;// loop through the diagonal, going up and right&#13;&#10;&#9;&#9;for (offset = 1;; offset++) {&#13;&#10;&#9;&#9;&#9;t = b.getTile(c.x - offset, c.y - offset);&#13;&#10;&#9;&#9;&#9;if (t == null) {&#13;&#10;&#9;&#9;&#9;&#9;break;&#13;&#10;&#9;&#9;&#9;}&#13;&#10;&#9;&#9;&#9;ret.add(p.createMove(t.coord.clone()));&#13;&#10;&#9;&#9;&#9;if (t.curPiece != null) {&#13;&#10;&#9;&#9;&#9;&#9;break;&#13;&#10;&#9;&#9;&#9;}&#13;&#10;&#9;&#9;}&#13;&#10;&#9;&#9;// loop through the diagonal, going down and left&#13;&#10;&#9;&#9;for (offset = 1;; offset++) {&#13;&#10;&#9;&#9;&#9;t = b.getTile(c.x + offset, c.y - offset);&#13;&#10;&#9;&#9;&#9;if (t == null) {&#13;&#10;&#9;&#9;&#9;&#9;break;&#13;&#10;&#9;&#9;&#9;}&#13;&#10;&#9;&#9;&#9;ret.add(p.createMove(t.coord.clone()));&#13;&#10;&#9;&#9;&#9;if (t.curPiece != null) {&#13;&#10;&#9;&#9;&#9;&#9;break;&#13;&#10;&#9;&#9;&#9;}&#13;&#10;&#9;&#9;}&#13;&#10;&#9;&#9;// loop through the diagonal, going down and right&#13;&#10;&#9;&#9;for (offset = 1;; offset++) {&#13;&#10;&#9;&#9;&#9;t = b.getTile(c.x - offset, c.y + offset);&#13;&#10;&#9;&#9;&#9;if (t == null) {&#13;&#10;&#9;&#9;&#9;&#9;break;&#13;&#10;&#9;&#9;&#9;}&#13;&#10;&#9;&#9;&#9;ret.add(p.createMove(t.coord.clone()));&#13;&#10;&#9;&#9;&#9;if (t.curPiece != null) {&#13;&#10;&#9;&#9;&#9;&#9;break;&#13;&#10;&#9;&#9;&#9;}&#13;&#10;&#9;&#9;}&#13;&#10;&#13;&#10;&#9;&#9;// loop through the vertical, going up&#13;&#10;&#9;&#9;for (offset = 1;; offset++) {&#13;&#10;&#9;&#9;&#9;t = b.getTile(c.x, c.y + offset);&#13;&#10;&#9;&#9;&#9;if (t == null) {&#13;&#10;&#9;&#9;&#9;&#9;break;&#13;&#10;&#9;&#9;&#9;}&#13;&#10;&#9;&#9;&#9;ret.add(p.createMove(t.coord.clone()));&#13;&#10;&#9;&#9;&#9;if (t.curPiece != null) {&#13;&#10;&#9;&#9;&#9;&#9;break;&#13;&#10;&#9;&#9;&#9;}&#13;&#10;&#9;&#9;}&#13;&#10;&#13;&#10;&#9;&#9;// loop through the vertical, going down&#13;&#10;&#9;&#9;for (offset = -1;; offset--) {&#13;&#10;&#9;&#9;&#9;t = b.getTile(c.x, c.y + offset);&#13;&#10;&#9;&#9;&#9;if (t == null) {&#13;&#10;&#9;&#9;&#9;&#9;break;&#13;&#10;&#9;&#9;&#9;}&#13;&#10;&#9;&#9;&#9;ret.add(p.createMove(t.coord.clone()));&#13;&#10;&#9;&#9;&#9;if (t.curPiece != null) {&#13;&#10;&#9;&#9;&#9;&#9;break;&#13;&#10;&#9;&#9;&#9;}&#13;&#10;&#9;&#9;}&#13;&#10;&#13;&#10;&#9;&#9;// loop through the horizontal, going left&#13;&#10;&#9;&#9;for (offset = 1;; offset++) {&#13;&#10;&#9;&#9;&#9;t = b.getTile(c.x + offset, c.y);&#13;&#10;&#9;&#9;&#9;if (t == null) {&#13;&#10;&#9;&#9;&#9;&#9;break;&#13;&#10;&#9;&#9;&#9;}&#13;&#10;&#9;&#9;&#9;ret.add(p.createMove(t.coord.clone()));&#13;&#10;&#9;&#9;&#9;if (t.curPiece != null) {&#13;&#10;&#9;&#9;&#9;&#9;break;&#13;&#10;&#9;&#9;&#9;}&#13;&#10;&#9;&#9;}&#13;&#10;&#13;&#10;&#9;&#9;// loop through the horizontal, going right&#13;&#10;&#9;&#9;for (offset = -1;; offset--) {&#13;&#10;&#9;&#9;&#9;t = b.getTile(c.x + offset, c.y);&#13;&#10;&#9;&#9;&#9;if (t == null) {&#13;&#10;&#9;&#9;&#9;&#9;break;&#13;&#10;&#9;&#9;&#9;}&#13;&#10;&#9;&#9;&#9;ret.add(p.createMove(t.coord.clone()));&#13;&#10;&#9;&#9;&#9;if (t.curPiece != null) {&#13;&#10;&#9;&#9;&#9;&#9;break;&#13;&#10;&#9;&#9;&#9;}&#13;&#10;&#9;&#9;}&#13;&#10;&#9;}&#13;&#10;&#13;&#10;&#9;public void addKnightMoves(ArrayList&lt;Move&gt; ret, int direction, Coord c,&#13;&#10;&#9;&#9;&#9;Piece p, Board b) {&#13;&#10;&#9;&#9;Tile t;&#13;&#10;&#9;&#9;t = b.getTile(c.x + 1, c.y + 2);&#13;&#10;&#9;&#9;if (t != null) {&#13;&#10;&#9;&#9;&#9;ret.add(p.createMove(t.coord.clone()));&#13;&#10;&#9;&#9;}&#13;&#10;&#9;&#9;t = b.getTile(c.x + 1, c.y - 2);&#13;&#10;&#9;&#9;if (t != null) {&#13;&#10;&#9;&#9;&#9;ret.add(p.createMove(t.coord.clone()));&#13;&#10;&#9;&#9;}&#13;&#10;&#9;&#9;t = b.getTile(c.x - 1, c.y + 2);&#13;&#10;&#9;&#9;if (t != null) {&#13;&#10;&#9;&#9;&#9;ret.add(p.createMove(t.coord.clone()));&#13;&#10;&#9;&#9;}&#13;&#10;&#9;&#9;t = b.getTile(c.x - 1, c.y - 2);&#13;&#10;&#9;&#9;if (t != null) {&#13;&#10;&#9;&#9;&#9;ret.add(p.createMove(t.coord.clone()));&#13;&#10;&#9;&#9;}&#13;&#10;&#13;&#10;&#9;&#9;t = b.getTile(c.x + 2, c.y + 1);&#13;&#10;&#9;&#9;if (t != null) {&#13;&#10;&#9;&#9;&#9;ret.add(p.createMove(t.coord.clone()));&#13;&#10;&#9;&#9;}&#13;&#10;&#9;&#9;t = b.getTile(c.x + 2, c.y - 1);&#13;&#10;&#9;&#9;if (t != null) {&#13;&#10;&#9;&#9;&#9;ret.add(p.createMove(t.coord.clone()));&#13;&#10;&#9;&#9;}&#13;&#10;&#9;&#9;t = b.getTile(c.x - 2, c.y + 1);&#13;&#10;&#9;&#9;if (t != null) {&#13;&#10;&#9;&#9;&#9;ret.add(p.createMove(t.coord.clone()));&#13;&#10;&#9;&#9;}&#13;&#10;&#9;&#9;t = b.getTile(c.x - 2, c.y - 1);&#13;&#10;&#9;&#9;if (t != null) {&#13;&#10;&#9;&#9;&#9;ret.add(p.createMove(t.coord.clone()));&#13;&#10;&#9;&#9;}&#13;&#10;&#9;}&#13;&#10;&#13;&#10;&#9;public ArrayList&lt;Pair&lt;Character,PieceName&gt;&gt; promotionChoices(View v) {&#13;&#10;&#9;&#9;ArrayList&lt;Pair&lt;Character,PieceName&gt;&gt; pieceChoices = new ArrayList&lt;Pair&lt;Character,PieceName&gt;&gt;();&#13;&#10;&#9;&#9;pieceChoices.add(new Pair&lt;Character,PieceName&gt;('r', PieceName.ROOK));&#13;&#10;&#9;&#9;pieceChoices.add(new Pair&lt;Character,PieceName&gt;('b', PieceName.BISHOP));&#13;&#10;&#9;&#9;pieceChoices.add(new Pair&lt;Character,PieceName&gt;('n', PieceName.KNIGHT));&#13;&#10;&#9;&#9;pieceChoices.add(new Pair&lt;Character,PieceName&gt;('q', PieceName.QUEEN));&#13;&#10;&#9;&#9;&#13;&#10;&#9;&#9;if (v != null) {&#13;&#10;&#9;&#9;&#9;v.displayMsg(&quot;Promotion choices are:&quot;);&#13;&#10;&#9;&#9;&#9;v.displayMsg(&quot;r - rook&quot;);&#13;&#10;&#9;&#9;&#9;v.displayMsg(&quot;b - bishop&quot;);&#13;&#10;&#9;&#9;&#9;v.displayMsg(&quot;n - knight&quot;);&#13;&#10;&#9;&#9;&#9;v.displayMsg(&quot;q - queen&quot;);&#13;&#10;&#9;&#9;}&#13;&#10;&#9;&#9;&#13;&#10;&#9;&#9;return pieceChoices;&#13;&#10;&#9;}&#13;&#10;}&#13;&#10;" Filename="ClassicRules.java" Intrnl_Id="3"/>
<SrcFile Content="package rules;&#13;&#10;&#13;&#10;import java.util.ArrayList;&#13;&#10;&#13;&#10;import boards.Board;&#13;&#10;import chessTest.Color;&#13;&#10;import chessTest.Coord;&#13;&#10;import chessTest.Move;&#13;&#10;import chessTest.Pair;&#13;&#10;import chessTest.Piece;&#13;&#10;import chessTest.PieceName;&#13;&#10;import chessTest.Tile;&#13;&#10;import chessTest.View;&#13;&#10;&#13;&#10;public class AtomicRules extends ClassicRules {&#13;&#10;&#9;public AtomicRules(){&#13;&#10;&#9;&#9;&#13;&#10;&#9;}&#13;&#10;&#9;&#13;&#10;&#9;public String movePiece(Piece p, Coord c, Color playersTurn, View view,&#13;&#10;&#9;&#9;&#9;Board board) {&#13;&#10;&#9;&#9;Board cloneB = board.clone();&#13;&#10;&#9;&#9;Tile t = cloneB.getTile(c);&#13;&#10;&#9;&#9;boolean isValidMove = false;&#13;&#10;&#9;&#9;boolean isCaptureMove = false;&#13;&#10;&#9;&#9;Piece cloneP = cloneB.getTile(p.curTile.coord).curPiece;&#13;&#10;&#9;&#9;ArrayList&lt;Move&gt; moves = this.listAvailableMoves(cloneP, board);&#13;&#10;&#9;&#9;for (Move move : moves) {&#13;&#10;&#9;&#9;&#9;if (move.coord.x == c.x &amp;&amp; move.coord.y == c.y) {&#13;&#10;&#9;&#9;&#9;&#9;for (Pair&lt;Piece, Coord&gt; subMove : move.subMoves) {&#13;&#10;&#9;&#9;&#9;&#9;&#9;if(subMove.getElement1() == null){&#13;&#10;&#9;&#9;&#9;&#9;&#9;&#9;cloneB.getTile(subMove.getElement0().curTile.coord).curPiece = null;&#13;&#10;&#9;&#9;&#9;&#9;&#9;&#9;continue;&#13;&#10;&#9;&#9;&#9;&#9;&#9;}&#13;&#10;&#9;&#9;&#9;&#9;&#9;&#13;&#10;&#9;&#9;&#9;&#9;&#9;t = cloneB.getTile(subMove.getElement1());&#13;&#10;&#9;&#9;&#9;&#9;&#9;//If there is a capture, go BOOM!&#13;&#10;&#9;&#9;&#9;&#9;&#9;if (t != null &amp;&amp; t.curPiece != null) {&#13;&#10;&#9;&#9;&#9;&#9;&#9;&#9;isCaptureMove = true;&#13;&#10;&#9;&#9;&#9;&#9;&#9;}&#13;&#10;&#9;&#9;&#9;&#9;&#9;Piece cloneBP = cloneB&#13;&#10;&#9;&#9;&#9;&#9;&#9;&#9;&#9;.getTile(subMove.getElement0().curTile.coord).curPiece;&#13;&#10;&#9;&#9;&#9;&#9;&#9;t.setPiece(cloneBP);&#13;&#10;&#9;&#9;&#9;&#9;&#9;if(move.pawnMoveTwo){&#13;&#10;&#9;&#9;&#9;&#9;&#9;&#9;cloneBP.enPassantKillable = true;&#13;&#10;&#9;&#9;&#9;&#9;&#9;}&#13;&#10;&#9;&#9;&#9;&#9;&#9;cloneBP.hasMoved = true;&#13;&#10;&#9;&#9;&#9;&#9;}&#13;&#10;&#9;&#9;&#9;&#9;if (!isCaptureMove) {&#13;&#10;&#9;&#9;&#9;&#9;&#9;cloneP = checkPromotion(cloneP, move, view, board);&#13;&#10;&#9;&#9;&#9;&#9;}&#13;&#10;&#9;&#9;&#9;&#9;else {&#13;&#10;&#9;&#9;&#9;&#9;&#9;atomicCapture(c, cloneB);&#13;&#10;&#9;&#9;&#9;&#9;}&#13;&#10;&#9;&#9;&#9;&#9;isValidMove = true;&#13;&#10;&#9;&#9;&#9;&#9;break;&#13;&#10;&#9;&#9;&#9;}&#13;&#10;&#9;&#9;}&#13;&#10;&#9;&#9;if (!isValidMove) {&#13;&#10;&#9;&#9;&#9;return &quot;Invalid Move: This piece cannot be moved to your desired tile.&quot;;&#13;&#10;&#9;&#9;}&#13;&#10;&#13;&#10;&#9;&#9;if (!isInCheck(cloneB, playersTurn)) {&#13;&#10;&#9;&#9;&#9;board.set(cloneB);&#13;&#10;&#9;&#9;} else {&#13;&#10;&#9;&#9;&#9;return &quot;Invalid Move: This move leaves your king in check.&quot;;&#13;&#10;&#9;&#9;}&#13;&#10;&#13;&#10;&#9;&#9;return null;&#13;&#10;&#9;}&#13;&#10;&#9;&#13;&#10;&#9;public void atomicCapture(Coord c, Board b) {&#13;&#10;&#9;&#9;//grabs all tiles surrounding capture at c&#13;&#10;&#9;&#9;for (int x = -1; x &lt; 2; x++) {&#13;&#10;&#9;&#9;&#9;for (int y = -1; y &lt; 2; y++) {&#13;&#10;&#9;&#9;&#9;&#9;//Checks that x and y are in board range&#13;&#10;&#9;&#9;&#9;&#9;if (c.x + x &gt; -1 &amp;&amp; c.y + y &gt; -1 &#13;&#10;&#9;&#9;&#9;&#9;&#9;&#9;&amp;&amp; c.x + x &lt; b.tiles.length &#13;&#10;&#9;&#9;&#9;&#9;&#9;&#9;&amp;&amp; c.y + y &lt; b.tiles[0].length) {&#13;&#10;&#9;&#9;&#9;&#9;&#9;&#13;&#10;&#9;&#9;&#9;&#9;&#9;Tile t = b.getTile(c.x + x, c.y + y);&#13;&#10;&#9;&#9;&#9;&#9;&#9;if ((t.curPiece != null &amp;&amp; t.curPiece.name != PieceName.PAWN)&#13;&#10;&#9;&#9;&#9;&#9;&#9;&#9;&#9;|| (x == 0 &amp;&amp; y == 0)) {&#13;&#10;&#9;&#9;&#9;&#9;&#9;&#9;//Removes piece&#13;&#10;&#9;&#9;&#9;&#9;&#9;&#9;t.setPiece(null);&#13;&#10;&#9;&#9;&#9;&#9;&#9;}&#13;&#10;&#9;&#9;&#9;&#9;}&#13;&#10;&#9;&#9;&#9;}&#13;&#10;&#9;&#9;}&#13;&#10;&#9;}&#13;&#10;&#13;&#10;&#9;public boolean isInCheck(Board b, Color c) {&#13;&#10;&#13;&#10;&#9;&#9;Piece king = null;&#13;&#10;&#9;&#9;boolean check = false;&#13;&#10;&#13;&#10;&#9;&#9;// Find King piece for current player&#13;&#10;&#9;&#9;kingLoop: for (int y = 0; y &lt; b.tiles.length; y++) {&#13;&#10;&#9;&#9;&#9;for (int x = 0; x &lt; b.tiles.length; x++) {&#13;&#10;&#9;&#9;&#9;&#9;Piece p = b.getTile(new Coord(x, y)).curPiece;&#13;&#10;&#9;&#9;&#9;&#9;if (p != null &amp;&amp; p.name == PieceName.KING &amp;&amp; p.color == c) {&#13;&#10;&#9;&#9;&#9;&#9;&#9;king = p;&#13;&#10;&#9;&#9;&#9;&#9;&#9;break kingLoop;&#13;&#10;&#9;&#9;&#9;&#9;}&#13;&#10;&#9;&#9;&#9;}&#13;&#10;&#9;&#9;}&#13;&#10;&#9;&#9;&#13;&#10;&#9;&#9;//King was killed. Checkmate will return true if check is always true&#13;&#10;&#9;&#9;if (king == null) {&#13;&#10;&#9;&#9;&#9;return true;&#13;&#10;&#9;&#9;}&#13;&#10;&#13;&#10;&#9;&#9;// Check if King is in check&#13;&#10;&#9;&#9;checkLoop: for (int y = 0; y &lt; b.tiles.length; y++) {&#13;&#10;&#9;&#9;&#9;for (int x = 0; x &lt; b.tiles.length; x++) {&#13;&#10;&#9;&#9;&#9;&#9;Piece p = b.getTile(new Coord(x, y)).curPiece;&#13;&#10;&#9;&#9;&#9;&#9;if (p != null &amp;&amp; p.color != c) {&#13;&#10;&#9;&#9;&#9;&#9;&#9;ArrayList&lt;Move&gt; moves = this.listAvailableMoves(p, b);&#13;&#10;&#9;&#9;&#9;&#9;&#9;for (Move move : moves) {&#13;&#10;&#9;&#9;&#9;&#9;&#9;&#9;if (move.coord.equals(king.curTile.coord)&#13;&#10;&#9;&#9;&#9;&#9;&#9;&#9;&#9;&#9;&amp;&amp; move.isKillMove) {&#13;&#10;&#9;&#9;&#9;&#9;&#9;&#9;&#9;check = true;&#13;&#10;&#9;&#9;&#9;&#9;&#9;&#9;&#9;break checkLoop;&#13;&#10;&#9;&#9;&#9;&#9;&#9;&#9;}&#13;&#10;&#9;&#9;&#9;&#9;&#9;}&#13;&#10;&#9;&#9;&#9;&#9;}&#13;&#10;&#9;&#9;&#9;}&#13;&#10;&#9;&#9;}&#13;&#10;&#13;&#10;&#9;&#9;return check;&#13;&#10;&#9;}&#13;&#10;}&#13;&#10;" Filename="AtomicRules.java" Intrnl_Id="4"/>
<SrcFile Content="package pieceUnitTests;&#13;&#10;&#13;&#10;import java.util.Arrays;&#13;&#10;&#13;&#10;import junit.framework.Assert;&#13;&#10;import junit.framework.TestCase;&#13;&#10;import rules.ClassicRules;&#13;&#10;import boards.Board;&#13;&#10;import boards.ClassicBoard;&#13;&#10;import chessTest.Coord;&#13;&#10;import chessTest.Piece;&#13;&#10;import chessTest.PieceName;&#13;&#10;&#13;&#10;public class ListMoves extends TestCase {&#13;&#10;&#9;ClassicRules r = new ClassicRules();&#13;&#10;&#9;Board b = new ClassicBoard();&#13;&#10;&#9;&#13;&#10;&#9; public void testPawn() {&#13;&#10;&#9;&#9; Piece piece = b.getTile(0, 1).curPiece;&#13;&#10;&#9;&#9; Assert.assertEquals(piece.name, PieceName.PAWN);&#13;&#10;&#9;&#9; Assert.assertTrue(piece.canMoveTo(r, b, Arrays.asList(new Coord(0,2), new Coord(0,3))));&#13;&#10;&#9;&#9; Assert.assertFalse(piece.canMoveTo(r, b, Arrays.asList(new Coord(1,2))));&#13;&#10;&#9; }&#13;&#10;&#9; &#13;&#10;&#9; public void testPawnMidGame() {&#13;&#10;&#9;&#9; Piece piece = b.getTile(0, 1).curPiece;&#13;&#10;&#9;&#9; b.getTile(3, 3).setPiece(piece);piece.hasMoved = true;&#13;&#10;&#9;&#9; Assert.assertEquals(piece.name, PieceName.PAWN);&#13;&#10;&#9;&#9; Assert.assertTrue(piece.canMoveTo(r, b, Arrays.asList(new Coord(3,4))));&#13;&#10;&#9;&#9; Assert.assertFalse(piece.canMoveTo(r, b, Arrays.asList(new Coord(3,5))));&#13;&#10;&#9; }&#13;&#10;&#9; &#13;&#10;&#9; public void testRook() {&#13;&#10;&#9;&#9; Piece piece = b.getTile(0, 0).curPiece;&#13;&#10;&#9;&#9; Assert.assertEquals(piece.name, PieceName.ROOK);&#13;&#10;&#9;&#9; Assert.assertFalse(piece.canMoveTo(r, b, Arrays.asList(new Coord(1,2))));&#13;&#10;&#9; }&#13;&#10;&#9; &#13;&#10;&#9; public void testRookMidGame() {&#13;&#10;&#9;&#9; Piece piece = b.getTile(0, 0).curPiece;&#13;&#10;&#9;&#9; b.getTile(3, 3).setPiece(piece);piece.hasMoved = true;&#13;&#10;&#9;&#9; Assert.assertEquals(piece.name, PieceName.ROOK);&#13;&#10;&#9;&#9; Assert.assertTrue(piece.canMoveTo(r, b, Arrays.asList(new Coord(3,4),new Coord(3,2),new Coord(4,3),new Coord(2,3))));&#13;&#10;&#9;&#9; Assert.assertFalse(piece.canMoveTo(r, b, Arrays.asList(new Coord(4,4))));&#13;&#10;&#9; }&#13;&#10;&#9; &#13;&#10;&#9; public void testKnight() {&#13;&#10;&#9;&#9; Piece piece = b.getTile(1, 0).curPiece;&#13;&#10;&#9;&#9; Assert.assertEquals(piece.name, PieceName.KNIGHT);&#13;&#10;&#9;&#9; Assert.assertTrue(piece.canMoveTo(r, b, Arrays.asList(new Coord(0,2), new Coord(2,2))));&#13;&#10;&#9;&#9; Assert.assertFalse(piece.canMoveTo(r, b, Arrays.asList(new Coord(1,2))));&#13;&#10;&#9; }&#13;&#10;&#9; &#13;&#10;&#9; public void testKnightMidGame() {&#13;&#10;&#9;&#9; Piece piece = b.getTile(1, 0).curPiece;&#13;&#10;&#9;&#9; b.getTile(3, 3).setPiece(piece);piece.hasMoved = true;&#13;&#10;&#9;&#9; Assert.assertEquals(piece.name, PieceName.KNIGHT);&#13;&#10;&#9;&#9; Assert.assertTrue(piece.canMoveTo(r, b, Arrays.asList(new Coord(5,4),new Coord(5,2))));&#13;&#10;&#9;&#9; Assert.assertFalse(piece.canMoveTo(r, b, Arrays.asList(new Coord(4,4))));&#13;&#10;&#9; }&#13;&#10;&#9; &#13;&#10;&#9; public void testBishup() {&#13;&#10;&#9;&#9; Piece piece = b.getTile(2, 0).curPiece;&#13;&#10;&#9;&#9; Assert.assertEquals(piece.name, PieceName.BISHOP);&#13;&#10;&#9;&#9; Assert.assertFalse(piece.canMoveTo(r, b, Arrays.asList(new Coord(3,1))));&#13;&#10;&#9; }&#13;&#10;&#9; &#13;&#10;&#9; public void testBishupMidGame() {&#13;&#10;&#9;&#9; Piece piece = b.getTile(2, 0).curPiece;&#13;&#10;&#9;&#9; b.getTile(3, 3).setPiece(piece);piece.hasMoved = true;&#13;&#10;&#9;&#9; Assert.assertEquals(piece.name, PieceName.BISHOP);&#13;&#10;&#9;&#9; Assert.assertTrue(piece.canMoveTo(r, b, Arrays.asList(new Coord(4,4),new Coord(2,2),new Coord(2,4),new Coord(4,2))));&#13;&#10;&#9;&#9; Assert.assertFalse(piece.canMoveTo(r, b, Arrays.asList(new Coord(4,5))));&#13;&#10;&#9; }&#13;&#10;&#9; &#13;&#10;&#9; public void testQueen() {&#13;&#10;&#9;&#9; Piece piece = b.getTile(3, 0).curPiece;&#13;&#10;&#9;&#9; Assert.assertEquals(piece.name, PieceName.QUEEN);&#13;&#10;&#9;&#9; Assert.assertFalse(piece.canMoveTo(r, b, Arrays.asList(new Coord(3,1))));&#13;&#10;&#9; }&#13;&#10;&#9; &#13;&#10;&#9; public void testQueenMidGame() {&#13;&#10;&#9;&#9; Piece piece = b.getTile(3, 0).curPiece;&#13;&#10;&#9;&#9; b.getTile(3, 3).setPiece(piece);piece.hasMoved = true;&#13;&#10;&#9;&#9; Assert.assertEquals(piece.name, PieceName.QUEEN);&#13;&#10;&#9;&#9; Assert.assertTrue(piece.canMoveTo(r, b, Arrays.asList(new Coord(3,4),new Coord(3,2),new Coord(4,3),new Coord(2,3),new Coord(4,4),new Coord(2,2),new Coord(2,4),new Coord(4,2))));&#13;&#10;&#9;&#9; Assert.assertFalse(piece.canMoveTo(r, b, Arrays.asList(new Coord(3,3))));&#13;&#10;&#9; }&#13;&#10;&#9; &#13;&#10;&#9; public void testKing() {&#13;&#10;&#9;&#9; Piece piece = b.getTile(4, 0).curPiece;&#13;&#10;&#9;&#9; Assert.assertEquals(piece.name, PieceName.KING);&#13;&#10;&#9;&#9; Assert.assertFalse(piece.canMoveTo(r, b, Arrays.asList(new Coord(3,1))));&#13;&#10;&#9; }&#13;&#10;&#9; &#13;&#10;&#9; public void testKingMidGame() {&#13;&#10;&#9;&#9; Piece piece = b.getTile(4, 0).curPiece;&#13;&#10;&#9;&#9; b.getTile(3, 3).setPiece(piece);piece.hasMoved = true;&#13;&#10;&#9;&#9; Assert.assertEquals(piece.name, PieceName.KING);&#13;&#10;&#9;&#9; Assert.assertTrue(piece.canMoveTo(r, b, Arrays.asList(new Coord(3,4),new Coord(3,2),new Coord(4,3),new Coord(2,3),new Coord(4,4),new Coord(2,2),new Coord(2,4),new Coord(4,2))));&#13;&#10;&#9;&#9; Assert.assertFalse(piece.canMoveTo(r, b, Arrays.asList(new Coord(3,3))));&#13;&#10;&#9; }&#13;&#10;}&#13;&#10;" Filename="ListMoves.java" Intrnl_Id="5"/>
</SrcFileList>
<CritList>
<CritListEntry Name="org.codecover.model.utils.criteria.ConditionCoverage" PluginName="org.codecover"/>
<CritListEntry Name="org.codecover.model.utils.criteria.BranchCoverage" PluginName="org.codecover"/>
<CritListEntry Name="org.codecover.model.utils.criteria.StatementCoverage" PluginName="org.codecover"/>
</CritList>
<BoolOpList>
<BoolOp Arity="2" Intrnl_Id="6" Name="conditional and (&amp;&amp;)">
<BoolAssgnmntBoolMapList>
<MapEntry BoolAssgnmnt="02" Value="false"/>
<MapEntry BoolAssgnmnt="10" Value="false"/>
<MapEntry BoolAssgnmnt="11" Value="true"/>
</BoolAssgnmntBoolMapList>
</BoolOp>
<BoolOp Arity="2" Intrnl_Id="7" Name="conditional or (||)">
<BoolAssgnmntBoolMapList>
<MapEntry BoolAssgnmnt="00" Value="false"/>
<MapEntry BoolAssgnmnt="01" Value="true"/>
<MapEntry BoolAssgnmnt="12" Value="true"/>
</BoolAssgnmntBoolMapList>
</BoolOp>
<BoolOp Arity="1" Intrnl_Id="8" Name="not (!)">
<BoolAssgnmntBoolMapList>
<MapEntry BoolAssgnmnt="1" Value="false"/>
<MapEntry BoolAssgnmnt="0" Value="true"/>
</BoolAssgnmntBoolMapList>
</BoolOp>
</BoolOpList>
<HierarchyLvlTypeList>
<HierarchyLvlType EnglishName="package" IntrnlName="package" Intrnl_Id="9"/>
<HierarchyLvlType EnglishName="method" IntrnlName="method" Intrnl_Id="10"/>
<HierarchyLvlType EnglishName="class" IntrnlName="class" Intrnl_Id="11"/>
<HierarchyLvlType EnglishName="default package" IntrnlName="default package" Intrnl_Id="12"/>
</HierarchyLvlTypeList>
<MASTRoot>
<HierarchyLvl HierarchyLvlId="114" HierarchyLvlTypeId="12" Intrnl_Id="13" Name="default package">
<Header/>
<LocList/>
<HierarchyLvl HierarchyLvlId="112" HierarchyLvlTypeId="9" Intrnl_Id="14" Name="rules">
<Header/>
<LocList/>
<HierarchyLvl HierarchyLvlId="67" HierarchyLvlTypeId="11" Intrnl_Id="15" Name="Rules">
<Header>
<Loc EndOffset="252" SrcFileId="1" StartOffset="225"/>
</Header>
<LocList>
<Loc EndOffset="525" SrcFileId="1" StartOffset="225"/>
</LocList>
<HierarchyLvl HierarchyLvlId="63" HierarchyLvlTypeId="10" Intrnl_Id="16" Name="createBoard">
<Header>
<Loc EndOffset="294" SrcFileId="1" StartOffset="259"/>
</Header>
<LocList>
<Loc EndOffset="295" SrcFileId="1" StartOffset="259"/>
</LocList>
</HierarchyLvl>
<HierarchyLvl HierarchyLvlId="64" HierarchyLvlTypeId="10" Intrnl_Id="17" Name="listAvailableMoves">
<Header>
<Loc EndOffset="368" SrcFileId="1" StartOffset="300"/>
</Header>
<LocList>
<Loc EndOffset="369" SrcFileId="1" StartOffset="300"/>
</LocList>
</HierarchyLvl>
<HierarchyLvl HierarchyLvlId="65" HierarchyLvlTypeId="10" Intrnl_Id="18" Name="movePiece">
<Header>
<Loc EndOffset="467" SrcFileId="1" StartOffset="374"/>
</Header>
<LocList>
<Loc EndOffset="468" SrcFileId="1" StartOffset="374"/>
</LocList>
</HierarchyLvl>
<HierarchyLvl HierarchyLvlId="66" HierarchyLvlTypeId="10" Intrnl_Id="19" Name="checkGameOver">
<Header>
<Loc EndOffset="521" SrcFileId="1" StartOffset="473"/>
</Header>
<LocList>
<Loc EndOffset="522" SrcFileId="1" StartOffset="473"/>
</LocList>
</HierarchyLvl>
</HierarchyLvl>
<HierarchyLvl HierarchyLvlId="73" HierarchyLvlTypeId="11" Intrnl_Id="20" Name="LosAlamosRules">
<Header>
<Loc EndOffset="492" SrcFileId="2" StartOffset="444"/>
</Header>
<LocList>
<Loc EndOffset="2333" SrcFileId="2" StartOffset="444"/>
</LocList>
<HierarchyLvl HierarchyLvlId="68" HierarchyLvlTypeId="10" Intrnl_Id="21" Name="LosAlamosRules">
<Header>
<Loc EndOffset="520" SrcFileId="2" StartOffset="497"/>
</Header>
<LocList>
<Loc EndOffset="529" SrcFileId="2" StartOffset="497"/>
</LocList>
</HierarchyLvl>
<HierarchyLvl HierarchyLvlId="69" HierarchyLvlTypeId="10" Intrnl_Id="22" Name="createBoard">
<Header>
<Loc EndOffset="561" SrcFileId="2" StartOffset="535"/>
</Header>
<LocList>
<Loc EndOffset="598" SrcFileId="2" StartOffset="535"/>
</LocList>
<StmntSeq Intrnl_Id="23">
<LocList>
<Loc EndOffset="594" SrcFileId="2" StartOffset="566"/>
</LocList>
<BasicStmnt CovItemId="S1" CovItemPrefix="rules.LosAlamosRules.java" Intrnl_Id="24">
<LocList>
<Loc EndOffset="594" SrcFileId="2" StartOffset="566"/>
</LocList>
</BasicStmnt>
</StmntSeq>
</HierarchyLvl>
<HierarchyLvl HierarchyLvlId="70" HierarchyLvlTypeId="10" Intrnl_Id="25" Name="addPawnMoves">
<Header>
<Loc EndOffset="707" SrcFileId="2" StartOffset="604"/>
</Header>
<LocList>
<Loc EndOffset="1226" SrcFileId="2" StartOffset="604"/>
</LocList>
<StmntSeq Intrnl_Id="26">
<LocList>
<Loc EndOffset="838" SrcFileId="2" StartOffset="791"/>
<Loc EndOffset="936" SrcFileId="2" StartOffset="842"/>
<Loc EndOffset="988" SrcFileId="2" StartOffset="942"/>
<Loc EndOffset="1079" SrcFileId="2" StartOffset="992"/>
<Loc EndOffset="1131" SrcFileId="2" StartOffset="1085"/>
<Loc EndOffset="1222" SrcFileId="2" StartOffset="1135"/>
</LocList>
<BasicStmnt CovItemId="S2" CovItemPrefix="rules.LosAlamosRules.java" Intrnl_Id="27">
<LocList>
<Loc EndOffset="838" SrcFileId="2" StartOffset="791"/>
</LocList>
</BasicStmnt>
<CondStmnt CovItemId="S3" CovItemPrefix="rules.LosAlamosRules.java" Intrnl_Id="28">
<Branch CovItemId="B1" CovItemPrefix="rules.LosAlamosRules.java" Implct="false" Intrnl_Id="29">
<Cond/>
<LocList>
<Loc EndOffset="936" SrcFileId="2" StartOffset="879"/>
</LocList>
<StmntSeq Intrnl_Id="30">
<LocList>
<Loc EndOffset="931" SrcFileId="2" StartOffset="885"/>
</LocList>
<BasicStmnt CovItemId="S4" CovItemPrefix="rules.LosAlamosRules.java" Intrnl_Id="31">
<LocList>
<Loc EndOffset="931" SrcFileId="2" StartOffset="885"/>
</LocList>
</BasicStmnt>
</StmntSeq>
</Branch>
<Branch CovItemId="B2" CovItemPrefix="rules.LosAlamosRules.java" Implct="true" Intrnl_Id="32">
<Cond/>
<LocList/>
<StmntSeq Intrnl_Id="33">
<LocList/>
</StmntSeq>
</Branch>
<Keyword EndOffset="844" SrcFileId="2" StartOffset="842"/>
<LocList>
<Loc EndOffset="936" SrcFileId="2" StartOffset="842"/>
</LocList>
<RootTerm CovItemId="C1" CovItemPrefix="rules.LosAlamosRules.java" Intrnl_Id="34">
<OpTerm BooleanOpId="6" Intrnl_Id="35">
<BasicBoolTerm Intrnl_Id="36">
<LocList>
<Loc EndOffset="855" SrcFileId="2" StartOffset="846"/>
</LocList>
</BasicBoolTerm>
<BasicBoolTerm Intrnl_Id="37">
<LocList>
<Loc EndOffset="877" SrcFileId="2" StartOffset="859"/>
</LocList>
</BasicBoolTerm>
<LocList>
<Loc EndOffset="858" SrcFileId="2" StartOffset="856"/>
</LocList>
</OpTerm>
</RootTerm>
</CondStmnt>
<BasicStmnt CovItemId="S5" CovItemPrefix="rules.LosAlamosRules.java" Intrnl_Id="38">
<LocList>
<Loc EndOffset="988" SrcFileId="2" StartOffset="942"/>
</LocList>
</BasicStmnt>
<CondStmnt CovItemId="S6" CovItemPrefix="rules.LosAlamosRules.java" Intrnl_Id="39">
<Branch CovItemId="B3" CovItemPrefix="rules.LosAlamosRules.java" Implct="false" Intrnl_Id="40">
<Cond/>
<LocList>
<Loc EndOffset="1079" SrcFileId="2" StartOffset="1029"/>
</LocList>
<StmntSeq Intrnl_Id="41">
<LocList>
<Loc EndOffset="1074" SrcFileId="2" StartOffset="1035"/>
</LocList>
<BasicStmnt CovItemId="S7" CovItemPrefix="rules.LosAlamosRules.java" Intrnl_Id="42">
<LocList>
<Loc EndOffset="1074" SrcFileId="2" StartOffset="1035"/>
</LocList>
</BasicStmnt>
</StmntSeq>
</Branch>
<Branch CovItemId="B4" CovItemPrefix="rules.LosAlamosRules.java" Implct="true" Intrnl_Id="43">
<Cond/>
<LocList/>
<StmntSeq Intrnl_Id="44">
<LocList/>
</StmntSeq>
</Branch>
<Keyword EndOffset="994" SrcFileId="2" StartOffset="992"/>
<LocList>
<Loc EndOffset="1079" SrcFileId="2" StartOffset="992"/>
</LocList>
<RootTerm CovItemId="C2" CovItemPrefix="rules.LosAlamosRules.java" Intrnl_Id="45">
<OpTerm BooleanOpId="6" Intrnl_Id="46">
<BasicBoolTerm Intrnl_Id="47">
<LocList>
<Loc EndOffset="1005" SrcFileId="2" StartOffset="996"/>
</LocList>
</BasicBoolTerm>
<BasicBoolTerm Intrnl_Id="48">
<LocList>
<Loc EndOffset="1027" SrcFileId="2" StartOffset="1009"/>
</LocList>
</BasicBoolTerm>
<LocList>
<Loc EndOffset="1008" SrcFileId="2" StartOffset="1006"/>
</LocList>
</OpTerm>
</RootTerm>
</CondStmnt>
<BasicStmnt CovItemId="S8" CovItemPrefix="rules.LosAlamosRules.java" Intrnl_Id="49">
<LocList>
<Loc EndOffset="1131" SrcFileId="2" StartOffset="1085"/>
</LocList>
</BasicStmnt>
<CondStmnt CovItemId="S9" CovItemPrefix="rules.LosAlamosRules.java" Intrnl_Id="50">
<Branch CovItemId="B5" CovItemPrefix="rules.LosAlamosRules.java" Implct="false" Intrnl_Id="51">
<Cond/>
<LocList>
<Loc EndOffset="1222" SrcFileId="2" StartOffset="1172"/>
</LocList>
<StmntSeq Intrnl_Id="52">
<LocList>
<Loc EndOffset="1217" SrcFileId="2" StartOffset="1178"/>
</LocList>
<BasicStmnt CovItemId="S10" CovItemPrefix="rules.LosAlamosRules.java" Intrnl_Id="53">
<LocList>
<Loc EndOffset="1217" SrcFileId="2" StartOffset="1178"/>
</LocList>
</BasicStmnt>
</StmntSeq>
</Branch>
<Branch CovItemId="B6" CovItemPrefix="rules.LosAlamosRules.java" Implct="true" Intrnl_Id="54">
<Cond/>
<LocList/>
<StmntSeq Intrnl_Id="55">
<LocList/>
</StmntSeq>
</Branch>
<Keyword EndOffset="1137" SrcFileId="2" StartOffset="1135"/>
<LocList>
<Loc EndOffset="1222" SrcFileId="2" StartOffset="1135"/>
</LocList>
<RootTerm CovItemId="C3" CovItemPrefix="rules.LosAlamosRules.java" Intrnl_Id="56">
<OpTerm BooleanOpId="6" Intrnl_Id="57">
<BasicBoolTerm Intrnl_Id="58">
<LocList>
<Loc EndOffset="1148" SrcFileId="2" StartOffset="1139"/>
</LocList>
</BasicBoolTerm>
<BasicBoolTerm Intrnl_Id="59">
<LocList>
<Loc EndOffset="1170" SrcFileId="2" StartOffset="1152"/>
</LocList>
</BasicBoolTerm>
<LocList>
<Loc EndOffset="1151" SrcFileId="2" StartOffset="1149"/>
</LocList>
</OpTerm>
</RootTerm>
</CondStmnt>
</StmntSeq>
</HierarchyLvl>
<HierarchyLvl HierarchyLvlId="71" HierarchyLvlTypeId="10" Intrnl_Id="60" Name="addKingMoves">
<Header>
<Loc EndOffset="1322" SrcFileId="2" StartOffset="1231"/>
</Header>
<LocList>
<Loc EndOffset="1735" SrcFileId="2" StartOffset="1231"/>
</LocList>
<StmntSeq Intrnl_Id="61">
<LocList>
<Loc EndOffset="1731" SrcFileId="2" StartOffset="1426"/>
</LocList>
<LoopStmnt CovItemId="S11" CovItemPrefix="rules.LosAlamosRules.java" Intrnl_Id="62" MltplExecId="L1-2" MltplExecPrefix="rules.LosAlamosRules.java" NvrExecId="L1-0" NvrExecPrefix="rules.LosAlamosRules.java" OnceExecutedId="L1-1" OnceExecutedPrefix="rules.LosAlamosRules.java" OptBodyExec="true">
<StmntSeq Intrnl_Id="63">
<LocList>
<Loc EndOffset="1726" SrcFileId="2" StartOffset="1461"/>
</LocList>
<LoopStmnt CovItemId="S12" CovItemPrefix="rules.LosAlamosRules.java" Intrnl_Id="64" MltplExecId="L2-2" MltplExecPrefix="rules.LosAlamosRules.java" NvrExecId="L2-0" NvrExecPrefix="rules.LosAlamosRules.java" OnceExecutedId="L2-1" OnceExecutedPrefix="rules.LosAlamosRules.java" OptBodyExec="true">
<StmntSeq Intrnl_Id="65">
<LocList>
<Loc EndOffset="1605" SrcFileId="2" StartOffset="1497"/>
<Loc EndOffset="1643" SrcFileId="2" StartOffset="1611"/>
<Loc EndOffset="1720" SrcFileId="2" StartOffset="1649"/>
</LocList>
<CondStmnt CovItemId="S13" CovItemPrefix="rules.LosAlamosRules.java" Intrnl_Id="66">
<Branch CovItemId="B7" CovItemPrefix="rules.LosAlamosRules.java" Implct="false" Intrnl_Id="67">
<Cond/>
<LocList>
<Loc EndOffset="1605" SrcFileId="2" StartOffset="1519"/>
</LocList>
<StmntSeq Intrnl_Id="68">
<LocList>
<Loc EndOffset="1598" SrcFileId="2" StartOffset="1589"/>
</LocList>
<BasicStmnt CovItemId="S14" CovItemPrefix="rules.LosAlamosRules.java" Intrnl_Id="69">
<LocList>
<Loc EndOffset="1598" SrcFileId="2" StartOffset="1589"/>
</LocList>
</BasicStmnt>
</StmntSeq>
</Branch>
<Branch CovItemId="B8" CovItemPrefix="rules.LosAlamosRules.java" Implct="true" Intrnl_Id="70">
<Cond/>
<LocList/>
<StmntSeq Intrnl_Id="71">
<LocList/>
</StmntSeq>
</Branch>
<Keyword EndOffset="1499" SrcFileId="2" StartOffset="1497"/>
<LocList>
<Loc EndOffset="1605" SrcFileId="2" StartOffset="1497"/>
</LocList>
<RootTerm CovItemId="C6" CovItemPrefix="rules.LosAlamosRules.java" Intrnl_Id="72">
<OpTerm BooleanOpId="6" Intrnl_Id="73">
<BasicBoolTerm Intrnl_Id="74">
<LocList>
<Loc EndOffset="1507" SrcFileId="2" StartOffset="1501"/>
</LocList>
</BasicBoolTerm>
<BasicBoolTerm Intrnl_Id="75">
<LocList>
<Loc EndOffset="1517" SrcFileId="2" StartOffset="1511"/>
</LocList>
</BasicBoolTerm>
<LocList>
<Loc EndOffset="1510" SrcFileId="2" StartOffset="1508"/>
</LocList>
</OpTerm>
</RootTerm>
</CondStmnt>
<BasicStmnt CovItemId="S15" CovItemPrefix="rules.LosAlamosRules.java" Intrnl_Id="76">
<LocList>
<Loc EndOffset="1643" SrcFileId="2" StartOffset="1611"/>
</LocList>
</BasicStmnt>
<CondStmnt CovItemId="S16" CovItemPrefix="rules.LosAlamosRules.java" Intrnl_Id="77">
<Branch CovItemId="B9" CovItemPrefix="rules.LosAlamosRules.java" Implct="false" Intrnl_Id="78">
<Cond/>
<LocList>
<Loc EndOffset="1720" SrcFileId="2" StartOffset="1664"/>
</LocList>
<StmntSeq Intrnl_Id="79">
<LocList>
<Loc EndOffset="1711" SrcFileId="2" StartOffset="1672"/>
</LocList>
<BasicStmnt CovItemId="S17" CovItemPrefix="rules.LosAlamosRules.java" Intrnl_Id="80">
<LocList>
<Loc EndOffset="1711" SrcFileId="2" StartOffset="1672"/>
</LocList>
</BasicStmnt>
</StmntSeq>
</Branch>
<Branch CovItemId="B10" CovItemPrefix="rules.LosAlamosRules.java" Implct="true" Intrnl_Id="81">
<Cond/>
<LocList/>
<StmntSeq Intrnl_Id="82">
<LocList/>
</StmntSeq>
</Branch>
<Keyword EndOffset="1651" SrcFileId="2" StartOffset="1649"/>
<LocList>
<Loc EndOffset="1720" SrcFileId="2" StartOffset="1649"/>
</LocList>
<RootTerm CovItemId="C7" CovItemPrefix="rules.LosAlamosRules.java" Intrnl_Id="83">
<BasicBoolTerm Intrnl_Id="84">
<LocList>
<Loc EndOffset="1662" SrcFileId="2" StartOffset="1653"/>
</LocList>
</BasicBoolTerm>
</RootTerm>
</CondStmnt>
</StmntSeq>
<Keyword EndOffset="1464" SrcFileId="2" StartOffset="1461"/>
<LocList>
<Loc EndOffset="1726" SrcFileId="2" StartOffset="1461"/>
</LocList>
<RootTerm CovItemId="C5" CovItemPrefix="rules.LosAlamosRules.java" Intrnl_Id="85">
<BasicBoolTerm Intrnl_Id="86">
<LocList>
<Loc EndOffset="1483" SrcFileId="2" StartOffset="1478"/>
</LocList>
</BasicBoolTerm>
</RootTerm>
</LoopStmnt>
</StmntSeq>
<Keyword EndOffset="1429" SrcFileId="2" StartOffset="1426"/>
<LocList>
<Loc EndOffset="1731" SrcFileId="2" StartOffset="1426"/>
</LocList>
<RootTerm CovItemId="C4" CovItemPrefix="rules.LosAlamosRules.java" Intrnl_Id="87">
<BasicBoolTerm Intrnl_Id="88">
<LocList>
<Loc EndOffset="1448" SrcFileId="2" StartOffset="1443"/>
</LocList>
</BasicBoolTerm>
</RootTerm>
</LoopStmnt>
</StmntSeq>
</HierarchyLvl>
<HierarchyLvl HierarchyLvlId="72" HierarchyLvlTypeId="10" Intrnl_Id="89" Name="promotionChoices">
<Header>
<Loc EndOffset="1809" SrcFileId="2" StartOffset="1741"/>
</Header>
<LocList>
<Loc EndOffset="2330" SrcFileId="2" StartOffset="1741"/>
</LocList>
<StmntSeq Intrnl_Id="90">
<LocList>
<Loc EndOffset="1910" SrcFileId="2" StartOffset="1815"/>
<Loc EndOffset="1983" SrcFileId="2" StartOffset="1914"/>
<Loc EndOffset="2058" SrcFileId="2" StartOffset="1987"/>
<Loc EndOffset="2132" SrcFileId="2" StartOffset="2062"/>
<Loc EndOffset="2298" SrcFileId="2" StartOffset="2140"/>
<Loc EndOffset="2326" SrcFileId="2" StartOffset="2306"/>
</LocList>
<BasicStmnt CovItemId="S18" CovItemPrefix="rules.LosAlamosRules.java" Intrnl_Id="91">
<LocList>
<Loc EndOffset="1910" SrcFileId="2" StartOffset="1815"/>
</LocList>
</BasicStmnt>
<BasicStmnt CovItemId="S19" CovItemPrefix="rules.LosAlamosRules.java" Intrnl_Id="92">
<LocList>
<Loc EndOffset="1983" SrcFileId="2" StartOffset="1914"/>
</LocList>
</BasicStmnt>
<BasicStmnt CovItemId="S20" CovItemPrefix="rules.LosAlamosRules.java" Intrnl_Id="93">
<LocList>
<Loc EndOffset="2058" SrcFileId="2" StartOffset="1987"/>
</LocList>
</BasicStmnt>
<BasicStmnt CovItemId="S21" CovItemPrefix="rules.LosAlamosRules.java" Intrnl_Id="94">
<LocList>
<Loc EndOffset="2132" SrcFileId="2" StartOffset="2062"/>
</LocList>
</BasicStmnt>
<CondStmnt CovItemId="S22" CovItemPrefix="rules.LosAlamosRules.java" Intrnl_Id="95">
<Branch CovItemId="B11" CovItemPrefix="rules.LosAlamosRules.java" Implct="false" Intrnl_Id="96">
<Cond/>
<LocList>
<Loc EndOffset="2298" SrcFileId="2" StartOffset="2155"/>
</LocList>
<StmntSeq Intrnl_Id="97">
<LocList>
<Loc EndOffset="2200" SrcFileId="2" StartOffset="2161"/>
<Loc EndOffset="2230" SrcFileId="2" StartOffset="2205"/>
<Loc EndOffset="2262" SrcFileId="2" StartOffset="2235"/>
<Loc EndOffset="2293" SrcFileId="2" StartOffset="2267"/>
</LocList>
<BasicStmnt CovItemId="S23" CovItemPrefix="rules.LosAlamosRules.java" Intrnl_Id="98">
<LocList>
<Loc EndOffset="2200" SrcFileId="2" StartOffset="2161"/>
</LocList>
</BasicStmnt>
<BasicStmnt CovItemId="S24" CovItemPrefix="rules.LosAlamosRules.java" Intrnl_Id="99">
<LocList>
<Loc EndOffset="2230" SrcFileId="2" StartOffset="2205"/>
</LocList>
</BasicStmnt>
<BasicStmnt CovItemId="S25" CovItemPrefix="rules.LosAlamosRules.java" Intrnl_Id="100">
<LocList>
<Loc EndOffset="2262" SrcFileId="2" StartOffset="2235"/>
</LocList>
</BasicStmnt>
<BasicStmnt CovItemId="S26" CovItemPrefix="rules.LosAlamosRules.java" Intrnl_Id="101">
<LocList>
<Loc EndOffset="2293" SrcFileId="2" StartOffset="2267"/>
</LocList>
</BasicStmnt>
</StmntSeq>
</Branch>
<Branch CovItemId="B12" CovItemPrefix="rules.LosAlamosRules.java" Implct="true" Intrnl_Id="102">
<Cond/>
<LocList/>
<StmntSeq Intrnl_Id="103">
<LocList/>
</StmntSeq>
</Branch>
<Keyword EndOffset="2142" SrcFileId="2" StartOffset="2140"/>
<LocList>
<Loc EndOffset="2298" SrcFileId="2" StartOffset="2140"/>
</LocList>
<RootTerm CovItemId="C8" CovItemPrefix="rules.LosAlamosRules.java" Intrnl_Id="104">
<BasicBoolTerm Intrnl_Id="105">
<LocList>
<Loc EndOffset="2153" SrcFileId="2" StartOffset="2144"/>
</LocList>
</BasicBoolTerm>
</RootTerm>
</CondStmnt>
<BasicStmnt CovItemId="S27" CovItemPrefix="rules.LosAlamosRules.java" Intrnl_Id="106">
<LocList>
<Loc EndOffset="2326" SrcFileId="2" StartOffset="2306"/>
</LocList>
</BasicStmnt>
</StmntSeq>
</HierarchyLvl>
</HierarchyLvl>
<HierarchyLvl HierarchyLvlId="93" HierarchyLvlTypeId="11" Intrnl_Id="107" Name="ClassicRules">
<Header>
<Loc EndOffset="398" SrcFileId="3" StartOffset="359"/>
</Header>
<LocList>
<Loc EndOffset="16896" SrcFileId="3" StartOffset="359"/>
</LocList>
<StmntSeq Intrnl_Id="108">
<LocList>
<Loc EndOffset="459" SrcFileId="3" StartOffset="406"/>
</LocList>
<BasicStmnt CovItemId="S1" CovItemPrefix="rules.ClassicRules.java" Intrnl_Id="109">
<LocList>
<Loc EndOffset="459" SrcFileId="3" StartOffset="406"/>
</LocList>
</BasicStmnt>
</StmntSeq>
<HierarchyLvl HierarchyLvlId="74" HierarchyLvlTypeId="10" Intrnl_Id="110" Name="ClassicRules">
<Header>
<Loc EndOffset="486" SrcFileId="3" StartOffset="465"/>
</Header>
<LocList>
<Loc EndOffset="494" SrcFileId="3" StartOffset="465"/>
</LocList>
</HierarchyLvl>
<HierarchyLvl HierarchyLvlId="75" HierarchyLvlTypeId="10" Intrnl_Id="111" Name="createBoard">
<Header>
<Loc EndOffset="525" SrcFileId="3" StartOffset="499"/>
</Header>
<LocList>
<Loc EndOffset="561" SrcFileId="3" StartOffset="499"/>
</LocList>
<StmntSeq Intrnl_Id="112">
<LocList>
<Loc EndOffset="557" SrcFileId="3" StartOffset="531"/>
</LocList>
<BasicStmnt CovItemId="S2" CovItemPrefix="rules.ClassicRules.java" Intrnl_Id="113">
<LocList>
<Loc EndOffset="557" SrcFileId="3" StartOffset="531"/>
</LocList>
</BasicStmnt>
</StmntSeq>
</HierarchyLvl>
<HierarchyLvl HierarchyLvlId="76" HierarchyLvlTypeId="10" Intrnl_Id="114" Name="checkGameOver">
<Header>
<Loc EndOffset="605" SrcFileId="3" StartOffset="566"/>
</Header>
<LocList>
<Loc EndOffset="835" SrcFileId="3" StartOffset="566"/>
</LocList>
<StmntSeq Intrnl_Id="115">
<LocList>
<Loc EndOffset="798" SrcFileId="3" StartOffset="611"/>
<Loc EndOffset="831" SrcFileId="3" StartOffset="802"/>
</LocList>
<CondStmnt CovItemId="S3" CovItemPrefix="rules.ClassicRules.java" Intrnl_Id="116">
<Branch CovItemId="B1" CovItemPrefix="rules.ClassicRules.java" Implct="false" Intrnl_Id="117">
<Cond/>
<LocList>
<Loc EndOffset="675" SrcFileId="3" StartOffset="650"/>
</LocList>
<StmntSeq Intrnl_Id="118">
<LocList>
<Loc EndOffset="675" SrcFileId="3" StartOffset="650"/>
</LocList>
<BasicStmnt CovItemId="S4" CovItemPrefix="rules.ClassicRules.java" Intrnl_Id="119">
<LocList>
<Loc EndOffset="675" SrcFileId="3" StartOffset="650"/>
</LocList>
</BasicStmnt>
</StmntSeq>
</Branch>
<Branch CovItemId="B2" CovItemPrefix="rules.ClassicRules.java" Implct="false" Intrnl_Id="120">
<Cond>
<Loc EndOffset="683" SrcFileId="3" StartOffset="679"/>
</Cond>
<LocList>
<Loc EndOffset="798" SrcFileId="3" StartOffset="684"/>
</LocList>
<StmntSeq Intrnl_Id="121">
<LocList>
<Loc EndOffset="798" SrcFileId="3" StartOffset="684"/>
</LocList>
<CondStmnt CovItemId="S5" CovItemPrefix="rules.ClassicRules.java" Intrnl_Id="122">
<Branch CovItemId="B3" CovItemPrefix="rules.ClassicRules.java" Implct="false" Intrnl_Id="123">
<Cond/>
<LocList>
<Loc EndOffset="748" SrcFileId="3" StartOffset="723"/>
</LocList>
<StmntSeq Intrnl_Id="124">
<LocList>
<Loc EndOffset="748" SrcFileId="3" StartOffset="723"/>
</LocList>
<BasicStmnt CovItemId="S6" CovItemPrefix="rules.ClassicRules.java" Intrnl_Id="125">
<LocList>
<Loc EndOffset="748" SrcFileId="3" StartOffset="723"/>
</LocList>
</BasicStmnt>
</StmntSeq>
</Branch>
<Branch CovItemId="B4" CovItemPrefix="rules.ClassicRules.java" Implct="false" Intrnl_Id="126">
<Cond>
<Loc EndOffset="756" SrcFileId="3" StartOffset="752"/>
</Cond>
<LocList>
<Loc EndOffset="798" SrcFileId="3" StartOffset="757"/>
</LocList>
<StmntSeq Intrnl_Id="127">
<LocList>
<Loc EndOffset="798" SrcFileId="3" StartOffset="757"/>
</LocList>
<CondStmnt CovItemId="S7" CovItemPrefix="rules.ClassicRules.java" Intrnl_Id="128">
<Branch CovItemId="B5" CovItemPrefix="rules.ClassicRules.java" Implct="false" Intrnl_Id="129">
<Cond/>
<LocList>
<Loc EndOffset="798" SrcFileId="3" StartOffset="776"/>
</LocList>
<StmntSeq Intrnl_Id="130">
<LocList>
<Loc EndOffset="798" SrcFileId="3" StartOffset="776"/>
</LocList>
<BasicStmnt CovItemId="S8" CovItemPrefix="rules.ClassicRules.java" Intrnl_Id="131">
<LocList>
<Loc EndOffset="798" SrcFileId="3" StartOffset="776"/>
</LocList>
</BasicStmnt>
</StmntSeq>
</Branch>
<Branch CovItemId="B6" CovItemPrefix="rules.ClassicRules.java" Implct="true" Intrnl_Id="132">
<Cond/>
<LocList/>
<StmntSeq Intrnl_Id="133">
<LocList/>
</StmntSeq>
</Branch>
<Keyword EndOffset="759" SrcFileId="3" StartOffset="757"/>
<LocList>
<Loc EndOffset="798" SrcFileId="3" StartOffset="757"/>
</LocList>
<RootTerm CovItemId="C3" CovItemPrefix="rules.ClassicRules.java" Intrnl_Id="134">
<BasicBoolTerm Intrnl_Id="135">
<LocList>
<Loc EndOffset="770" SrcFileId="3" StartOffset="761"/>
</LocList>
</BasicBoolTerm>
</RootTerm>
</CondStmnt>
</StmntSeq>
</Branch>
<Keyword EndOffset="686" SrcFileId="3" StartOffset="684"/>
<LocList>
<Loc EndOffset="798" SrcFileId="3" StartOffset="684"/>
</LocList>
<RootTerm CovItemId="C2" CovItemPrefix="rules.ClassicRules.java" Intrnl_Id="136">
<BasicBoolTerm Intrnl_Id="137">
<LocList>
<Loc EndOffset="717" SrcFileId="3" StartOffset="688"/>
</LocList>
</BasicBoolTerm>
</RootTerm>
</CondStmnt>
</StmntSeq>
</Branch>
<Keyword EndOffset="613" SrcFileId="3" StartOffset="611"/>
<LocList>
<Loc EndOffset="798" SrcFileId="3" StartOffset="611"/>
</LocList>
<RootTerm CovItemId="C1" CovItemPrefix="rules.ClassicRules.java" Intrnl_Id="138">
<BasicBoolTerm Intrnl_Id="139">
<LocList>
<Loc EndOffset="644" SrcFileId="3" StartOffset="615"/>
</LocList>
</BasicBoolTerm>
</RootTerm>
</CondStmnt>
<BasicStmnt CovItemId="S9" CovItemPrefix="rules.ClassicRules.java" Intrnl_Id="140">
<LocList>
<Loc EndOffset="831" SrcFileId="3" StartOffset="802"/>
</LocList>
</BasicStmnt>
</StmntSeq>
</HierarchyLvl>
<HierarchyLvl HierarchyLvlId="77" HierarchyLvlTypeId="10" Intrnl_Id="141" Name="isDraw">
<Header>
<Loc EndOffset="870" SrcFileId="3" StartOffset="840"/>
</Header>
<LocList>
<Loc EndOffset="1000" SrcFileId="3" StartOffset="840"/>
</LocList>
<StmntSeq Intrnl_Id="142">
<LocList>
<Loc EndOffset="996" SrcFileId="3" StartOffset="876"/>
</LocList>
<BasicStmnt CovItemId="S10" CovItemPrefix="rules.ClassicRules.java" Intrnl_Id="143">
<LocList>
<Loc EndOffset="996" SrcFileId="3" StartOffset="876"/>
</LocList>
</BasicStmnt>
</StmntSeq>
</HierarchyLvl>
<HierarchyLvl HierarchyLvlId="78" HierarchyLvlTypeId="10" Intrnl_Id="144" Name="loopOverAllMoves">
<Header>
<Loc EndOffset="1055" SrcFileId="3" StartOffset="1006"/>
</Header>
<LocList>
<Loc EndOffset="1759" SrcFileId="3" StartOffset="1006"/>
</LocList>
<StmntSeq Intrnl_Id="145">
<LocList>
<Loc EndOffset="1091" SrcFileId="3" StartOffset="1065"/>
<Loc EndOffset="1124" SrcFileId="3" StartOffset="1099"/>
<Loc EndOffset="1729" SrcFileId="3" StartOffset="1195"/>
<Loc EndOffset="1755" SrcFileId="3" StartOffset="1737"/>
</LocList>
<BasicStmnt CovItemId="S11" CovItemPrefix="rules.ClassicRules.java" Intrnl_Id="146">
<LocList>
<Loc EndOffset="1091" SrcFileId="3" StartOffset="1065"/>
</LocList>
</BasicStmnt>
<BasicStmnt CovItemId="S12" CovItemPrefix="rules.ClassicRules.java" Intrnl_Id="147">
<LocList>
<Loc EndOffset="1124" SrcFileId="3" StartOffset="1099"/>
</LocList>
</BasicStmnt>
<LoopStmnt CovItemId="S13" CovItemPrefix="rules.ClassicRules.java" Intrnl_Id="148" MltplExecId="L1-2" MltplExecPrefix="rules.ClassicRules.java" NvrExecId="L1-0" NvrExecPrefix="rules.ClassicRules.java" OnceExecutedId="L1-1" OnceExecutedPrefix="rules.ClassicRules.java" OptBodyExec="true">
<StmntSeq Intrnl_Id="149">
<LocList>
<Loc EndOffset="1724" SrcFileId="3" StartOffset="1262"/>
</LocList>
<LoopStmnt CovItemId="S14" CovItemPrefix="rules.ClassicRules.java" Intrnl_Id="150" MltplExecId="L2-2" MltplExecPrefix="rules.ClassicRules.java" NvrExecId="L2-0" NvrExecPrefix="rules.ClassicRules.java" OnceExecutedId="L2-1" OnceExecutedPrefix="rules.ClassicRules.java" OptBodyExec="true">
<StmntSeq Intrnl_Id="151">
<LocList>
<Loc EndOffset="1372" SrcFileId="3" StartOffset="1321"/>
<Loc EndOffset="1718" SrcFileId="3" StartOffset="1378"/>
</LocList>
<BasicStmnt CovItemId="S15" CovItemPrefix="rules.ClassicRules.java" Intrnl_Id="152">
<LocList>
<Loc EndOffset="1372" SrcFileId="3" StartOffset="1321"/>
</LocList>
</BasicStmnt>
<CondStmnt CovItemId="S16" CovItemPrefix="rules.ClassicRules.java" Intrnl_Id="153">
<Branch CovItemId="B7" CovItemPrefix="rules.ClassicRules.java" Implct="false" Intrnl_Id="154">
<Cond/>
<LocList>
<Loc EndOffset="1718" SrcFileId="3" StartOffset="1409"/>
</LocList>
<StmntSeq Intrnl_Id="155">
<LocList>
<Loc EndOffset="1470" SrcFileId="3" StartOffset="1417"/>
<Loc EndOffset="1711" SrcFileId="3" StartOffset="1477"/>
</LocList>
<BasicStmnt CovItemId="S17" CovItemPrefix="rules.ClassicRules.java" Intrnl_Id="156">
<LocList>
<Loc EndOffset="1470" SrcFileId="3" StartOffset="1417"/>
</LocList>
</BasicStmnt>
<LoopStmnt CovItemId="S18" CovItemPrefix="rules.ClassicRules.java" Intrnl_Id="157" MltplExecId="L3-2" MltplExecPrefix="rules.ClassicRules.java" NvrExecId="L3-0" NvrExecPrefix="rules.ClassicRules.java" OnceExecutedId="L3-1" OnceExecutedPrefix="rules.ClassicRules.java" OptBodyExec="true">
<StmntSeq Intrnl_Id="158">
<LocList>
<Loc EndOffset="1545" SrcFileId="3" StartOffset="1506"/>
<Loc EndOffset="1647" SrcFileId="3" StartOffset="1553"/>
<Loc EndOffset="1703" SrcFileId="3" StartOffset="1684"/>
</LocList>
<BasicStmnt CovItemId="S19" CovItemPrefix="rules.ClassicRules.java" Intrnl_Id="159">
<LocList>
<Loc EndOffset="1545" SrcFileId="3" StartOffset="1506"/>
</LocList>
</BasicStmnt>
<CondStmnt CovItemId="S20" CovItemPrefix="rules.ClassicRules.java" Intrnl_Id="160">
<Branch CovItemId="B9" CovItemPrefix="rules.ClassicRules.java" Implct="false" Intrnl_Id="161">
<Cond/>
<LocList>
<Loc EndOffset="1647" SrcFileId="3" StartOffset="1580"/>
</LocList>
<StmntSeq Intrnl_Id="162">
<LocList>
<Loc EndOffset="1609" SrcFileId="3" StartOffset="1590"/>
<Loc EndOffset="1638" SrcFileId="3" StartOffset="1618"/>
</LocList>
<BasicStmnt CovItemId="S21" CovItemPrefix="rules.ClassicRules.java" Intrnl_Id="163">
<LocList>
<Loc EndOffset="1609" SrcFileId="3" StartOffset="1590"/>
</LocList>
</BasicStmnt>
<BasicStmnt CovItemId="S22" CovItemPrefix="rules.ClassicRules.java" Intrnl_Id="164">
<LocList>
<Loc EndOffset="1638" SrcFileId="3" StartOffset="1618"/>
</LocList>
</BasicStmnt>
</StmntSeq>
</Branch>
<Branch CovItemId="B10" CovItemPrefix="rules.ClassicRules.java" Implct="true" Intrnl_Id="165">
<Cond/>
<LocList/>
<StmntSeq Intrnl_Id="166">
<LocList/>
</StmntSeq>
</Branch>
<Keyword EndOffset="1555" SrcFileId="3" StartOffset="1553"/>
<LocList>
<Loc EndOffset="1647" SrcFileId="3" StartOffset="1553"/>
</LocList>
<RootTerm CovItemId="C7" CovItemPrefix="rules.ClassicRules.java" Intrnl_Id="167">
<OpTerm BooleanOpId="8" Intrnl_Id="168">
<BasicBoolTerm Intrnl_Id="169">
<LocList>
<Loc EndOffset="1578" SrcFileId="3" StartOffset="1558"/>
</LocList>
</BasicBoolTerm>
<LocList>
<Loc EndOffset="1558" SrcFileId="3" StartOffset="1557"/>
</LocList>
</OpTerm>
</RootTerm>
</CondStmnt>
<BasicStmnt CovItemId="S23" CovItemPrefix="rules.ClassicRules.java" Intrnl_Id="170">
<LocList>
<Loc EndOffset="1703" SrcFileId="3" StartOffset="1684"/>
</LocList>
</BasicStmnt>
</StmntSeq>
<Keyword EndOffset="1480" SrcFileId="3" StartOffset="1477"/>
<LocList>
<Loc EndOffset="1711" SrcFileId="3" StartOffset="1477"/>
</LocList>
</LoopStmnt>
</StmntSeq>
</Branch>
<Branch CovItemId="B8" CovItemPrefix="rules.ClassicRules.java" Implct="true" Intrnl_Id="171">
<Cond/>
<LocList/>
<StmntSeq Intrnl_Id="172">
<LocList/>
</StmntSeq>
</Branch>
<Keyword EndOffset="1380" SrcFileId="3" StartOffset="1378"/>
<LocList>
<Loc EndOffset="1718" SrcFileId="3" StartOffset="1378"/>
</LocList>
<RootTerm CovItemId="C6" CovItemPrefix="rules.ClassicRules.java" Intrnl_Id="173">
<OpTerm BooleanOpId="6" Intrnl_Id="174">
<BasicBoolTerm Intrnl_Id="175">
<LocList>
<Loc EndOffset="1391" SrcFileId="3" StartOffset="1382"/>
</LocList>
</BasicBoolTerm>
<BasicBoolTerm Intrnl_Id="176">
<LocList>
<Loc EndOffset="1407" SrcFileId="3" StartOffset="1395"/>
</LocList>
</BasicBoolTerm>
<LocList>
<Loc EndOffset="1394" SrcFileId="3" StartOffset="1392"/>
</LocList>
</OpTerm>
</RootTerm>
</CondStmnt>
</StmntSeq>
<Keyword EndOffset="1265" SrcFileId="3" StartOffset="1262"/>
<LocList>
<Loc EndOffset="1724" SrcFileId="3" StartOffset="1262"/>
</LocList>
<RootTerm CovItemId="C5" CovItemPrefix="rules.ClassicRules.java" Intrnl_Id="177">
<BasicBoolTerm Intrnl_Id="178">
<LocList>
<Loc EndOffset="1301" SrcFileId="3" StartOffset="1278"/>
</LocList>
</BasicBoolTerm>
</RootTerm>
</LoopStmnt>
</StmntSeq>
<Keyword EndOffset="1213" SrcFileId="3" StartOffset="1210"/>
<LocList>
<Loc EndOffset="1729" SrcFileId="3" StartOffset="1195"/>
</LocList>
<RootTerm CovItemId="C4" CovItemPrefix="rules.ClassicRules.java" Intrnl_Id="179">
<BasicBoolTerm Intrnl_Id="180">
<LocList>
<Loc EndOffset="1249" SrcFileId="3" StartOffset="1226"/>
</LocList>
</BasicBoolTerm>
</RootTerm>
</LoopStmnt>
<BasicStmnt CovItemId="S24" CovItemPrefix="rules.ClassicRules.java" Intrnl_Id="181">
<LocList>
<Loc EndOffset="1755" SrcFileId="3" StartOffset="1737"/>
</LocList>
</BasicStmnt>
</StmntSeq>
</HierarchyLvl>
<HierarchyLvl HierarchyLvlId="79" HierarchyLvlTypeId="10" Intrnl_Id="182" Name="isInStaleMate">
<Header>
<Loc EndOffset="1897" SrcFileId="3" StartOffset="1851"/>
</Header>
<LocList>
<Loc EndOffset="1937" SrcFileId="3" StartOffset="1851"/>
</LocList>
<StmntSeq Intrnl_Id="183">
<LocList>
<Loc EndOffset="1933" SrcFileId="3" StartOffset="1903"/>
</LocList>
<BasicStmnt CovItemId="S25" CovItemPrefix="rules.ClassicRules.java" Intrnl_Id="184">
<LocList>
<Loc EndOffset="1933" SrcFileId="3" StartOffset="1903"/>
</LocList>
</BasicStmnt>
</StmntSeq>
</HierarchyLvl>
<HierarchyLvl HierarchyLvlId="80" HierarchyLvlTypeId="10" Intrnl_Id="185" Name="isInCheckmate">
<Header>
<Loc EndOffset="1988" SrcFileId="3" StartOffset="1942"/>
</Header>
<LocList>
<Loc EndOffset="2133" SrcFileId="3" StartOffset="1942"/>
</LocList>
<StmntSeq Intrnl_Id="186">
<LocList>
<Loc EndOffset="2111" SrcFileId="3" StartOffset="2049"/>
<Loc EndOffset="2129" SrcFileId="3" StartOffset="2116"/>
</LocList>
<CondStmnt CovItemId="S26" CovItemPrefix="rules.ClassicRules.java" Intrnl_Id="187">
<Branch CovItemId="B11" CovItemPrefix="rules.ClassicRules.java" Implct="false" Intrnl_Id="188">
<Cond/>
<LocList>
<Loc EndOffset="2111" SrcFileId="3" StartOffset="2070"/>
</LocList>
<StmntSeq Intrnl_Id="189">
<LocList>
<Loc EndOffset="2106" SrcFileId="3" StartOffset="2076"/>
</LocList>
<BasicStmnt CovItemId="S27" CovItemPrefix="rules.ClassicRules.java" Intrnl_Id="190">
<LocList>
<Loc EndOffset="2106" SrcFileId="3" StartOffset="2076"/>
</LocList>
</BasicStmnt>
</StmntSeq>
</Branch>
<Branch CovItemId="B12" CovItemPrefix="rules.ClassicRules.java" Implct="true" Intrnl_Id="191">
<Cond/>
<LocList/>
<StmntSeq Intrnl_Id="192">
<LocList/>
</StmntSeq>
</Branch>
<Keyword EndOffset="2051" SrcFileId="3" StartOffset="2049"/>
<LocList>
<Loc EndOffset="2111" SrcFileId="3" StartOffset="2049"/>
</LocList>
<RootTerm CovItemId="C8" CovItemPrefix="rules.ClassicRules.java" Intrnl_Id="193">
<BasicBoolTerm Intrnl_Id="194">
<LocList>
<Loc EndOffset="2068" SrcFileId="3" StartOffset="2053"/>
</LocList>
</BasicBoolTerm>
</RootTerm>
</CondStmnt>
<BasicStmnt CovItemId="S28" CovItemPrefix="rules.ClassicRules.java" Intrnl_Id="195">
<LocList>
<Loc EndOffset="2129" SrcFileId="3" StartOffset="2116"/>
</LocList>
</BasicStmnt>
</StmntSeq>
</HierarchyLvl>
<HierarchyLvl HierarchyLvlId="81" HierarchyLvlTypeId="10" Intrnl_Id="196" Name="isInCheck">
<Header>
<Loc EndOffset="2180" SrcFileId="3" StartOffset="2138"/>
</Header>
<LocList>
<Loc EndOffset="3125" SrcFileId="3" StartOffset="2138"/>
</LocList>
<StmntSeq Intrnl_Id="197">
<LocList>
<Loc EndOffset="2206" SrcFileId="3" StartOffset="2188"/>
<Loc EndOffset="2232" SrcFileId="3" StartOffset="2210"/>
<Loc EndOffset="2552" SrcFileId="3" StartOffset="2279"/>
<Loc EndOffset="3102" SrcFileId="3" StartOffset="2590"/>
<Loc EndOffset="3121" SrcFileId="3" StartOffset="3108"/>
</LocList>
<BasicStmnt CovItemId="S29" CovItemPrefix="rules.ClassicRules.java" Intrnl_Id="198">
<LocList>
<Loc EndOffset="2206" SrcFileId="3" StartOffset="2188"/>
</LocList>
</BasicStmnt>
<BasicStmnt CovItemId="S30" CovItemPrefix="rules.ClassicRules.java" Intrnl_Id="199">
<LocList>
<Loc EndOffset="2232" SrcFileId="3" StartOffset="2210"/>
</LocList>
</BasicStmnt>
<LoopStmnt CovItemId="S31" CovItemPrefix="rules.ClassicRules.java" Intrnl_Id="200" MltplExecId="L4-2" MltplExecPrefix="rules.ClassicRules.java" NvrExecId="L4-0" NvrExecPrefix="rules.ClassicRules.java" OnceExecutedId="L4-1" OnceExecutedPrefix="rules.ClassicRules.java" OptBodyExec="true">
<StmntSeq Intrnl_Id="201">
<LocList>
<Loc EndOffset="2547" SrcFileId="3" StartOffset="2336"/>
</LocList>
<LoopStmnt CovItemId="S32" CovItemPrefix="rules.ClassicRules.java" Intrnl_Id="202" MltplExecId="L5-2" MltplExecPrefix="rules.ClassicRules.java" NvrExecId="L5-0" NvrExecPrefix="rules.ClassicRules.java" OnceExecutedId="L5-1" OnceExecutedPrefix="rules.ClassicRules.java" OptBodyExec="true">
<StmntSeq Intrnl_Id="203">
<LocList>
<Loc EndOffset="2430" SrcFileId="3" StartOffset="2384"/>
<Loc EndOffset="2541" SrcFileId="3" StartOffset="2436"/>
</LocList>
<BasicStmnt CovItemId="S33" CovItemPrefix="rules.ClassicRules.java" Intrnl_Id="204">
<LocList>
<Loc EndOffset="2430" SrcFileId="3" StartOffset="2384"/>
</LocList>
</BasicStmnt>
<CondStmnt CovItemId="S34" CovItemPrefix="rules.ClassicRules.java" Intrnl_Id="205">
<Branch CovItemId="B13" CovItemPrefix="rules.ClassicRules.java" Implct="false" Intrnl_Id="206">
<Cond/>
<LocList>
<Loc EndOffset="2541" SrcFileId="3" StartOffset="2495"/>
</LocList>
<StmntSeq Intrnl_Id="207">
<LocList>
<Loc EndOffset="2512" SrcFileId="3" StartOffset="2503"/>
<Loc EndOffset="2534" SrcFileId="3" StartOffset="2519"/>
</LocList>
<BasicStmnt CovItemId="S35" CovItemPrefix="rules.ClassicRules.java" Intrnl_Id="208">
<LocList>
<Loc EndOffset="2512" SrcFileId="3" StartOffset="2503"/>
</LocList>
</BasicStmnt>
<BasicStmnt CovItemId="S36" CovItemPrefix="rules.ClassicRules.java" Intrnl_Id="209">
<LocList>
<Loc EndOffset="2534" SrcFileId="3" StartOffset="2519"/>
</LocList>
</BasicStmnt>
</StmntSeq>
</Branch>
<Branch CovItemId="B14" CovItemPrefix="rules.ClassicRules.java" Implct="true" Intrnl_Id="210">
<Cond/>
<LocList/>
<StmntSeq Intrnl_Id="211">
<LocList/>
</StmntSeq>
</Branch>
<Keyword EndOffset="2438" SrcFileId="3" StartOffset="2436"/>
<LocList>
<Loc EndOffset="2541" SrcFileId="3" StartOffset="2436"/>
</LocList>
<RootTerm CovItemId="C11" CovItemPrefix="rules.ClassicRules.java" Intrnl_Id="212">
<OpTerm BooleanOpId="6" Intrnl_Id="213">
<OpTerm BooleanOpId="6" Intrnl_Id="214">
<BasicBoolTerm Intrnl_Id="215">
<LocList>
<Loc EndOffset="2449" SrcFileId="3" StartOffset="2440"/>
</LocList>
</BasicBoolTerm>
<BasicBoolTerm Intrnl_Id="216">
<LocList>
<Loc EndOffset="2477" SrcFileId="3" StartOffset="2453"/>
</LocList>
</BasicBoolTerm>
<LocList>
<Loc EndOffset="2452" SrcFileId="3" StartOffset="2450"/>
</LocList>
</OpTerm>
<BasicBoolTerm Intrnl_Id="217">
<LocList>
<Loc EndOffset="2493" SrcFileId="3" StartOffset="2481"/>
</LocList>
</BasicBoolTerm>
<LocList>
<Loc EndOffset="2480" SrcFileId="3" StartOffset="2478"/>
</LocList>
</OpTerm>
</RootTerm>
</CondStmnt>
</StmntSeq>
<Keyword EndOffset="2339" SrcFileId="3" StartOffset="2336"/>
<LocList>
<Loc EndOffset="2547" SrcFileId="3" StartOffset="2336"/>
</LocList>
<RootTerm CovItemId="C10" CovItemPrefix="rules.ClassicRules.java" Intrnl_Id="218">
<BasicBoolTerm Intrnl_Id="219">
<LocList>
<Loc EndOffset="2370" SrcFileId="3" StartOffset="2352"/>
</LocList>
</BasicBoolTerm>
</RootTerm>
</LoopStmnt>
</StmntSeq>
<Keyword EndOffset="2292" SrcFileId="3" StartOffset="2289"/>
<LocList>
<Loc EndOffset="2552" SrcFileId="3" StartOffset="2279"/>
</LocList>
<RootTerm CovItemId="C9" CovItemPrefix="rules.ClassicRules.java" Intrnl_Id="220">
<BasicBoolTerm Intrnl_Id="221">
<LocList>
<Loc EndOffset="2323" SrcFileId="3" StartOffset="2305"/>
</LocList>
</BasicBoolTerm>
</RootTerm>
</LoopStmnt>
<LoopStmnt CovItemId="S37" CovItemPrefix="rules.ClassicRules.java" Intrnl_Id="222" MltplExecId="L6-2" MltplExecPrefix="rules.ClassicRules.java" NvrExecId="L6-0" NvrExecPrefix="rules.ClassicRules.java" OnceExecutedId="L6-1" OnceExecutedPrefix="rules.ClassicRules.java" OptBodyExec="true">
<StmntSeq Intrnl_Id="223">
<LocList>
<Loc EndOffset="3097" SrcFileId="3" StartOffset="2648"/>
</LocList>
<LoopStmnt CovItemId="S38" CovItemPrefix="rules.ClassicRules.java" Intrnl_Id="224" MltplExecId="L7-2" MltplExecPrefix="rules.ClassicRules.java" NvrExecId="L7-0" NvrExecPrefix="rules.ClassicRules.java" OnceExecutedId="L7-1" OnceExecutedPrefix="rules.ClassicRules.java" OptBodyExec="true">
<StmntSeq Intrnl_Id="225">
<LocList>
<Loc EndOffset="2742" SrcFileId="3" StartOffset="2696"/>
<Loc EndOffset="3091" SrcFileId="3" StartOffset="2787"/>
</LocList>
<BasicStmnt CovItemId="S39" CovItemPrefix="rules.ClassicRules.java" Intrnl_Id="226">
<LocList>
<Loc EndOffset="2742" SrcFileId="3" StartOffset="2696"/>
</LocList>
</BasicStmnt>
<CondStmnt CovItemId="S40" CovItemPrefix="rules.ClassicRules.java" Intrnl_Id="227">
<Branch CovItemId="B15" CovItemPrefix="rules.ClassicRules.java" Implct="false" Intrnl_Id="228">
<Cond/>
<LocList>
<Loc EndOffset="3091" SrcFileId="3" StartOffset="2846"/>
</LocList>
<StmntSeq Intrnl_Id="229">
<LocList>
<Loc EndOffset="2908" SrcFileId="3" StartOffset="2854"/>
<Loc EndOffset="3084" SrcFileId="3" StartOffset="2915"/>
</LocList>
<BasicStmnt CovItemId="S41" CovItemPrefix="rules.ClassicRules.java" Intrnl_Id="230">
<LocList>
<Loc EndOffset="2908" SrcFileId="3" StartOffset="2854"/>
</LocList>
</BasicStmnt>
<LoopStmnt CovItemId="S42" CovItemPrefix="rules.ClassicRules.java" Intrnl_Id="231" MltplExecId="L8-2" MltplExecPrefix="rules.ClassicRules.java" NvrExecId="L8-0" NvrExecPrefix="rules.ClassicRules.java" OnceExecutedId="L8-1" OnceExecutedPrefix="rules.ClassicRules.java" OptBodyExec="true">
<StmntSeq Intrnl_Id="232">
<LocList>
<Loc EndOffset="3076" SrcFileId="3" StartOffset="2948"/>
</LocList>
<CondStmnt CovItemId="S43" CovItemPrefix="rules.ClassicRules.java" Intrnl_Id="233">
<Branch CovItemId="B17" CovItemPrefix="rules.ClassicRules.java" Implct="false" Intrnl_Id="234">
<Cond/>
<LocList>
<Loc EndOffset="3076" SrcFileId="3" StartOffset="3019"/>
</LocList>
<StmntSeq Intrnl_Id="235">
<LocList>
<Loc EndOffset="3042" SrcFileId="3" StartOffset="3029"/>
<Loc EndOffset="3067" SrcFileId="3" StartOffset="3051"/>
</LocList>
<BasicStmnt CovItemId="S44" CovItemPrefix="rules.ClassicRules.java" Intrnl_Id="236">
<LocList>
<Loc EndOffset="3042" SrcFileId="3" StartOffset="3029"/>
</LocList>
</BasicStmnt>
<BasicStmnt CovItemId="S45" CovItemPrefix="rules.ClassicRules.java" Intrnl_Id="237">
<LocList>
<Loc EndOffset="3067" SrcFileId="3" StartOffset="3051"/>
</LocList>
</BasicStmnt>
</StmntSeq>
</Branch>
<Branch CovItemId="B18" CovItemPrefix="rules.ClassicRules.java" Implct="true" Intrnl_Id="238">
<Cond/>
<LocList/>
<StmntSeq Intrnl_Id="239">
<LocList/>
</StmntSeq>
</Branch>
<Keyword EndOffset="2950" SrcFileId="3" StartOffset="2948"/>
<LocList>
<Loc EndOffset="3076" SrcFileId="3" StartOffset="2948"/>
</LocList>
<RootTerm CovItemId="C15" CovItemPrefix="rules.ClassicRules.java" Intrnl_Id="240">
<OpTerm BooleanOpId="6" Intrnl_Id="241">
<BasicBoolTerm Intrnl_Id="242">
<LocList>
<Loc EndOffset="2989" SrcFileId="3" StartOffset="2952"/>
</LocList>
</BasicBoolTerm>
<BasicBoolTerm Intrnl_Id="243">
<LocList>
<Loc EndOffset="3017" SrcFileId="3" StartOffset="3002"/>
</LocList>
</BasicBoolTerm>
<LocList>
<Loc EndOffset="3001" SrcFileId="3" StartOffset="2999"/>
</LocList>
</OpTerm>
</RootTerm>
</CondStmnt>
</StmntSeq>
<Keyword EndOffset="2918" SrcFileId="3" StartOffset="2915"/>
<LocList>
<Loc EndOffset="3084" SrcFileId="3" StartOffset="2915"/>
</LocList>
</LoopStmnt>
</StmntSeq>
</Branch>
<Branch CovItemId="B16" CovItemPrefix="rules.ClassicRules.java" Implct="true" Intrnl_Id="244">
<Cond/>
<LocList/>
<StmntSeq Intrnl_Id="245">
<LocList/>
</StmntSeq>
</Branch>
<Keyword EndOffset="2789" SrcFileId="3" StartOffset="2787"/>
<LocList>
<Loc EndOffset="3091" SrcFileId="3" StartOffset="2787"/>
</LocList>
<RootTerm CovItemId="C14" CovItemPrefix="rules.ClassicRules.java" Intrnl_Id="246">
<OpTerm BooleanOpId="6" Intrnl_Id="247">
<OpTerm BooleanOpId="6" Intrnl_Id="248">
<BasicBoolTerm Intrnl_Id="249">
<LocList>
<Loc EndOffset="2800" SrcFileId="3" StartOffset="2791"/>
</LocList>
</BasicBoolTerm>
<BasicBoolTerm Intrnl_Id="250">
<LocList>
<Loc EndOffset="2816" SrcFileId="3" StartOffset="2804"/>
</LocList>
</BasicBoolTerm>
<LocList>
<Loc EndOffset="2803" SrcFileId="3" StartOffset="2801"/>
</LocList>
</OpTerm>
<BasicBoolTerm Intrnl_Id="251">
<LocList>
<Loc EndOffset="2844" SrcFileId="3" StartOffset="2820"/>
</LocList>
</BasicBoolTerm>
<LocList>
<Loc EndOffset="2819" SrcFileId="3" StartOffset="2817"/>
</LocList>
</OpTerm>
</RootTerm>
</CondStmnt>
</StmntSeq>
<Keyword EndOffset="2651" SrcFileId="3" StartOffset="2648"/>
<LocList>
<Loc EndOffset="3097" SrcFileId="3" StartOffset="2648"/>
</LocList>
<RootTerm CovItemId="C13" CovItemPrefix="rules.ClassicRules.java" Intrnl_Id="252">
<BasicBoolTerm Intrnl_Id="253">
<LocList>
<Loc EndOffset="2682" SrcFileId="3" StartOffset="2664"/>
</LocList>
</BasicBoolTerm>
</RootTerm>
</LoopStmnt>
</StmntSeq>
<Keyword EndOffset="2604" SrcFileId="3" StartOffset="2601"/>
<LocList>
<Loc EndOffset="3102" SrcFileId="3" StartOffset="2590"/>
</LocList>
<RootTerm CovItemId="C12" CovItemPrefix="rules.ClassicRules.java" Intrnl_Id="254">
<BasicBoolTerm Intrnl_Id="255">
<LocList>
<Loc EndOffset="2635" SrcFileId="3" StartOffset="2617"/>
</LocList>
</BasicBoolTerm>
</RootTerm>
</LoopStmnt>
<BasicStmnt CovItemId="S46" CovItemPrefix="rules.ClassicRules.java" Intrnl_Id="256">
<LocList>
<Loc EndOffset="3121" SrcFileId="3" StartOffset="3108"/>
</LocList>
</BasicStmnt>
</StmntSeq>
</HierarchyLvl>
<HierarchyLvl HierarchyLvlId="82" HierarchyLvlTypeId="10" Intrnl_Id="257" Name="findCastleRook">
<Header>
<Loc EndOffset="3266" SrcFileId="3" StartOffset="3203"/>
</Header>
<LocList>
<Loc EndOffset="3604" SrcFileId="3" StartOffset="3203"/>
</LocList>
<StmntSeq Intrnl_Id="258">
<LocList>
<Loc EndOffset="3296" SrcFileId="3" StartOffset="3272"/>
<Loc EndOffset="3325" SrcFileId="3" StartOffset="3300"/>
<Loc EndOffset="3359" SrcFileId="3" StartOffset="3329"/>
<Loc EndOffset="3401" SrcFileId="3" StartOffset="3363"/>
<Loc EndOffset="3426" SrcFileId="3" StartOffset="3405"/>
<Loc EndOffset="3554" SrcFileId="3" StartOffset="3430"/>
<Loc EndOffset="3600" SrcFileId="3" StartOffset="3558"/>
</LocList>
<BasicStmnt CovItemId="S47" CovItemPrefix="rules.ClassicRules.java" Intrnl_Id="259">
<LocList>
<Loc EndOffset="3296" SrcFileId="3" StartOffset="3272"/>
</LocList>
</BasicStmnt>
<BasicStmnt CovItemId="S48" CovItemPrefix="rules.ClassicRules.java" Intrnl_Id="260">
<LocList>
<Loc EndOffset="3325" SrcFileId="3" StartOffset="3300"/>
</LocList>
<QMO CovItemId="Q0" CovItemPrefix="rules.ClassicRules.java" Intrnl_Id="261">
<LocList>
<Loc EndOffset="3315" SrcFileId="3" StartOffset="3311"/>
</LocList>
<QMO_E CovItemId="Q0-0" CovItemPrefix="rules.ClassicRules.java" Intrnl_Id="262">
<LocList>
<Loc EndOffset="3320" SrcFileId="3" StartOffset="3318"/>
</LocList>
</QMO_E>
<QMO_E CovItemId="Q0-1" CovItemPrefix="rules.ClassicRules.java" Intrnl_Id="263">
<LocList>
<Loc EndOffset="3324" SrcFileId="3" StartOffset="3323"/>
</LocList>
</QMO_E>
</QMO>
</BasicStmnt>
<BasicStmnt CovItemId="S49" CovItemPrefix="rules.ClassicRules.java" Intrnl_Id="264">
<LocList>
<Loc EndOffset="3359" SrcFileId="3" StartOffset="3329"/>
</LocList>
</BasicStmnt>
<CondStmnt CovItemId="S50" CovItemPrefix="rules.ClassicRules.java" Intrnl_Id="265">
<Branch CovItemId="B19" CovItemPrefix="rules.ClassicRules.java" Implct="false" Intrnl_Id="266">
<Cond/>
<LocList>
<Loc EndOffset="3401" SrcFileId="3" StartOffset="3378"/>
</LocList>
<StmntSeq Intrnl_Id="267">
<LocList>
<Loc EndOffset="3396" SrcFileId="3" StartOffset="3384"/>
</LocList>
<BasicStmnt CovItemId="S51" CovItemPrefix="rules.ClassicRules.java" Intrnl_Id="268">
<LocList>
<Loc EndOffset="3396" SrcFileId="3" StartOffset="3384"/>
</LocList>
</BasicStmnt>
</StmntSeq>
</Branch>
<Branch CovItemId="B20" CovItemPrefix="rules.ClassicRules.java" Implct="true" Intrnl_Id="269">
<Cond/>
<LocList/>
<StmntSeq Intrnl_Id="270">
<LocList/>
</StmntSeq>
</Branch>
<Keyword EndOffset="3365" SrcFileId="3" StartOffset="3363"/>
<LocList>
<Loc EndOffset="3401" SrcFileId="3" StartOffset="3363"/>
</LocList>
<RootTerm CovItemId="C16" CovItemPrefix="rules.ClassicRules.java" Intrnl_Id="271">
<BasicBoolTerm Intrnl_Id="272">
<LocList>
<Loc EndOffset="3376" SrcFileId="3" StartOffset="3367"/>
</LocList>
</BasicBoolTerm>
</RootTerm>
</CondStmnt>
<BasicStmnt CovItemId="S52" CovItemPrefix="rules.ClassicRules.java" Intrnl_Id="273">
<LocList>
<Loc EndOffset="3426" SrcFileId="3" StartOffset="3405"/>
</LocList>
</BasicStmnt>
<CondStmnt CovItemId="S53" CovItemPrefix="rules.ClassicRules.java" Intrnl_Id="274">
<Branch CovItemId="B21" CovItemPrefix="rules.ClassicRules.java" Implct="false" Intrnl_Id="275">
<Cond/>
<LocList>
<Loc EndOffset="3554" SrcFileId="3" StartOffset="3445"/>
</LocList>
<StmntSeq Intrnl_Id="276">
<LocList>
<Loc EndOffset="3549" SrcFileId="3" StartOffset="3451"/>
</LocList>
<CondStmnt CovItemId="S54" CovItemPrefix="rules.ClassicRules.java" Intrnl_Id="277">
<Branch CovItemId="B23" CovItemPrefix="rules.ClassicRules.java" Implct="false" Intrnl_Id="278">
<Cond/>
<LocList>
<Loc EndOffset="3518" SrcFileId="3" StartOffset="3496"/>
</LocList>
<StmntSeq Intrnl_Id="279">
<LocList>
<Loc EndOffset="3512" SrcFileId="3" StartOffset="3503"/>
</LocList>
<BasicStmnt CovItemId="S55" CovItemPrefix="rules.ClassicRules.java" Intrnl_Id="280">
<LocList>
<Loc EndOffset="3512" SrcFileId="3" StartOffset="3503"/>
</LocList>
</BasicStmnt>
</StmntSeq>
</Branch>
<Branch CovItemId="B24" CovItemPrefix="rules.ClassicRules.java" Implct="false" Intrnl_Id="281">
<Cond>
<Loc EndOffset="3523" SrcFileId="3" StartOffset="3519"/>
</Cond>
<LocList>
<Loc EndOffset="3549" SrcFileId="3" StartOffset="3524"/>
</LocList>
<StmntSeq Intrnl_Id="282">
<LocList>
<Loc EndOffset="3543" SrcFileId="3" StartOffset="3531"/>
</LocList>
<BasicStmnt CovItemId="S56" CovItemPrefix="rules.ClassicRules.java" Intrnl_Id="283">
<LocList>
<Loc EndOffset="3543" SrcFileId="3" StartOffset="3531"/>
</LocList>
</BasicStmnt>
</StmntSeq>
</Branch>
<Keyword EndOffset="3453" SrcFileId="3" StartOffset="3451"/>
<LocList>
<Loc EndOffset="3549" SrcFileId="3" StartOffset="3451"/>
</LocList>
<RootTerm CovItemId="C18" CovItemPrefix="rules.ClassicRules.java" Intrnl_Id="284">
<OpTerm BooleanOpId="6" Intrnl_Id="285">
<BasicBoolTerm Intrnl_Id="286">
<LocList>
<Loc EndOffset="3479" SrcFileId="3" StartOffset="3455"/>
</LocList>
</BasicBoolTerm>
<OpTerm BooleanOpId="8" Intrnl_Id="287">
<BasicBoolTerm Intrnl_Id="288">
<LocList>
<Loc EndOffset="3494" SrcFileId="3" StartOffset="3484"/>
</LocList>
</BasicBoolTerm>
<LocList>
<Loc EndOffset="3484" SrcFileId="3" StartOffset="3483"/>
</LocList>
</OpTerm>
<LocList>
<Loc EndOffset="3482" SrcFileId="3" StartOffset="3480"/>
</LocList>
</OpTerm>
</RootTerm>
</CondStmnt>
</StmntSeq>
</Branch>
<Branch CovItemId="B22" CovItemPrefix="rules.ClassicRules.java" Implct="true" Intrnl_Id="289">
<Cond/>
<LocList/>
<StmntSeq Intrnl_Id="290">
<LocList/>
</StmntSeq>
</Branch>
<Keyword EndOffset="3432" SrcFileId="3" StartOffset="3430"/>
<LocList>
<Loc EndOffset="3554" SrcFileId="3" StartOffset="3430"/>
</LocList>
<RootTerm CovItemId="C17" CovItemPrefix="rules.ClassicRules.java" Intrnl_Id="291">
<BasicBoolTerm Intrnl_Id="292">
<LocList>
<Loc EndOffset="3443" SrcFileId="3" StartOffset="3434"/>
</LocList>
</BasicBoolTerm>
</RootTerm>
</CondStmnt>
<BasicStmnt CovItemId="S57" CovItemPrefix="rules.ClassicRules.java" Intrnl_Id="293">
<LocList>
<Loc EndOffset="3600" SrcFileId="3" StartOffset="3558"/>
</LocList>
</BasicStmnt>
</StmntSeq>
</HierarchyLvl>
<HierarchyLvl HierarchyLvlId="83" HierarchyLvlTypeId="10" Intrnl_Id="294" Name="movePiece">
<Header>
<Loc EndOffset="3697" SrcFileId="3" StartOffset="3609"/>
</Header>
<LocList>
<Loc EndOffset="5737" SrcFileId="3" StartOffset="3609"/>
</LocList>
<StmntSeq Intrnl_Id="295">
<LocList>
<Loc EndOffset="3732" SrcFileId="3" StartOffset="3703"/>
<Loc EndOffset="3763" SrcFileId="3" StartOffset="3736"/>
<Loc EndOffset="3795" SrcFileId="3" StartOffset="3767"/>
<Loc EndOffset="3855" SrcFileId="3" StartOffset="3799"/>
<Loc EndOffset="3922" SrcFileId="3" StartOffset="3859"/>
<Loc EndOffset="4590" SrcFileId="3" StartOffset="3926"/>
<Loc EndOffset="4695" SrcFileId="3" StartOffset="4594"/>
<Loc EndOffset="4844" SrcFileId="3" StartOffset="4701"/>
<Loc EndOffset="5715" SrcFileId="3" StartOffset="4938"/>
<Loc EndOffset="5733" SrcFileId="3" StartOffset="5721"/>
</LocList>
<BasicStmnt CovItemId="S58" CovItemPrefix="rules.ClassicRules.java" Intrnl_Id="296">
<LocList>
<Loc EndOffset="3732" SrcFileId="3" StartOffset="3703"/>
</LocList>
</BasicStmnt>
<BasicStmnt CovItemId="S59" CovItemPrefix="rules.ClassicRules.java" Intrnl_Id="297">
<LocList>
<Loc EndOffset="3763" SrcFileId="3" StartOffset="3736"/>
</LocList>
</BasicStmnt>
<BasicStmnt CovItemId="S60" CovItemPrefix="rules.ClassicRules.java" Intrnl_Id="298">
<LocList>
<Loc EndOffset="3795" SrcFileId="3" StartOffset="3767"/>
</LocList>
</BasicStmnt>
<BasicStmnt CovItemId="S61" CovItemPrefix="rules.ClassicRules.java" Intrnl_Id="299">
<LocList>
<Loc EndOffset="3855" SrcFileId="3" StartOffset="3799"/>
</LocList>
</BasicStmnt>
<BasicStmnt CovItemId="S62" CovItemPrefix="rules.ClassicRules.java" Intrnl_Id="300">
<LocList>
<Loc EndOffset="3922" SrcFileId="3" StartOffset="3859"/>
</LocList>
</BasicStmnt>
<LoopStmnt CovItemId="S63" CovItemPrefix="rules.ClassicRules.java" Intrnl_Id="301" MltplExecId="L9-2" MltplExecPrefix="rules.ClassicRules.java" NvrExecId="L9-0" NvrExecPrefix="rules.ClassicRules.java" OnceExecutedId="L9-1" OnceExecutedPrefix="rules.ClassicRules.java" OptBodyExec="true">
<StmntSeq Intrnl_Id="302">
<LocList>
<Loc EndOffset="4585" SrcFileId="3" StartOffset="3956"/>
</LocList>
<CondStmnt CovItemId="S64" CovItemPrefix="rules.ClassicRules.java" Intrnl_Id="303">
<Branch CovItemId="B25" CovItemPrefix="rules.ClassicRules.java" Implct="false" Intrnl_Id="304">
<Cond/>
<LocList>
<Loc EndOffset="4585" SrcFileId="3" StartOffset="4004"/>
</LocList>
<StmntSeq Intrnl_Id="305">
<LocList>
<Loc EndOffset="4485" SrcFileId="3" StartOffset="4011"/>
<Loc EndOffset="4542" SrcFileId="3" StartOffset="4491"/>
<Loc EndOffset="4567" SrcFileId="3" StartOffset="4548"/>
<Loc EndOffset="4579" SrcFileId="3" StartOffset="4573"/>
</LocList>
<LoopStmnt CovItemId="S65" CovItemPrefix="rules.ClassicRules.java" Intrnl_Id="306" MltplExecId="L10-2" MltplExecPrefix="rules.ClassicRules.java" NvrExecId="L10-0" NvrExecPrefix="rules.ClassicRules.java" OnceExecutedId="L10-1" OnceExecutedPrefix="rules.ClassicRules.java" OptBodyExec="true">
<StmntSeq Intrnl_Id="307">
<LocList>
<Loc EndOffset="4203" SrcFileId="3" StartOffset="4068"/>
<Loc EndOffset="4259" SrcFileId="3" StartOffset="4217"/>
<Loc EndOffset="4343" SrcFileId="3" StartOffset="4266"/>
<Loc EndOffset="4370" SrcFileId="3" StartOffset="4350"/>
<Loc EndOffset="4447" SrcFileId="3" StartOffset="4377"/>
<Loc EndOffset="4478" SrcFileId="3" StartOffset="4454"/>
</LocList>
<CondStmnt CovItemId="S66" CovItemPrefix="rules.ClassicRules.java" Intrnl_Id="308">
<Branch CovItemId="B27" CovItemPrefix="rules.ClassicRules.java" Implct="false" Intrnl_Id="309">
<Cond/>
<LocList>
<Loc EndOffset="4203" SrcFileId="3" StartOffset="4101"/>
</LocList>
<StmntSeq Intrnl_Id="310">
<LocList>
<Loc EndOffset="4178" SrcFileId="3" StartOffset="4110"/>
<Loc EndOffset="4195" SrcFileId="3" StartOffset="4186"/>
</LocList>
<BasicStmnt CovItemId="S67" CovItemPrefix="rules.ClassicRules.java" Intrnl_Id="311">
<LocList>
<Loc EndOffset="4178" SrcFileId="3" StartOffset="4110"/>
</LocList>
</BasicStmnt>
<BasicStmnt CovItemId="S68" CovItemPrefix="rules.ClassicRules.java" Intrnl_Id="312">
<LocList>
<Loc EndOffset="4195" SrcFileId="3" StartOffset="4186"/>
</LocList>
</BasicStmnt>
</StmntSeq>
</Branch>
<Branch CovItemId="B28" CovItemPrefix="rules.ClassicRules.java" Implct="true" Intrnl_Id="313">
<Cond/>
<LocList/>
<StmntSeq Intrnl_Id="314">
<LocList/>
</StmntSeq>
</Branch>
<Keyword EndOffset="4070" SrcFileId="3" StartOffset="4068"/>
<LocList>
<Loc EndOffset="4203" SrcFileId="3" StartOffset="4068"/>
</LocList>
<RootTerm CovItemId="C20" CovItemPrefix="rules.ClassicRules.java" Intrnl_Id="315">
<BasicBoolTerm Intrnl_Id="316">
<LocList>
<Loc EndOffset="4100" SrcFileId="3" StartOffset="4071"/>
</LocList>
</BasicBoolTerm>
</RootTerm>
</CondStmnt>
<BasicStmnt CovItemId="S69" CovItemPrefix="rules.ClassicRules.java" Intrnl_Id="317">
<LocList>
<Loc EndOffset="4259" SrcFileId="3" StartOffset="4217"/>
</LocList>
</BasicStmnt>
<BasicStmnt CovItemId="S70" CovItemPrefix="rules.ClassicRules.java" Intrnl_Id="318">
<LocList>
<Loc EndOffset="4343" SrcFileId="3" StartOffset="4266"/>
</LocList>
</BasicStmnt>
<BasicStmnt CovItemId="S71" CovItemPrefix="rules.ClassicRules.java" Intrnl_Id="319">
<LocList>
<Loc EndOffset="4370" SrcFileId="3" StartOffset="4350"/>
</LocList>
</BasicStmnt>
<CondStmnt CovItemId="S72" CovItemPrefix="rules.ClassicRules.java" Intrnl_Id="320">
<Branch CovItemId="B29" CovItemPrefix="rules.ClassicRules.java" Implct="false" Intrnl_Id="321">
<Cond/>
<LocList>
<Loc EndOffset="4447" SrcFileId="3" StartOffset="4397"/>
</LocList>
<StmntSeq Intrnl_Id="322">
<LocList>
<Loc EndOffset="4439" SrcFileId="3" StartOffset="4406"/>
</LocList>
<BasicStmnt CovItemId="S73" CovItemPrefix="rules.ClassicRules.java" Intrnl_Id="323">
<LocList>
<Loc EndOffset="4439" SrcFileId="3" StartOffset="4406"/>
</LocList>
</BasicStmnt>
</StmntSeq>
</Branch>
<Branch CovItemId="B30" CovItemPrefix="rules.ClassicRules.java" Implct="true" Intrnl_Id="324">
<Cond/>
<LocList/>
<StmntSeq Intrnl_Id="325">
<LocList/>
</StmntSeq>
</Branch>
<Keyword EndOffset="4379" SrcFileId="3" StartOffset="4377"/>
<LocList>
<Loc EndOffset="4447" SrcFileId="3" StartOffset="4377"/>
</LocList>
<RootTerm CovItemId="C21" CovItemPrefix="rules.ClassicRules.java" Intrnl_Id="326">
<BasicBoolTerm Intrnl_Id="327">
<LocList>
<Loc EndOffset="4396" SrcFileId="3" StartOffset="4380"/>
</LocList>
</BasicBoolTerm>
</RootTerm>
</CondStmnt>
<BasicStmnt CovItemId="S74" CovItemPrefix="rules.ClassicRules.java" Intrnl_Id="328">
<LocList>
<Loc EndOffset="4478" SrcFileId="3" StartOffset="4454"/>
</LocList>
</BasicStmnt>
</StmntSeq>
<Keyword EndOffset="4014" SrcFileId="3" StartOffset="4011"/>
<LocList>
<Loc EndOffset="4485" SrcFileId="3" StartOffset="4011"/>
</LocList>
</LoopStmnt>
<BasicStmnt CovItemId="S75" CovItemPrefix="rules.ClassicRules.java" Intrnl_Id="329">
<LocList>
<Loc EndOffset="4542" SrcFileId="3" StartOffset="4491"/>
</LocList>
</BasicStmnt>
<BasicStmnt CovItemId="S76" CovItemPrefix="rules.ClassicRules.java" Intrnl_Id="330">
<LocList>
<Loc EndOffset="4567" SrcFileId="3" StartOffset="4548"/>
</LocList>
</BasicStmnt>
<BasicStmnt CovItemId="S77" CovItemPrefix="rules.ClassicRules.java" Intrnl_Id="331">
<LocList>
<Loc EndOffset="4579" SrcFileId="3" StartOffset="4573"/>
</LocList>
</BasicStmnt>
</StmntSeq>
</Branch>
<Branch CovItemId="B26" CovItemPrefix="rules.ClassicRules.java" Implct="true" Intrnl_Id="332">
<Cond/>
<LocList/>
<StmntSeq Intrnl_Id="333">
<LocList/>
</StmntSeq>
</Branch>
<Keyword EndOffset="3958" SrcFileId="3" StartOffset="3956"/>
<LocList>
<Loc EndOffset="4585" SrcFileId="3" StartOffset="3956"/>
</LocList>
<RootTerm CovItemId="C19" CovItemPrefix="rules.ClassicRules.java" Intrnl_Id="334">
<OpTerm BooleanOpId="6" Intrnl_Id="335">
<BasicBoolTerm Intrnl_Id="336">
<LocList>
<Loc EndOffset="3979" SrcFileId="3" StartOffset="3960"/>
</LocList>
</BasicBoolTerm>
<BasicBoolTerm Intrnl_Id="337">
<LocList>
<Loc EndOffset="4002" SrcFileId="3" StartOffset="3983"/>
</LocList>
</BasicBoolTerm>
<LocList>
<Loc EndOffset="3982" SrcFileId="3" StartOffset="3980"/>
</LocList>
</OpTerm>
</RootTerm>
</CondStmnt>
</StmntSeq>
<Keyword EndOffset="3929" SrcFileId="3" StartOffset="3926"/>
<LocList>
<Loc EndOffset="4590" SrcFileId="3" StartOffset="3926"/>
</LocList>
</LoopStmnt>
<CondStmnt CovItemId="S78" CovItemPrefix="rules.ClassicRules.java" Intrnl_Id="338">
<Branch CovItemId="B31" CovItemPrefix="rules.ClassicRules.java" Implct="false" Intrnl_Id="339">
<Cond/>
<LocList>
<Loc EndOffset="4695" SrcFileId="3" StartOffset="4612"/>
</LocList>
<StmntSeq Intrnl_Id="340">
<LocList>
<Loc EndOffset="4690" SrcFileId="3" StartOffset="4618"/>
</LocList>
<BasicStmnt CovItemId="S79" CovItemPrefix="rules.ClassicRules.java" Intrnl_Id="341">
<LocList>
<Loc EndOffset="4690" SrcFileId="3" StartOffset="4618"/>
</LocList>
</BasicStmnt>
</StmntSeq>
</Branch>
<Branch CovItemId="B32" CovItemPrefix="rules.ClassicRules.java" Implct="true" Intrnl_Id="342">
<Cond/>
<LocList/>
<StmntSeq Intrnl_Id="343">
<LocList/>
</StmntSeq>
</Branch>
<Keyword EndOffset="4596" SrcFileId="3" StartOffset="4594"/>
<LocList>
<Loc EndOffset="4695" SrcFileId="3" StartOffset="4594"/>
</LocList>
<RootTerm CovItemId="C22" CovItemPrefix="rules.ClassicRules.java" Intrnl_Id="344">
<OpTerm BooleanOpId="8" Intrnl_Id="345">
<BasicBoolTerm Intrnl_Id="346">
<LocList>
<Loc EndOffset="4610" SrcFileId="3" StartOffset="4599"/>
</LocList>
</BasicBoolTerm>
<LocList>
<Loc EndOffset="4599" SrcFileId="3" StartOffset="4598"/>
</LocList>
</OpTerm>
</RootTerm>
</CondStmnt>
<CondStmnt CovItemId="S80" CovItemPrefix="rules.ClassicRules.java" Intrnl_Id="347">
<Branch CovItemId="B33" CovItemPrefix="rules.ClassicRules.java" Implct="false" Intrnl_Id="348">
<Cond/>
<LocList>
<Loc EndOffset="4767" SrcFileId="3" StartOffset="4738"/>
</LocList>
<StmntSeq Intrnl_Id="349">
<LocList>
<Loc EndOffset="4762" SrcFileId="3" StartOffset="4744"/>
</LocList>
<BasicStmnt CovItemId="S81" CovItemPrefix="rules.ClassicRules.java" Intrnl_Id="350">
<LocList>
<Loc EndOffset="4762" SrcFileId="3" StartOffset="4744"/>
</LocList>
</BasicStmnt>
</StmntSeq>
</Branch>
<Branch CovItemId="B34" CovItemPrefix="rules.ClassicRules.java" Implct="false" Intrnl_Id="351">
<Cond>
<Loc EndOffset="4772" SrcFileId="3" StartOffset="4768"/>
</Cond>
<LocList>
<Loc EndOffset="4844" SrcFileId="3" StartOffset="4773"/>
</LocList>
<StmntSeq Intrnl_Id="352">
<LocList>
<Loc EndOffset="4839" SrcFileId="3" StartOffset="4779"/>
</LocList>
<BasicStmnt CovItemId="S82" CovItemPrefix="rules.ClassicRules.java" Intrnl_Id="353">
<LocList>
<Loc EndOffset="4839" SrcFileId="3" StartOffset="4779"/>
</LocList>
</BasicStmnt>
</StmntSeq>
</Branch>
<Keyword EndOffset="4703" SrcFileId="3" StartOffset="4701"/>
<LocList>
<Loc EndOffset="4844" SrcFileId="3" StartOffset="4701"/>
</LocList>
<RootTerm CovItemId="C23" CovItemPrefix="rules.ClassicRules.java" Intrnl_Id="354">
<OpTerm BooleanOpId="8" Intrnl_Id="355">
<BasicBoolTerm Intrnl_Id="356">
<LocList>
<Loc EndOffset="4736" SrcFileId="3" StartOffset="4706"/>
</LocList>
</BasicBoolTerm>
<LocList>
<Loc EndOffset="4706" SrcFileId="3" StartOffset="4705"/>
</LocList>
</OpTerm>
</RootTerm>
</CondStmnt>
<CondStmnt CovItemId="S83" CovItemPrefix="rules.ClassicRules.java" Intrnl_Id="357">
<Branch CovItemId="B35" CovItemPrefix="rules.ClassicRules.java" Implct="false" Intrnl_Id="358">
<Cond/>
<LocList>
<Loc EndOffset="5715" SrcFileId="3" StartOffset="4968"/>
</LocList>
<StmntSeq Intrnl_Id="359">
<LocList>
<Loc EndOffset="5305" SrcFileId="3" StartOffset="5004"/>
<Loc EndOffset="5710" SrcFileId="3" StartOffset="5323"/>
</LocList>
<LoopStmnt CovItemId="S84" CovItemPrefix="rules.ClassicRules.java" Intrnl_Id="360" MltplExecId="L11-2" MltplExecPrefix="rules.ClassicRules.java" NvrExecId="L11-0" NvrExecPrefix="rules.ClassicRules.java" OnceExecutedId="L11-1" OnceExecutedPrefix="rules.ClassicRules.java" OptBodyExec="true">
<StmntSeq Intrnl_Id="361">
<LocList>
<Loc EndOffset="5299" SrcFileId="3" StartOffset="5059"/>
</LocList>
<LoopStmnt CovItemId="S85" CovItemPrefix="rules.ClassicRules.java" Intrnl_Id="362" MltplExecId="L12-2" MltplExecPrefix="rules.ClassicRules.java" NvrExecId="L12-0" NvrExecPrefix="rules.ClassicRules.java" OnceExecutedId="L12-1" OnceExecutedPrefix="rules.ClassicRules.java" OptBodyExec="true">
<StmntSeq Intrnl_Id="363">
<LocList>
<Loc EndOffset="5144" SrcFileId="3" StartOffset="5112"/>
<Loc EndOffset="5179" SrcFileId="3" StartOffset="5151"/>
<Loc EndOffset="5292" SrcFileId="3" StartOffset="5186"/>
</LocList>
<BasicStmnt CovItemId="S86" CovItemPrefix="rules.ClassicRules.java" Intrnl_Id="364">
<LocList>
<Loc EndOffset="5144" SrcFileId="3" StartOffset="5112"/>
</LocList>
</BasicStmnt>
<BasicStmnt CovItemId="S87" CovItemPrefix="rules.ClassicRules.java" Intrnl_Id="365">
<LocList>
<Loc EndOffset="5179" SrcFileId="3" StartOffset="5151"/>
</LocList>
</BasicStmnt>
<CondStmnt CovItemId="S88" CovItemPrefix="rules.ClassicRules.java" Intrnl_Id="366">
<Branch CovItemId="B37" CovItemPrefix="rules.ClassicRules.java" Implct="false" Intrnl_Id="367">
<Cond/>
<LocList>
<Loc EndOffset="5292" SrcFileId="3" StartOffset="5263"/>
</LocList>
<StmntSeq Intrnl_Id="368">
<LocList>
<Loc EndOffset="5284" SrcFileId="3" StartOffset="5272"/>
</LocList>
<BasicStmnt CovItemId="S89" CovItemPrefix="rules.ClassicRules.java" Intrnl_Id="369">
<LocList>
<Loc EndOffset="5284" SrcFileId="3" StartOffset="5272"/>
</LocList>
</BasicStmnt>
</StmntSeq>
</Branch>
<Branch CovItemId="B38" CovItemPrefix="rules.ClassicRules.java" Implct="true" Intrnl_Id="370">
<Cond/>
<LocList/>
<StmntSeq Intrnl_Id="371">
<LocList/>
</StmntSeq>
</Branch>
<Keyword EndOffset="5188" SrcFileId="3" StartOffset="5186"/>
<LocList>
<Loc EndOffset="5292" SrcFileId="3" StartOffset="5186"/>
</LocList>
<RootTerm CovItemId="C27" CovItemPrefix="rules.ClassicRules.java" Intrnl_Id="372">
<OpTerm BooleanOpId="6" Intrnl_Id="373">
<OpTerm BooleanOpId="6" Intrnl_Id="374">
<BasicBoolTerm Intrnl_Id="375">
<LocList>
<Loc EndOffset="5203" SrcFileId="3" StartOffset="5190"/>
</LocList>
</BasicBoolTerm>
<BasicBoolTerm Intrnl_Id="376">
<LocList>
<Loc EndOffset="5229" SrcFileId="3" StartOffset="5207"/>
</LocList>
</BasicBoolTerm>
<LocList>
<Loc EndOffset="5206" SrcFileId="3" StartOffset="5204"/>
</LocList>
</OpTerm>
<BasicBoolTerm Intrnl_Id="377">
<LocList>
<Loc EndOffset="5261" SrcFileId="3" StartOffset="5233"/>
</LocList>
</BasicBoolTerm>
<LocList>
<Loc EndOffset="5232" SrcFileId="3" StartOffset="5230"/>
</LocList>
</OpTerm>
</RootTerm>
</CondStmnt>
</StmntSeq>
<Keyword EndOffset="5062" SrcFileId="3" StartOffset="5059"/>
<LocList>
<Loc EndOffset="5299" SrcFileId="3" StartOffset="5059"/>
</LocList>
<RootTerm CovItemId="C26" CovItemPrefix="rules.ClassicRules.java" Intrnl_Id="378">
<BasicBoolTerm Intrnl_Id="379">
<LocList>
<Loc EndOffset="5097" SrcFileId="3" StartOffset="5075"/>
</LocList>
</BasicBoolTerm>
</RootTerm>
</LoopStmnt>
</StmntSeq>
<Keyword EndOffset="5007" SrcFileId="3" StartOffset="5004"/>
<LocList>
<Loc EndOffset="5305" SrcFileId="3" StartOffset="5004"/>
</LocList>
<RootTerm CovItemId="C25" CovItemPrefix="rules.ClassicRules.java" Intrnl_Id="380">
<BasicBoolTerm Intrnl_Id="381">
<LocList>
<Loc EndOffset="5045" SrcFileId="3" StartOffset="5020"/>
</LocList>
</BasicBoolTerm>
</RootTerm>
</LoopStmnt>
<CondStmnt CovItemId="S90" CovItemPrefix="rules.ClassicRules.java" Intrnl_Id="382">
<Branch CovItemId="B39" CovItemPrefix="rules.ClassicRules.java" Implct="false" Intrnl_Id="383">
<Cond/>
<LocList>
<Loc EndOffset="5524" SrcFileId="3" StartOffset="5351"/>
</LocList>
<StmntSeq Intrnl_Id="384">
<LocList>
<Loc EndOffset="5379" SrcFileId="3" StartOffset="5361"/>
<Loc EndOffset="5515" SrcFileId="3" StartOffset="5388"/>
</LocList>
<BasicStmnt CovItemId="S91" CovItemPrefix="rules.ClassicRules.java" Intrnl_Id="385">
<LocList>
<Loc EndOffset="5379" SrcFileId="3" StartOffset="5361"/>
</LocList>
</BasicStmnt>
<CondStmnt CovItemId="S92" CovItemPrefix="rules.ClassicRules.java" Intrnl_Id="386">
<Branch CovItemId="B41" CovItemPrefix="rules.ClassicRules.java" Implct="false" Intrnl_Id="387">
<Cond/>
<LocList>
<Loc EndOffset="5515" SrcFileId="3" StartOffset="5415"/>
</LocList>
<StmntSeq Intrnl_Id="388">
<LocList>
<Loc EndOffset="5505" SrcFileId="3" StartOffset="5426"/>
</LocList>
<BasicStmnt CovItemId="S93" CovItemPrefix="rules.ClassicRules.java" Intrnl_Id="389">
<LocList>
<Loc EndOffset="5505" SrcFileId="3" StartOffset="5426"/>
</LocList>
</BasicStmnt>
</StmntSeq>
</Branch>
<Branch CovItemId="B42" CovItemPrefix="rules.ClassicRules.java" Implct="true" Intrnl_Id="390">
<Cond/>
<LocList/>
<StmntSeq Intrnl_Id="391">
<LocList/>
</StmntSeq>
</Branch>
<Keyword EndOffset="5390" SrcFileId="3" StartOffset="5388"/>
<LocList>
<Loc EndOffset="5515" SrcFileId="3" StartOffset="5388"/>
</LocList>
<RootTerm CovItemId="C29" CovItemPrefix="rules.ClassicRules.java" Intrnl_Id="392">
<BasicBoolTerm Intrnl_Id="393">
<LocList>
<Loc EndOffset="5413" SrcFileId="3" StartOffset="5392"/>
</LocList>
</BasicBoolTerm>
</RootTerm>
</CondStmnt>
</StmntSeq>
</Branch>
<Branch CovItemId="B40" CovItemPrefix="rules.ClassicRules.java" Implct="false" Intrnl_Id="394">
<Cond>
<Loc EndOffset="5536" SrcFileId="3" StartOffset="5532"/>
</Cond>
<LocList>
<Loc EndOffset="5710" SrcFileId="3" StartOffset="5537"/>
</LocList>
<StmntSeq Intrnl_Id="395">
<LocList>
<Loc EndOffset="5565" SrcFileId="3" StartOffset="5547"/>
<Loc EndOffset="5701" SrcFileId="3" StartOffset="5574"/>
</LocList>
<BasicStmnt CovItemId="S94" CovItemPrefix="rules.ClassicRules.java" Intrnl_Id="396">
<LocList>
<Loc EndOffset="5565" SrcFileId="3" StartOffset="5547"/>
</LocList>
</BasicStmnt>
<CondStmnt CovItemId="S95" CovItemPrefix="rules.ClassicRules.java" Intrnl_Id="397">
<Branch CovItemId="B43" CovItemPrefix="rules.ClassicRules.java" Implct="false" Intrnl_Id="398">
<Cond/>
<LocList>
<Loc EndOffset="5701" SrcFileId="3" StartOffset="5601"/>
</LocList>
<StmntSeq Intrnl_Id="399">
<LocList>
<Loc EndOffset="5691" SrcFileId="3" StartOffset="5612"/>
</LocList>
<BasicStmnt CovItemId="S96" CovItemPrefix="rules.ClassicRules.java" Intrnl_Id="400">
<LocList>
<Loc EndOffset="5691" SrcFileId="3" StartOffset="5612"/>
</LocList>
</BasicStmnt>
</StmntSeq>
</Branch>
<Branch CovItemId="B44" CovItemPrefix="rules.ClassicRules.java" Implct="true" Intrnl_Id="401">
<Cond/>
<LocList/>
<StmntSeq Intrnl_Id="402">
<LocList/>
</StmntSeq>
</Branch>
<Keyword EndOffset="5576" SrcFileId="3" StartOffset="5574"/>
<LocList>
<Loc EndOffset="5701" SrcFileId="3" StartOffset="5574"/>
</LocList>
<RootTerm CovItemId="C30" CovItemPrefix="rules.ClassicRules.java" Intrnl_Id="403">
<BasicBoolTerm Intrnl_Id="404">
<LocList>
<Loc EndOffset="5599" SrcFileId="3" StartOffset="5578"/>
</LocList>
</BasicBoolTerm>
</RootTerm>
</CondStmnt>
</StmntSeq>
</Branch>
<Keyword EndOffset="5325" SrcFileId="3" StartOffset="5323"/>
<LocList>
<Loc EndOffset="5710" SrcFileId="3" StartOffset="5323"/>
</LocList>
<RootTerm CovItemId="C28" CovItemPrefix="rules.ClassicRules.java" Intrnl_Id="405">
<BasicBoolTerm Intrnl_Id="406">
<LocList>
<Loc EndOffset="5349" SrcFileId="3" StartOffset="5327"/>
</LocList>
</BasicBoolTerm>
</RootTerm>
</CondStmnt>
</StmntSeq>
</Branch>
<Branch CovItemId="B36" CovItemPrefix="rules.ClassicRules.java" Implct="true" Intrnl_Id="407">
<Cond/>
<LocList/>
<StmntSeq Intrnl_Id="408">
<LocList/>
</StmntSeq>
</Branch>
<Keyword EndOffset="4940" SrcFileId="3" StartOffset="4938"/>
<LocList>
<Loc EndOffset="5715" SrcFileId="3" StartOffset="4938"/>
</LocList>
<RootTerm CovItemId="C24" CovItemPrefix="rules.ClassicRules.java" Intrnl_Id="409">
<BasicBoolTerm Intrnl_Id="410">
<LocList>
<Loc EndOffset="4966" SrcFileId="3" StartOffset="4942"/>
</LocList>
</BasicBoolTerm>
</RootTerm>
</CondStmnt>
<BasicStmnt CovItemId="S97" CovItemPrefix="rules.ClassicRules.java" Intrnl_Id="411">
<LocList>
<Loc EndOffset="5733" SrcFileId="3" StartOffset="5721"/>
</LocList>
</BasicStmnt>
</StmntSeq>
</HierarchyLvl>
<HierarchyLvl HierarchyLvlId="84" HierarchyLvlTypeId="10" Intrnl_Id="412" Name="checkPromotion">
<Header>
<Loc EndOffset="5809" SrcFileId="3" StartOffset="5742"/>
</Header>
<LocList>
<Loc EndOffset="6181" SrcFileId="3" StartOffset="5742"/>
</LocList>
<StmntSeq Intrnl_Id="413">
<LocList>
<Loc EndOffset="6162" SrcFileId="3" StartOffset="5817"/>
<Loc EndOffset="6177" SrcFileId="3" StartOffset="6168"/>
</LocList>
<CondStmnt CovItemId="S98" CovItemPrefix="rules.ClassicRules.java" Intrnl_Id="414">
<Branch CovItemId="B45" CovItemPrefix="rules.ClassicRules.java" Implct="false" Intrnl_Id="415">
<Cond/>
<LocList>
<Loc EndOffset="6162" SrcFileId="3" StartOffset="5863"/>
</LocList>
<StmntSeq Intrnl_Id="416">
<LocList>
<Loc EndOffset="6020" SrcFileId="3" StartOffset="5871"/>
<Loc EndOffset="6157" SrcFileId="3" StartOffset="6027"/>
</LocList>
<CondStmnt CovItemId="S99" CovItemPrefix="rules.ClassicRules.java" Intrnl_Id="417">
<Branch CovItemId="B47" CovItemPrefix="rules.ClassicRules.java" Implct="false" Intrnl_Id="418">
<Cond/>
<LocList>
<Loc EndOffset="6020" SrcFileId="3" StartOffset="5899"/>
</LocList>
<StmntSeq Intrnl_Id="419">
<LocList>
<Loc EndOffset="6014" SrcFileId="3" StartOffset="5906"/>
</LocList>
<CondStmnt CovItemId="S100" CovItemPrefix="rules.ClassicRules.java" Intrnl_Id="420">
<Branch CovItemId="B49" CovItemPrefix="rules.ClassicRules.java" Implct="false" Intrnl_Id="421">
<Cond/>
<LocList>
<Loc EndOffset="6014" SrcFileId="3" StartOffset="5948"/>
</LocList>
<StmntSeq Intrnl_Id="422">
<LocList>
<Loc EndOffset="6007" SrcFileId="3" StartOffset="5956"/>
</LocList>
<BasicStmnt CovItemId="S101" CovItemPrefix="rules.ClassicRules.java" Intrnl_Id="423">
<LocList>
<Loc EndOffset="6007" SrcFileId="3" StartOffset="5956"/>
</LocList>
</BasicStmnt>
</StmntSeq>
</Branch>
<Branch CovItemId="B50" CovItemPrefix="rules.ClassicRules.java" Implct="true" Intrnl_Id="424">
<Cond/>
<LocList/>
<StmntSeq Intrnl_Id="425">
<LocList/>
</StmntSeq>
</Branch>
<Keyword EndOffset="5908" SrcFileId="3" StartOffset="5906"/>
<LocList>
<Loc EndOffset="6014" SrcFileId="3" StartOffset="5906"/>
</LocList>
<RootTerm CovItemId="C33" CovItemPrefix="rules.ClassicRules.java" Intrnl_Id="426">
<BasicBoolTerm Intrnl_Id="427">
<LocList>
<Loc EndOffset="5946" SrcFileId="3" StartOffset="5910"/>
</LocList>
</BasicBoolTerm>
</RootTerm>
</CondStmnt>
</StmntSeq>
</Branch>
<Branch CovItemId="B48" CovItemPrefix="rules.ClassicRules.java" Implct="true" Intrnl_Id="428">
<Cond/>
<LocList/>
<StmntSeq Intrnl_Id="429">
<LocList/>
</StmntSeq>
</Branch>
<Keyword EndOffset="5873" SrcFileId="3" StartOffset="5871"/>
<LocList>
<Loc EndOffset="6020" SrcFileId="3" StartOffset="5871"/>
</LocList>
<RootTerm CovItemId="C32" CovItemPrefix="rules.ClassicRules.java" Intrnl_Id="430">
<BasicBoolTerm Intrnl_Id="431">
<LocList>
<Loc EndOffset="5897" SrcFileId="3" StartOffset="5875"/>
</LocList>
</BasicBoolTerm>
</RootTerm>
</CondStmnt>
<CondStmnt CovItemId="S102" CovItemPrefix="rules.ClassicRules.java" Intrnl_Id="432">
<Branch CovItemId="B51" CovItemPrefix="rules.ClassicRules.java" Implct="false" Intrnl_Id="433">
<Cond/>
<LocList>
<Loc EndOffset="6157" SrcFileId="3" StartOffset="6055"/>
</LocList>
<StmntSeq Intrnl_Id="434">
<LocList>
<Loc EndOffset="6151" SrcFileId="3" StartOffset="6062"/>
</LocList>
<CondStmnt CovItemId="S103" CovItemPrefix="rules.ClassicRules.java" Intrnl_Id="435">
<Branch CovItemId="B53" CovItemPrefix="rules.ClassicRules.java" Implct="false" Intrnl_Id="436">
<Cond/>
<LocList>
<Loc EndOffset="6151" SrcFileId="3" StartOffset="6085"/>
</LocList>
<StmntSeq Intrnl_Id="437">
<LocList>
<Loc EndOffset="6144" SrcFileId="3" StartOffset="6093"/>
</LocList>
<BasicStmnt CovItemId="S104" CovItemPrefix="rules.ClassicRules.java" Intrnl_Id="438">
<LocList>
<Loc EndOffset="6144" SrcFileId="3" StartOffset="6093"/>
</LocList>
</BasicStmnt>
</StmntSeq>
</Branch>
<Branch CovItemId="B54" CovItemPrefix="rules.ClassicRules.java" Implct="true" Intrnl_Id="439">
<Cond/>
<LocList/>
<StmntSeq Intrnl_Id="440">
<LocList/>
</StmntSeq>
</Branch>
<Keyword EndOffset="6064" SrcFileId="3" StartOffset="6062"/>
<LocList>
<Loc EndOffset="6151" SrcFileId="3" StartOffset="6062"/>
</LocList>
<RootTerm CovItemId="C35" CovItemPrefix="rules.ClassicRules.java" Intrnl_Id="441">
<BasicBoolTerm Intrnl_Id="442">
<LocList>
<Loc EndOffset="6083" SrcFileId="3" StartOffset="6066"/>
</LocList>
</BasicBoolTerm>
</RootTerm>
</CondStmnt>
</StmntSeq>
</Branch>
<Branch CovItemId="B52" CovItemPrefix="rules.ClassicRules.java" Implct="true" Intrnl_Id="443">
<Cond/>
<LocList/>
<StmntSeq Intrnl_Id="444">
<LocList/>
</StmntSeq>
</Branch>
<Keyword EndOffset="6029" SrcFileId="3" StartOffset="6027"/>
<LocList>
<Loc EndOffset="6157" SrcFileId="3" StartOffset="6027"/>
</LocList>
<RootTerm CovItemId="C34" CovItemPrefix="rules.ClassicRules.java" Intrnl_Id="445">
<BasicBoolTerm Intrnl_Id="446">
<LocList>
<Loc EndOffset="6053" SrcFileId="3" StartOffset="6031"/>
</LocList>
</BasicBoolTerm>
</RootTerm>
</CondStmnt>
</StmntSeq>
</Branch>
<Branch CovItemId="B46" CovItemPrefix="rules.ClassicRules.java" Implct="true" Intrnl_Id="447">
<Cond/>
<LocList/>
<StmntSeq Intrnl_Id="448">
<LocList/>
</StmntSeq>
</Branch>
<Keyword EndOffset="5819" SrcFileId="3" StartOffset="5817"/>
<LocList>
<Loc EndOffset="6162" SrcFileId="3" StartOffset="5817"/>
</LocList>
<RootTerm CovItemId="C31" CovItemPrefix="rules.ClassicRules.java" Intrnl_Id="449">
<OpTerm BooleanOpId="6" Intrnl_Id="450">
<BasicBoolTerm Intrnl_Id="451">
<LocList>
<Loc EndOffset="5833" SrcFileId="3" StartOffset="5821"/>
</LocList>
</BasicBoolTerm>
<BasicBoolTerm Intrnl_Id="452">
<LocList>
<Loc EndOffset="5861" SrcFileId="3" StartOffset="5837"/>
</LocList>
</BasicBoolTerm>
<LocList>
<Loc EndOffset="5836" SrcFileId="3" StartOffset="5834"/>
</LocList>
</OpTerm>
</RootTerm>
</CondStmnt>
<BasicStmnt CovItemId="S105" CovItemPrefix="rules.ClassicRules.java" Intrnl_Id="453">
<LocList>
<Loc EndOffset="6177" SrcFileId="3" StartOffset="6168"/>
</LocList>
</BasicStmnt>
</StmntSeq>
</HierarchyLvl>
<HierarchyLvl HierarchyLvlId="85" HierarchyLvlTypeId="10" Intrnl_Id="454" Name="listAvailableMoves">
<Header>
<Loc EndOffset="6245" SrcFileId="3" StartOffset="6186"/>
</Header>
<LocList>
<Loc EndOffset="7271" SrcFileId="3" StartOffset="6186"/>
</LocList>
<StmntSeq Intrnl_Id="455">
<LocList>
<Loc EndOffset="6295" SrcFileId="3" StartOffset="6251"/>
<Loc EndOffset="6347" SrcFileId="3" StartOffset="6299"/>
<Loc EndOffset="6385" SrcFileId="3" StartOffset="6351"/>
<Loc EndOffset="6905" SrcFileId="3" StartOffset="6391"/>
<Loc EndOffset="7075" SrcFileId="3" StartOffset="7041"/>
<Loc EndOffset="7252" SrcFileId="3" StartOffset="7079"/>
<Loc EndOffset="7267" SrcFileId="3" StartOffset="7256"/>
</LocList>
<BasicStmnt CovItemId="S106" CovItemPrefix="rules.ClassicRules.java" Intrnl_Id="456">
<LocList>
<Loc EndOffset="6295" SrcFileId="3" StartOffset="6251"/>
</LocList>
</BasicStmnt>
<BasicStmnt CovItemId="S107" CovItemPrefix="rules.ClassicRules.java" Intrnl_Id="457">
<LocList>
<Loc EndOffset="6347" SrcFileId="3" StartOffset="6299"/>
</LocList>
<QMO CovItemId="Q1" CovItemPrefix="rules.ClassicRules.java" Intrnl_Id="458">
<LocList>
<Loc EndOffset="6337" SrcFileId="3" StartOffset="6315"/>
</LocList>
<QMO_E CovItemId="Q1-0" CovItemPrefix="rules.ClassicRules.java" Intrnl_Id="459">
<LocList>
<Loc EndOffset="6341" SrcFileId="3" StartOffset="6340"/>
</LocList>
</QMO_E>
<QMO_E CovItemId="Q1-1" CovItemPrefix="rules.ClassicRules.java" Intrnl_Id="460">
<LocList>
<Loc EndOffset="6346" SrcFileId="3" StartOffset="6344"/>
</LocList>
</QMO_E>
</QMO>
</BasicStmnt>
<BasicStmnt CovItemId="S108" CovItemPrefix="rules.ClassicRules.java" Intrnl_Id="461">
<LocList>
<Loc EndOffset="6385" SrcFileId="3" StartOffset="6351"/>
</LocList>
</BasicStmnt>
<CondStmnt CovItemId="S109" CovItemPrefix="rules.ClassicRules.java" Intrnl_Id="462">
<Branch CovItemId="B55" CovItemPrefix="rules.ClassicRules.java" Implct="false" Intrnl_Id="463">
<Cond/>
<LocList>
<Loc EndOffset="6470" SrcFileId="3" StartOffset="6421"/>
</LocList>
<StmntSeq Intrnl_Id="464">
<LocList>
<Loc EndOffset="6465" SrcFileId="3" StartOffset="6427"/>
</LocList>
<BasicStmnt CovItemId="S110" CovItemPrefix="rules.ClassicRules.java" Intrnl_Id="465">
<LocList>
<Loc EndOffset="6465" SrcFileId="3" StartOffset="6427"/>
</LocList>
</BasicStmnt>
</StmntSeq>
</Branch>
<Branch CovItemId="B56" CovItemPrefix="rules.ClassicRules.java" Implct="false" Intrnl_Id="466">
<Cond>
<Loc EndOffset="6475" SrcFileId="3" StartOffset="6471"/>
</Cond>
<LocList>
<Loc EndOffset="6905" SrcFileId="3" StartOffset="6476"/>
</LocList>
<StmntSeq Intrnl_Id="467">
<LocList>
<Loc EndOffset="6905" SrcFileId="3" StartOffset="6476"/>
</LocList>
<CondStmnt CovItemId="S111" CovItemPrefix="rules.ClassicRules.java" Intrnl_Id="468">
<Branch CovItemId="B57" CovItemPrefix="rules.ClassicRules.java" Implct="false" Intrnl_Id="469">
<Cond/>
<LocList>
<Loc EndOffset="6555" SrcFileId="3" StartOffset="6506"/>
</LocList>
<StmntSeq Intrnl_Id="470">
<LocList>
<Loc EndOffset="6550" SrcFileId="3" StartOffset="6512"/>
</LocList>
<BasicStmnt CovItemId="S112" CovItemPrefix="rules.ClassicRules.java" Intrnl_Id="471">
<LocList>
<Loc EndOffset="6550" SrcFileId="3" StartOffset="6512"/>
</LocList>
</BasicStmnt>
</StmntSeq>
</Branch>
<Branch CovItemId="B58" CovItemPrefix="rules.ClassicRules.java" Implct="false" Intrnl_Id="472">
<Cond>
<Loc EndOffset="6560" SrcFileId="3" StartOffset="6556"/>
</Cond>
<LocList>
<Loc EndOffset="6905" SrcFileId="3" StartOffset="6561"/>
</LocList>
<StmntSeq Intrnl_Id="473">
<LocList>
<Loc EndOffset="6905" SrcFileId="3" StartOffset="6561"/>
</LocList>
<CondStmnt CovItemId="S113" CovItemPrefix="rules.ClassicRules.java" Intrnl_Id="474">
<Branch CovItemId="B59" CovItemPrefix="rules.ClassicRules.java" Implct="false" Intrnl_Id="475">
<Cond/>
<LocList>
<Loc EndOffset="6640" SrcFileId="3" StartOffset="6591"/>
</LocList>
<StmntSeq Intrnl_Id="476">
<LocList>
<Loc EndOffset="6635" SrcFileId="3" StartOffset="6597"/>
</LocList>
<BasicStmnt CovItemId="S114" CovItemPrefix="rules.ClassicRules.java" Intrnl_Id="477">
<LocList>
<Loc EndOffset="6635" SrcFileId="3" StartOffset="6597"/>
</LocList>
</BasicStmnt>
</StmntSeq>
</Branch>
<Branch CovItemId="B60" CovItemPrefix="rules.ClassicRules.java" Implct="false" Intrnl_Id="478">
<Cond>
<Loc EndOffset="6645" SrcFileId="3" StartOffset="6641"/>
</Cond>
<LocList>
<Loc EndOffset="6905" SrcFileId="3" StartOffset="6646"/>
</LocList>
<StmntSeq Intrnl_Id="479">
<LocList>
<Loc EndOffset="6905" SrcFileId="3" StartOffset="6646"/>
</LocList>
<CondStmnt CovItemId="S115" CovItemPrefix="rules.ClassicRules.java" Intrnl_Id="480">
<Branch CovItemId="B61" CovItemPrefix="rules.ClassicRules.java" Implct="false" Intrnl_Id="481">
<Cond/>
<LocList>
<Loc EndOffset="6729" SrcFileId="3" StartOffset="6678"/>
</LocList>
<StmntSeq Intrnl_Id="482">
<LocList>
<Loc EndOffset="6724" SrcFileId="3" StartOffset="6684"/>
</LocList>
<BasicStmnt CovItemId="S116" CovItemPrefix="rules.ClassicRules.java" Intrnl_Id="483">
<LocList>
<Loc EndOffset="6724" SrcFileId="3" StartOffset="6684"/>
</LocList>
</BasicStmnt>
</StmntSeq>
</Branch>
<Branch CovItemId="B62" CovItemPrefix="rules.ClassicRules.java" Implct="false" Intrnl_Id="484">
<Cond>
<Loc EndOffset="6734" SrcFileId="3" StartOffset="6730"/>
</Cond>
<LocList>
<Loc EndOffset="6905" SrcFileId="3" StartOffset="6735"/>
</LocList>
<StmntSeq Intrnl_Id="485">
<LocList>
<Loc EndOffset="6905" SrcFileId="3" StartOffset="6735"/>
</LocList>
<CondStmnt CovItemId="S117" CovItemPrefix="rules.ClassicRules.java" Intrnl_Id="486">
<Branch CovItemId="B63" CovItemPrefix="rules.ClassicRules.java" Implct="false" Intrnl_Id="487">
<Cond/>
<LocList>
<Loc EndOffset="6816" SrcFileId="3" StartOffset="6766"/>
</LocList>
<StmntSeq Intrnl_Id="488">
<LocList>
<Loc EndOffset="6811" SrcFileId="3" StartOffset="6772"/>
</LocList>
<BasicStmnt CovItemId="S118" CovItemPrefix="rules.ClassicRules.java" Intrnl_Id="489">
<LocList>
<Loc EndOffset="6811" SrcFileId="3" StartOffset="6772"/>
</LocList>
</BasicStmnt>
</StmntSeq>
</Branch>
<Branch CovItemId="B64" CovItemPrefix="rules.ClassicRules.java" Implct="false" Intrnl_Id="490">
<Cond>
<Loc EndOffset="6821" SrcFileId="3" StartOffset="6817"/>
</Cond>
<LocList>
<Loc EndOffset="6905" SrcFileId="3" StartOffset="6822"/>
</LocList>
<StmntSeq Intrnl_Id="491">
<LocList>
<Loc EndOffset="6905" SrcFileId="3" StartOffset="6822"/>
</LocList>
<CondStmnt CovItemId="S119" CovItemPrefix="rules.ClassicRules.java" Intrnl_Id="492">
<Branch CovItemId="B65" CovItemPrefix="rules.ClassicRules.java" Implct="false" Intrnl_Id="493">
<Cond/>
<LocList>
<Loc EndOffset="6905" SrcFileId="3" StartOffset="6854"/>
</LocList>
<StmntSeq Intrnl_Id="494">
<LocList>
<Loc EndOffset="6900" SrcFileId="3" StartOffset="6860"/>
</LocList>
<BasicStmnt CovItemId="S120" CovItemPrefix="rules.ClassicRules.java" Intrnl_Id="495">
<LocList>
<Loc EndOffset="6900" SrcFileId="3" StartOffset="6860"/>
</LocList>
</BasicStmnt>
</StmntSeq>
</Branch>
<Branch CovItemId="B66" CovItemPrefix="rules.ClassicRules.java" Implct="true" Intrnl_Id="496">
<Cond/>
<LocList/>
<StmntSeq Intrnl_Id="497">
<LocList/>
</StmntSeq>
</Branch>
<Keyword EndOffset="6824" SrcFileId="3" StartOffset="6822"/>
<LocList>
<Loc EndOffset="6905" SrcFileId="3" StartOffset="6822"/>
</LocList>
<RootTerm CovItemId="C41" CovItemPrefix="rules.ClassicRules.java" Intrnl_Id="498">
<BasicBoolTerm Intrnl_Id="499">
<LocList>
<Loc EndOffset="6852" SrcFileId="3" StartOffset="6826"/>
</LocList>
</BasicBoolTerm>
</RootTerm>
</CondStmnt>
</StmntSeq>
</Branch>
<Keyword EndOffset="6737" SrcFileId="3" StartOffset="6735"/>
<LocList>
<Loc EndOffset="6905" SrcFileId="3" StartOffset="6735"/>
</LocList>
<RootTerm CovItemId="C40" CovItemPrefix="rules.ClassicRules.java" Intrnl_Id="500">
<BasicBoolTerm Intrnl_Id="501">
<LocList>
<Loc EndOffset="6764" SrcFileId="3" StartOffset="6739"/>
</LocList>
</BasicBoolTerm>
</RootTerm>
</CondStmnt>
</StmntSeq>
</Branch>
<Keyword EndOffset="6648" SrcFileId="3" StartOffset="6646"/>
<LocList>
<Loc EndOffset="6905" SrcFileId="3" StartOffset="6646"/>
</LocList>
<RootTerm CovItemId="C39" CovItemPrefix="rules.ClassicRules.java" Intrnl_Id="502">
<BasicBoolTerm Intrnl_Id="503">
<LocList>
<Loc EndOffset="6676" SrcFileId="3" StartOffset="6650"/>
</LocList>
</BasicBoolTerm>
</RootTerm>
</CondStmnt>
</StmntSeq>
</Branch>
<Keyword EndOffset="6563" SrcFileId="3" StartOffset="6561"/>
<LocList>
<Loc EndOffset="6905" SrcFileId="3" StartOffset="6561"/>
</LocList>
<RootTerm CovItemId="C38" CovItemPrefix="rules.ClassicRules.java" Intrnl_Id="504">
<BasicBoolTerm Intrnl_Id="505">
<LocList>
<Loc EndOffset="6589" SrcFileId="3" StartOffset="6565"/>
</LocList>
</BasicBoolTerm>
</RootTerm>
</CondStmnt>
</StmntSeq>
</Branch>
<Keyword EndOffset="6478" SrcFileId="3" StartOffset="6476"/>
<LocList>
<Loc EndOffset="6905" SrcFileId="3" StartOffset="6476"/>
</LocList>
<RootTerm CovItemId="C37" CovItemPrefix="rules.ClassicRules.java" Intrnl_Id="506">
<BasicBoolTerm Intrnl_Id="507">
<LocList>
<Loc EndOffset="6504" SrcFileId="3" StartOffset="6480"/>
</LocList>
</BasicBoolTerm>
</RootTerm>
</CondStmnt>
</StmntSeq>
</Branch>
<Keyword EndOffset="6393" SrcFileId="3" StartOffset="6391"/>
<LocList>
<Loc EndOffset="6905" SrcFileId="3" StartOffset="6391"/>
</LocList>
<RootTerm CovItemId="C36" CovItemPrefix="rules.ClassicRules.java" Intrnl_Id="508">
<BasicBoolTerm Intrnl_Id="509">
<LocList>
<Loc EndOffset="6419" SrcFileId="3" StartOffset="6395"/>
</LocList>
</BasicBoolTerm>
</RootTerm>
</CondStmnt>
<BasicStmnt CovItemId="S121" CovItemPrefix="rules.ClassicRules.java" Intrnl_Id="510">
<LocList>
<Loc EndOffset="7075" SrcFileId="3" StartOffset="7041"/>
</LocList>
</BasicStmnt>
<LoopStmnt CovItemId="S122" CovItemPrefix="rules.ClassicRules.java" Intrnl_Id="511" MltplExecId="L13-2" MltplExecPrefix="rules.ClassicRules.java" NvrExecId="L13-0" NvrExecPrefix="rules.ClassicRules.java" OnceExecutedId="L13-1" OnceExecutedPrefix="rules.ClassicRules.java" OptBodyExec="true">
<StmntSeq Intrnl_Id="512">
<LocList>
<Loc EndOffset="7123" SrcFileId="3" StartOffset="7105"/>
<Loc EndOffset="7247" SrcFileId="3" StartOffset="7128"/>
</LocList>
<BasicStmnt CovItemId="S123" CovItemPrefix="rules.ClassicRules.java" Intrnl_Id="513">
<LocList>
<Loc EndOffset="7123" SrcFileId="3" StartOffset="7105"/>
</LocList>
</BasicStmnt>
<CondStmnt CovItemId="S124" CovItemPrefix="rules.ClassicRules.java" Intrnl_Id="514">
<Branch CovItemId="B67" CovItemPrefix="rules.ClassicRules.java" Implct="false" Intrnl_Id="515">
<Cond/>
<LocList>
<Loc EndOffset="7247" SrcFileId="3" StartOffset="7223"/>
</LocList>
<StmntSeq Intrnl_Id="516">
<LocList>
<Loc EndOffset="7241" SrcFileId="3" StartOffset="7230"/>
</LocList>
<BasicStmnt CovItemId="S125" CovItemPrefix="rules.ClassicRules.java" Intrnl_Id="517">
<LocList>
<Loc EndOffset="7241" SrcFileId="3" StartOffset="7230"/>
</LocList>
</BasicStmnt>
</StmntSeq>
</Branch>
<Branch CovItemId="B68" CovItemPrefix="rules.ClassicRules.java" Implct="true" Intrnl_Id="518">
<Cond/>
<LocList/>
<StmntSeq Intrnl_Id="519">
<LocList/>
</StmntSeq>
</Branch>
<Keyword EndOffset="7130" SrcFileId="3" StartOffset="7128"/>
<LocList>
<Loc EndOffset="7247" SrcFileId="3" StartOffset="7128"/>
</LocList>
<RootTerm CovItemId="C43" CovItemPrefix="rules.ClassicRules.java" Intrnl_Id="520">
<OpTerm BooleanOpId="6" Intrnl_Id="521">
<BasicBoolTerm Intrnl_Id="522">
<LocList>
<Loc EndOffset="7167" SrcFileId="3" StartOffset="7132"/>
</LocList>
</BasicBoolTerm>
<BasicBoolTerm Intrnl_Id="523">
<LocList>
<Loc EndOffset="7221" SrcFileId="3" StartOffset="7177"/>
</LocList>
</BasicBoolTerm>
<LocList>
<Loc EndOffset="7176" SrcFileId="3" StartOffset="7174"/>
</LocList>
</OpTerm>
</RootTerm>
</CondStmnt>
</StmntSeq>
<Keyword EndOffset="7084" SrcFileId="3" StartOffset="7079"/>
<LocList>
<Loc EndOffset="7252" SrcFileId="3" StartOffset="7079"/>
</LocList>
<RootTerm CovItemId="C42" CovItemPrefix="rules.ClassicRules.java" Intrnl_Id="524">
<BasicBoolTerm Intrnl_Id="525">
<LocList>
<Loc EndOffset="7097" SrcFileId="3" StartOffset="7086"/>
</LocList>
</BasicBoolTerm>
</RootTerm>
</LoopStmnt>
<BasicStmnt CovItemId="S126" CovItemPrefix="rules.ClassicRules.java" Intrnl_Id="526">
<LocList>
<Loc EndOffset="7267" SrcFileId="3" StartOffset="7256"/>
</LocList>
</BasicStmnt>
</StmntSeq>
</HierarchyLvl>
<HierarchyLvl HierarchyLvlId="86" HierarchyLvlTypeId="10" Intrnl_Id="527" Name="addPawnMoves">
<Header>
<Loc EndOffset="7367" SrcFileId="3" StartOffset="7276"/>
</Header>
<LocList>
<Loc EndOffset="8929" SrcFileId="3" StartOffset="7276"/>
</LocList>
<StmntSeq Intrnl_Id="528">
<LocList>
<Loc EndOffset="7420" SrcFileId="3" StartOffset="7373"/>
<Loc EndOffset="7518" SrcFileId="3" StartOffset="7424"/>
<Loc EndOffset="7737" SrcFileId="3" StartOffset="7522"/>
<Loc EndOffset="7808" SrcFileId="3" StartOffset="7762"/>
<Loc EndOffset="7899" SrcFileId="3" StartOffset="7812"/>
<Loc EndOffset="7951" SrcFileId="3" StartOffset="7905"/>
<Loc EndOffset="8042" SrcFileId="3" StartOffset="7955"/>
<Loc EndOffset="8117" SrcFileId="3" StartOffset="8071"/>
<Loc EndOffset="8490" SrcFileId="3" StartOffset="8121"/>
<Loc EndOffset="8544" SrcFileId="3" StartOffset="8498"/>
<Loc EndOffset="8917" SrcFileId="3" StartOffset="8548"/>
</LocList>
<BasicStmnt CovItemId="S127" CovItemPrefix="rules.ClassicRules.java" Intrnl_Id="529">
<LocList>
<Loc EndOffset="7420" SrcFileId="3" StartOffset="7373"/>
</LocList>
</BasicStmnt>
<CondStmnt CovItemId="S128" CovItemPrefix="rules.ClassicRules.java" Intrnl_Id="530">
<Branch CovItemId="B69" CovItemPrefix="rules.ClassicRules.java" Implct="false" Intrnl_Id="531">
<Cond/>
<LocList>
<Loc EndOffset="7518" SrcFileId="3" StartOffset="7461"/>
</LocList>
<StmntSeq Intrnl_Id="532">
<LocList>
<Loc EndOffset="7513" SrcFileId="3" StartOffset="7467"/>
</LocList>
<BasicStmnt CovItemId="S129" CovItemPrefix="rules.ClassicRules.java" Intrnl_Id="533">
<LocList>
<Loc EndOffset="7513" SrcFileId="3" StartOffset="7467"/>
</LocList>
</BasicStmnt>
</StmntSeq>
</Branch>
<Branch CovItemId="B70" CovItemPrefix="rules.ClassicRules.java" Implct="true" Intrnl_Id="534">
<Cond/>
<LocList/>
<StmntSeq Intrnl_Id="535">
<LocList/>
</StmntSeq>
</Branch>
<Keyword EndOffset="7426" SrcFileId="3" StartOffset="7424"/>
<LocList>
<Loc EndOffset="7518" SrcFileId="3" StartOffset="7424"/>
</LocList>
<RootTerm CovItemId="C44" CovItemPrefix="rules.ClassicRules.java" Intrnl_Id="536">
<OpTerm BooleanOpId="6" Intrnl_Id="537">
<BasicBoolTerm Intrnl_Id="538">
<LocList>
<Loc EndOffset="7437" SrcFileId="3" StartOffset="7428"/>
</LocList>
</BasicBoolTerm>
<BasicBoolTerm Intrnl_Id="539">
<LocList>
<Loc EndOffset="7459" SrcFileId="3" StartOffset="7441"/>
</LocList>
</BasicBoolTerm>
<LocList>
<Loc EndOffset="7440" SrcFileId="3" StartOffset="7438"/>
</LocList>
</OpTerm>
</RootTerm>
</CondStmnt>
<CondStmnt CovItemId="S130" CovItemPrefix="rules.ClassicRules.java" Intrnl_Id="540">
<Branch CovItemId="B71" CovItemPrefix="rules.ClassicRules.java" Implct="false" Intrnl_Id="541">
<Cond/>
<LocList>
<Loc EndOffset="7737" SrcFileId="3" StartOffset="7539"/>
</LocList>
<StmntSeq Intrnl_Id="542">
<LocList>
<Loc EndOffset="7587" SrcFileId="3" StartOffset="7545"/>
<Loc EndOffset="7732" SrcFileId="3" StartOffset="7592"/>
</LocList>
<BasicStmnt CovItemId="S131" CovItemPrefix="rules.ClassicRules.java" Intrnl_Id="543">
<LocList>
<Loc EndOffset="7587" SrcFileId="3" StartOffset="7545"/>
</LocList>
</BasicStmnt>
<CondStmnt CovItemId="S132" CovItemPrefix="rules.ClassicRules.java" Intrnl_Id="544">
<Branch CovItemId="B73" CovItemPrefix="rules.ClassicRules.java" Implct="false" Intrnl_Id="545">
<Cond/>
<LocList>
<Loc EndOffset="7732" SrcFileId="3" StartOffset="7629"/>
</LocList>
<StmntSeq Intrnl_Id="546">
<LocList>
<Loc EndOffset="7682" SrcFileId="3" StartOffset="7636"/>
<Loc EndOffset="7709" SrcFileId="3" StartOffset="7688"/>
<Loc EndOffset="7726" SrcFileId="3" StartOffset="7715"/>
</LocList>
<BasicStmnt CovItemId="S133" CovItemPrefix="rules.ClassicRules.java" Intrnl_Id="547">
<LocList>
<Loc EndOffset="7682" SrcFileId="3" StartOffset="7636"/>
</LocList>
</BasicStmnt>
<BasicStmnt CovItemId="S134" CovItemPrefix="rules.ClassicRules.java" Intrnl_Id="548">
<LocList>
<Loc EndOffset="7709" SrcFileId="3" StartOffset="7688"/>
</LocList>
</BasicStmnt>
<BasicStmnt CovItemId="S135" CovItemPrefix="rules.ClassicRules.java" Intrnl_Id="549">
<LocList>
<Loc EndOffset="7726" SrcFileId="3" StartOffset="7715"/>
</LocList>
</BasicStmnt>
</StmntSeq>
</Branch>
<Branch CovItemId="B74" CovItemPrefix="rules.ClassicRules.java" Implct="true" Intrnl_Id="550">
<Cond/>
<LocList/>
<StmntSeq Intrnl_Id="551">
<LocList/>
</StmntSeq>
</Branch>
<Keyword EndOffset="7594" SrcFileId="3" StartOffset="7592"/>
<LocList>
<Loc EndOffset="7732" SrcFileId="3" StartOffset="7592"/>
</LocList>
<RootTerm CovItemId="C46" CovItemPrefix="rules.ClassicRules.java" Intrnl_Id="552">
<OpTerm BooleanOpId="6" Intrnl_Id="553">
<BasicBoolTerm Intrnl_Id="554">
<LocList>
<Loc EndOffset="7605" SrcFileId="3" StartOffset="7596"/>
</LocList>
</BasicBoolTerm>
<BasicBoolTerm Intrnl_Id="555">
<LocList>
<Loc EndOffset="7627" SrcFileId="3" StartOffset="7609"/>
</LocList>
</BasicBoolTerm>
<LocList>
<Loc EndOffset="7608" SrcFileId="3" StartOffset="7606"/>
</LocList>
</OpTerm>
</RootTerm>
</CondStmnt>
</StmntSeq>
</Branch>
<Branch CovItemId="B72" CovItemPrefix="rules.ClassicRules.java" Implct="true" Intrnl_Id="556">
<Cond/>
<LocList/>
<StmntSeq Intrnl_Id="557">
<LocList/>
</StmntSeq>
</Branch>
<Keyword EndOffset="7524" SrcFileId="3" StartOffset="7522"/>
<LocList>
<Loc EndOffset="7737" SrcFileId="3" StartOffset="7522"/>
</LocList>
<RootTerm CovItemId="C45" CovItemPrefix="rules.ClassicRules.java" Intrnl_Id="558">
<OpTerm BooleanOpId="8" Intrnl_Id="559">
<BasicBoolTerm Intrnl_Id="560">
<LocList>
<Loc EndOffset="7537" SrcFileId="3" StartOffset="7527"/>
</LocList>
</BasicBoolTerm>
<LocList>
<Loc EndOffset="7527" SrcFileId="3" StartOffset="7526"/>
</LocList>
</OpTerm>
</RootTerm>
</CondStmnt>
<BasicStmnt CovItemId="S136" CovItemPrefix="rules.ClassicRules.java" Intrnl_Id="561">
<LocList>
<Loc EndOffset="7808" SrcFileId="3" StartOffset="7762"/>
</LocList>
</BasicStmnt>
<CondStmnt CovItemId="S137" CovItemPrefix="rules.ClassicRules.java" Intrnl_Id="562">
<Branch CovItemId="B75" CovItemPrefix="rules.ClassicRules.java" Implct="false" Intrnl_Id="563">
<Cond/>
<LocList>
<Loc EndOffset="7899" SrcFileId="3" StartOffset="7849"/>
</LocList>
<StmntSeq Intrnl_Id="564">
<LocList>
<Loc EndOffset="7894" SrcFileId="3" StartOffset="7855"/>
</LocList>
<BasicStmnt CovItemId="S138" CovItemPrefix="rules.ClassicRules.java" Intrnl_Id="565">
<LocList>
<Loc EndOffset="7894" SrcFileId="3" StartOffset="7855"/>
</LocList>
</BasicStmnt>
</StmntSeq>
</Branch>
<Branch CovItemId="B76" CovItemPrefix="rules.ClassicRules.java" Implct="true" Intrnl_Id="566">
<Cond/>
<LocList/>
<StmntSeq Intrnl_Id="567">
<LocList/>
</StmntSeq>
</Branch>
<Keyword EndOffset="7814" SrcFileId="3" StartOffset="7812"/>
<LocList>
<Loc EndOffset="7899" SrcFileId="3" StartOffset="7812"/>
</LocList>
<RootTerm CovItemId="C47" CovItemPrefix="rules.ClassicRules.java" Intrnl_Id="568">
<OpTerm BooleanOpId="6" Intrnl_Id="569">
<BasicBoolTerm Intrnl_Id="570">
<LocList>
<Loc EndOffset="7825" SrcFileId="3" StartOffset="7816"/>
</LocList>
</BasicBoolTerm>
<BasicBoolTerm Intrnl_Id="571">
<LocList>
<Loc EndOffset="7847" SrcFileId="3" StartOffset="7829"/>
</LocList>
</BasicBoolTerm>
<LocList>
<Loc EndOffset="7828" SrcFileId="3" StartOffset="7826"/>
</LocList>
</OpTerm>
</RootTerm>
</CondStmnt>
<BasicStmnt CovItemId="S139" CovItemPrefix="rules.ClassicRules.java" Intrnl_Id="572">
<LocList>
<Loc EndOffset="7951" SrcFileId="3" StartOffset="7905"/>
</LocList>
</BasicStmnt>
<CondStmnt CovItemId="S140" CovItemPrefix="rules.ClassicRules.java" Intrnl_Id="573">
<Branch CovItemId="B77" CovItemPrefix="rules.ClassicRules.java" Implct="false" Intrnl_Id="574">
<Cond/>
<LocList>
<Loc EndOffset="8042" SrcFileId="3" StartOffset="7992"/>
</LocList>
<StmntSeq Intrnl_Id="575">
<LocList>
<Loc EndOffset="8037" SrcFileId="3" StartOffset="7998"/>
</LocList>
<BasicStmnt CovItemId="S141" CovItemPrefix="rules.ClassicRules.java" Intrnl_Id="576">
<LocList>
<Loc EndOffset="8037" SrcFileId="3" StartOffset="7998"/>
</LocList>
</BasicStmnt>
</StmntSeq>
</Branch>
<Branch CovItemId="B78" CovItemPrefix="rules.ClassicRules.java" Implct="true" Intrnl_Id="577">
<Cond/>
<LocList/>
<StmntSeq Intrnl_Id="578">
<LocList/>
</StmntSeq>
</Branch>
<Keyword EndOffset="7957" SrcFileId="3" StartOffset="7955"/>
<LocList>
<Loc EndOffset="8042" SrcFileId="3" StartOffset="7955"/>
</LocList>
<RootTerm CovItemId="C48" CovItemPrefix="rules.ClassicRules.java" Intrnl_Id="579">
<OpTerm BooleanOpId="6" Intrnl_Id="580">
<BasicBoolTerm Intrnl_Id="581">
<LocList>
<Loc EndOffset="7968" SrcFileId="3" StartOffset="7959"/>
</LocList>
</BasicBoolTerm>
<BasicBoolTerm Intrnl_Id="582">
<LocList>
<Loc EndOffset="7990" SrcFileId="3" StartOffset="7972"/>
</LocList>
</BasicBoolTerm>
<LocList>
<Loc EndOffset="7971" SrcFileId="3" StartOffset="7969"/>
</LocList>
</OpTerm>
</RootTerm>
</CondStmnt>
<BasicStmnt CovItemId="S142" CovItemPrefix="rules.ClassicRules.java" Intrnl_Id="583">
<LocList>
<Loc EndOffset="8117" SrcFileId="3" StartOffset="8071"/>
</LocList>
</BasicStmnt>
<CondStmnt CovItemId="S143" CovItemPrefix="rules.ClassicRules.java" Intrnl_Id="584">
<Branch CovItemId="B79" CovItemPrefix="rules.ClassicRules.java" Implct="false" Intrnl_Id="585">
<Cond/>
<LocList>
<Loc EndOffset="8490" SrcFileId="3" StartOffset="8158"/>
</LocList>
<StmntSeq Intrnl_Id="586">
<LocList>
<Loc EndOffset="8485" SrcFileId="3" StartOffset="8164"/>
</LocList>
<CondStmnt CovItemId="S144" CovItemPrefix="rules.ClassicRules.java" Intrnl_Id="587">
<Branch CovItemId="B81" CovItemPrefix="rules.ClassicRules.java" Implct="false" Intrnl_Id="588">
<Cond/>
<LocList>
<Loc EndOffset="8485" SrcFileId="3" StartOffset="8196"/>
</LocList>
<StmntSeq Intrnl_Id="589">
<LocList>
<Loc EndOffset="8249" SrcFileId="3" StartOffset="8203"/>
<Loc EndOffset="8479" SrcFileId="3" StartOffset="8255"/>
</LocList>
<BasicStmnt CovItemId="S145" CovItemPrefix="rules.ClassicRules.java" Intrnl_Id="590">
<LocList>
<Loc EndOffset="8249" SrcFileId="3" StartOffset="8203"/>
</LocList>
</BasicStmnt>
<CondStmnt CovItemId="S146" CovItemPrefix="rules.ClassicRules.java" Intrnl_Id="591">
<Branch CovItemId="B83" CovItemPrefix="rules.ClassicRules.java" Implct="false" Intrnl_Id="592">
<Cond/>
<LocList>
<Loc EndOffset="8479" SrcFileId="3" StartOffset="8292"/>
</LocList>
<StmntSeq Intrnl_Id="593">
<LocList>
<Loc EndOffset="8339" SrcFileId="3" StartOffset="8300"/>
<Loc EndOffset="8392" SrcFileId="3" StartOffset="8346"/>
<Loc EndOffset="8454" SrcFileId="3" StartOffset="8399"/>
<Loc EndOffset="8472" SrcFileId="3" StartOffset="8461"/>
</LocList>
<BasicStmnt CovItemId="S147" CovItemPrefix="rules.ClassicRules.java" Intrnl_Id="594">
<LocList>
<Loc EndOffset="8339" SrcFileId="3" StartOffset="8300"/>
</LocList>
</BasicStmnt>
<BasicStmnt CovItemId="S148" CovItemPrefix="rules.ClassicRules.java" Intrnl_Id="595">
<LocList>
<Loc EndOffset="8392" SrcFileId="3" StartOffset="8346"/>
</LocList>
</BasicStmnt>
<BasicStmnt CovItemId="S149" CovItemPrefix="rules.ClassicRules.java" Intrnl_Id="596">
<LocList>
<Loc EndOffset="8454" SrcFileId="3" StartOffset="8399"/>
</LocList>
</BasicStmnt>
<BasicStmnt CovItemId="S150" CovItemPrefix="rules.ClassicRules.java" Intrnl_Id="597">
<LocList>
<Loc EndOffset="8472" SrcFileId="3" StartOffset="8461"/>
</LocList>
</BasicStmnt>
</StmntSeq>
</Branch>
<Branch CovItemId="B84" CovItemPrefix="rules.ClassicRules.java" Implct="true" Intrnl_Id="598">
<Cond/>
<LocList/>
<StmntSeq Intrnl_Id="599">
<LocList/>
</StmntSeq>
</Branch>
<Keyword EndOffset="8257" SrcFileId="3" StartOffset="8255"/>
<LocList>
<Loc EndOffset="8479" SrcFileId="3" StartOffset="8255"/>
</LocList>
<RootTerm CovItemId="C51" CovItemPrefix="rules.ClassicRules.java" Intrnl_Id="600">
<OpTerm BooleanOpId="6" Intrnl_Id="601">
<BasicBoolTerm Intrnl_Id="602">
<LocList>
<Loc EndOffset="8268" SrcFileId="3" StartOffset="8259"/>
</LocList>
</BasicBoolTerm>
<BasicBoolTerm Intrnl_Id="603">
<LocList>
<Loc EndOffset="8290" SrcFileId="3" StartOffset="8272"/>
</LocList>
</BasicBoolTerm>
<LocList>
<Loc EndOffset="8271" SrcFileId="3" StartOffset="8269"/>
</LocList>
</OpTerm>
</RootTerm>
</CondStmnt>
</StmntSeq>
</Branch>
<Branch CovItemId="B82" CovItemPrefix="rules.ClassicRules.java" Implct="true" Intrnl_Id="604">
<Cond/>
<LocList/>
<StmntSeq Intrnl_Id="605">
<LocList/>
</StmntSeq>
</Branch>
<Keyword EndOffset="8166" SrcFileId="3" StartOffset="8164"/>
<LocList>
<Loc EndOffset="8485" SrcFileId="3" StartOffset="8164"/>
</LocList>
<RootTerm CovItemId="C50" CovItemPrefix="rules.ClassicRules.java" Intrnl_Id="606">
<BasicBoolTerm Intrnl_Id="607">
<LocList>
<Loc EndOffset="8195" SrcFileId="3" StartOffset="8167"/>
</LocList>
</BasicBoolTerm>
</RootTerm>
</CondStmnt>
</StmntSeq>
</Branch>
<Branch CovItemId="B80" CovItemPrefix="rules.ClassicRules.java" Implct="true" Intrnl_Id="608">
<Cond/>
<LocList/>
<StmntSeq Intrnl_Id="609">
<LocList/>
</StmntSeq>
</Branch>
<Keyword EndOffset="8123" SrcFileId="3" StartOffset="8121"/>
<LocList>
<Loc EndOffset="8490" SrcFileId="3" StartOffset="8121"/>
</LocList>
<RootTerm CovItemId="C49" CovItemPrefix="rules.ClassicRules.java" Intrnl_Id="610">
<OpTerm BooleanOpId="6" Intrnl_Id="611">
<BasicBoolTerm Intrnl_Id="612">
<LocList>
<Loc EndOffset="8134" SrcFileId="3" StartOffset="8125"/>
</LocList>
</BasicBoolTerm>
<BasicBoolTerm Intrnl_Id="613">
<LocList>
<Loc EndOffset="8156" SrcFileId="3" StartOffset="8138"/>
</LocList>
</BasicBoolTerm>
<LocList>
<Loc EndOffset="8137" SrcFileId="3" StartOffset="8135"/>
</LocList>
</OpTerm>
</RootTerm>
</CondStmnt>
<BasicStmnt CovItemId="S151" CovItemPrefix="rules.ClassicRules.java" Intrnl_Id="614">
<LocList>
<Loc EndOffset="8544" SrcFileId="3" StartOffset="8498"/>
</LocList>
</BasicStmnt>
<CondStmnt CovItemId="S152" CovItemPrefix="rules.ClassicRules.java" Intrnl_Id="615">
<Branch CovItemId="B85" CovItemPrefix="rules.ClassicRules.java" Implct="false" Intrnl_Id="616">
<Cond/>
<LocList>
<Loc EndOffset="8917" SrcFileId="3" StartOffset="8585"/>
</LocList>
<StmntSeq Intrnl_Id="617">
<LocList>
<Loc EndOffset="8912" SrcFileId="3" StartOffset="8591"/>
</LocList>
<CondStmnt CovItemId="S153" CovItemPrefix="rules.ClassicRules.java" Intrnl_Id="618">
<Branch CovItemId="B87" CovItemPrefix="rules.ClassicRules.java" Implct="false" Intrnl_Id="619">
<Cond/>
<LocList>
<Loc EndOffset="8912" SrcFileId="3" StartOffset="8623"/>
</LocList>
<StmntSeq Intrnl_Id="620">
<LocList>
<Loc EndOffset="8676" SrcFileId="3" StartOffset="8630"/>
<Loc EndOffset="8906" SrcFileId="3" StartOffset="8682"/>
</LocList>
<BasicStmnt CovItemId="S154" CovItemPrefix="rules.ClassicRules.java" Intrnl_Id="621">
<LocList>
<Loc EndOffset="8676" SrcFileId="3" StartOffset="8630"/>
</LocList>
</BasicStmnt>
<CondStmnt CovItemId="S155" CovItemPrefix="rules.ClassicRules.java" Intrnl_Id="622">
<Branch CovItemId="B89" CovItemPrefix="rules.ClassicRules.java" Implct="false" Intrnl_Id="623">
<Cond/>
<LocList>
<Loc EndOffset="8906" SrcFileId="3" StartOffset="8719"/>
</LocList>
<StmntSeq Intrnl_Id="624">
<LocList>
<Loc EndOffset="8766" SrcFileId="3" StartOffset="8727"/>
<Loc EndOffset="8819" SrcFileId="3" StartOffset="8773"/>
<Loc EndOffset="8881" SrcFileId="3" StartOffset="8826"/>
<Loc EndOffset="8899" SrcFileId="3" StartOffset="8888"/>
</LocList>
<BasicStmnt CovItemId="S156" CovItemPrefix="rules.ClassicRules.java" Intrnl_Id="625">
<LocList>
<Loc EndOffset="8766" SrcFileId="3" StartOffset="8727"/>
</LocList>
</BasicStmnt>
<BasicStmnt CovItemId="S157" CovItemPrefix="rules.ClassicRules.java" Intrnl_Id="626">
<LocList>
<Loc EndOffset="8819" SrcFileId="3" StartOffset="8773"/>
</LocList>
</BasicStmnt>
<BasicStmnt CovItemId="S158" CovItemPrefix="rules.ClassicRules.java" Intrnl_Id="627">
<LocList>
<Loc EndOffset="8881" SrcFileId="3" StartOffset="8826"/>
</LocList>
</BasicStmnt>
<BasicStmnt CovItemId="S159" CovItemPrefix="rules.ClassicRules.java" Intrnl_Id="628">
<LocList>
<Loc EndOffset="8899" SrcFileId="3" StartOffset="8888"/>
</LocList>
</BasicStmnt>
</StmntSeq>
</Branch>
<Branch CovItemId="B90" CovItemPrefix="rules.ClassicRules.java" Implct="true" Intrnl_Id="629">
<Cond/>
<LocList/>
<StmntSeq Intrnl_Id="630">
<LocList/>
</StmntSeq>
</Branch>
<Keyword EndOffset="8684" SrcFileId="3" StartOffset="8682"/>
<LocList>
<Loc EndOffset="8906" SrcFileId="3" StartOffset="8682"/>
</LocList>
<RootTerm CovItemId="C54" CovItemPrefix="rules.ClassicRules.java" Intrnl_Id="631">
<OpTerm BooleanOpId="6" Intrnl_Id="632">
<BasicBoolTerm Intrnl_Id="633">
<LocList>
<Loc EndOffset="8695" SrcFileId="3" StartOffset="8686"/>
</LocList>
</BasicBoolTerm>
<BasicBoolTerm Intrnl_Id="634">
<LocList>
<Loc EndOffset="8717" SrcFileId="3" StartOffset="8699"/>
</LocList>
</BasicBoolTerm>
<LocList>
<Loc EndOffset="8698" SrcFileId="3" StartOffset="8696"/>
</LocList>
</OpTerm>
</RootTerm>
</CondStmnt>
</StmntSeq>
</Branch>
<Branch CovItemId="B88" CovItemPrefix="rules.ClassicRules.java" Implct="true" Intrnl_Id="635">
<Cond/>
<LocList/>
<StmntSeq Intrnl_Id="636">
<LocList/>
</StmntSeq>
</Branch>
<Keyword EndOffset="8593" SrcFileId="3" StartOffset="8591"/>
<LocList>
<Loc EndOffset="8912" SrcFileId="3" StartOffset="8591"/>
</LocList>
<RootTerm CovItemId="C53" CovItemPrefix="rules.ClassicRules.java" Intrnl_Id="637">
<BasicBoolTerm Intrnl_Id="638">
<LocList>
<Loc EndOffset="8622" SrcFileId="3" StartOffset="8594"/>
</LocList>
</BasicBoolTerm>
</RootTerm>
</CondStmnt>
</StmntSeq>
</Branch>
<Branch CovItemId="B86" CovItemPrefix="rules.ClassicRules.java" Implct="true" Intrnl_Id="639">
<Cond/>
<LocList/>
<StmntSeq Intrnl_Id="640">
<LocList/>
</StmntSeq>
</Branch>
<Keyword EndOffset="8550" SrcFileId="3" StartOffset="8548"/>
<LocList>
<Loc EndOffset="8917" SrcFileId="3" StartOffset="8548"/>
</LocList>
<RootTerm CovItemId="C52" CovItemPrefix="rules.ClassicRules.java" Intrnl_Id="641">
<OpTerm BooleanOpId="6" Intrnl_Id="642">
<BasicBoolTerm Intrnl_Id="643">
<LocList>
<Loc EndOffset="8561" SrcFileId="3" StartOffset="8552"/>
</LocList>
</BasicBoolTerm>
<BasicBoolTerm Intrnl_Id="644">
<LocList>
<Loc EndOffset="8583" SrcFileId="3" StartOffset="8565"/>
</LocList>
</BasicBoolTerm>
<LocList>
<Loc EndOffset="8564" SrcFileId="3" StartOffset="8562"/>
</LocList>
</OpTerm>
</RootTerm>
</CondStmnt>
</StmntSeq>
</HierarchyLvl>
<HierarchyLvl HierarchyLvlId="87" HierarchyLvlTypeId="10" Intrnl_Id="645" Name="addKingMoves">
<Header>
<Loc EndOffset="9025" SrcFileId="3" StartOffset="8934"/>
</Header>
<LocList>
<Loc EndOffset="10668" SrcFileId="3" StartOffset="8934"/>
</LocList>
<StmntSeq Intrnl_Id="646">
<LocList>
<Loc EndOffset="9397" SrcFileId="3" StartOffset="9098"/>
<Loc EndOffset="10664" SrcFileId="3" StartOffset="9416"/>
</LocList>
<LoopStmnt CovItemId="S160" CovItemPrefix="rules.ClassicRules.java" Intrnl_Id="647" MltplExecId="L14-2" MltplExecPrefix="rules.ClassicRules.java" NvrExecId="L14-0" NvrExecPrefix="rules.ClassicRules.java" OnceExecutedId="L14-1" OnceExecutedPrefix="rules.ClassicRules.java" OptBodyExec="true">
<StmntSeq Intrnl_Id="648">
<LocList>
<Loc EndOffset="9392" SrcFileId="3" StartOffset="9133"/>
</LocList>
<LoopStmnt CovItemId="S161" CovItemPrefix="rules.ClassicRules.java" Intrnl_Id="649" MltplExecId="L15-2" MltplExecPrefix="rules.ClassicRules.java" NvrExecId="L15-0" NvrExecPrefix="rules.ClassicRules.java" OnceExecutedId="L15-1" OnceExecutedPrefix="rules.ClassicRules.java" OptBodyExec="true">
<StmntSeq Intrnl_Id="650">
<LocList>
<Loc EndOffset="9380" SrcFileId="3" StartOffset="9169"/>
</LocList>
<CondStmnt CovItemId="S162" CovItemPrefix="rules.ClassicRules.java" Intrnl_Id="651">
<Branch CovItemId="B91" CovItemPrefix="rules.ClassicRules.java" Implct="false" Intrnl_Id="652">
<Cond/>
<LocList>
<Loc EndOffset="9380" SrcFileId="3" StartOffset="9191"/>
</LocList>
<StmntSeq Intrnl_Id="653">
<LocList>
<Loc EndOffset="9293" SrcFileId="3" StartOffset="9261"/>
<Loc EndOffset="9373" SrcFileId="3" StartOffset="9300"/>
</LocList>
<BasicStmnt CovItemId="S163" CovItemPrefix="rules.ClassicRules.java" Intrnl_Id="654">
<LocList>
<Loc EndOffset="9293" SrcFileId="3" StartOffset="9261"/>
</LocList>
</BasicStmnt>
<CondStmnt CovItemId="S164" CovItemPrefix="rules.ClassicRules.java" Intrnl_Id="655">
<Branch CovItemId="B93" CovItemPrefix="rules.ClassicRules.java" Implct="false" Intrnl_Id="656">
<Cond/>
<LocList>
<Loc EndOffset="9373" SrcFileId="3" StartOffset="9315"/>
</LocList>
<StmntSeq Intrnl_Id="657">
<LocList>
<Loc EndOffset="9363" SrcFileId="3" StartOffset="9324"/>
</LocList>
<BasicStmnt CovItemId="S165" CovItemPrefix="rules.ClassicRules.java" Intrnl_Id="658">
<LocList>
<Loc EndOffset="9363" SrcFileId="3" StartOffset="9324"/>
</LocList>
</BasicStmnt>
</StmntSeq>
</Branch>
<Branch CovItemId="B94" CovItemPrefix="rules.ClassicRules.java" Implct="true" Intrnl_Id="659">
<Cond/>
<LocList/>
<StmntSeq Intrnl_Id="660">
<LocList/>
</StmntSeq>
</Branch>
<Keyword EndOffset="9302" SrcFileId="3" StartOffset="9300"/>
<LocList>
<Loc EndOffset="9373" SrcFileId="3" StartOffset="9300"/>
</LocList>
<RootTerm CovItemId="C58" CovItemPrefix="rules.ClassicRules.java" Intrnl_Id="661">
<BasicBoolTerm Intrnl_Id="662">
<LocList>
<Loc EndOffset="9313" SrcFileId="3" StartOffset="9304"/>
</LocList>
</BasicBoolTerm>
</RootTerm>
</CondStmnt>
</StmntSeq>
</Branch>
<Branch CovItemId="B92" CovItemPrefix="rules.ClassicRules.java" Implct="true" Intrnl_Id="663">
<Cond/>
<LocList/>
<StmntSeq Intrnl_Id="664">
<LocList/>
</StmntSeq>
</Branch>
<Keyword EndOffset="9171" SrcFileId="3" StartOffset="9169"/>
<LocList>
<Loc EndOffset="9380" SrcFileId="3" StartOffset="9169"/>
</LocList>
<RootTerm CovItemId="C57" CovItemPrefix="rules.ClassicRules.java" Intrnl_Id="665">
<OpTerm BooleanOpId="7" Intrnl_Id="666">
<BasicBoolTerm Intrnl_Id="667">
<LocList>
<Loc EndOffset="9179" SrcFileId="3" StartOffset="9173"/>
</LocList>
</BasicBoolTerm>
<BasicBoolTerm Intrnl_Id="668">
<LocList>
<Loc EndOffset="9189" SrcFileId="3" StartOffset="9183"/>
</LocList>
</BasicBoolTerm>
<LocList>
<Loc EndOffset="9182" SrcFileId="3" StartOffset="9180"/>
</LocList>
</OpTerm>
</RootTerm>
</CondStmnt>
</StmntSeq>
<Keyword EndOffset="9136" SrcFileId="3" StartOffset="9133"/>
<LocList>
<Loc EndOffset="9392" SrcFileId="3" StartOffset="9133"/>
</LocList>
<RootTerm CovItemId="C56" CovItemPrefix="rules.ClassicRules.java" Intrnl_Id="669">
<BasicBoolTerm Intrnl_Id="670">
<LocList>
<Loc EndOffset="9155" SrcFileId="3" StartOffset="9150"/>
</LocList>
</BasicBoolTerm>
</RootTerm>
</LoopStmnt>
</StmntSeq>
<Keyword EndOffset="9101" SrcFileId="3" StartOffset="9098"/>
<LocList>
<Loc EndOffset="9397" SrcFileId="3" StartOffset="9098"/>
</LocList>
<RootTerm CovItemId="C55" CovItemPrefix="rules.ClassicRules.java" Intrnl_Id="671">
<BasicBoolTerm Intrnl_Id="672">
<LocList>
<Loc EndOffset="9120" SrcFileId="3" StartOffset="9115"/>
</LocList>
</BasicBoolTerm>
</RootTerm>
</LoopStmnt>
<CondStmnt CovItemId="S166" CovItemPrefix="rules.ClassicRules.java" Intrnl_Id="673">
<Branch CovItemId="B95" CovItemPrefix="rules.ClassicRules.java" Implct="false" Intrnl_Id="674">
<Cond/>
<LocList>
<Loc EndOffset="10664" SrcFileId="3" StartOffset="9433"/>
</LocList>
<StmntSeq Intrnl_Id="675">
<LocList>
<Loc EndOffset="9460" SrcFileId="3" StartOffset="9439"/>
<Loc EndOffset="10659" SrcFileId="3" StartOffset="9505"/>
</LocList>
<BasicStmnt CovItemId="S167" CovItemPrefix="rules.ClassicRules.java" Intrnl_Id="676">
<LocList>
<Loc EndOffset="9460" SrcFileId="3" StartOffset="9439"/>
</LocList>
</BasicStmnt>
<LoopStmnt CovItemId="S168" CovItemPrefix="rules.ClassicRules.java" Intrnl_Id="677" MltplExecId="L16-2" MltplExecPrefix="rules.ClassicRules.java" NvrExecId="L16-0" NvrExecPrefix="rules.ClassicRules.java" OnceExecutedId="L16-1" OnceExecutedPrefix="rules.ClassicRules.java" OptBodyExec="false">
<StmntSeq Intrnl_Id="678">
<LocList>
<Loc EndOffset="9528" SrcFileId="3" StartOffset="9515"/>
<Loc EndOffset="9588" SrcFileId="3" StartOffset="9534"/>
<Loc EndOffset="10639" SrcFileId="3" StartOffset="9594"/>
</LocList>
<BasicStmnt CovItemId="S169" CovItemPrefix="rules.ClassicRules.java" Intrnl_Id="679">
<LocList>
<Loc EndOffset="9528" SrcFileId="3" StartOffset="9515"/>
</LocList>
</BasicStmnt>
<BasicStmnt CovItemId="S170" CovItemPrefix="rules.ClassicRules.java" Intrnl_Id="680">
<LocList>
<Loc EndOffset="9588" SrcFileId="3" StartOffset="9534"/>
</LocList>
</BasicStmnt>
<CondStmnt CovItemId="S171" CovItemPrefix="rules.ClassicRules.java" Intrnl_Id="681">
<Branch CovItemId="B97" CovItemPrefix="rules.ClassicRules.java" Implct="false" Intrnl_Id="682">
<Cond/>
<LocList>
<Loc EndOffset="10639" SrcFileId="3" StartOffset="9612"/>
</LocList>
<StmntSeq Intrnl_Id="683">
<LocList>
<Loc EndOffset="9710" SrcFileId="3" StartOffset="9684"/>
<Loc EndOffset="9778" SrcFileId="3" StartOffset="9717"/>
<Loc EndOffset="9845" SrcFileId="3" StartOffset="9785"/>
<Loc EndOffset="9895" SrcFileId="3" StartOffset="9852"/>
<Loc EndOffset="9932" SrcFileId="3" StartOffset="9902"/>
<Loc EndOffset="9989" SrcFileId="3" StartOffset="9939"/>
<Loc EndOffset="10031" SrcFileId="3" StartOffset="9996"/>
<Loc EndOffset="10099" SrcFileId="3" StartOffset="10038"/>
<Loc EndOffset="10136" SrcFileId="3" StartOffset="10106"/>
<Loc EndOffset="10188" SrcFileId="3" StartOffset="10143"/>
<Loc EndOffset="10230" SrcFileId="3" StartOffset="10195"/>
<Loc EndOffset="10298" SrcFileId="3" StartOffset="10237"/>
<Loc EndOffset="10387" SrcFileId="3" StartOffset="10346"/>
<Loc EndOffset="10422" SrcFileId="3" StartOffset="10394"/>
<Loc EndOffset="10470" SrcFileId="3" StartOffset="10429"/>
<Loc EndOffset="10505" SrcFileId="3" StartOffset="10477"/>
<Loc EndOffset="10552" SrcFileId="3" StartOffset="10512"/>
<Loc EndOffset="10613" SrcFileId="3" StartOffset="10559"/>
<Loc EndOffset="10632" SrcFileId="3" StartOffset="10620"/>
</LocList>
<BasicStmnt CovItemId="S172" CovItemPrefix="rules.ClassicRules.java" Intrnl_Id="684">
<LocList>
<Loc EndOffset="9710" SrcFileId="3" StartOffset="9684"/>
</LocList>
</BasicStmnt>
<CondStmnt CovItemId="S173" CovItemPrefix="rules.ClassicRules.java" Intrnl_Id="685">
<Branch CovItemId="B99" CovItemPrefix="rules.ClassicRules.java" Implct="false" Intrnl_Id="686">
<Cond/>
<LocList>
<Loc EndOffset="9778" SrcFileId="3" StartOffset="9755"/>
</LocList>
<StmntSeq Intrnl_Id="687">
<LocList>
<Loc EndOffset="9770" SrcFileId="3" StartOffset="9764"/>
</LocList>
<BasicStmnt CovItemId="S174" CovItemPrefix="rules.ClassicRules.java" Intrnl_Id="688">
<LocList>
<Loc EndOffset="9770" SrcFileId="3" StartOffset="9764"/>
</LocList>
</BasicStmnt>
</StmntSeq>
</Branch>
<Branch CovItemId="B100" CovItemPrefix="rules.ClassicRules.java" Implct="true" Intrnl_Id="689">
<Cond/>
<LocList/>
<StmntSeq Intrnl_Id="690">
<LocList/>
</StmntSeq>
</Branch>
<Keyword EndOffset="9719" SrcFileId="3" StartOffset="9717"/>
<LocList>
<Loc EndOffset="9778" SrcFileId="3" StartOffset="9717"/>
</LocList>
<RootTerm CovItemId="C62" CovItemPrefix="rules.ClassicRules.java" Intrnl_Id="691">
<BasicBoolTerm Intrnl_Id="692">
<LocList>
<Loc EndOffset="9753" SrcFileId="3" StartOffset="9721"/>
</LocList>
</BasicBoolTerm>
</RootTerm>
</CondStmnt>
<BasicStmnt CovItemId="S175" CovItemPrefix="rules.ClassicRules.java" Intrnl_Id="693">
<LocList>
<Loc EndOffset="9845" SrcFileId="3" StartOffset="9785"/>
</LocList>
</BasicStmnt>
<BasicStmnt CovItemId="S176" CovItemPrefix="rules.ClassicRules.java" Intrnl_Id="694">
<LocList>
<Loc EndOffset="9895" SrcFileId="3" StartOffset="9852"/>
</LocList>
</BasicStmnt>
<BasicStmnt CovItemId="S177" CovItemPrefix="rules.ClassicRules.java" Intrnl_Id="695">
<LocList>
<Loc EndOffset="9932" SrcFileId="3" StartOffset="9902"/>
</LocList>
<QMO CovItemId="Q2" CovItemPrefix="rules.ClassicRules.java" Intrnl_Id="696">
<LocList>
<Loc EndOffset="9922" SrcFileId="3" StartOffset="9918"/>
</LocList>
<QMO_E CovItemId="Q2-0" CovItemPrefix="rules.ClassicRules.java" Intrnl_Id="697">
<LocList>
<Loc EndOffset="9927" SrcFileId="3" StartOffset="9925"/>
</LocList>
</QMO_E>
<QMO_E CovItemId="Q2-1" CovItemPrefix="rules.ClassicRules.java" Intrnl_Id="698">
<LocList>
<Loc EndOffset="9931" SrcFileId="3" StartOffset="9930"/>
</LocList>
</QMO_E>
</QMO>
</BasicStmnt>
<BasicStmnt CovItemId="S178" CovItemPrefix="rules.ClassicRules.java" Intrnl_Id="699">
<LocList>
<Loc EndOffset="9989" SrcFileId="3" StartOffset="9939"/>
</LocList>
</BasicStmnt>
<BasicStmnt CovItemId="S179" CovItemPrefix="rules.ClassicRules.java" Intrnl_Id="700">
<LocList>
<Loc EndOffset="10031" SrcFileId="3" StartOffset="9996"/>
</LocList>
</BasicStmnt>
<CondStmnt CovItemId="S180" CovItemPrefix="rules.ClassicRules.java" Intrnl_Id="701">
<Branch CovItemId="B101" CovItemPrefix="rules.ClassicRules.java" Implct="false" Intrnl_Id="702">
<Cond/>
<LocList>
<Loc EndOffset="10099" SrcFileId="3" StartOffset="10076"/>
</LocList>
<StmntSeq Intrnl_Id="703">
<LocList>
<Loc EndOffset="10091" SrcFileId="3" StartOffset="10085"/>
</LocList>
<BasicStmnt CovItemId="S181" CovItemPrefix="rules.ClassicRules.java" Intrnl_Id="704">
<LocList>
<Loc EndOffset="10091" SrcFileId="3" StartOffset="10085"/>
</LocList>
</BasicStmnt>
</StmntSeq>
</Branch>
<Branch CovItemId="B102" CovItemPrefix="rules.ClassicRules.java" Implct="true" Intrnl_Id="705">
<Cond/>
<LocList/>
<StmntSeq Intrnl_Id="706">
<LocList/>
</StmntSeq>
</Branch>
<Keyword EndOffset="10040" SrcFileId="3" StartOffset="10038"/>
<LocList>
<Loc EndOffset="10099" SrcFileId="3" StartOffset="10038"/>
</LocList>
<RootTerm CovItemId="C63" CovItemPrefix="rules.ClassicRules.java" Intrnl_Id="707">
<BasicBoolTerm Intrnl_Id="708">
<LocList>
<Loc EndOffset="10074" SrcFileId="3" StartOffset="10042"/>
</LocList>
</BasicBoolTerm>
</RootTerm>
</CondStmnt>
<BasicStmnt CovItemId="S182" CovItemPrefix="rules.ClassicRules.java" Intrnl_Id="709">
<LocList>
<Loc EndOffset="10136" SrcFileId="3" StartOffset="10106"/>
</LocList>
<QMO CovItemId="Q3" CovItemPrefix="rules.ClassicRules.java" Intrnl_Id="710">
<LocList>
<Loc EndOffset="10126" SrcFileId="3" StartOffset="10122"/>
</LocList>
<QMO_E CovItemId="Q3-0" CovItemPrefix="rules.ClassicRules.java" Intrnl_Id="711">
<LocList>
<Loc EndOffset="10131" SrcFileId="3" StartOffset="10129"/>
</LocList>
</QMO_E>
<QMO_E CovItemId="Q3-1" CovItemPrefix="rules.ClassicRules.java" Intrnl_Id="712">
<LocList>
<Loc EndOffset="10135" SrcFileId="3" StartOffset="10134"/>
</LocList>
</QMO_E>
</QMO>
</BasicStmnt>
<BasicStmnt CovItemId="S183" CovItemPrefix="rules.ClassicRules.java" Intrnl_Id="713">
<LocList>
<Loc EndOffset="10188" SrcFileId="3" StartOffset="10143"/>
</LocList>
</BasicStmnt>
<BasicStmnt CovItemId="S184" CovItemPrefix="rules.ClassicRules.java" Intrnl_Id="714">
<LocList>
<Loc EndOffset="10230" SrcFileId="3" StartOffset="10195"/>
</LocList>
</BasicStmnt>
<CondStmnt CovItemId="S185" CovItemPrefix="rules.ClassicRules.java" Intrnl_Id="715">
<Branch CovItemId="B103" CovItemPrefix="rules.ClassicRules.java" Implct="false" Intrnl_Id="716">
<Cond/>
<LocList>
<Loc EndOffset="10298" SrcFileId="3" StartOffset="10275"/>
</LocList>
<StmntSeq Intrnl_Id="717">
<LocList>
<Loc EndOffset="10290" SrcFileId="3" StartOffset="10284"/>
</LocList>
<BasicStmnt CovItemId="S186" CovItemPrefix="rules.ClassicRules.java" Intrnl_Id="718">
<LocList>
<Loc EndOffset="10290" SrcFileId="3" StartOffset="10284"/>
</LocList>
</BasicStmnt>
</StmntSeq>
</Branch>
<Branch CovItemId="B104" CovItemPrefix="rules.ClassicRules.java" Implct="true" Intrnl_Id="719">
<Cond/>
<LocList/>
<StmntSeq Intrnl_Id="720">
<LocList/>
</StmntSeq>
</Branch>
<Keyword EndOffset="10239" SrcFileId="3" StartOffset="10237"/>
<LocList>
<Loc EndOffset="10298" SrcFileId="3" StartOffset="10237"/>
</LocList>
<RootTerm CovItemId="C64" CovItemPrefix="rules.ClassicRules.java" Intrnl_Id="721">
<BasicBoolTerm Intrnl_Id="722">
<LocList>
<Loc EndOffset="10273" SrcFileId="3" StartOffset="10241"/>
</LocList>
</BasicBoolTerm>
</RootTerm>
</CondStmnt>
<BasicStmnt CovItemId="S187" CovItemPrefix="rules.ClassicRules.java" Intrnl_Id="723">
<LocList>
<Loc EndOffset="10387" SrcFileId="3" StartOffset="10346"/>
</LocList>
</BasicStmnt>
<BasicStmnt CovItemId="S188" CovItemPrefix="rules.ClassicRules.java" Intrnl_Id="724">
<LocList>
<Loc EndOffset="10422" SrcFileId="3" StartOffset="10394"/>
</LocList>
<QMO CovItemId="Q4" CovItemPrefix="rules.ClassicRules.java" Intrnl_Id="725">
<LocList>
<Loc EndOffset="10412" SrcFileId="3" StartOffset="10408"/>
</LocList>
<QMO_E CovItemId="Q4-0" CovItemPrefix="rules.ClassicRules.java" Intrnl_Id="726">
<LocList>
<Loc EndOffset="10417" SrcFileId="3" StartOffset="10415"/>
</LocList>
</QMO_E>
<QMO_E CovItemId="Q4-1" CovItemPrefix="rules.ClassicRules.java" Intrnl_Id="727">
<LocList>
<Loc EndOffset="10421" SrcFileId="3" StartOffset="10420"/>
</LocList>
</QMO_E>
</QMO>
</BasicStmnt>
<BasicStmnt CovItemId="S189" CovItemPrefix="rules.ClassicRules.java" Intrnl_Id="728">
<LocList>
<Loc EndOffset="10470" SrcFileId="3" StartOffset="10429"/>
</LocList>
</BasicStmnt>
<BasicStmnt CovItemId="S190" CovItemPrefix="rules.ClassicRules.java" Intrnl_Id="729">
<LocList>
<Loc EndOffset="10505" SrcFileId="3" StartOffset="10477"/>
</LocList>
<QMO CovItemId="Q5" CovItemPrefix="rules.ClassicRules.java" Intrnl_Id="730">
<LocList>
<Loc EndOffset="10495" SrcFileId="3" StartOffset="10491"/>
</LocList>
<QMO_E CovItemId="Q5-0" CovItemPrefix="rules.ClassicRules.java" Intrnl_Id="731">
<LocList>
<Loc EndOffset="10500" SrcFileId="3" StartOffset="10498"/>
</LocList>
</QMO_E>
<QMO_E CovItemId="Q5-1" CovItemPrefix="rules.ClassicRules.java" Intrnl_Id="732">
<LocList>
<Loc EndOffset="10504" SrcFileId="3" StartOffset="10503"/>
</LocList>
</QMO_E>
</QMO>
</BasicStmnt>
<BasicStmnt CovItemId="S191" CovItemPrefix="rules.ClassicRules.java" Intrnl_Id="733">
<LocList>
<Loc EndOffset="10552" SrcFileId="3" StartOffset="10512"/>
</LocList>
</BasicStmnt>
<BasicStmnt CovItemId="S192" CovItemPrefix="rules.ClassicRules.java" Intrnl_Id="734">
<LocList>
<Loc EndOffset="10613" SrcFileId="3" StartOffset="10559"/>
</LocList>
</BasicStmnt>
<BasicStmnt CovItemId="S193" CovItemPrefix="rules.ClassicRules.java" Intrnl_Id="735">
<LocList>
<Loc EndOffset="10632" SrcFileId="3" StartOffset="10620"/>
</LocList>
</BasicStmnt>
</StmntSeq>
</Branch>
<Branch CovItemId="B98" CovItemPrefix="rules.ClassicRules.java" Implct="true" Intrnl_Id="736">
<Cond/>
<LocList/>
<StmntSeq Intrnl_Id="737">
<LocList/>
</StmntSeq>
</Branch>
<Keyword EndOffset="9596" SrcFileId="3" StartOffset="9594"/>
<LocList>
<Loc EndOffset="10639" SrcFileId="3" StartOffset="9594"/>
</LocList>
<RootTerm CovItemId="C61" CovItemPrefix="rules.ClassicRules.java" Intrnl_Id="738">
<BasicBoolTerm Intrnl_Id="739">
<LocList>
<Loc EndOffset="9610" SrcFileId="3" StartOffset="9598"/>
</LocList>
</BasicBoolTerm>
</RootTerm>
</CondStmnt>
</StmntSeq>
<Keyword EndOffset="9507" SrcFileId="3" StartOffset="9505"/>
<LocList>
<Loc EndOffset="10659" SrcFileId="3" StartOffset="9505"/>
</LocList>
<RootTerm CovItemId="C60" CovItemPrefix="rules.ClassicRules.java" Intrnl_Id="740">
<BasicBoolTerm Intrnl_Id="741">
<LocList>
<Loc EndOffset="10657" SrcFileId="3" StartOffset="10653"/>
</LocList>
</BasicBoolTerm>
</RootTerm>
</LoopStmnt>
</StmntSeq>
</Branch>
<Branch CovItemId="B96" CovItemPrefix="rules.ClassicRules.java" Implct="true" Intrnl_Id="742">
<Cond/>
<LocList/>
<StmntSeq Intrnl_Id="743">
<LocList/>
</StmntSeq>
</Branch>
<Keyword EndOffset="9418" SrcFileId="3" StartOffset="9416"/>
<LocList>
<Loc EndOffset="10664" SrcFileId="3" StartOffset="9416"/>
</LocList>
<RootTerm CovItemId="C59" CovItemPrefix="rules.ClassicRules.java" Intrnl_Id="744">
<OpTerm BooleanOpId="8" Intrnl_Id="745">
<BasicBoolTerm Intrnl_Id="746">
<LocList>
<Loc EndOffset="9431" SrcFileId="3" StartOffset="9421"/>
</LocList>
</BasicBoolTerm>
<LocList>
<Loc EndOffset="9421" SrcFileId="3" StartOffset="9420"/>
</LocList>
</OpTerm>
</RootTerm>
</CondStmnt>
</StmntSeq>
</HierarchyLvl>
<HierarchyLvl HierarchyLvlId="88" HierarchyLvlTypeId="10" Intrnl_Id="747" Name="addRookMoves">
<Header>
<Loc EndOffset="10764" SrcFileId="3" StartOffset="10673"/>
</Header>
<LocList>
<Loc EndOffset="11811" SrcFileId="3" StartOffset="10673"/>
</LocList>
<StmntSeq Intrnl_Id="748">
<LocList>
<Loc EndOffset="11041" SrcFileId="3" StartOffset="10838"/>
<Loc EndOffset="11295" SrcFileId="3" StartOffset="11091"/>
<Loc EndOffset="11550" SrcFileId="3" StartOffset="11347"/>
<Loc EndOffset="11807" SrcFileId="3" StartOffset="11603"/>
</LocList>
<LoopStmnt CovItemId="S194" CovItemPrefix="rules.ClassicRules.java" Intrnl_Id="749" MltplExecId="L17-2" MltplExecPrefix="rules.ClassicRules.java" NvrExecId="L17-0" NvrExecPrefix="rules.ClassicRules.java" OnceExecutedId="L17-1" OnceExecutedPrefix="rules.ClassicRules.java" OptBodyExec="true">
<StmntSeq Intrnl_Id="750">
<LocList>
<Loc EndOffset="10905" SrcFileId="3" StartOffset="10872"/>
<Loc EndOffset="10944" SrcFileId="3" StartOffset="10910"/>
<Loc EndOffset="10988" SrcFileId="3" StartOffset="10949"/>
<Loc EndOffset="11036" SrcFileId="3" StartOffset="10993"/>
</LocList>
<BasicStmnt CovItemId="S195" CovItemPrefix="rules.ClassicRules.java" Intrnl_Id="751">
<LocList>
<Loc EndOffset="10905" SrcFileId="3" StartOffset="10872"/>
</LocList>
</BasicStmnt>
<CondStmnt CovItemId="S196" CovItemPrefix="rules.ClassicRules.java" Intrnl_Id="752">
<Branch CovItemId="B105" CovItemPrefix="rules.ClassicRules.java" Implct="false" Intrnl_Id="753">
<Cond/>
<LocList>
<Loc EndOffset="10944" SrcFileId="3" StartOffset="10925"/>
</LocList>
<StmntSeq Intrnl_Id="754">
<LocList>
<Loc EndOffset="10938" SrcFileId="3" StartOffset="10932"/>
</LocList>
<BasicStmnt CovItemId="S197" CovItemPrefix="rules.ClassicRules.java" Intrnl_Id="755">
<LocList>
<Loc EndOffset="10938" SrcFileId="3" StartOffset="10932"/>
</LocList>
</BasicStmnt>
</StmntSeq>
</Branch>
<Branch CovItemId="B106" CovItemPrefix="rules.ClassicRules.java" Implct="true" Intrnl_Id="756">
<Cond/>
<LocList/>
<StmntSeq Intrnl_Id="757">
<LocList/>
</StmntSeq>
</Branch>
<Keyword EndOffset="10912" SrcFileId="3" StartOffset="10910"/>
<LocList>
<Loc EndOffset="10944" SrcFileId="3" StartOffset="10910"/>
</LocList>
<RootTerm CovItemId="C66" CovItemPrefix="rules.ClassicRules.java" Intrnl_Id="758">
<BasicBoolTerm Intrnl_Id="759">
<LocList>
<Loc EndOffset="10923" SrcFileId="3" StartOffset="10914"/>
</LocList>
</BasicBoolTerm>
</RootTerm>
</CondStmnt>
<BasicStmnt CovItemId="S198" CovItemPrefix="rules.ClassicRules.java" Intrnl_Id="760">
<LocList>
<Loc EndOffset="10988" SrcFileId="3" StartOffset="10949"/>
</LocList>
</BasicStmnt>
<CondStmnt CovItemId="S199" CovItemPrefix="rules.ClassicRules.java" Intrnl_Id="761">
<Branch CovItemId="B107" CovItemPrefix="rules.ClassicRules.java" Implct="false" Intrnl_Id="762">
<Cond/>
<LocList>
<Loc EndOffset="11036" SrcFileId="3" StartOffset="11017"/>
</LocList>
<StmntSeq Intrnl_Id="763">
<LocList>
<Loc EndOffset="11030" SrcFileId="3" StartOffset="11024"/>
</LocList>
<BasicStmnt CovItemId="S200" CovItemPrefix="rules.ClassicRules.java" Intrnl_Id="764">
<LocList>
<Loc EndOffset="11030" SrcFileId="3" StartOffset="11024"/>
</LocList>
</BasicStmnt>
</StmntSeq>
</Branch>
<Branch CovItemId="B108" CovItemPrefix="rules.ClassicRules.java" Implct="true" Intrnl_Id="765">
<Cond/>
<LocList/>
<StmntSeq Intrnl_Id="766">
<LocList/>
</StmntSeq>
</Branch>
<Keyword EndOffset="10995" SrcFileId="3" StartOffset="10993"/>
<LocList>
<Loc EndOffset="11036" SrcFileId="3" StartOffset="10993"/>
</LocList>
<RootTerm CovItemId="C67" CovItemPrefix="rules.ClassicRules.java" Intrnl_Id="767">
<BasicBoolTerm Intrnl_Id="768">
<LocList>
<Loc EndOffset="11015" SrcFileId="3" StartOffset="10997"/>
</LocList>
</BasicBoolTerm>
</RootTerm>
</CondStmnt>
</StmntSeq>
<Keyword EndOffset="10841" SrcFileId="3" StartOffset="10838"/>
<LocList>
<Loc EndOffset="11041" SrcFileId="3" StartOffset="10838"/>
</LocList>
</LoopStmnt>
<LoopStmnt CovItemId="S201" CovItemPrefix="rules.ClassicRules.java" Intrnl_Id="769" MltplExecId="L18-2" MltplExecPrefix="rules.ClassicRules.java" NvrExecId="L18-0" NvrExecPrefix="rules.ClassicRules.java" OnceExecutedId="L18-1" OnceExecutedPrefix="rules.ClassicRules.java" OptBodyExec="true">
<StmntSeq Intrnl_Id="770">
<LocList>
<Loc EndOffset="11159" SrcFileId="3" StartOffset="11126"/>
<Loc EndOffset="11198" SrcFileId="3" StartOffset="11164"/>
<Loc EndOffset="11242" SrcFileId="3" StartOffset="11203"/>
<Loc EndOffset="11290" SrcFileId="3" StartOffset="11247"/>
</LocList>
<BasicStmnt CovItemId="S202" CovItemPrefix="rules.ClassicRules.java" Intrnl_Id="771">
<LocList>
<Loc EndOffset="11159" SrcFileId="3" StartOffset="11126"/>
</LocList>
</BasicStmnt>
<CondStmnt CovItemId="S203" CovItemPrefix="rules.ClassicRules.java" Intrnl_Id="772">
<Branch CovItemId="B109" CovItemPrefix="rules.ClassicRules.java" Implct="false" Intrnl_Id="773">
<Cond/>
<LocList>
<Loc EndOffset="11198" SrcFileId="3" StartOffset="11179"/>
</LocList>
<StmntSeq Intrnl_Id="774">
<LocList>
<Loc EndOffset="11192" SrcFileId="3" StartOffset="11186"/>
</LocList>
<BasicStmnt CovItemId="S204" CovItemPrefix="rules.ClassicRules.java" Intrnl_Id="775">
<LocList>
<Loc EndOffset="11192" SrcFileId="3" StartOffset="11186"/>
</LocList>
</BasicStmnt>
</StmntSeq>
</Branch>
<Branch CovItemId="B110" CovItemPrefix="rules.ClassicRules.java" Implct="true" Intrnl_Id="776">
<Cond/>
<LocList/>
<StmntSeq Intrnl_Id="777">
<LocList/>
</StmntSeq>
</Branch>
<Keyword EndOffset="11166" SrcFileId="3" StartOffset="11164"/>
<LocList>
<Loc EndOffset="11198" SrcFileId="3" StartOffset="11164"/>
</LocList>
<RootTerm CovItemId="C69" CovItemPrefix="rules.ClassicRules.java" Intrnl_Id="778">
<BasicBoolTerm Intrnl_Id="779">
<LocList>
<Loc EndOffset="11177" SrcFileId="3" StartOffset="11168"/>
</LocList>
</BasicBoolTerm>
</RootTerm>
</CondStmnt>
<BasicStmnt CovItemId="S205" CovItemPrefix="rules.ClassicRules.java" Intrnl_Id="780">
<LocList>
<Loc EndOffset="11242" SrcFileId="3" StartOffset="11203"/>
</LocList>
</BasicStmnt>
<CondStmnt CovItemId="S206" CovItemPrefix="rules.ClassicRules.java" Intrnl_Id="781">
<Branch CovItemId="B111" CovItemPrefix="rules.ClassicRules.java" Implct="false" Intrnl_Id="782">
<Cond/>
<LocList>
<Loc EndOffset="11290" SrcFileId="3" StartOffset="11271"/>
</LocList>
<StmntSeq Intrnl_Id="783">
<LocList>
<Loc EndOffset="11284" SrcFileId="3" StartOffset="11278"/>
</LocList>
<BasicStmnt CovItemId="S207" CovItemPrefix="rules.ClassicRules.java" Intrnl_Id="784">
<LocList>
<Loc EndOffset="11284" SrcFileId="3" StartOffset="11278"/>
</LocList>
</BasicStmnt>
</StmntSeq>
</Branch>
<Branch CovItemId="B112" CovItemPrefix="rules.ClassicRules.java" Implct="true" Intrnl_Id="785">
<Cond/>
<LocList/>
<StmntSeq Intrnl_Id="786">
<LocList/>
</StmntSeq>
</Branch>
<Keyword EndOffset="11249" SrcFileId="3" StartOffset="11247"/>
<LocList>
<Loc EndOffset="11290" SrcFileId="3" StartOffset="11247"/>
</LocList>
<RootTerm CovItemId="C70" CovItemPrefix="rules.ClassicRules.java" Intrnl_Id="787">
<BasicBoolTerm Intrnl_Id="788">
<LocList>
<Loc EndOffset="11269" SrcFileId="3" StartOffset="11251"/>
</LocList>
</BasicBoolTerm>
</RootTerm>
</CondStmnt>
</StmntSeq>
<Keyword EndOffset="11094" SrcFileId="3" StartOffset="11091"/>
<LocList>
<Loc EndOffset="11295" SrcFileId="3" StartOffset="11091"/>
</LocList>
</LoopStmnt>
<LoopStmnt CovItemId="S208" CovItemPrefix="rules.ClassicRules.java" Intrnl_Id="789" MltplExecId="L19-2" MltplExecPrefix="rules.ClassicRules.java" NvrExecId="L19-0" NvrExecPrefix="rules.ClassicRules.java" OnceExecutedId="L19-1" OnceExecutedPrefix="rules.ClassicRules.java" OptBodyExec="true">
<StmntSeq Intrnl_Id="790">
<LocList>
<Loc EndOffset="11414" SrcFileId="3" StartOffset="11381"/>
<Loc EndOffset="11453" SrcFileId="3" StartOffset="11419"/>
<Loc EndOffset="11497" SrcFileId="3" StartOffset="11458"/>
<Loc EndOffset="11545" SrcFileId="3" StartOffset="11502"/>
</LocList>
<BasicStmnt CovItemId="S209" CovItemPrefix="rules.ClassicRules.java" Intrnl_Id="791">
<LocList>
<Loc EndOffset="11414" SrcFileId="3" StartOffset="11381"/>
</LocList>
</BasicStmnt>
<CondStmnt CovItemId="S210" CovItemPrefix="rules.ClassicRules.java" Intrnl_Id="792">
<Branch CovItemId="B113" CovItemPrefix="rules.ClassicRules.java" Implct="false" Intrnl_Id="793">
<Cond/>
<LocList>
<Loc EndOffset="11453" SrcFileId="3" StartOffset="11434"/>
</LocList>
<StmntSeq Intrnl_Id="794">
<LocList>
<Loc EndOffset="11447" SrcFileId="3" StartOffset="11441"/>
</LocList>
<BasicStmnt CovItemId="S211" CovItemPrefix="rules.ClassicRules.java" Intrnl_Id="795">
<LocList>
<Loc EndOffset="11447" SrcFileId="3" StartOffset="11441"/>
</LocList>
</BasicStmnt>
</StmntSeq>
</Branch>
<Branch CovItemId="B114" CovItemPrefix="rules.ClassicRules.java" Implct="true" Intrnl_Id="796">
<Cond/>
<LocList/>
<StmntSeq Intrnl_Id="797">
<LocList/>
</StmntSeq>
</Branch>
<Keyword EndOffset="11421" SrcFileId="3" StartOffset="11419"/>
<LocList>
<Loc EndOffset="11453" SrcFileId="3" StartOffset="11419"/>
</LocList>
<RootTerm CovItemId="C72" CovItemPrefix="rules.ClassicRules.java" Intrnl_Id="798">
<BasicBoolTerm Intrnl_Id="799">
<LocList>
<Loc EndOffset="11432" SrcFileId="3" StartOffset="11423"/>
</LocList>
</BasicBoolTerm>
</RootTerm>
</CondStmnt>
<BasicStmnt CovItemId="S212" CovItemPrefix="rules.ClassicRules.java" Intrnl_Id="800">
<LocList>
<Loc EndOffset="11497" SrcFileId="3" StartOffset="11458"/>
</LocList>
</BasicStmnt>
<CondStmnt CovItemId="S213" CovItemPrefix="rules.ClassicRules.java" Intrnl_Id="801">
<Branch CovItemId="B115" CovItemPrefix="rules.ClassicRules.java" Implct="false" Intrnl_Id="802">
<Cond/>
<LocList>
<Loc EndOffset="11545" SrcFileId="3" StartOffset="11526"/>
</LocList>
<StmntSeq Intrnl_Id="803">
<LocList>
<Loc EndOffset="11539" SrcFileId="3" StartOffset="11533"/>
</LocList>
<BasicStmnt CovItemId="S214" CovItemPrefix="rules.ClassicRules.java" Intrnl_Id="804">
<LocList>
<Loc EndOffset="11539" SrcFileId="3" StartOffset="11533"/>
</LocList>
</BasicStmnt>
</StmntSeq>
</Branch>
<Branch CovItemId="B116" CovItemPrefix="rules.ClassicRules.java" Implct="true" Intrnl_Id="805">
<Cond/>
<LocList/>
<StmntSeq Intrnl_Id="806">
<LocList/>
</StmntSeq>
</Branch>
<Keyword EndOffset="11504" SrcFileId="3" StartOffset="11502"/>
<LocList>
<Loc EndOffset="11545" SrcFileId="3" StartOffset="11502"/>
</LocList>
<RootTerm CovItemId="C73" CovItemPrefix="rules.ClassicRules.java" Intrnl_Id="807">
<BasicBoolTerm Intrnl_Id="808">
<LocList>
<Loc EndOffset="11524" SrcFileId="3" StartOffset="11506"/>
</LocList>
</BasicBoolTerm>
</RootTerm>
</CondStmnt>
</StmntSeq>
<Keyword EndOffset="11350" SrcFileId="3" StartOffset="11347"/>
<LocList>
<Loc EndOffset="11550" SrcFileId="3" StartOffset="11347"/>
</LocList>
</LoopStmnt>
<LoopStmnt CovItemId="S215" CovItemPrefix="rules.ClassicRules.java" Intrnl_Id="809" MltplExecId="L20-2" MltplExecPrefix="rules.ClassicRules.java" NvrExecId="L20-0" NvrExecPrefix="rules.ClassicRules.java" OnceExecutedId="L20-1" OnceExecutedPrefix="rules.ClassicRules.java" OptBodyExec="true">
<StmntSeq Intrnl_Id="810">
<LocList>
<Loc EndOffset="11671" SrcFileId="3" StartOffset="11638"/>
<Loc EndOffset="11710" SrcFileId="3" StartOffset="11676"/>
<Loc EndOffset="11754" SrcFileId="3" StartOffset="11715"/>
<Loc EndOffset="11802" SrcFileId="3" StartOffset="11759"/>
</LocList>
<BasicStmnt CovItemId="S216" CovItemPrefix="rules.ClassicRules.java" Intrnl_Id="811">
<LocList>
<Loc EndOffset="11671" SrcFileId="3" StartOffset="11638"/>
</LocList>
</BasicStmnt>
<CondStmnt CovItemId="S217" CovItemPrefix="rules.ClassicRules.java" Intrnl_Id="812">
<Branch CovItemId="B117" CovItemPrefix="rules.ClassicRules.java" Implct="false" Intrnl_Id="813">
<Cond/>
<LocList>
<Loc EndOffset="11710" SrcFileId="3" StartOffset="11691"/>
</LocList>
<StmntSeq Intrnl_Id="814">
<LocList>
<Loc EndOffset="11704" SrcFileId="3" StartOffset="11698"/>
</LocList>
<BasicStmnt CovItemId="S218" CovItemPrefix="rules.ClassicRules.java" Intrnl_Id="815">
<LocList>
<Loc EndOffset="11704" SrcFileId="3" StartOffset="11698"/>
</LocList>
</BasicStmnt>
</StmntSeq>
</Branch>
<Branch CovItemId="B118" CovItemPrefix="rules.ClassicRules.java" Implct="true" Intrnl_Id="816">
<Cond/>
<LocList/>
<StmntSeq Intrnl_Id="817">
<LocList/>
</StmntSeq>
</Branch>
<Keyword EndOffset="11678" SrcFileId="3" StartOffset="11676"/>
<LocList>
<Loc EndOffset="11710" SrcFileId="3" StartOffset="11676"/>
</LocList>
<RootTerm CovItemId="C75" CovItemPrefix="rules.ClassicRules.java" Intrnl_Id="818">
<BasicBoolTerm Intrnl_Id="819">
<LocList>
<Loc EndOffset="11689" SrcFileId="3" StartOffset="11680"/>
</LocList>
</BasicBoolTerm>
</RootTerm>
</CondStmnt>
<BasicStmnt CovItemId="S219" CovItemPrefix="rules.ClassicRules.java" Intrnl_Id="820">
<LocList>
<Loc EndOffset="11754" SrcFileId="3" StartOffset="11715"/>
</LocList>
</BasicStmnt>
<CondStmnt CovItemId="S220" CovItemPrefix="rules.ClassicRules.java" Intrnl_Id="821">
<Branch CovItemId="B119" CovItemPrefix="rules.ClassicRules.java" Implct="false" Intrnl_Id="822">
<Cond/>
<LocList>
<Loc EndOffset="11802" SrcFileId="3" StartOffset="11783"/>
</LocList>
<StmntSeq Intrnl_Id="823">
<LocList>
<Loc EndOffset="11796" SrcFileId="3" StartOffset="11790"/>
</LocList>
<BasicStmnt CovItemId="S221" CovItemPrefix="rules.ClassicRules.java" Intrnl_Id="824">
<LocList>
<Loc EndOffset="11796" SrcFileId="3" StartOffset="11790"/>
</LocList>
</BasicStmnt>
</StmntSeq>
</Branch>
<Branch CovItemId="B120" CovItemPrefix="rules.ClassicRules.java" Implct="true" Intrnl_Id="825">
<Cond/>
<LocList/>
<StmntSeq Intrnl_Id="826">
<LocList/>
</StmntSeq>
</Branch>
<Keyword EndOffset="11761" SrcFileId="3" StartOffset="11759"/>
<LocList>
<Loc EndOffset="11802" SrcFileId="3" StartOffset="11759"/>
</LocList>
<RootTerm CovItemId="C76" CovItemPrefix="rules.ClassicRules.java" Intrnl_Id="827">
<BasicBoolTerm Intrnl_Id="828">
<LocList>
<Loc EndOffset="11781" SrcFileId="3" StartOffset="11763"/>
</LocList>
</BasicBoolTerm>
</RootTerm>
</CondStmnt>
</StmntSeq>
<Keyword EndOffset="11606" SrcFileId="3" StartOffset="11603"/>
<LocList>
<Loc EndOffset="11807" SrcFileId="3" StartOffset="11603"/>
</LocList>
</LoopStmnt>
</StmntSeq>
</HierarchyLvl>
<HierarchyLvl HierarchyLvlId="89" HierarchyLvlTypeId="10" Intrnl_Id="829" Name="addBishopMoves">
<Header>
<Loc EndOffset="11909" SrcFileId="3" StartOffset="11816"/>
</Header>
<LocList>
<Loc EndOffset="13015" SrcFileId="3" StartOffset="11816"/>
</LocList>
<StmntSeq Intrnl_Id="830">
<LocList>
<Loc EndOffset="12204" SrcFileId="3" StartOffset="11992"/>
<Loc EndOffset="12472" SrcFileId="3" StartOffset="12260"/>
<Loc EndOffset="12741" SrcFileId="3" StartOffset="12529"/>
<Loc EndOffset="13011" SrcFileId="3" StartOffset="12799"/>
</LocList>
<LoopStmnt CovItemId="S222" CovItemPrefix="rules.ClassicRules.java" Intrnl_Id="831" MltplExecId="L21-2" MltplExecPrefix="rules.ClassicRules.java" NvrExecId="L21-0" NvrExecPrefix="rules.ClassicRules.java" OnceExecutedId="L21-1" OnceExecutedPrefix="rules.ClassicRules.java" OptBodyExec="true">
<StmntSeq Intrnl_Id="832">
<LocList>
<Loc EndOffset="12068" SrcFileId="3" StartOffset="12026"/>
<Loc EndOffset="12107" SrcFileId="3" StartOffset="12073"/>
<Loc EndOffset="12151" SrcFileId="3" StartOffset="12112"/>
<Loc EndOffset="12199" SrcFileId="3" StartOffset="12156"/>
</LocList>
<BasicStmnt CovItemId="S223" CovItemPrefix="rules.ClassicRules.java" Intrnl_Id="833">
<LocList>
<Loc EndOffset="12068" SrcFileId="3" StartOffset="12026"/>
</LocList>
</BasicStmnt>
<CondStmnt CovItemId="S224" CovItemPrefix="rules.ClassicRules.java" Intrnl_Id="834">
<Branch CovItemId="B121" CovItemPrefix="rules.ClassicRules.java" Implct="false" Intrnl_Id="835">
<Cond/>
<LocList>
<Loc EndOffset="12107" SrcFileId="3" StartOffset="12088"/>
</LocList>
<StmntSeq Intrnl_Id="836">
<LocList>
<Loc EndOffset="12101" SrcFileId="3" StartOffset="12095"/>
</LocList>
<BasicStmnt CovItemId="S225" CovItemPrefix="rules.ClassicRules.java" Intrnl_Id="837">
<LocList>
<Loc EndOffset="12101" SrcFileId="3" StartOffset="12095"/>
</LocList>
</BasicStmnt>
</StmntSeq>
</Branch>
<Branch CovItemId="B122" CovItemPrefix="rules.ClassicRules.java" Implct="true" Intrnl_Id="838">
<Cond/>
<LocList/>
<StmntSeq Intrnl_Id="839">
<LocList/>
</StmntSeq>
</Branch>
<Keyword EndOffset="12075" SrcFileId="3" StartOffset="12073"/>
<LocList>
<Loc EndOffset="12107" SrcFileId="3" StartOffset="12073"/>
</LocList>
<RootTerm CovItemId="C78" CovItemPrefix="rules.ClassicRules.java" Intrnl_Id="840">
<BasicBoolTerm Intrnl_Id="841">
<LocList>
<Loc EndOffset="12086" SrcFileId="3" StartOffset="12077"/>
</LocList>
</BasicBoolTerm>
</RootTerm>
</CondStmnt>
<BasicStmnt CovItemId="S226" CovItemPrefix="rules.ClassicRules.java" Intrnl_Id="842">
<LocList>
<Loc EndOffset="12151" SrcFileId="3" StartOffset="12112"/>
</LocList>
</BasicStmnt>
<CondStmnt CovItemId="S227" CovItemPrefix="rules.ClassicRules.java" Intrnl_Id="843">
<Branch CovItemId="B123" CovItemPrefix="rules.ClassicRules.java" Implct="false" Intrnl_Id="844">
<Cond/>
<LocList>
<Loc EndOffset="12199" SrcFileId="3" StartOffset="12180"/>
</LocList>
<StmntSeq Intrnl_Id="845">
<LocList>
<Loc EndOffset="12193" SrcFileId="3" StartOffset="12187"/>
</LocList>
<BasicStmnt CovItemId="S228" CovItemPrefix="rules.ClassicRules.java" Intrnl_Id="846">
<LocList>
<Loc EndOffset="12193" SrcFileId="3" StartOffset="12187"/>
</LocList>
</BasicStmnt>
</StmntSeq>
</Branch>
<Branch CovItemId="B124" CovItemPrefix="rules.ClassicRules.java" Implct="true" Intrnl_Id="847">
<Cond/>
<LocList/>
<StmntSeq Intrnl_Id="848">
<LocList/>
</StmntSeq>
</Branch>
<Keyword EndOffset="12158" SrcFileId="3" StartOffset="12156"/>
<LocList>
<Loc EndOffset="12199" SrcFileId="3" StartOffset="12156"/>
</LocList>
<RootTerm CovItemId="C79" CovItemPrefix="rules.ClassicRules.java" Intrnl_Id="849">
<BasicBoolTerm Intrnl_Id="850">
<LocList>
<Loc EndOffset="12178" SrcFileId="3" StartOffset="12160"/>
</LocList>
</BasicBoolTerm>
</RootTerm>
</CondStmnt>
</StmntSeq>
<Keyword EndOffset="11995" SrcFileId="3" StartOffset="11992"/>
<LocList>
<Loc EndOffset="12204" SrcFileId="3" StartOffset="11992"/>
</LocList>
</LoopStmnt>
<LoopStmnt CovItemId="S229" CovItemPrefix="rules.ClassicRules.java" Intrnl_Id="851" MltplExecId="L22-2" MltplExecPrefix="rules.ClassicRules.java" NvrExecId="L22-0" NvrExecPrefix="rules.ClassicRules.java" OnceExecutedId="L22-1" OnceExecutedPrefix="rules.ClassicRules.java" OptBodyExec="true">
<StmntSeq Intrnl_Id="852">
<LocList>
<Loc EndOffset="12336" SrcFileId="3" StartOffset="12294"/>
<Loc EndOffset="12375" SrcFileId="3" StartOffset="12341"/>
<Loc EndOffset="12419" SrcFileId="3" StartOffset="12380"/>
<Loc EndOffset="12467" SrcFileId="3" StartOffset="12424"/>
</LocList>
<BasicStmnt CovItemId="S230" CovItemPrefix="rules.ClassicRules.java" Intrnl_Id="853">
<LocList>
<Loc EndOffset="12336" SrcFileId="3" StartOffset="12294"/>
</LocList>
</BasicStmnt>
<CondStmnt CovItemId="S231" CovItemPrefix="rules.ClassicRules.java" Intrnl_Id="854">
<Branch CovItemId="B125" CovItemPrefix="rules.ClassicRules.java" Implct="false" Intrnl_Id="855">
<Cond/>
<LocList>
<Loc EndOffset="12375" SrcFileId="3" StartOffset="12356"/>
</LocList>
<StmntSeq Intrnl_Id="856">
<LocList>
<Loc EndOffset="12369" SrcFileId="3" StartOffset="12363"/>
</LocList>
<BasicStmnt CovItemId="S232" CovItemPrefix="rules.ClassicRules.java" Intrnl_Id="857">
<LocList>
<Loc EndOffset="12369" SrcFileId="3" StartOffset="12363"/>
</LocList>
</BasicStmnt>
</StmntSeq>
</Branch>
<Branch CovItemId="B126" CovItemPrefix="rules.ClassicRules.java" Implct="true" Intrnl_Id="858">
<Cond/>
<LocList/>
<StmntSeq Intrnl_Id="859">
<LocList/>
</StmntSeq>
</Branch>
<Keyword EndOffset="12343" SrcFileId="3" StartOffset="12341"/>
<LocList>
<Loc EndOffset="12375" SrcFileId="3" StartOffset="12341"/>
</LocList>
<RootTerm CovItemId="C81" CovItemPrefix="rules.ClassicRules.java" Intrnl_Id="860">
<BasicBoolTerm Intrnl_Id="861">
<LocList>
<Loc EndOffset="12354" SrcFileId="3" StartOffset="12345"/>
</LocList>
</BasicBoolTerm>
</RootTerm>
</CondStmnt>
<BasicStmnt CovItemId="S233" CovItemPrefix="rules.ClassicRules.java" Intrnl_Id="862">
<LocList>
<Loc EndOffset="12419" SrcFileId="3" StartOffset="12380"/>
</LocList>
</BasicStmnt>
<CondStmnt CovItemId="S234" CovItemPrefix="rules.ClassicRules.java" Intrnl_Id="863">
<Branch CovItemId="B127" CovItemPrefix="rules.ClassicRules.java" Implct="false" Intrnl_Id="864">
<Cond/>
<LocList>
<Loc EndOffset="12467" SrcFileId="3" StartOffset="12448"/>
</LocList>
<StmntSeq Intrnl_Id="865">
<LocList>
<Loc EndOffset="12461" SrcFileId="3" StartOffset="12455"/>
</LocList>
<BasicStmnt CovItemId="S235" CovItemPrefix="rules.ClassicRules.java" Intrnl_Id="866">
<LocList>
<Loc EndOffset="12461" SrcFileId="3" StartOffset="12455"/>
</LocList>
</BasicStmnt>
</StmntSeq>
</Branch>
<Branch CovItemId="B128" CovItemPrefix="rules.ClassicRules.java" Implct="true" Intrnl_Id="867">
<Cond/>
<LocList/>
<StmntSeq Intrnl_Id="868">
<LocList/>
</StmntSeq>
</Branch>
<Keyword EndOffset="12426" SrcFileId="3" StartOffset="12424"/>
<LocList>
<Loc EndOffset="12467" SrcFileId="3" StartOffset="12424"/>
</LocList>
<RootTerm CovItemId="C82" CovItemPrefix="rules.ClassicRules.java" Intrnl_Id="869">
<BasicBoolTerm Intrnl_Id="870">
<LocList>
<Loc EndOffset="12446" SrcFileId="3" StartOffset="12428"/>
</LocList>
</BasicBoolTerm>
</RootTerm>
</CondStmnt>
</StmntSeq>
<Keyword EndOffset="12263" SrcFileId="3" StartOffset="12260"/>
<LocList>
<Loc EndOffset="12472" SrcFileId="3" StartOffset="12260"/>
</LocList>
</LoopStmnt>
<LoopStmnt CovItemId="S236" CovItemPrefix="rules.ClassicRules.java" Intrnl_Id="871" MltplExecId="L23-2" MltplExecPrefix="rules.ClassicRules.java" NvrExecId="L23-0" NvrExecPrefix="rules.ClassicRules.java" OnceExecutedId="L23-1" OnceExecutedPrefix="rules.ClassicRules.java" OptBodyExec="true">
<StmntSeq Intrnl_Id="872">
<LocList>
<Loc EndOffset="12605" SrcFileId="3" StartOffset="12563"/>
<Loc EndOffset="12644" SrcFileId="3" StartOffset="12610"/>
<Loc EndOffset="12688" SrcFileId="3" StartOffset="12649"/>
<Loc EndOffset="12736" SrcFileId="3" StartOffset="12693"/>
</LocList>
<BasicStmnt CovItemId="S237" CovItemPrefix="rules.ClassicRules.java" Intrnl_Id="873">
<LocList>
<Loc EndOffset="12605" SrcFileId="3" StartOffset="12563"/>
</LocList>
</BasicStmnt>
<CondStmnt CovItemId="S238" CovItemPrefix="rules.ClassicRules.java" Intrnl_Id="874">
<Branch CovItemId="B129" CovItemPrefix="rules.ClassicRules.java" Implct="false" Intrnl_Id="875">
<Cond/>
<LocList>
<Loc EndOffset="12644" SrcFileId="3" StartOffset="12625"/>
</LocList>
<StmntSeq Intrnl_Id="876">
<LocList>
<Loc EndOffset="12638" SrcFileId="3" StartOffset="12632"/>
</LocList>
<BasicStmnt CovItemId="S239" CovItemPrefix="rules.ClassicRules.java" Intrnl_Id="877">
<LocList>
<Loc EndOffset="12638" SrcFileId="3" StartOffset="12632"/>
</LocList>
</BasicStmnt>
</StmntSeq>
</Branch>
<Branch CovItemId="B130" CovItemPrefix="rules.ClassicRules.java" Implct="true" Intrnl_Id="878">
<Cond/>
<LocList/>
<StmntSeq Intrnl_Id="879">
<LocList/>
</StmntSeq>
</Branch>
<Keyword EndOffset="12612" SrcFileId="3" StartOffset="12610"/>
<LocList>
<Loc EndOffset="12644" SrcFileId="3" StartOffset="12610"/>
</LocList>
<RootTerm CovItemId="C84" CovItemPrefix="rules.ClassicRules.java" Intrnl_Id="880">
<BasicBoolTerm Intrnl_Id="881">
<LocList>
<Loc EndOffset="12623" SrcFileId="3" StartOffset="12614"/>
</LocList>
</BasicBoolTerm>
</RootTerm>
</CondStmnt>
<BasicStmnt CovItemId="S240" CovItemPrefix="rules.ClassicRules.java" Intrnl_Id="882">
<LocList>
<Loc EndOffset="12688" SrcFileId="3" StartOffset="12649"/>
</LocList>
</BasicStmnt>
<CondStmnt CovItemId="S241" CovItemPrefix="rules.ClassicRules.java" Intrnl_Id="883">
<Branch CovItemId="B131" CovItemPrefix="rules.ClassicRules.java" Implct="false" Intrnl_Id="884">
<Cond/>
<LocList>
<Loc EndOffset="12736" SrcFileId="3" StartOffset="12717"/>
</LocList>
<StmntSeq Intrnl_Id="885">
<LocList>
<Loc EndOffset="12730" SrcFileId="3" StartOffset="12724"/>
</LocList>
<BasicStmnt CovItemId="S242" CovItemPrefix="rules.ClassicRules.java" Intrnl_Id="886">
<LocList>
<Loc EndOffset="12730" SrcFileId="3" StartOffset="12724"/>
</LocList>
</BasicStmnt>
</StmntSeq>
</Branch>
<Branch CovItemId="B132" CovItemPrefix="rules.ClassicRules.java" Implct="true" Intrnl_Id="887">
<Cond/>
<LocList/>
<StmntSeq Intrnl_Id="888">
<LocList/>
</StmntSeq>
</Branch>
<Keyword EndOffset="12695" SrcFileId="3" StartOffset="12693"/>
<LocList>
<Loc EndOffset="12736" SrcFileId="3" StartOffset="12693"/>
</LocList>
<RootTerm CovItemId="C85" CovItemPrefix="rules.ClassicRules.java" Intrnl_Id="889">
<BasicBoolTerm Intrnl_Id="890">
<LocList>
<Loc EndOffset="12715" SrcFileId="3" StartOffset="12697"/>
</LocList>
</BasicBoolTerm>
</RootTerm>
</CondStmnt>
</StmntSeq>
<Keyword EndOffset="12532" SrcFileId="3" StartOffset="12529"/>
<LocList>
<Loc EndOffset="12741" SrcFileId="3" StartOffset="12529"/>
</LocList>
</LoopStmnt>
<LoopStmnt CovItemId="S243" CovItemPrefix="rules.ClassicRules.java" Intrnl_Id="891" MltplExecId="L24-2" MltplExecPrefix="rules.ClassicRules.java" NvrExecId="L24-0" NvrExecPrefix="rules.ClassicRules.java" OnceExecutedId="L24-1" OnceExecutedPrefix="rules.ClassicRules.java" OptBodyExec="true">
<StmntSeq Intrnl_Id="892">
<LocList>
<Loc EndOffset="12875" SrcFileId="3" StartOffset="12833"/>
<Loc EndOffset="12914" SrcFileId="3" StartOffset="12880"/>
<Loc EndOffset="12958" SrcFileId="3" StartOffset="12919"/>
<Loc EndOffset="13006" SrcFileId="3" StartOffset="12963"/>
</LocList>
<BasicStmnt CovItemId="S244" CovItemPrefix="rules.ClassicRules.java" Intrnl_Id="893">
<LocList>
<Loc EndOffset="12875" SrcFileId="3" StartOffset="12833"/>
</LocList>
</BasicStmnt>
<CondStmnt CovItemId="S245" CovItemPrefix="rules.ClassicRules.java" Intrnl_Id="894">
<Branch CovItemId="B133" CovItemPrefix="rules.ClassicRules.java" Implct="false" Intrnl_Id="895">
<Cond/>
<LocList>
<Loc EndOffset="12914" SrcFileId="3" StartOffset="12895"/>
</LocList>
<StmntSeq Intrnl_Id="896">
<LocList>
<Loc EndOffset="12908" SrcFileId="3" StartOffset="12902"/>
</LocList>
<BasicStmnt CovItemId="S246" CovItemPrefix="rules.ClassicRules.java" Intrnl_Id="897">
<LocList>
<Loc EndOffset="12908" SrcFileId="3" StartOffset="12902"/>
</LocList>
</BasicStmnt>
</StmntSeq>
</Branch>
<Branch CovItemId="B134" CovItemPrefix="rules.ClassicRules.java" Implct="true" Intrnl_Id="898">
<Cond/>
<LocList/>
<StmntSeq Intrnl_Id="899">
<LocList/>
</StmntSeq>
</Branch>
<Keyword EndOffset="12882" SrcFileId="3" StartOffset="12880"/>
<LocList>
<Loc EndOffset="12914" SrcFileId="3" StartOffset="12880"/>
</LocList>
<RootTerm CovItemId="C87" CovItemPrefix="rules.ClassicRules.java" Intrnl_Id="900">
<BasicBoolTerm Intrnl_Id="901">
<LocList>
<Loc EndOffset="12893" SrcFileId="3" StartOffset="12884"/>
</LocList>
</BasicBoolTerm>
</RootTerm>
</CondStmnt>
<BasicStmnt CovItemId="S247" CovItemPrefix="rules.ClassicRules.java" Intrnl_Id="902">
<LocList>
<Loc EndOffset="12958" SrcFileId="3" StartOffset="12919"/>
</LocList>
</BasicStmnt>
<CondStmnt CovItemId="S248" CovItemPrefix="rules.ClassicRules.java" Intrnl_Id="903">
<Branch CovItemId="B135" CovItemPrefix="rules.ClassicRules.java" Implct="false" Intrnl_Id="904">
<Cond/>
<LocList>
<Loc EndOffset="13006" SrcFileId="3" StartOffset="12987"/>
</LocList>
<StmntSeq Intrnl_Id="905">
<LocList>
<Loc EndOffset="13000" SrcFileId="3" StartOffset="12994"/>
</LocList>
<BasicStmnt CovItemId="S249" CovItemPrefix="rules.ClassicRules.java" Intrnl_Id="906">
<LocList>
<Loc EndOffset="13000" SrcFileId="3" StartOffset="12994"/>
</LocList>
</BasicStmnt>
</StmntSeq>
</Branch>
<Branch CovItemId="B136" CovItemPrefix="rules.ClassicRules.java" Implct="true" Intrnl_Id="907">
<Cond/>
<LocList/>
<StmntSeq Intrnl_Id="908">
<LocList/>
</StmntSeq>
</Branch>
<Keyword EndOffset="12965" SrcFileId="3" StartOffset="12963"/>
<LocList>
<Loc EndOffset="13006" SrcFileId="3" StartOffset="12963"/>
</LocList>
<RootTerm CovItemId="C88" CovItemPrefix="rules.ClassicRules.java" Intrnl_Id="909">
<BasicBoolTerm Intrnl_Id="910">
<LocList>
<Loc EndOffset="12985" SrcFileId="3" StartOffset="12967"/>
</LocList>
</BasicBoolTerm>
</RootTerm>
</CondStmnt>
</StmntSeq>
<Keyword EndOffset="12802" SrcFileId="3" StartOffset="12799"/>
<LocList>
<Loc EndOffset="13011" SrcFileId="3" StartOffset="12799"/>
</LocList>
</LoopStmnt>
</StmntSeq>
</HierarchyLvl>
<HierarchyLvl HierarchyLvlId="90" HierarchyLvlTypeId="10" Intrnl_Id="911" Name="addQueenMoves">
<Header>
<Loc EndOffset="13112" SrcFileId="3" StartOffset="13020"/>
</Header>
<LocList>
<Loc EndOffset="15235" SrcFileId="3" StartOffset="13020"/>
</LocList>
<StmntSeq Intrnl_Id="912">
<LocList>
<Loc EndOffset="13407" SrcFileId="3" StartOffset="13195"/>
<Loc EndOffset="13675" SrcFileId="3" StartOffset="13463"/>
<Loc EndOffset="13944" SrcFileId="3" StartOffset="13732"/>
<Loc EndOffset="14214" SrcFileId="3" StartOffset="14002"/>
<Loc EndOffset="14465" SrcFileId="3" StartOffset="14262"/>
<Loc EndOffset="14719" SrcFileId="3" StartOffset="14515"/>
<Loc EndOffset="14974" SrcFileId="3" StartOffset="14771"/>
<Loc EndOffset="15231" SrcFileId="3" StartOffset="15027"/>
</LocList>
<LoopStmnt CovItemId="S250" CovItemPrefix="rules.ClassicRules.java" Intrnl_Id="913" MltplExecId="L25-2" MltplExecPrefix="rules.ClassicRules.java" NvrExecId="L25-0" NvrExecPrefix="rules.ClassicRules.java" OnceExecutedId="L25-1" OnceExecutedPrefix="rules.ClassicRules.java" OptBodyExec="true">
<StmntSeq Intrnl_Id="914">
<LocList>
<Loc EndOffset="13271" SrcFileId="3" StartOffset="13229"/>
<Loc EndOffset="13310" SrcFileId="3" StartOffset="13276"/>
<Loc EndOffset="13354" SrcFileId="3" StartOffset="13315"/>
<Loc EndOffset="13402" SrcFileId="3" StartOffset="13359"/>
</LocList>
<BasicStmnt CovItemId="S251" CovItemPrefix="rules.ClassicRules.java" Intrnl_Id="915">
<LocList>
<Loc EndOffset="13271" SrcFileId="3" StartOffset="13229"/>
</LocList>
</BasicStmnt>
<CondStmnt CovItemId="S252" CovItemPrefix="rules.ClassicRules.java" Intrnl_Id="916">
<Branch CovItemId="B137" CovItemPrefix="rules.ClassicRules.java" Implct="false" Intrnl_Id="917">
<Cond/>
<LocList>
<Loc EndOffset="13310" SrcFileId="3" StartOffset="13291"/>
</LocList>
<StmntSeq Intrnl_Id="918">
<LocList>
<Loc EndOffset="13304" SrcFileId="3" StartOffset="13298"/>
</LocList>
<BasicStmnt CovItemId="S253" CovItemPrefix="rules.ClassicRules.java" Intrnl_Id="919">
<LocList>
<Loc EndOffset="13304" SrcFileId="3" StartOffset="13298"/>
</LocList>
</BasicStmnt>
</StmntSeq>
</Branch>
<Branch CovItemId="B138" CovItemPrefix="rules.ClassicRules.java" Implct="true" Intrnl_Id="920">
<Cond/>
<LocList/>
<StmntSeq Intrnl_Id="921">
<LocList/>
</StmntSeq>
</Branch>
<Keyword EndOffset="13278" SrcFileId="3" StartOffset="13276"/>
<LocList>
<Loc EndOffset="13310" SrcFileId="3" StartOffset="13276"/>
</LocList>
<RootTerm CovItemId="C90" CovItemPrefix="rules.ClassicRules.java" Intrnl_Id="922">
<BasicBoolTerm Intrnl_Id="923">
<LocList>
<Loc EndOffset="13289" SrcFileId="3" StartOffset="13280"/>
</LocList>
</BasicBoolTerm>
</RootTerm>
</CondStmnt>
<BasicStmnt CovItemId="S254" CovItemPrefix="rules.ClassicRules.java" Intrnl_Id="924">
<LocList>
<Loc EndOffset="13354" SrcFileId="3" StartOffset="13315"/>
</LocList>
</BasicStmnt>
<CondStmnt CovItemId="S255" CovItemPrefix="rules.ClassicRules.java" Intrnl_Id="925">
<Branch CovItemId="B139" CovItemPrefix="rules.ClassicRules.java" Implct="false" Intrnl_Id="926">
<Cond/>
<LocList>
<Loc EndOffset="13402" SrcFileId="3" StartOffset="13383"/>
</LocList>
<StmntSeq Intrnl_Id="927">
<LocList>
<Loc EndOffset="13396" SrcFileId="3" StartOffset="13390"/>
</LocList>
<BasicStmnt CovItemId="S256" CovItemPrefix="rules.ClassicRules.java" Intrnl_Id="928">
<LocList>
<Loc EndOffset="13396" SrcFileId="3" StartOffset="13390"/>
</LocList>
</BasicStmnt>
</StmntSeq>
</Branch>
<Branch CovItemId="B140" CovItemPrefix="rules.ClassicRules.java" Implct="true" Intrnl_Id="929">
<Cond/>
<LocList/>
<StmntSeq Intrnl_Id="930">
<LocList/>
</StmntSeq>
</Branch>
<Keyword EndOffset="13361" SrcFileId="3" StartOffset="13359"/>
<LocList>
<Loc EndOffset="13402" SrcFileId="3" StartOffset="13359"/>
</LocList>
<RootTerm CovItemId="C91" CovItemPrefix="rules.ClassicRules.java" Intrnl_Id="931">
<BasicBoolTerm Intrnl_Id="932">
<LocList>
<Loc EndOffset="13381" SrcFileId="3" StartOffset="13363"/>
</LocList>
</BasicBoolTerm>
</RootTerm>
</CondStmnt>
</StmntSeq>
<Keyword EndOffset="13198" SrcFileId="3" StartOffset="13195"/>
<LocList>
<Loc EndOffset="13407" SrcFileId="3" StartOffset="13195"/>
</LocList>
</LoopStmnt>
<LoopStmnt CovItemId="S257" CovItemPrefix="rules.ClassicRules.java" Intrnl_Id="933" MltplExecId="L26-2" MltplExecPrefix="rules.ClassicRules.java" NvrExecId="L26-0" NvrExecPrefix="rules.ClassicRules.java" OnceExecutedId="L26-1" OnceExecutedPrefix="rules.ClassicRules.java" OptBodyExec="true">
<StmntSeq Intrnl_Id="934">
<LocList>
<Loc EndOffset="13539" SrcFileId="3" StartOffset="13497"/>
<Loc EndOffset="13578" SrcFileId="3" StartOffset="13544"/>
<Loc EndOffset="13622" SrcFileId="3" StartOffset="13583"/>
<Loc EndOffset="13670" SrcFileId="3" StartOffset="13627"/>
</LocList>
<BasicStmnt CovItemId="S258" CovItemPrefix="rules.ClassicRules.java" Intrnl_Id="935">
<LocList>
<Loc EndOffset="13539" SrcFileId="3" StartOffset="13497"/>
</LocList>
</BasicStmnt>
<CondStmnt CovItemId="S259" CovItemPrefix="rules.ClassicRules.java" Intrnl_Id="936">
<Branch CovItemId="B141" CovItemPrefix="rules.ClassicRules.java" Implct="false" Intrnl_Id="937">
<Cond/>
<LocList>
<Loc EndOffset="13578" SrcFileId="3" StartOffset="13559"/>
</LocList>
<StmntSeq Intrnl_Id="938">
<LocList>
<Loc EndOffset="13572" SrcFileId="3" StartOffset="13566"/>
</LocList>
<BasicStmnt CovItemId="S260" CovItemPrefix="rules.ClassicRules.java" Intrnl_Id="939">
<LocList>
<Loc EndOffset="13572" SrcFileId="3" StartOffset="13566"/>
</LocList>
</BasicStmnt>
</StmntSeq>
</Branch>
<Branch CovItemId="B142" CovItemPrefix="rules.ClassicRules.java" Implct="true" Intrnl_Id="940">
<Cond/>
<LocList/>
<StmntSeq Intrnl_Id="941">
<LocList/>
</StmntSeq>
</Branch>
<Keyword EndOffset="13546" SrcFileId="3" StartOffset="13544"/>
<LocList>
<Loc EndOffset="13578" SrcFileId="3" StartOffset="13544"/>
</LocList>
<RootTerm CovItemId="C93" CovItemPrefix="rules.ClassicRules.java" Intrnl_Id="942">
<BasicBoolTerm Intrnl_Id="943">
<LocList>
<Loc EndOffset="13557" SrcFileId="3" StartOffset="13548"/>
</LocList>
</BasicBoolTerm>
</RootTerm>
</CondStmnt>
<BasicStmnt CovItemId="S261" CovItemPrefix="rules.ClassicRules.java" Intrnl_Id="944">
<LocList>
<Loc EndOffset="13622" SrcFileId="3" StartOffset="13583"/>
</LocList>
</BasicStmnt>
<CondStmnt CovItemId="S262" CovItemPrefix="rules.ClassicRules.java" Intrnl_Id="945">
<Branch CovItemId="B143" CovItemPrefix="rules.ClassicRules.java" Implct="false" Intrnl_Id="946">
<Cond/>
<LocList>
<Loc EndOffset="13670" SrcFileId="3" StartOffset="13651"/>
</LocList>
<StmntSeq Intrnl_Id="947">
<LocList>
<Loc EndOffset="13664" SrcFileId="3" StartOffset="13658"/>
</LocList>
<BasicStmnt CovItemId="S263" CovItemPrefix="rules.ClassicRules.java" Intrnl_Id="948">
<LocList>
<Loc EndOffset="13664" SrcFileId="3" StartOffset="13658"/>
</LocList>
</BasicStmnt>
</StmntSeq>
</Branch>
<Branch CovItemId="B144" CovItemPrefix="rules.ClassicRules.java" Implct="true" Intrnl_Id="949">
<Cond/>
<LocList/>
<StmntSeq Intrnl_Id="950">
<LocList/>
</StmntSeq>
</Branch>
<Keyword EndOffset="13629" SrcFileId="3" StartOffset="13627"/>
<LocList>
<Loc EndOffset="13670" SrcFileId="3" StartOffset="13627"/>
</LocList>
<RootTerm CovItemId="C94" CovItemPrefix="rules.ClassicRules.java" Intrnl_Id="951">
<BasicBoolTerm Intrnl_Id="952">
<LocList>
<Loc EndOffset="13649" SrcFileId="3" StartOffset="13631"/>
</LocList>
</BasicBoolTerm>
</RootTerm>
</CondStmnt>
</StmntSeq>
<Keyword EndOffset="13466" SrcFileId="3" StartOffset="13463"/>
<LocList>
<Loc EndOffset="13675" SrcFileId="3" StartOffset="13463"/>
</LocList>
</LoopStmnt>
<LoopStmnt CovItemId="S264" CovItemPrefix="rules.ClassicRules.java" Intrnl_Id="953" MltplExecId="L27-2" MltplExecPrefix="rules.ClassicRules.java" NvrExecId="L27-0" NvrExecPrefix="rules.ClassicRules.java" OnceExecutedId="L27-1" OnceExecutedPrefix="rules.ClassicRules.java" OptBodyExec="true">
<StmntSeq Intrnl_Id="954">
<LocList>
<Loc EndOffset="13808" SrcFileId="3" StartOffset="13766"/>
<Loc EndOffset="13847" SrcFileId="3" StartOffset="13813"/>
<Loc EndOffset="13891" SrcFileId="3" StartOffset="13852"/>
<Loc EndOffset="13939" SrcFileId="3" StartOffset="13896"/>
</LocList>
<BasicStmnt CovItemId="S265" CovItemPrefix="rules.ClassicRules.java" Intrnl_Id="955">
<LocList>
<Loc EndOffset="13808" SrcFileId="3" StartOffset="13766"/>
</LocList>
</BasicStmnt>
<CondStmnt CovItemId="S266" CovItemPrefix="rules.ClassicRules.java" Intrnl_Id="956">
<Branch CovItemId="B145" CovItemPrefix="rules.ClassicRules.java" Implct="false" Intrnl_Id="957">
<Cond/>
<LocList>
<Loc EndOffset="13847" SrcFileId="3" StartOffset="13828"/>
</LocList>
<StmntSeq Intrnl_Id="958">
<LocList>
<Loc EndOffset="13841" SrcFileId="3" StartOffset="13835"/>
</LocList>
<BasicStmnt CovItemId="S267" CovItemPrefix="rules.ClassicRules.java" Intrnl_Id="959">
<LocList>
<Loc EndOffset="13841" SrcFileId="3" StartOffset="13835"/>
</LocList>
</BasicStmnt>
</StmntSeq>
</Branch>
<Branch CovItemId="B146" CovItemPrefix="rules.ClassicRules.java" Implct="true" Intrnl_Id="960">
<Cond/>
<LocList/>
<StmntSeq Intrnl_Id="961">
<LocList/>
</StmntSeq>
</Branch>
<Keyword EndOffset="13815" SrcFileId="3" StartOffset="13813"/>
<LocList>
<Loc EndOffset="13847" SrcFileId="3" StartOffset="13813"/>
</LocList>
<RootTerm CovItemId="C96" CovItemPrefix="rules.ClassicRules.java" Intrnl_Id="962">
<BasicBoolTerm Intrnl_Id="963">
<LocList>
<Loc EndOffset="13826" SrcFileId="3" StartOffset="13817"/>
</LocList>
</BasicBoolTerm>
</RootTerm>
</CondStmnt>
<BasicStmnt CovItemId="S268" CovItemPrefix="rules.ClassicRules.java" Intrnl_Id="964">
<LocList>
<Loc EndOffset="13891" SrcFileId="3" StartOffset="13852"/>
</LocList>
</BasicStmnt>
<CondStmnt CovItemId="S269" CovItemPrefix="rules.ClassicRules.java" Intrnl_Id="965">
<Branch CovItemId="B147" CovItemPrefix="rules.ClassicRules.java" Implct="false" Intrnl_Id="966">
<Cond/>
<LocList>
<Loc EndOffset="13939" SrcFileId="3" StartOffset="13920"/>
</LocList>
<StmntSeq Intrnl_Id="967">
<LocList>
<Loc EndOffset="13933" SrcFileId="3" StartOffset="13927"/>
</LocList>
<BasicStmnt CovItemId="S270" CovItemPrefix="rules.ClassicRules.java" Intrnl_Id="968">
<LocList>
<Loc EndOffset="13933" SrcFileId="3" StartOffset="13927"/>
</LocList>
</BasicStmnt>
</StmntSeq>
</Branch>
<Branch CovItemId="B148" CovItemPrefix="rules.ClassicRules.java" Implct="true" Intrnl_Id="969">
<Cond/>
<LocList/>
<StmntSeq Intrnl_Id="970">
<LocList/>
</StmntSeq>
</Branch>
<Keyword EndOffset="13898" SrcFileId="3" StartOffset="13896"/>
<LocList>
<Loc EndOffset="13939" SrcFileId="3" StartOffset="13896"/>
</LocList>
<RootTerm CovItemId="C97" CovItemPrefix="rules.ClassicRules.java" Intrnl_Id="971">
<BasicBoolTerm Intrnl_Id="972">
<LocList>
<Loc EndOffset="13918" SrcFileId="3" StartOffset="13900"/>
</LocList>
</BasicBoolTerm>
</RootTerm>
</CondStmnt>
</StmntSeq>
<Keyword EndOffset="13735" SrcFileId="3" StartOffset="13732"/>
<LocList>
<Loc EndOffset="13944" SrcFileId="3" StartOffset="13732"/>
</LocList>
</LoopStmnt>
<LoopStmnt CovItemId="S271" CovItemPrefix="rules.ClassicRules.java" Intrnl_Id="973" MltplExecId="L28-2" MltplExecPrefix="rules.ClassicRules.java" NvrExecId="L28-0" NvrExecPrefix="rules.ClassicRules.java" OnceExecutedId="L28-1" OnceExecutedPrefix="rules.ClassicRules.java" OptBodyExec="true">
<StmntSeq Intrnl_Id="974">
<LocList>
<Loc EndOffset="14078" SrcFileId="3" StartOffset="14036"/>
<Loc EndOffset="14117" SrcFileId="3" StartOffset="14083"/>
<Loc EndOffset="14161" SrcFileId="3" StartOffset="14122"/>
<Loc EndOffset="14209" SrcFileId="3" StartOffset="14166"/>
</LocList>
<BasicStmnt CovItemId="S272" CovItemPrefix="rules.ClassicRules.java" Intrnl_Id="975">
<LocList>
<Loc EndOffset="14078" SrcFileId="3" StartOffset="14036"/>
</LocList>
</BasicStmnt>
<CondStmnt CovItemId="S273" CovItemPrefix="rules.ClassicRules.java" Intrnl_Id="976">
<Branch CovItemId="B149" CovItemPrefix="rules.ClassicRules.java" Implct="false" Intrnl_Id="977">
<Cond/>
<LocList>
<Loc EndOffset="14117" SrcFileId="3" StartOffset="14098"/>
</LocList>
<StmntSeq Intrnl_Id="978">
<LocList>
<Loc EndOffset="14111" SrcFileId="3" StartOffset="14105"/>
</LocList>
<BasicStmnt CovItemId="S274" CovItemPrefix="rules.ClassicRules.java" Intrnl_Id="979">
<LocList>
<Loc EndOffset="14111" SrcFileId="3" StartOffset="14105"/>
</LocList>
</BasicStmnt>
</StmntSeq>
</Branch>
<Branch CovItemId="B150" CovItemPrefix="rules.ClassicRules.java" Implct="true" Intrnl_Id="980">
<Cond/>
<LocList/>
<StmntSeq Intrnl_Id="981">
<LocList/>
</StmntSeq>
</Branch>
<Keyword EndOffset="14085" SrcFileId="3" StartOffset="14083"/>
<LocList>
<Loc EndOffset="14117" SrcFileId="3" StartOffset="14083"/>
</LocList>
<RootTerm CovItemId="C99" CovItemPrefix="rules.ClassicRules.java" Intrnl_Id="982">
<BasicBoolTerm Intrnl_Id="983">
<LocList>
<Loc EndOffset="14096" SrcFileId="3" StartOffset="14087"/>
</LocList>
</BasicBoolTerm>
</RootTerm>
</CondStmnt>
<BasicStmnt CovItemId="S275" CovItemPrefix="rules.ClassicRules.java" Intrnl_Id="984">
<LocList>
<Loc EndOffset="14161" SrcFileId="3" StartOffset="14122"/>
</LocList>
</BasicStmnt>
<CondStmnt CovItemId="S276" CovItemPrefix="rules.ClassicRules.java" Intrnl_Id="985">
<Branch CovItemId="B151" CovItemPrefix="rules.ClassicRules.java" Implct="false" Intrnl_Id="986">
<Cond/>
<LocList>
<Loc EndOffset="14209" SrcFileId="3" StartOffset="14190"/>
</LocList>
<StmntSeq Intrnl_Id="987">
<LocList>
<Loc EndOffset="14203" SrcFileId="3" StartOffset="14197"/>
</LocList>
<BasicStmnt CovItemId="S277" CovItemPrefix="rules.ClassicRules.java" Intrnl_Id="988">
<LocList>
<Loc EndOffset="14203" SrcFileId="3" StartOffset="14197"/>
</LocList>
</BasicStmnt>
</StmntSeq>
</Branch>
<Branch CovItemId="B152" CovItemPrefix="rules.ClassicRules.java" Implct="true" Intrnl_Id="989">
<Cond/>
<LocList/>
<StmntSeq Intrnl_Id="990">
<LocList/>
</StmntSeq>
</Branch>
<Keyword EndOffset="14168" SrcFileId="3" StartOffset="14166"/>
<LocList>
<Loc EndOffset="14209" SrcFileId="3" StartOffset="14166"/>
</LocList>
<RootTerm CovItemId="C100" CovItemPrefix="rules.ClassicRules.java" Intrnl_Id="991">
<BasicBoolTerm Intrnl_Id="992">
<LocList>
<Loc EndOffset="14188" SrcFileId="3" StartOffset="14170"/>
</LocList>
</BasicBoolTerm>
</RootTerm>
</CondStmnt>
</StmntSeq>
<Keyword EndOffset="14005" SrcFileId="3" StartOffset="14002"/>
<LocList>
<Loc EndOffset="14214" SrcFileId="3" StartOffset="14002"/>
</LocList>
</LoopStmnt>
<LoopStmnt CovItemId="S278" CovItemPrefix="rules.ClassicRules.java" Intrnl_Id="993" MltplExecId="L29-2" MltplExecPrefix="rules.ClassicRules.java" NvrExecId="L29-0" NvrExecPrefix="rules.ClassicRules.java" OnceExecutedId="L29-1" OnceExecutedPrefix="rules.ClassicRules.java" OptBodyExec="true">
<StmntSeq Intrnl_Id="994">
<LocList>
<Loc EndOffset="14329" SrcFileId="3" StartOffset="14296"/>
<Loc EndOffset="14368" SrcFileId="3" StartOffset="14334"/>
<Loc EndOffset="14412" SrcFileId="3" StartOffset="14373"/>
<Loc EndOffset="14460" SrcFileId="3" StartOffset="14417"/>
</LocList>
<BasicStmnt CovItemId="S279" CovItemPrefix="rules.ClassicRules.java" Intrnl_Id="995">
<LocList>
<Loc EndOffset="14329" SrcFileId="3" StartOffset="14296"/>
</LocList>
</BasicStmnt>
<CondStmnt CovItemId="S280" CovItemPrefix="rules.ClassicRules.java" Intrnl_Id="996">
<Branch CovItemId="B153" CovItemPrefix="rules.ClassicRules.java" Implct="false" Intrnl_Id="997">
<Cond/>
<LocList>
<Loc EndOffset="14368" SrcFileId="3" StartOffset="14349"/>
</LocList>
<StmntSeq Intrnl_Id="998">
<LocList>
<Loc EndOffset="14362" SrcFileId="3" StartOffset="14356"/>
</LocList>
<BasicStmnt CovItemId="S281" CovItemPrefix="rules.ClassicRules.java" Intrnl_Id="999">
<LocList>
<Loc EndOffset="14362" SrcFileId="3" StartOffset="14356"/>
</LocList>
</BasicStmnt>
</StmntSeq>
</Branch>
<Branch CovItemId="B154" CovItemPrefix="rules.ClassicRules.java" Implct="true" Intrnl_Id="1000">
<Cond/>
<LocList/>
<StmntSeq Intrnl_Id="1001">
<LocList/>
</StmntSeq>
</Branch>
<Keyword EndOffset="14336" SrcFileId="3" StartOffset="14334"/>
<LocList>
<Loc EndOffset="14368" SrcFileId="3" StartOffset="14334"/>
</LocList>
<RootTerm CovItemId="C102" CovItemPrefix="rules.ClassicRules.java" Intrnl_Id="1002">
<BasicBoolTerm Intrnl_Id="1003">
<LocList>
<Loc EndOffset="14347" SrcFileId="3" StartOffset="14338"/>
</LocList>
</BasicBoolTerm>
</RootTerm>
</CondStmnt>
<BasicStmnt CovItemId="S282" CovItemPrefix="rules.ClassicRules.java" Intrnl_Id="1004">
<LocList>
<Loc EndOffset="14412" SrcFileId="3" StartOffset="14373"/>
</LocList>
</BasicStmnt>
<CondStmnt CovItemId="S283" CovItemPrefix="rules.ClassicRules.java" Intrnl_Id="1005">
<Branch CovItemId="B155" CovItemPrefix="rules.ClassicRules.java" Implct="false" Intrnl_Id="1006">
<Cond/>
<LocList>
<Loc EndOffset="14460" SrcFileId="3" StartOffset="14441"/>
</LocList>
<StmntSeq Intrnl_Id="1007">
<LocList>
<Loc EndOffset="14454" SrcFileId="3" StartOffset="14448"/>
</LocList>
<BasicStmnt CovItemId="S284" CovItemPrefix="rules.ClassicRules.java" Intrnl_Id="1008">
<LocList>
<Loc EndOffset="14454" SrcFileId="3" StartOffset="14448"/>
</LocList>
</BasicStmnt>
</StmntSeq>
</Branch>
<Branch CovItemId="B156" CovItemPrefix="rules.ClassicRules.java" Implct="true" Intrnl_Id="1009">
<Cond/>
<LocList/>
<StmntSeq Intrnl_Id="1010">
<LocList/>
</StmntSeq>
</Branch>
<Keyword EndOffset="14419" SrcFileId="3" StartOffset="14417"/>
<LocList>
<Loc EndOffset="14460" SrcFileId="3" StartOffset="14417"/>
</LocList>
<RootTerm CovItemId="C103" CovItemPrefix="rules.ClassicRules.java" Intrnl_Id="1011">
<BasicBoolTerm Intrnl_Id="1012">
<LocList>
<Loc EndOffset="14439" SrcFileId="3" StartOffset="14421"/>
</LocList>
</BasicBoolTerm>
</RootTerm>
</CondStmnt>
</StmntSeq>
<Keyword EndOffset="14265" SrcFileId="3" StartOffset="14262"/>
<LocList>
<Loc EndOffset="14465" SrcFileId="3" StartOffset="14262"/>
</LocList>
</LoopStmnt>
<LoopStmnt CovItemId="S285" CovItemPrefix="rules.ClassicRules.java" Intrnl_Id="1013" MltplExecId="L30-2" MltplExecPrefix="rules.ClassicRules.java" NvrExecId="L30-0" NvrExecPrefix="rules.ClassicRules.java" OnceExecutedId="L30-1" OnceExecutedPrefix="rules.ClassicRules.java" OptBodyExec="true">
<StmntSeq Intrnl_Id="1014">
<LocList>
<Loc EndOffset="14583" SrcFileId="3" StartOffset="14550"/>
<Loc EndOffset="14622" SrcFileId="3" StartOffset="14588"/>
<Loc EndOffset="14666" SrcFileId="3" StartOffset="14627"/>
<Loc EndOffset="14714" SrcFileId="3" StartOffset="14671"/>
</LocList>
<BasicStmnt CovItemId="S286" CovItemPrefix="rules.ClassicRules.java" Intrnl_Id="1015">
<LocList>
<Loc EndOffset="14583" SrcFileId="3" StartOffset="14550"/>
</LocList>
</BasicStmnt>
<CondStmnt CovItemId="S287" CovItemPrefix="rules.ClassicRules.java" Intrnl_Id="1016">
<Branch CovItemId="B157" CovItemPrefix="rules.ClassicRules.java" Implct="false" Intrnl_Id="1017">
<Cond/>
<LocList>
<Loc EndOffset="14622" SrcFileId="3" StartOffset="14603"/>
</LocList>
<StmntSeq Intrnl_Id="1018">
<LocList>
<Loc EndOffset="14616" SrcFileId="3" StartOffset="14610"/>
</LocList>
<BasicStmnt CovItemId="S288" CovItemPrefix="rules.ClassicRules.java" Intrnl_Id="1019">
<LocList>
<Loc EndOffset="14616" SrcFileId="3" StartOffset="14610"/>
</LocList>
</BasicStmnt>
</StmntSeq>
</Branch>
<Branch CovItemId="B158" CovItemPrefix="rules.ClassicRules.java" Implct="true" Intrnl_Id="1020">
<Cond/>
<LocList/>
<StmntSeq Intrnl_Id="1021">
<LocList/>
</StmntSeq>
</Branch>
<Keyword EndOffset="14590" SrcFileId="3" StartOffset="14588"/>
<LocList>
<Loc EndOffset="14622" SrcFileId="3" StartOffset="14588"/>
</LocList>
<RootTerm CovItemId="C105" CovItemPrefix="rules.ClassicRules.java" Intrnl_Id="1022">
<BasicBoolTerm Intrnl_Id="1023">
<LocList>
<Loc EndOffset="14601" SrcFileId="3" StartOffset="14592"/>
</LocList>
</BasicBoolTerm>
</RootTerm>
</CondStmnt>
<BasicStmnt CovItemId="S289" CovItemPrefix="rules.ClassicRules.java" Intrnl_Id="1024">
<LocList>
<Loc EndOffset="14666" SrcFileId="3" StartOffset="14627"/>
</LocList>
</BasicStmnt>
<CondStmnt CovItemId="S290" CovItemPrefix="rules.ClassicRules.java" Intrnl_Id="1025">
<Branch CovItemId="B159" CovItemPrefix="rules.ClassicRules.java" Implct="false" Intrnl_Id="1026">
<Cond/>
<LocList>
<Loc EndOffset="14714" SrcFileId="3" StartOffset="14695"/>
</LocList>
<StmntSeq Intrnl_Id="1027">
<LocList>
<Loc EndOffset="14708" SrcFileId="3" StartOffset="14702"/>
</LocList>
<BasicStmnt CovItemId="S291" CovItemPrefix="rules.ClassicRules.java" Intrnl_Id="1028">
<LocList>
<Loc EndOffset="14708" SrcFileId="3" StartOffset="14702"/>
</LocList>
</BasicStmnt>
</StmntSeq>
</Branch>
<Branch CovItemId="B160" CovItemPrefix="rules.ClassicRules.java" Implct="true" Intrnl_Id="1029">
<Cond/>
<LocList/>
<StmntSeq Intrnl_Id="1030">
<LocList/>
</StmntSeq>
</Branch>
<Keyword EndOffset="14673" SrcFileId="3" StartOffset="14671"/>
<LocList>
<Loc EndOffset="14714" SrcFileId="3" StartOffset="14671"/>
</LocList>
<RootTerm CovItemId="C106" CovItemPrefix="rules.ClassicRules.java" Intrnl_Id="1031">
<BasicBoolTerm Intrnl_Id="1032">
<LocList>
<Loc EndOffset="14693" SrcFileId="3" StartOffset="14675"/>
</LocList>
</BasicBoolTerm>
</RootTerm>
</CondStmnt>
</StmntSeq>
<Keyword EndOffset="14518" SrcFileId="3" StartOffset="14515"/>
<LocList>
<Loc EndOffset="14719" SrcFileId="3" StartOffset="14515"/>
</LocList>
</LoopStmnt>
<LoopStmnt CovItemId="S292" CovItemPrefix="rules.ClassicRules.java" Intrnl_Id="1033" MltplExecId="L31-2" MltplExecPrefix="rules.ClassicRules.java" NvrExecId="L31-0" NvrExecPrefix="rules.ClassicRules.java" OnceExecutedId="L31-1" OnceExecutedPrefix="rules.ClassicRules.java" OptBodyExec="true">
<StmntSeq Intrnl_Id="1034">
<LocList>
<Loc EndOffset="14838" SrcFileId="3" StartOffset="14805"/>
<Loc EndOffset="14877" SrcFileId="3" StartOffset="14843"/>
<Loc EndOffset="14921" SrcFileId="3" StartOffset="14882"/>
<Loc EndOffset="14969" SrcFileId="3" StartOffset="14926"/>
</LocList>
<BasicStmnt CovItemId="S293" CovItemPrefix="rules.ClassicRules.java" Intrnl_Id="1035">
<LocList>
<Loc EndOffset="14838" SrcFileId="3" StartOffset="14805"/>
</LocList>
</BasicStmnt>
<CondStmnt CovItemId="S294" CovItemPrefix="rules.ClassicRules.java" Intrnl_Id="1036">
<Branch CovItemId="B161" CovItemPrefix="rules.ClassicRules.java" Implct="false" Intrnl_Id="1037">
<Cond/>
<LocList>
<Loc EndOffset="14877" SrcFileId="3" StartOffset="14858"/>
</LocList>
<StmntSeq Intrnl_Id="1038">
<LocList>
<Loc EndOffset="14871" SrcFileId="3" StartOffset="14865"/>
</LocList>
<BasicStmnt CovItemId="S295" CovItemPrefix="rules.ClassicRules.java" Intrnl_Id="1039">
<LocList>
<Loc EndOffset="14871" SrcFileId="3" StartOffset="14865"/>
</LocList>
</BasicStmnt>
</StmntSeq>
</Branch>
<Branch CovItemId="B162" CovItemPrefix="rules.ClassicRules.java" Implct="true" Intrnl_Id="1040">
<Cond/>
<LocList/>
<StmntSeq Intrnl_Id="1041">
<LocList/>
</StmntSeq>
</Branch>
<Keyword EndOffset="14845" SrcFileId="3" StartOffset="14843"/>
<LocList>
<Loc EndOffset="14877" SrcFileId="3" StartOffset="14843"/>
</LocList>
<RootTerm CovItemId="C108" CovItemPrefix="rules.ClassicRules.java" Intrnl_Id="1042">
<BasicBoolTerm Intrnl_Id="1043">
<LocList>
<Loc EndOffset="14856" SrcFileId="3" StartOffset="14847"/>
</LocList>
</BasicBoolTerm>
</RootTerm>
</CondStmnt>
<BasicStmnt CovItemId="S296" CovItemPrefix="rules.ClassicRules.java" Intrnl_Id="1044">
<LocList>
<Loc EndOffset="14921" SrcFileId="3" StartOffset="14882"/>
</LocList>
</BasicStmnt>
<CondStmnt CovItemId="S297" CovItemPrefix="rules.ClassicRules.java" Intrnl_Id="1045">
<Branch CovItemId="B163" CovItemPrefix="rules.ClassicRules.java" Implct="false" Intrnl_Id="1046">
<Cond/>
<LocList>
<Loc EndOffset="14969" SrcFileId="3" StartOffset="14950"/>
</LocList>
<StmntSeq Intrnl_Id="1047">
<LocList>
<Loc EndOffset="14963" SrcFileId="3" StartOffset="14957"/>
</LocList>
<BasicStmnt CovItemId="S298" CovItemPrefix="rules.ClassicRules.java" Intrnl_Id="1048">
<LocList>
<Loc EndOffset="14963" SrcFileId="3" StartOffset="14957"/>
</LocList>
</BasicStmnt>
</StmntSeq>
</Branch>
<Branch CovItemId="B164" CovItemPrefix="rules.ClassicRules.java" Implct="true" Intrnl_Id="1049">
<Cond/>
<LocList/>
<StmntSeq Intrnl_Id="1050">
<LocList/>
</StmntSeq>
</Branch>
<Keyword EndOffset="14928" SrcFileId="3" StartOffset="14926"/>
<LocList>
<Loc EndOffset="14969" SrcFileId="3" StartOffset="14926"/>
</LocList>
<RootTerm CovItemId="C109" CovItemPrefix="rules.ClassicRules.java" Intrnl_Id="1051">
<BasicBoolTerm Intrnl_Id="1052">
<LocList>
<Loc EndOffset="14948" SrcFileId="3" StartOffset="14930"/>
</LocList>
</BasicBoolTerm>
</RootTerm>
</CondStmnt>
</StmntSeq>
<Keyword EndOffset="14774" SrcFileId="3" StartOffset="14771"/>
<LocList>
<Loc EndOffset="14974" SrcFileId="3" StartOffset="14771"/>
</LocList>
</LoopStmnt>
<LoopStmnt CovItemId="S299" CovItemPrefix="rules.ClassicRules.java" Intrnl_Id="1053" MltplExecId="L32-2" MltplExecPrefix="rules.ClassicRules.java" NvrExecId="L32-0" NvrExecPrefix="rules.ClassicRules.java" OnceExecutedId="L32-1" OnceExecutedPrefix="rules.ClassicRules.java" OptBodyExec="true">
<StmntSeq Intrnl_Id="1054">
<LocList>
<Loc EndOffset="15095" SrcFileId="3" StartOffset="15062"/>
<Loc EndOffset="15134" SrcFileId="3" StartOffset="15100"/>
<Loc EndOffset="15178" SrcFileId="3" StartOffset="15139"/>
<Loc EndOffset="15226" SrcFileId="3" StartOffset="15183"/>
</LocList>
<BasicStmnt CovItemId="S300" CovItemPrefix="rules.ClassicRules.java" Intrnl_Id="1055">
<LocList>
<Loc EndOffset="15095" SrcFileId="3" StartOffset="15062"/>
</LocList>
</BasicStmnt>
<CondStmnt CovItemId="S301" CovItemPrefix="rules.ClassicRules.java" Intrnl_Id="1056">
<Branch CovItemId="B165" CovItemPrefix="rules.ClassicRules.java" Implct="false" Intrnl_Id="1057">
<Cond/>
<LocList>
<Loc EndOffset="15134" SrcFileId="3" StartOffset="15115"/>
</LocList>
<StmntSeq Intrnl_Id="1058">
<LocList>
<Loc EndOffset="15128" SrcFileId="3" StartOffset="15122"/>
</LocList>
<BasicStmnt CovItemId="S302" CovItemPrefix="rules.ClassicRules.java" Intrnl_Id="1059">
<LocList>
<Loc EndOffset="15128" SrcFileId="3" StartOffset="15122"/>
</LocList>
</BasicStmnt>
</StmntSeq>
</Branch>
<Branch CovItemId="B166" CovItemPrefix="rules.ClassicRules.java" Implct="true" Intrnl_Id="1060">
<Cond/>
<LocList/>
<StmntSeq Intrnl_Id="1061">
<LocList/>
</StmntSeq>
</Branch>
<Keyword EndOffset="15102" SrcFileId="3" StartOffset="15100"/>
<LocList>
<Loc EndOffset="15134" SrcFileId="3" StartOffset="15100"/>
</LocList>
<RootTerm CovItemId="C111" CovItemPrefix="rules.ClassicRules.java" Intrnl_Id="1062">
<BasicBoolTerm Intrnl_Id="1063">
<LocList>
<Loc EndOffset="15113" SrcFileId="3" StartOffset="15104"/>
</LocList>
</BasicBoolTerm>
</RootTerm>
</CondStmnt>
<BasicStmnt CovItemId="S303" CovItemPrefix="rules.ClassicRules.java" Intrnl_Id="1064">
<LocList>
<Loc EndOffset="15178" SrcFileId="3" StartOffset="15139"/>
</LocList>
</BasicStmnt>
<CondStmnt CovItemId="S304" CovItemPrefix="rules.ClassicRules.java" Intrnl_Id="1065">
<Branch CovItemId="B167" CovItemPrefix="rules.ClassicRules.java" Implct="false" Intrnl_Id="1066">
<Cond/>
<LocList>
<Loc EndOffset="15226" SrcFileId="3" StartOffset="15207"/>
</LocList>
<StmntSeq Intrnl_Id="1067">
<LocList>
<Loc EndOffset="15220" SrcFileId="3" StartOffset="15214"/>
</LocList>
<BasicStmnt CovItemId="S305" CovItemPrefix="rules.ClassicRules.java" Intrnl_Id="1068">
<LocList>
<Loc EndOffset="15220" SrcFileId="3" StartOffset="15214"/>
</LocList>
</BasicStmnt>
</StmntSeq>
</Branch>
<Branch CovItemId="B168" CovItemPrefix="rules.ClassicRules.java" Implct="true" Intrnl_Id="1069">
<Cond/>
<LocList/>
<StmntSeq Intrnl_Id="1070">
<LocList/>
</StmntSeq>
</Branch>
<Keyword EndOffset="15185" SrcFileId="3" StartOffset="15183"/>
<LocList>
<Loc EndOffset="15226" SrcFileId="3" StartOffset="15183"/>
</LocList>
<RootTerm CovItemId="C112" CovItemPrefix="rules.ClassicRules.java" Intrnl_Id="1071">
<BasicBoolTerm Intrnl_Id="1072">
<LocList>
<Loc EndOffset="15205" SrcFileId="3" StartOffset="15187"/>
</LocList>
</BasicBoolTerm>
</RootTerm>
</CondStmnt>
</StmntSeq>
<Keyword EndOffset="15030" SrcFileId="3" StartOffset="15027"/>
<LocList>
<Loc EndOffset="15231" SrcFileId="3" StartOffset="15027"/>
</LocList>
</LoopStmnt>
</StmntSeq>
</HierarchyLvl>
<HierarchyLvl HierarchyLvlId="91" HierarchyLvlTypeId="10" Intrnl_Id="1073" Name="addKnightMoves">
<Header>
<Loc EndOffset="15333" SrcFileId="3" StartOffset="15240"/>
</Header>
<LocList>
<Loc EndOffset="16192" SrcFileId="3" StartOffset="15240"/>
</LocList>
<StmntSeq Intrnl_Id="1074">
<LocList>
<Loc EndOffset="15382" SrcFileId="3" StartOffset="15350"/>
<Loc EndOffset="15451" SrcFileId="3" StartOffset="15386"/>
<Loc EndOffset="15487" SrcFileId="3" StartOffset="15455"/>
<Loc EndOffset="15556" SrcFileId="3" StartOffset="15491"/>
<Loc EndOffset="15592" SrcFileId="3" StartOffset="15560"/>
<Loc EndOffset="15661" SrcFileId="3" StartOffset="15596"/>
<Loc EndOffset="15697" SrcFileId="3" StartOffset="15665"/>
<Loc EndOffset="15766" SrcFileId="3" StartOffset="15701"/>
<Loc EndOffset="15804" SrcFileId="3" StartOffset="15772"/>
<Loc EndOffset="15873" SrcFileId="3" StartOffset="15808"/>
<Loc EndOffset="15909" SrcFileId="3" StartOffset="15877"/>
<Loc EndOffset="15978" SrcFileId="3" StartOffset="15913"/>
<Loc EndOffset="16014" SrcFileId="3" StartOffset="15982"/>
<Loc EndOffset="16083" SrcFileId="3" StartOffset="16018"/>
<Loc EndOffset="16119" SrcFileId="3" StartOffset="16087"/>
<Loc EndOffset="16188" SrcFileId="3" StartOffset="16123"/>
</LocList>
<BasicStmnt CovItemId="S306" CovItemPrefix="rules.ClassicRules.java" Intrnl_Id="1075">
<LocList>
<Loc EndOffset="15382" SrcFileId="3" StartOffset="15350"/>
</LocList>
</BasicStmnt>
<CondStmnt CovItemId="S307" CovItemPrefix="rules.ClassicRules.java" Intrnl_Id="1076">
<Branch CovItemId="B169" CovItemPrefix="rules.ClassicRules.java" Implct="false" Intrnl_Id="1077">
<Cond/>
<LocList>
<Loc EndOffset="15451" SrcFileId="3" StartOffset="15401"/>
</LocList>
<StmntSeq Intrnl_Id="1078">
<LocList>
<Loc EndOffset="15446" SrcFileId="3" StartOffset="15407"/>
</LocList>
<BasicStmnt CovItemId="S308" CovItemPrefix="rules.ClassicRules.java" Intrnl_Id="1079">
<LocList>
<Loc EndOffset="15446" SrcFileId="3" StartOffset="15407"/>
</LocList>
</BasicStmnt>
</StmntSeq>
</Branch>
<Branch CovItemId="B170" CovItemPrefix="rules.ClassicRules.java" Implct="true" Intrnl_Id="1080">
<Cond/>
<LocList/>
<StmntSeq Intrnl_Id="1081">
<LocList/>
</StmntSeq>
</Branch>
<Keyword EndOffset="15388" SrcFileId="3" StartOffset="15386"/>
<LocList>
<Loc EndOffset="15451" SrcFileId="3" StartOffset="15386"/>
</LocList>
<RootTerm CovItemId="C113" CovItemPrefix="rules.ClassicRules.java" Intrnl_Id="1082">
<BasicBoolTerm Intrnl_Id="1083">
<LocList>
<Loc EndOffset="15399" SrcFileId="3" StartOffset="15390"/>
</LocList>
</BasicBoolTerm>
</RootTerm>
</CondStmnt>
<BasicStmnt CovItemId="S309" CovItemPrefix="rules.ClassicRules.java" Intrnl_Id="1084">
<LocList>
<Loc EndOffset="15487" SrcFileId="3" StartOffset="15455"/>
</LocList>
</BasicStmnt>
<CondStmnt CovItemId="S310" CovItemPrefix="rules.ClassicRules.java" Intrnl_Id="1085">
<Branch CovItemId="B171" CovItemPrefix="rules.ClassicRules.java" Implct="false" Intrnl_Id="1086">
<Cond/>
<LocList>
<Loc EndOffset="15556" SrcFileId="3" StartOffset="15506"/>
</LocList>
<StmntSeq Intrnl_Id="1087">
<LocList>
<Loc EndOffset="15551" SrcFileId="3" StartOffset="15512"/>
</LocList>
<BasicStmnt CovItemId="S311" CovItemPrefix="rules.ClassicRules.java" Intrnl_Id="1088">
<LocList>
<Loc EndOffset="15551" SrcFileId="3" StartOffset="15512"/>
</LocList>
</BasicStmnt>
</StmntSeq>
</Branch>
<Branch CovItemId="B172" CovItemPrefix="rules.ClassicRules.java" Implct="true" Intrnl_Id="1089">
<Cond/>
<LocList/>
<StmntSeq Intrnl_Id="1090">
<LocList/>
</StmntSeq>
</Branch>
<Keyword EndOffset="15493" SrcFileId="3" StartOffset="15491"/>
<LocList>
<Loc EndOffset="15556" SrcFileId="3" StartOffset="15491"/>
</LocList>
<RootTerm CovItemId="C114" CovItemPrefix="rules.ClassicRules.java" Intrnl_Id="1091">
<BasicBoolTerm Intrnl_Id="1092">
<LocList>
<Loc EndOffset="15504" SrcFileId="3" StartOffset="15495"/>
</LocList>
</BasicBoolTerm>
</RootTerm>
</CondStmnt>
<BasicStmnt CovItemId="S312" CovItemPrefix="rules.ClassicRules.java" Intrnl_Id="1093">
<LocList>
<Loc EndOffset="15592" SrcFileId="3" StartOffset="15560"/>
</LocList>
</BasicStmnt>
<CondStmnt CovItemId="S313" CovItemPrefix="rules.ClassicRules.java" Intrnl_Id="1094">
<Branch CovItemId="B173" CovItemPrefix="rules.ClassicRules.java" Implct="false" Intrnl_Id="1095">
<Cond/>
<LocList>
<Loc EndOffset="15661" SrcFileId="3" StartOffset="15611"/>
</LocList>
<StmntSeq Intrnl_Id="1096">
<LocList>
<Loc EndOffset="15656" SrcFileId="3" StartOffset="15617"/>
</LocList>
<BasicStmnt CovItemId="S314" CovItemPrefix="rules.ClassicRules.java" Intrnl_Id="1097">
<LocList>
<Loc EndOffset="15656" SrcFileId="3" StartOffset="15617"/>
</LocList>
</BasicStmnt>
</StmntSeq>
</Branch>
<Branch CovItemId="B174" CovItemPrefix="rules.ClassicRules.java" Implct="true" Intrnl_Id="1098">
<Cond/>
<LocList/>
<StmntSeq Intrnl_Id="1099">
<LocList/>
</StmntSeq>
</Branch>
<Keyword EndOffset="15598" SrcFileId="3" StartOffset="15596"/>
<LocList>
<Loc EndOffset="15661" SrcFileId="3" StartOffset="15596"/>
</LocList>
<RootTerm CovItemId="C115" CovItemPrefix="rules.ClassicRules.java" Intrnl_Id="1100">
<BasicBoolTerm Intrnl_Id="1101">
<LocList>
<Loc EndOffset="15609" SrcFileId="3" StartOffset="15600"/>
</LocList>
</BasicBoolTerm>
</RootTerm>
</CondStmnt>
<BasicStmnt CovItemId="S315" CovItemPrefix="rules.ClassicRules.java" Intrnl_Id="1102">
<LocList>
<Loc EndOffset="15697" SrcFileId="3" StartOffset="15665"/>
</LocList>
</BasicStmnt>
<CondStmnt CovItemId="S316" CovItemPrefix="rules.ClassicRules.java" Intrnl_Id="1103">
<Branch CovItemId="B175" CovItemPrefix="rules.ClassicRules.java" Implct="false" Intrnl_Id="1104">
<Cond/>
<LocList>
<Loc EndOffset="15766" SrcFileId="3" StartOffset="15716"/>
</LocList>
<StmntSeq Intrnl_Id="1105">
<LocList>
<Loc EndOffset="15761" SrcFileId="3" StartOffset="15722"/>
</LocList>
<BasicStmnt CovItemId="S317" CovItemPrefix="rules.ClassicRules.java" Intrnl_Id="1106">
<LocList>
<Loc EndOffset="15761" SrcFileId="3" StartOffset="15722"/>
</LocList>
</BasicStmnt>
</StmntSeq>
</Branch>
<Branch CovItemId="B176" CovItemPrefix="rules.ClassicRules.java" Implct="true" Intrnl_Id="1107">
<Cond/>
<LocList/>
<StmntSeq Intrnl_Id="1108">
<LocList/>
</StmntSeq>
</Branch>
<Keyword EndOffset="15703" SrcFileId="3" StartOffset="15701"/>
<LocList>
<Loc EndOffset="15766" SrcFileId="3" StartOffset="15701"/>
</LocList>
<RootTerm CovItemId="C116" CovItemPrefix="rules.ClassicRules.java" Intrnl_Id="1109">
<BasicBoolTerm Intrnl_Id="1110">
<LocList>
<Loc EndOffset="15714" SrcFileId="3" StartOffset="15705"/>
</LocList>
</BasicBoolTerm>
</RootTerm>
</CondStmnt>
<BasicStmnt CovItemId="S318" CovItemPrefix="rules.ClassicRules.java" Intrnl_Id="1111">
<LocList>
<Loc EndOffset="15804" SrcFileId="3" StartOffset="15772"/>
</LocList>
</BasicStmnt>
<CondStmnt CovItemId="S319" CovItemPrefix="rules.ClassicRules.java" Intrnl_Id="1112">
<Branch CovItemId="B177" CovItemPrefix="rules.ClassicRules.java" Implct="false" Intrnl_Id="1113">
<Cond/>
<LocList>
<Loc EndOffset="15873" SrcFileId="3" StartOffset="15823"/>
</LocList>
<StmntSeq Intrnl_Id="1114">
<LocList>
<Loc EndOffset="15868" SrcFileId="3" StartOffset="15829"/>
</LocList>
<BasicStmnt CovItemId="S320" CovItemPrefix="rules.ClassicRules.java" Intrnl_Id="1115">
<LocList>
<Loc EndOffset="15868" SrcFileId="3" StartOffset="15829"/>
</LocList>
</BasicStmnt>
</StmntSeq>
</Branch>
<Branch CovItemId="B178" CovItemPrefix="rules.ClassicRules.java" Implct="true" Intrnl_Id="1116">
<Cond/>
<LocList/>
<StmntSeq Intrnl_Id="1117">
<LocList/>
</StmntSeq>
</Branch>
<Keyword EndOffset="15810" SrcFileId="3" StartOffset="15808"/>
<LocList>
<Loc EndOffset="15873" SrcFileId="3" StartOffset="15808"/>
</LocList>
<RootTerm CovItemId="C117" CovItemPrefix="rules.ClassicRules.java" Intrnl_Id="1118">
<BasicBoolTerm Intrnl_Id="1119">
<LocList>
<Loc EndOffset="15821" SrcFileId="3" StartOffset="15812"/>
</LocList>
</BasicBoolTerm>
</RootTerm>
</CondStmnt>
<BasicStmnt CovItemId="S321" CovItemPrefix="rules.ClassicRules.java" Intrnl_Id="1120">
<LocList>
<Loc EndOffset="15909" SrcFileId="3" StartOffset="15877"/>
</LocList>
</BasicStmnt>
<CondStmnt CovItemId="S322" CovItemPrefix="rules.ClassicRules.java" Intrnl_Id="1121">
<Branch CovItemId="B179" CovItemPrefix="rules.ClassicRules.java" Implct="false" Intrnl_Id="1122">
<Cond/>
<LocList>
<Loc EndOffset="15978" SrcFileId="3" StartOffset="15928"/>
</LocList>
<StmntSeq Intrnl_Id="1123">
<LocList>
<Loc EndOffset="15973" SrcFileId="3" StartOffset="15934"/>
</LocList>
<BasicStmnt CovItemId="S323" CovItemPrefix="rules.ClassicRules.java" Intrnl_Id="1124">
<LocList>
<Loc EndOffset="15973" SrcFileId="3" StartOffset="15934"/>
</LocList>
</BasicStmnt>
</StmntSeq>
</Branch>
<Branch CovItemId="B180" CovItemPrefix="rules.ClassicRules.java" Implct="true" Intrnl_Id="1125">
<Cond/>
<LocList/>
<StmntSeq Intrnl_Id="1126">
<LocList/>
</StmntSeq>
</Branch>
<Keyword EndOffset="15915" SrcFileId="3" StartOffset="15913"/>
<LocList>
<Loc EndOffset="15978" SrcFileId="3" StartOffset="15913"/>
</LocList>
<RootTerm CovItemId="C118" CovItemPrefix="rules.ClassicRules.java" Intrnl_Id="1127">
<BasicBoolTerm Intrnl_Id="1128">
<LocList>
<Loc EndOffset="15926" SrcFileId="3" StartOffset="15917"/>
</LocList>
</BasicBoolTerm>
</RootTerm>
</CondStmnt>
<BasicStmnt CovItemId="S324" CovItemPrefix="rules.ClassicRules.java" Intrnl_Id="1129">
<LocList>
<Loc EndOffset="16014" SrcFileId="3" StartOffset="15982"/>
</LocList>
</BasicStmnt>
<CondStmnt CovItemId="S325" CovItemPrefix="rules.ClassicRules.java" Intrnl_Id="1130">
<Branch CovItemId="B181" CovItemPrefix="rules.ClassicRules.java" Implct="false" Intrnl_Id="1131">
<Cond/>
<LocList>
<Loc EndOffset="16083" SrcFileId="3" StartOffset="16033"/>
</LocList>
<StmntSeq Intrnl_Id="1132">
<LocList>
<Loc EndOffset="16078" SrcFileId="3" StartOffset="16039"/>
</LocList>
<BasicStmnt CovItemId="S326" CovItemPrefix="rules.ClassicRules.java" Intrnl_Id="1133">
<LocList>
<Loc EndOffset="16078" SrcFileId="3" StartOffset="16039"/>
</LocList>
</BasicStmnt>
</StmntSeq>
</Branch>
<Branch CovItemId="B182" CovItemPrefix="rules.ClassicRules.java" Implct="true" Intrnl_Id="1134">
<Cond/>
<LocList/>
<StmntSeq Intrnl_Id="1135">
<LocList/>
</StmntSeq>
</Branch>
<Keyword EndOffset="16020" SrcFileId="3" StartOffset="16018"/>
<LocList>
<Loc EndOffset="16083" SrcFileId="3" StartOffset="16018"/>
</LocList>
<RootTerm CovItemId="C119" CovItemPrefix="rules.ClassicRules.java" Intrnl_Id="1136">
<BasicBoolTerm Intrnl_Id="1137">
<LocList>
<Loc EndOffset="16031" SrcFileId="3" StartOffset="16022"/>
</LocList>
</BasicBoolTerm>
</RootTerm>
</CondStmnt>
<BasicStmnt CovItemId="S327" CovItemPrefix="rules.ClassicRules.java" Intrnl_Id="1138">
<LocList>
<Loc EndOffset="16119" SrcFileId="3" StartOffset="16087"/>
</LocList>
</BasicStmnt>
<CondStmnt CovItemId="S328" CovItemPrefix="rules.ClassicRules.java" Intrnl_Id="1139">
<Branch CovItemId="B183" CovItemPrefix="rules.ClassicRules.java" Implct="false" Intrnl_Id="1140">
<Cond/>
<LocList>
<Loc EndOffset="16188" SrcFileId="3" StartOffset="16138"/>
</LocList>
<StmntSeq Intrnl_Id="1141">
<LocList>
<Loc EndOffset="16183" SrcFileId="3" StartOffset="16144"/>
</LocList>
<BasicStmnt CovItemId="S329" CovItemPrefix="rules.ClassicRules.java" Intrnl_Id="1142">
<LocList>
<Loc EndOffset="16183" SrcFileId="3" StartOffset="16144"/>
</LocList>
</BasicStmnt>
</StmntSeq>
</Branch>
<Branch CovItemId="B184" CovItemPrefix="rules.ClassicRules.java" Implct="true" Intrnl_Id="1143">
<Cond/>
<LocList/>
<StmntSeq Intrnl_Id="1144">
<LocList/>
</StmntSeq>
</Branch>
<Keyword EndOffset="16125" SrcFileId="3" StartOffset="16123"/>
<LocList>
<Loc EndOffset="16188" SrcFileId="3" StartOffset="16123"/>
</LocList>
<RootTerm CovItemId="C120" CovItemPrefix="rules.ClassicRules.java" Intrnl_Id="1145">
<BasicBoolTerm Intrnl_Id="1146">
<LocList>
<Loc EndOffset="16136" SrcFileId="3" StartOffset="16127"/>
</LocList>
</BasicBoolTerm>
</RootTerm>
</CondStmnt>
</StmntSeq>
</HierarchyLvl>
<HierarchyLvl HierarchyLvlId="92" HierarchyLvlTypeId="10" Intrnl_Id="1147" Name="promotionChoices">
<Header>
<Loc EndOffset="16265" SrcFileId="3" StartOffset="16197"/>
</Header>
<LocList>
<Loc EndOffset="16893" SrcFileId="3" StartOffset="16197"/>
</LocList>
<StmntSeq Intrnl_Id="1148">
<LocList>
<Loc EndOffset="16366" SrcFileId="3" StartOffset="16271"/>
<Loc EndOffset="16439" SrcFileId="3" StartOffset="16370"/>
<Loc EndOffset="16514" SrcFileId="3" StartOffset="16443"/>
<Loc EndOffset="16589" SrcFileId="3" StartOffset="16518"/>
<Loc EndOffset="16663" SrcFileId="3" StartOffset="16593"/>
<Loc EndOffset="16861" SrcFileId="3" StartOffset="16671"/>
<Loc EndOffset="16889" SrcFileId="3" StartOffset="16869"/>
</LocList>
<BasicStmnt CovItemId="S330" CovItemPrefix="rules.ClassicRules.java" Intrnl_Id="1149">
<LocList>
<Loc EndOffset="16366" SrcFileId="3" StartOffset="16271"/>
</LocList>
</BasicStmnt>
<BasicStmnt CovItemId="S331" CovItemPrefix="rules.ClassicRules.java" Intrnl_Id="1150">
<LocList>
<Loc EndOffset="16439" SrcFileId="3" StartOffset="16370"/>
</LocList>
</BasicStmnt>
<BasicStmnt CovItemId="S332" CovItemPrefix="rules.ClassicRules.java" Intrnl_Id="1151">
<LocList>
<Loc EndOffset="16514" SrcFileId="3" StartOffset="16443"/>
</LocList>
</BasicStmnt>
<BasicStmnt CovItemId="S333" CovItemPrefix="rules.ClassicRules.java" Intrnl_Id="1152">
<LocList>
<Loc EndOffset="16589" SrcFileId="3" StartOffset="16518"/>
</LocList>
</BasicStmnt>
<BasicStmnt CovItemId="S334" CovItemPrefix="rules.ClassicRules.java" Intrnl_Id="1153">
<LocList>
<Loc EndOffset="16663" SrcFileId="3" StartOffset="16593"/>
</LocList>
</BasicStmnt>
<CondStmnt CovItemId="S335" CovItemPrefix="rules.ClassicRules.java" Intrnl_Id="1154">
<Branch CovItemId="B185" CovItemPrefix="rules.ClassicRules.java" Implct="false" Intrnl_Id="1155">
<Cond/>
<LocList>
<Loc EndOffset="16861" SrcFileId="3" StartOffset="16686"/>
</LocList>
<StmntSeq Intrnl_Id="1156">
<LocList>
<Loc EndOffset="16731" SrcFileId="3" StartOffset="16692"/>
<Loc EndOffset="16761" SrcFileId="3" StartOffset="16736"/>
<Loc EndOffset="16793" SrcFileId="3" StartOffset="16766"/>
<Loc EndOffset="16825" SrcFileId="3" StartOffset="16798"/>
<Loc EndOffset="16856" SrcFileId="3" StartOffset="16830"/>
</LocList>
<BasicStmnt CovItemId="S336" CovItemPrefix="rules.ClassicRules.java" Intrnl_Id="1157">
<LocList>
<Loc EndOffset="16731" SrcFileId="3" StartOffset="16692"/>
</LocList>
</BasicStmnt>
<BasicStmnt CovItemId="S337" CovItemPrefix="rules.ClassicRules.java" Intrnl_Id="1158">
<LocList>
<Loc EndOffset="16761" SrcFileId="3" StartOffset="16736"/>
</LocList>
</BasicStmnt>
<BasicStmnt CovItemId="S338" CovItemPrefix="rules.ClassicRules.java" Intrnl_Id="1159">
<LocList>
<Loc EndOffset="16793" SrcFileId="3" StartOffset="16766"/>
</LocList>
</BasicStmnt>
<BasicStmnt CovItemId="S339" CovItemPrefix="rules.ClassicRules.java" Intrnl_Id="1160">
<LocList>
<Loc EndOffset="16825" SrcFileId="3" StartOffset="16798"/>
</LocList>
</BasicStmnt>
<BasicStmnt CovItemId="S340" CovItemPrefix="rules.ClassicRules.java" Intrnl_Id="1161">
<LocList>
<Loc EndOffset="16856" SrcFileId="3" StartOffset="16830"/>
</LocList>
</BasicStmnt>
</StmntSeq>
</Branch>
<Branch CovItemId="B186" CovItemPrefix="rules.ClassicRules.java" Implct="true" Intrnl_Id="1162">
<Cond/>
<LocList/>
<StmntSeq Intrnl_Id="1163">
<LocList/>
</StmntSeq>
</Branch>
<Keyword EndOffset="16673" SrcFileId="3" StartOffset="16671"/>
<LocList>
<Loc EndOffset="16861" SrcFileId="3" StartOffset="16671"/>
</LocList>
<RootTerm CovItemId="C121" CovItemPrefix="rules.ClassicRules.java" Intrnl_Id="1164">
<BasicBoolTerm Intrnl_Id="1165">
<LocList>
<Loc EndOffset="16684" SrcFileId="3" StartOffset="16675"/>
</LocList>
</BasicBoolTerm>
</RootTerm>
</CondStmnt>
<BasicStmnt CovItemId="S341" CovItemPrefix="rules.ClassicRules.java" Intrnl_Id="1166">
<LocList>
<Loc EndOffset="16889" SrcFileId="3" StartOffset="16869"/>
</LocList>
</BasicStmnt>
</StmntSeq>
</HierarchyLvl>
</HierarchyLvl>
<HierarchyLvl HierarchyLvlId="98" HierarchyLvlTypeId="11" Intrnl_Id="1167" Name="AtomicRules">
<Header>
<Loc EndOffset="318" SrcFileId="4" StartOffset="273"/>
</Header>
<LocList>
<Loc EndOffset="3474" SrcFileId="4" StartOffset="273"/>
</LocList>
<HierarchyLvl HierarchyLvlId="94" HierarchyLvlTypeId="10" Intrnl_Id="1168" Name="AtomicRules">
<Header>
<Loc EndOffset="343" SrcFileId="4" StartOffset="323"/>
</Header>
<LocList>
<Loc EndOffset="352" SrcFileId="4" StartOffset="323"/>
</LocList>
</HierarchyLvl>
<HierarchyLvl HierarchyLvlId="95" HierarchyLvlTypeId="10" Intrnl_Id="1169" Name="movePiece">
<Header>
<Loc EndOffset="446" SrcFileId="4" StartOffset="358"/>
</Header>
<LocList>
<Loc EndOffset="1866" SrcFileId="4" StartOffset="358"/>
</LocList>
<StmntSeq Intrnl_Id="1170">
<LocList>
<Loc EndOffset="481" SrcFileId="4" StartOffset="452"/>
<Loc EndOffset="512" SrcFileId="4" StartOffset="485"/>
<Loc EndOffset="544" SrcFileId="4" StartOffset="516"/>
<Loc EndOffset="578" SrcFileId="4" StartOffset="548"/>
<Loc EndOffset="638" SrcFileId="4" StartOffset="582"/>
<Loc EndOffset="705" SrcFileId="4" StartOffset="642"/>
<Loc EndOffset="1590" SrcFileId="4" StartOffset="709"/>
<Loc EndOffset="1695" SrcFileId="4" StartOffset="1594"/>
<Loc EndOffset="1844" SrcFileId="4" StartOffset="1701"/>
<Loc EndOffset="1862" SrcFileId="4" StartOffset="1850"/>
</LocList>
<BasicStmnt CovItemId="S1" CovItemPrefix="rules.AtomicRules.java" Intrnl_Id="1171">
<LocList>
<Loc EndOffset="481" SrcFileId="4" StartOffset="452"/>
</LocList>
</BasicStmnt>
<BasicStmnt CovItemId="S2" CovItemPrefix="rules.AtomicRules.java" Intrnl_Id="1172">
<LocList>
<Loc EndOffset="512" SrcFileId="4" StartOffset="485"/>
</LocList>
</BasicStmnt>
<BasicStmnt CovItemId="S3" CovItemPrefix="rules.AtomicRules.java" Intrnl_Id="1173">
<LocList>
<Loc EndOffset="544" SrcFileId="4" StartOffset="516"/>
</LocList>
</BasicStmnt>
<BasicStmnt CovItemId="S4" CovItemPrefix="rules.AtomicRules.java" Intrnl_Id="1174">
<LocList>
<Loc EndOffset="578" SrcFileId="4" StartOffset="548"/>
</LocList>
</BasicStmnt>
<BasicStmnt CovItemId="S5" CovItemPrefix="rules.AtomicRules.java" Intrnl_Id="1175">
<LocList>
<Loc EndOffset="638" SrcFileId="4" StartOffset="582"/>
</LocList>
</BasicStmnt>
<BasicStmnt CovItemId="S6" CovItemPrefix="rules.AtomicRules.java" Intrnl_Id="1176">
<LocList>
<Loc EndOffset="705" SrcFileId="4" StartOffset="642"/>
</LocList>
</BasicStmnt>
<LoopStmnt CovItemId="S7" CovItemPrefix="rules.AtomicRules.java" Intrnl_Id="1177" MltplExecId="L1-2" MltplExecPrefix="rules.AtomicRules.java" NvrExecId="L1-0" NvrExecPrefix="rules.AtomicRules.java" OnceExecutedId="L1-1" OnceExecutedPrefix="rules.AtomicRules.java" OptBodyExec="true">
<StmntSeq Intrnl_Id="1178">
<LocList>
<Loc EndOffset="1585" SrcFileId="4" StartOffset="739"/>
</LocList>
<CondStmnt CovItemId="S8" CovItemPrefix="rules.AtomicRules.java" Intrnl_Id="1179">
<Branch CovItemId="B1" CovItemPrefix="rules.AtomicRules.java" Implct="false" Intrnl_Id="1180">
<Cond/>
<LocList>
<Loc EndOffset="1585" SrcFileId="4" StartOffset="787"/>
</LocList>
<StmntSeq Intrnl_Id="1181">
<LocList>
<Loc EndOffset="1399" SrcFileId="4" StartOffset="794"/>
<Loc EndOffset="1542" SrcFileId="4" StartOffset="1405"/>
<Loc EndOffset="1567" SrcFileId="4" StartOffset="1548"/>
<Loc EndOffset="1579" SrcFileId="4" StartOffset="1573"/>
</LocList>
<LoopStmnt CovItemId="S9" CovItemPrefix="rules.AtomicRules.java" Intrnl_Id="1182" MltplExecId="L2-2" MltplExecPrefix="rules.AtomicRules.java" NvrExecId="L2-0" NvrExecPrefix="rules.AtomicRules.java" OnceExecutedId="L2-1" OnceExecutedPrefix="rules.AtomicRules.java" OptBodyExec="true">
<StmntSeq Intrnl_Id="1183">
<LocList>
<Loc EndOffset="986" SrcFileId="4" StartOffset="851"/>
<Loc EndOffset="1042" SrcFileId="4" StartOffset="1000"/>
<Loc EndOffset="1164" SrcFileId="4" StartOffset="1089"/>
<Loc EndOffset="1257" SrcFileId="4" StartOffset="1171"/>
<Loc EndOffset="1284" SrcFileId="4" StartOffset="1264"/>
<Loc EndOffset="1361" SrcFileId="4" StartOffset="1291"/>
<Loc EndOffset="1392" SrcFileId="4" StartOffset="1368"/>
</LocList>
<CondStmnt CovItemId="S10" CovItemPrefix="rules.AtomicRules.java" Intrnl_Id="1184">
<Branch CovItemId="B3" CovItemPrefix="rules.AtomicRules.java" Implct="false" Intrnl_Id="1185">
<Cond/>
<LocList>
<Loc EndOffset="986" SrcFileId="4" StartOffset="884"/>
</LocList>
<StmntSeq Intrnl_Id="1186">
<LocList>
<Loc EndOffset="961" SrcFileId="4" StartOffset="893"/>
<Loc EndOffset="978" SrcFileId="4" StartOffset="969"/>
</LocList>
<BasicStmnt CovItemId="S11" CovItemPrefix="rules.AtomicRules.java" Intrnl_Id="1187">
<LocList>
<Loc EndOffset="961" SrcFileId="4" StartOffset="893"/>
</LocList>
</BasicStmnt>
<BasicStmnt CovItemId="S12" CovItemPrefix="rules.AtomicRules.java" Intrnl_Id="1188">
<LocList>
<Loc EndOffset="978" SrcFileId="4" StartOffset="969"/>
</LocList>
</BasicStmnt>
</StmntSeq>
</Branch>
<Branch CovItemId="B4" CovItemPrefix="rules.AtomicRules.java" Implct="true" Intrnl_Id="1189">
<Cond/>
<LocList/>
<StmntSeq Intrnl_Id="1190">
<LocList/>
</StmntSeq>
</Branch>
<Keyword EndOffset="853" SrcFileId="4" StartOffset="851"/>
<LocList>
<Loc EndOffset="986" SrcFileId="4" StartOffset="851"/>
</LocList>
<RootTerm CovItemId="C2" CovItemPrefix="rules.AtomicRules.java" Intrnl_Id="1191">
<BasicBoolTerm Intrnl_Id="1192">
<LocList>
<Loc EndOffset="883" SrcFileId="4" StartOffset="854"/>
</LocList>
</BasicBoolTerm>
</RootTerm>
</CondStmnt>
<BasicStmnt CovItemId="S13" CovItemPrefix="rules.AtomicRules.java" Intrnl_Id="1193">
<LocList>
<Loc EndOffset="1042" SrcFileId="4" StartOffset="1000"/>
</LocList>
</BasicStmnt>
<CondStmnt CovItemId="S14" CovItemPrefix="rules.AtomicRules.java" Intrnl_Id="1194">
<Branch CovItemId="B5" CovItemPrefix="rules.AtomicRules.java" Implct="false" Intrnl_Id="1195">
<Cond/>
<LocList>
<Loc EndOffset="1164" SrcFileId="4" StartOffset="1126"/>
</LocList>
<StmntSeq Intrnl_Id="1196">
<LocList>
<Loc EndOffset="1156" SrcFileId="4" StartOffset="1135"/>
</LocList>
<BasicStmnt CovItemId="S15" CovItemPrefix="rules.AtomicRules.java" Intrnl_Id="1197">
<LocList>
<Loc EndOffset="1156" SrcFileId="4" StartOffset="1135"/>
</LocList>
</BasicStmnt>
</StmntSeq>
</Branch>
<Branch CovItemId="B6" CovItemPrefix="rules.AtomicRules.java" Implct="true" Intrnl_Id="1198">
<Cond/>
<LocList/>
<StmntSeq Intrnl_Id="1199">
<LocList/>
</StmntSeq>
</Branch>
<Keyword EndOffset="1091" SrcFileId="4" StartOffset="1089"/>
<LocList>
<Loc EndOffset="1164" SrcFileId="4" StartOffset="1089"/>
</LocList>
<RootTerm CovItemId="C3" CovItemPrefix="rules.AtomicRules.java" Intrnl_Id="1200">
<OpTerm BooleanOpId="6" Intrnl_Id="1201">
<BasicBoolTerm Intrnl_Id="1202">
<LocList>
<Loc EndOffset="1102" SrcFileId="4" StartOffset="1093"/>
</LocList>
</BasicBoolTerm>
<BasicBoolTerm Intrnl_Id="1203">
<LocList>
<Loc EndOffset="1124" SrcFileId="4" StartOffset="1106"/>
</LocList>
</BasicBoolTerm>
<LocList>
<Loc EndOffset="1105" SrcFileId="4" StartOffset="1103"/>
</LocList>
</OpTerm>
</RootTerm>
</CondStmnt>
<BasicStmnt CovItemId="S16" CovItemPrefix="rules.AtomicRules.java" Intrnl_Id="1204">
<LocList>
<Loc EndOffset="1257" SrcFileId="4" StartOffset="1171"/>
</LocList>
</BasicStmnt>
<BasicStmnt CovItemId="S17" CovItemPrefix="rules.AtomicRules.java" Intrnl_Id="1205">
<LocList>
<Loc EndOffset="1284" SrcFileId="4" StartOffset="1264"/>
</LocList>
</BasicStmnt>
<CondStmnt CovItemId="S18" CovItemPrefix="rules.AtomicRules.java" Intrnl_Id="1206">
<Branch CovItemId="B7" CovItemPrefix="rules.AtomicRules.java" Implct="false" Intrnl_Id="1207">
<Cond/>
<LocList>
<Loc EndOffset="1361" SrcFileId="4" StartOffset="1311"/>
</LocList>
<StmntSeq Intrnl_Id="1208">
<LocList>
<Loc EndOffset="1353" SrcFileId="4" StartOffset="1320"/>
</LocList>
<BasicStmnt CovItemId="S19" CovItemPrefix="rules.AtomicRules.java" Intrnl_Id="1209">
<LocList>
<Loc EndOffset="1353" SrcFileId="4" StartOffset="1320"/>
</LocList>
</BasicStmnt>
</StmntSeq>
</Branch>
<Branch CovItemId="B8" CovItemPrefix="rules.AtomicRules.java" Implct="true" Intrnl_Id="1210">
<Cond/>
<LocList/>
<StmntSeq Intrnl_Id="1211">
<LocList/>
</StmntSeq>
</Branch>
<Keyword EndOffset="1293" SrcFileId="4" StartOffset="1291"/>
<LocList>
<Loc EndOffset="1361" SrcFileId="4" StartOffset="1291"/>
</LocList>
<RootTerm CovItemId="C4" CovItemPrefix="rules.AtomicRules.java" Intrnl_Id="1212">
<BasicBoolTerm Intrnl_Id="1213">
<LocList>
<Loc EndOffset="1310" SrcFileId="4" StartOffset="1294"/>
</LocList>
</BasicBoolTerm>
</RootTerm>
</CondStmnt>
<BasicStmnt CovItemId="S20" CovItemPrefix="rules.AtomicRules.java" Intrnl_Id="1214">
<LocList>
<Loc EndOffset="1392" SrcFileId="4" StartOffset="1368"/>
</LocList>
</BasicStmnt>
</StmntSeq>
<Keyword EndOffset="797" SrcFileId="4" StartOffset="794"/>
<LocList>
<Loc EndOffset="1399" SrcFileId="4" StartOffset="794"/>
</LocList>
</LoopStmnt>
<CondStmnt CovItemId="S21" CovItemPrefix="rules.AtomicRules.java" Intrnl_Id="1215">
<Branch CovItemId="B9" CovItemPrefix="rules.AtomicRules.java" Implct="false" Intrnl_Id="1216">
<Cond/>
<LocList>
<Loc EndOffset="1491" SrcFileId="4" StartOffset="1425"/>
</LocList>
<StmntSeq Intrnl_Id="1217">
<LocList>
<Loc EndOffset="1484" SrcFileId="4" StartOffset="1433"/>
</LocList>
<BasicStmnt CovItemId="S22" CovItemPrefix="rules.AtomicRules.java" Intrnl_Id="1218">
<LocList>
<Loc EndOffset="1484" SrcFileId="4" StartOffset="1433"/>
</LocList>
</BasicStmnt>
</StmntSeq>
</Branch>
<Branch CovItemId="B10" CovItemPrefix="rules.AtomicRules.java" Implct="false" Intrnl_Id="1219">
<Cond>
<Loc EndOffset="1501" SrcFileId="4" StartOffset="1497"/>
</Cond>
<LocList>
<Loc EndOffset="1542" SrcFileId="4" StartOffset="1502"/>
</LocList>
<StmntSeq Intrnl_Id="1220">
<LocList>
<Loc EndOffset="1535" SrcFileId="4" StartOffset="1510"/>
</LocList>
<BasicStmnt CovItemId="S23" CovItemPrefix="rules.AtomicRules.java" Intrnl_Id="1221">
<LocList>
<Loc EndOffset="1535" SrcFileId="4" StartOffset="1510"/>
</LocList>
</BasicStmnt>
</StmntSeq>
</Branch>
<Keyword EndOffset="1407" SrcFileId="4" StartOffset="1405"/>
<LocList>
<Loc EndOffset="1542" SrcFileId="4" StartOffset="1405"/>
</LocList>
<RootTerm CovItemId="C5" CovItemPrefix="rules.AtomicRules.java" Intrnl_Id="1222">
<OpTerm BooleanOpId="8" Intrnl_Id="1223">
<BasicBoolTerm Intrnl_Id="1224">
<LocList>
<Loc EndOffset="1423" SrcFileId="4" StartOffset="1410"/>
</LocList>
</BasicBoolTerm>
<LocList>
<Loc EndOffset="1410" SrcFileId="4" StartOffset="1409"/>
</LocList>
</OpTerm>
</RootTerm>
</CondStmnt>
<BasicStmnt CovItemId="S24" CovItemPrefix="rules.AtomicRules.java" Intrnl_Id="1225">
<LocList>
<Loc EndOffset="1567" SrcFileId="4" StartOffset="1548"/>
</LocList>
</BasicStmnt>
<BasicStmnt CovItemId="S25" CovItemPrefix="rules.AtomicRules.java" Intrnl_Id="1226">
<LocList>
<Loc EndOffset="1579" SrcFileId="4" StartOffset="1573"/>
</LocList>
</BasicStmnt>
</StmntSeq>
</Branch>
<Branch CovItemId="B2" CovItemPrefix="rules.AtomicRules.java" Implct="true" Intrnl_Id="1227">
<Cond/>
<LocList/>
<StmntSeq Intrnl_Id="1228">
<LocList/>
</StmntSeq>
</Branch>
<Keyword EndOffset="741" SrcFileId="4" StartOffset="739"/>
<LocList>
<Loc EndOffset="1585" SrcFileId="4" StartOffset="739"/>
</LocList>
<RootTerm CovItemId="C1" CovItemPrefix="rules.AtomicRules.java" Intrnl_Id="1229">
<OpTerm BooleanOpId="6" Intrnl_Id="1230">
<BasicBoolTerm Intrnl_Id="1231">
<LocList>
<Loc EndOffset="762" SrcFileId="4" StartOffset="743"/>
</LocList>
</BasicBoolTerm>
<BasicBoolTerm Intrnl_Id="1232">
<LocList>
<Loc EndOffset="785" SrcFileId="4" StartOffset="766"/>
</LocList>
</BasicBoolTerm>
<LocList>
<Loc EndOffset="765" SrcFileId="4" StartOffset="763"/>
</LocList>
</OpTerm>
</RootTerm>
</CondStmnt>
</StmntSeq>
<Keyword EndOffset="712" SrcFileId="4" StartOffset="709"/>
<LocList>
<Loc EndOffset="1590" SrcFileId="4" StartOffset="709"/>
</LocList>
</LoopStmnt>
<CondStmnt CovItemId="S26" CovItemPrefix="rules.AtomicRules.java" Intrnl_Id="1233">
<Branch CovItemId="B11" CovItemPrefix="rules.AtomicRules.java" Implct="false" Intrnl_Id="1234">
<Cond/>
<LocList>
<Loc EndOffset="1695" SrcFileId="4" StartOffset="1612"/>
</LocList>
<StmntSeq Intrnl_Id="1235">
<LocList>
<Loc EndOffset="1690" SrcFileId="4" StartOffset="1618"/>
</LocList>
<BasicStmnt CovItemId="S27" CovItemPrefix="rules.AtomicRules.java" Intrnl_Id="1236">
<LocList>
<Loc EndOffset="1690" SrcFileId="4" StartOffset="1618"/>
</LocList>
</BasicStmnt>
</StmntSeq>
</Branch>
<Branch CovItemId="B12" CovItemPrefix="rules.AtomicRules.java" Implct="true" Intrnl_Id="1237">
<Cond/>
<LocList/>
<StmntSeq Intrnl_Id="1238">
<LocList/>
</StmntSeq>
</Branch>
<Keyword EndOffset="1596" SrcFileId="4" StartOffset="1594"/>
<LocList>
<Loc EndOffset="1695" SrcFileId="4" StartOffset="1594"/>
</LocList>
<RootTerm CovItemId="C6" CovItemPrefix="rules.AtomicRules.java" Intrnl_Id="1239">
<OpTerm BooleanOpId="8" Intrnl_Id="1240">
<BasicBoolTerm Intrnl_Id="1241">
<LocList>
<Loc EndOffset="1610" SrcFileId="4" StartOffset="1599"/>
</LocList>
</BasicBoolTerm>
<LocList>
<Loc EndOffset="1599" SrcFileId="4" StartOffset="1598"/>
</LocList>
</OpTerm>
</RootTerm>
</CondStmnt>
<CondStmnt CovItemId="S28" CovItemPrefix="rules.AtomicRules.java" Intrnl_Id="1242">
<Branch CovItemId="B13" CovItemPrefix="rules.AtomicRules.java" Implct="false" Intrnl_Id="1243">
<Cond/>
<LocList>
<Loc EndOffset="1767" SrcFileId="4" StartOffset="1738"/>
</LocList>
<StmntSeq Intrnl_Id="1244">
<LocList>
<Loc EndOffset="1762" SrcFileId="4" StartOffset="1744"/>
</LocList>
<BasicStmnt CovItemId="S29" CovItemPrefix="rules.AtomicRules.java" Intrnl_Id="1245">
<LocList>
<Loc EndOffset="1762" SrcFileId="4" StartOffset="1744"/>
</LocList>
</BasicStmnt>
</StmntSeq>
</Branch>
<Branch CovItemId="B14" CovItemPrefix="rules.AtomicRules.java" Implct="false" Intrnl_Id="1246">
<Cond>
<Loc EndOffset="1772" SrcFileId="4" StartOffset="1768"/>
</Cond>
<LocList>
<Loc EndOffset="1844" SrcFileId="4" StartOffset="1773"/>
</LocList>
<StmntSeq Intrnl_Id="1247">
<LocList>
<Loc EndOffset="1839" SrcFileId="4" StartOffset="1779"/>
</LocList>
<BasicStmnt CovItemId="S30" CovItemPrefix="rules.AtomicRules.java" Intrnl_Id="1248">
<LocList>
<Loc EndOffset="1839" SrcFileId="4" StartOffset="1779"/>
</LocList>
</BasicStmnt>
</StmntSeq>
</Branch>
<Keyword EndOffset="1703" SrcFileId="4" StartOffset="1701"/>
<LocList>
<Loc EndOffset="1844" SrcFileId="4" StartOffset="1701"/>
</LocList>
<RootTerm CovItemId="C7" CovItemPrefix="rules.AtomicRules.java" Intrnl_Id="1249">
<OpTerm BooleanOpId="8" Intrnl_Id="1250">
<BasicBoolTerm Intrnl_Id="1251">
<LocList>
<Loc EndOffset="1736" SrcFileId="4" StartOffset="1706"/>
</LocList>
</BasicBoolTerm>
<LocList>
<Loc EndOffset="1706" SrcFileId="4" StartOffset="1705"/>
</LocList>
</OpTerm>
</RootTerm>
</CondStmnt>
<BasicStmnt CovItemId="S31" CovItemPrefix="rules.AtomicRules.java" Intrnl_Id="1252">
<LocList>
<Loc EndOffset="1862" SrcFileId="4" StartOffset="1850"/>
</LocList>
</BasicStmnt>
</StmntSeq>
</HierarchyLvl>
<HierarchyLvl HierarchyLvlId="96" HierarchyLvlTypeId="10" Intrnl_Id="1253" Name="atomicCapture">
<Header>
<Loc EndOffset="1915" SrcFileId="4" StartOffset="1872"/>
</Header>
<LocList>
<Loc EndOffset="2424" SrcFileId="4" StartOffset="1872"/>
</LocList>
<StmntSeq Intrnl_Id="1254">
<LocList>
<Loc EndOffset="2420" SrcFileId="4" StartOffset="1967"/>
</LocList>
<LoopStmnt CovItemId="S32" CovItemPrefix="rules.AtomicRules.java" Intrnl_Id="1255" MltplExecId="L3-2" MltplExecPrefix="rules.AtomicRules.java" NvrExecId="L3-0" NvrExecPrefix="rules.AtomicRules.java" OnceExecutedId="L3-1" OnceExecutedPrefix="rules.AtomicRules.java" OptBodyExec="true">
<StmntSeq Intrnl_Id="1256">
<LocList>
<Loc EndOffset="2415" SrcFileId="4" StartOffset="2002"/>
</LocList>
<LoopStmnt CovItemId="S33" CovItemPrefix="rules.AtomicRules.java" Intrnl_Id="1257" MltplExecId="L4-2" MltplExecPrefix="rules.AtomicRules.java" NvrExecId="L4-0" NvrExecPrefix="rules.AtomicRules.java" OnceExecutedId="L4-1" OnceExecutedPrefix="rules.AtomicRules.java" OptBodyExec="true">
<StmntSeq Intrnl_Id="1258">
<LocList>
<Loc EndOffset="2409" SrcFileId="4" StartOffset="2084"/>
</LocList>
<CondStmnt CovItemId="S34" CovItemPrefix="rules.AtomicRules.java" Intrnl_Id="1259">
<Branch CovItemId="B15" CovItemPrefix="rules.AtomicRules.java" Implct="false" Intrnl_Id="1260">
<Cond/>
<LocList>
<Loc EndOffset="2409" SrcFileId="4" StartOffset="2193"/>
</LocList>
<StmntSeq Intrnl_Id="1261">
<LocList>
<Loc EndOffset="2245" SrcFileId="4" StartOffset="2208"/>
<Loc EndOffset="2402" SrcFileId="4" StartOffset="2252"/>
</LocList>
<BasicStmnt CovItemId="S35" CovItemPrefix="rules.AtomicRules.java" Intrnl_Id="1262">
<LocList>
<Loc EndOffset="2245" SrcFileId="4" StartOffset="2208"/>
</LocList>
</BasicStmnt>
<CondStmnt CovItemId="S36" CovItemPrefix="rules.AtomicRules.java" Intrnl_Id="1263">
<Branch CovItemId="B17" CovItemPrefix="rules.AtomicRules.java" Implct="false" Intrnl_Id="1264">
<Cond/>
<LocList>
<Loc EndOffset="2402" SrcFileId="4" StartOffset="2345"/>
</LocList>
<StmntSeq Intrnl_Id="1265">
<LocList>
<Loc EndOffset="2394" SrcFileId="4" StartOffset="2377"/>
</LocList>
<BasicStmnt CovItemId="S37" CovItemPrefix="rules.AtomicRules.java" Intrnl_Id="1266">
<LocList>
<Loc EndOffset="2394" SrcFileId="4" StartOffset="2377"/>
</LocList>
</BasicStmnt>
</StmntSeq>
</Branch>
<Branch CovItemId="B18" CovItemPrefix="rules.AtomicRules.java" Implct="true" Intrnl_Id="1267">
<Cond/>
<LocList/>
<StmntSeq Intrnl_Id="1268">
<LocList/>
</StmntSeq>
</Branch>
<Keyword EndOffset="2254" SrcFileId="4" StartOffset="2252"/>
<LocList>
<Loc EndOffset="2402" SrcFileId="4" StartOffset="2252"/>
</LocList>
<RootTerm CovItemId="C11" CovItemPrefix="rules.AtomicRules.java" Intrnl_Id="1269">
<OpTerm BooleanOpId="7" Intrnl_Id="1270">
<OpTerm BooleanOpId="6" Intrnl_Id="1271">
<BasicBoolTerm Intrnl_Id="1272">
<LocList>
<Loc EndOffset="2275" SrcFileId="4" StartOffset="2257"/>
</LocList>
</BasicBoolTerm>
<BasicBoolTerm Intrnl_Id="1273">
<LocList>
<Loc EndOffset="2312" SrcFileId="4" StartOffset="2279"/>
</LocList>
</BasicBoolTerm>
<LocList>
<Loc EndOffset="2278" SrcFileId="4" StartOffset="2276"/>
</LocList>
</OpTerm>
<OpTerm BooleanOpId="6" Intrnl_Id="1274">
<BasicBoolTerm Intrnl_Id="1275">
<LocList>
<Loc EndOffset="2332" SrcFileId="4" StartOffset="2326"/>
</LocList>
</BasicBoolTerm>
<BasicBoolTerm Intrnl_Id="1276">
<LocList>
<Loc EndOffset="2342" SrcFileId="4" StartOffset="2336"/>
</LocList>
</BasicBoolTerm>
<LocList>
<Loc EndOffset="2335" SrcFileId="4" StartOffset="2333"/>
</LocList>
</OpTerm>
<LocList>
<Loc EndOffset="2324" SrcFileId="4" StartOffset="2322"/>
</LocList>
</OpTerm>
</RootTerm>
</CondStmnt>
</StmntSeq>
</Branch>
<Branch CovItemId="B16" CovItemPrefix="rules.AtomicRules.java" Implct="true" Intrnl_Id="1277">
<Cond/>
<LocList/>
<StmntSeq Intrnl_Id="1278">
<LocList/>
</StmntSeq>
</Branch>
<Keyword EndOffset="2086" SrcFileId="4" StartOffset="2084"/>
<LocList>
<Loc EndOffset="2409" SrcFileId="4" StartOffset="2084"/>
</LocList>
<RootTerm CovItemId="C10" CovItemPrefix="rules.AtomicRules.java" Intrnl_Id="1279">
<OpTerm BooleanOpId="6" Intrnl_Id="1280">
<OpTerm BooleanOpId="6" Intrnl_Id="1281">
<OpTerm BooleanOpId="6" Intrnl_Id="1282">
<BasicBoolTerm Intrnl_Id="1283">
<LocList>
<Loc EndOffset="2100" SrcFileId="4" StartOffset="2088"/>
</LocList>
</BasicBoolTerm>
<BasicBoolTerm Intrnl_Id="1284">
<LocList>
<Loc EndOffset="2116" SrcFileId="4" StartOffset="2104"/>
</LocList>
</BasicBoolTerm>
<LocList>
<Loc EndOffset="2103" SrcFileId="4" StartOffset="2101"/>
</LocList>
</OpTerm>
<BasicBoolTerm Intrnl_Id="1285">
<LocList>
<Loc EndOffset="2152" SrcFileId="4" StartOffset="2128"/>
</LocList>
</BasicBoolTerm>
<LocList>
<Loc EndOffset="2127" SrcFileId="4" StartOffset="2125"/>
</LocList>
</OpTerm>
<BasicBoolTerm Intrnl_Id="1286">
<LocList>
<Loc EndOffset="2191" SrcFileId="4" StartOffset="2164"/>
</LocList>
</BasicBoolTerm>
<LocList>
<Loc EndOffset="2163" SrcFileId="4" StartOffset="2161"/>
</LocList>
</OpTerm>
</RootTerm>
</CondStmnt>
</StmntSeq>
<Keyword EndOffset="2005" SrcFileId="4" StartOffset="2002"/>
<LocList>
<Loc EndOffset="2415" SrcFileId="4" StartOffset="2002"/>
</LocList>
<RootTerm CovItemId="C9" CovItemPrefix="rules.AtomicRules.java" Intrnl_Id="1287">
<BasicBoolTerm Intrnl_Id="1288">
<LocList>
<Loc EndOffset="2024" SrcFileId="4" StartOffset="2019"/>
</LocList>
</BasicBoolTerm>
</RootTerm>
</LoopStmnt>
</StmntSeq>
<Keyword EndOffset="1970" SrcFileId="4" StartOffset="1967"/>
<LocList>
<Loc EndOffset="2420" SrcFileId="4" StartOffset="1967"/>
</LocList>
<RootTerm CovItemId="C8" CovItemPrefix="rules.AtomicRules.java" Intrnl_Id="1289">
<BasicBoolTerm Intrnl_Id="1290">
<LocList>
<Loc EndOffset="1989" SrcFileId="4" StartOffset="1984"/>
</LocList>
</BasicBoolTerm>
</RootTerm>
</LoopStmnt>
</StmntSeq>
</HierarchyLvl>
<HierarchyLvl HierarchyLvlId="97" HierarchyLvlTypeId="10" Intrnl_Id="1291" Name="isInCheck">
<Header>
<Loc EndOffset="2471" SrcFileId="4" StartOffset="2429"/>
</Header>
<LocList>
<Loc EndOffset="3471" SrcFileId="4" StartOffset="2429"/>
</LocList>
<StmntSeq Intrnl_Id="1292">
<LocList>
<Loc EndOffset="2497" SrcFileId="4" StartOffset="2479"/>
<Loc EndOffset="2523" SrcFileId="4" StartOffset="2501"/>
<Loc EndOffset="2843" SrcFileId="4" StartOffset="2570"/>
<Loc EndOffset="2965" SrcFileId="4" StartOffset="2924"/>
<Loc EndOffset="3448" SrcFileId="4" StartOffset="3003"/>
<Loc EndOffset="3467" SrcFileId="4" StartOffset="3454"/>
</LocList>
<BasicStmnt CovItemId="S38" CovItemPrefix="rules.AtomicRules.java" Intrnl_Id="1293">
<LocList>
<Loc EndOffset="2497" SrcFileId="4" StartOffset="2479"/>
</LocList>
</BasicStmnt>
<BasicStmnt CovItemId="S39" CovItemPrefix="rules.AtomicRules.java" Intrnl_Id="1294">
<LocList>
<Loc EndOffset="2523" SrcFileId="4" StartOffset="2501"/>
</LocList>
</BasicStmnt>
<LoopStmnt CovItemId="S40" CovItemPrefix="rules.AtomicRules.java" Intrnl_Id="1295" MltplExecId="L5-2" MltplExecPrefix="rules.AtomicRules.java" NvrExecId="L5-0" NvrExecPrefix="rules.AtomicRules.java" OnceExecutedId="L5-1" OnceExecutedPrefix="rules.AtomicRules.java" OptBodyExec="true">
<StmntSeq Intrnl_Id="1296">
<LocList>
<Loc EndOffset="2838" SrcFileId="4" StartOffset="2627"/>
</LocList>
<LoopStmnt CovItemId="S41" CovItemPrefix="rules.AtomicRules.java" Intrnl_Id="1297" MltplExecId="L6-2" MltplExecPrefix="rules.AtomicRules.java" NvrExecId="L6-0" NvrExecPrefix="rules.AtomicRules.java" OnceExecutedId="L6-1" OnceExecutedPrefix="rules.AtomicRules.java" OptBodyExec="true">
<StmntSeq Intrnl_Id="1298">
<LocList>
<Loc EndOffset="2721" SrcFileId="4" StartOffset="2675"/>
<Loc EndOffset="2832" SrcFileId="4" StartOffset="2727"/>
</LocList>
<BasicStmnt CovItemId="S42" CovItemPrefix="rules.AtomicRules.java" Intrnl_Id="1299">
<LocList>
<Loc EndOffset="2721" SrcFileId="4" StartOffset="2675"/>
</LocList>
</BasicStmnt>
<CondStmnt CovItemId="S43" CovItemPrefix="rules.AtomicRules.java" Intrnl_Id="1300">
<Branch CovItemId="B19" CovItemPrefix="rules.AtomicRules.java" Implct="false" Intrnl_Id="1301">
<Cond/>
<LocList>
<Loc EndOffset="2832" SrcFileId="4" StartOffset="2786"/>
</LocList>
<StmntSeq Intrnl_Id="1302">
<LocList>
<Loc EndOffset="2803" SrcFileId="4" StartOffset="2794"/>
<Loc EndOffset="2825" SrcFileId="4" StartOffset="2810"/>
</LocList>
<BasicStmnt CovItemId="S44" CovItemPrefix="rules.AtomicRules.java" Intrnl_Id="1303">
<LocList>
<Loc EndOffset="2803" SrcFileId="4" StartOffset="2794"/>
</LocList>
</BasicStmnt>
<BasicStmnt CovItemId="S45" CovItemPrefix="rules.AtomicRules.java" Intrnl_Id="1304">
<LocList>
<Loc EndOffset="2825" SrcFileId="4" StartOffset="2810"/>
</LocList>
</BasicStmnt>
</StmntSeq>
</Branch>
<Branch CovItemId="B20" CovItemPrefix="rules.AtomicRules.java" Implct="true" Intrnl_Id="1305">
<Cond/>
<LocList/>
<StmntSeq Intrnl_Id="1306">
<LocList/>
</StmntSeq>
</Branch>
<Keyword EndOffset="2729" SrcFileId="4" StartOffset="2727"/>
<LocList>
<Loc EndOffset="2832" SrcFileId="4" StartOffset="2727"/>
</LocList>
<RootTerm CovItemId="C14" CovItemPrefix="rules.AtomicRules.java" Intrnl_Id="1307">
<OpTerm BooleanOpId="6" Intrnl_Id="1308">
<OpTerm BooleanOpId="6" Intrnl_Id="1309">
<BasicBoolTerm Intrnl_Id="1310">
<LocList>
<Loc EndOffset="2740" SrcFileId="4" StartOffset="2731"/>
</LocList>
</BasicBoolTerm>
<BasicBoolTerm Intrnl_Id="1311">
<LocList>
<Loc EndOffset="2768" SrcFileId="4" StartOffset="2744"/>
</LocList>
</BasicBoolTerm>
<LocList>
<Loc EndOffset="2743" SrcFileId="4" StartOffset="2741"/>
</LocList>
</OpTerm>
<BasicBoolTerm Intrnl_Id="1312">
<LocList>
<Loc EndOffset="2784" SrcFileId="4" StartOffset="2772"/>
</LocList>
</BasicBoolTerm>
<LocList>
<Loc EndOffset="2771" SrcFileId="4" StartOffset="2769"/>
</LocList>
</OpTerm>
</RootTerm>
</CondStmnt>
</StmntSeq>
<Keyword EndOffset="2630" SrcFileId="4" StartOffset="2627"/>
<LocList>
<Loc EndOffset="2838" SrcFileId="4" StartOffset="2627"/>
</LocList>
<RootTerm CovItemId="C13" CovItemPrefix="rules.AtomicRules.java" Intrnl_Id="1313">
<BasicBoolTerm Intrnl_Id="1314">
<LocList>
<Loc EndOffset="2661" SrcFileId="4" StartOffset="2643"/>
</LocList>
</BasicBoolTerm>
</RootTerm>
</LoopStmnt>
</StmntSeq>
<Keyword EndOffset="2583" SrcFileId="4" StartOffset="2580"/>
<LocList>
<Loc EndOffset="2843" SrcFileId="4" StartOffset="2570"/>
</LocList>
<RootTerm CovItemId="C12" CovItemPrefix="rules.AtomicRules.java" Intrnl_Id="1315">
<BasicBoolTerm Intrnl_Id="1316">
<LocList>
<Loc EndOffset="2614" SrcFileId="4" StartOffset="2596"/>
</LocList>
</BasicBoolTerm>
</RootTerm>
</LoopStmnt>
<CondStmnt CovItemId="S46" CovItemPrefix="rules.AtomicRules.java" Intrnl_Id="1317">
<Branch CovItemId="B21" CovItemPrefix="rules.AtomicRules.java" Implct="false" Intrnl_Id="1318">
<Cond/>
<LocList>
<Loc EndOffset="2965" SrcFileId="4" StartOffset="2942"/>
</LocList>
<StmntSeq Intrnl_Id="1319">
<LocList>
<Loc EndOffset="2960" SrcFileId="4" StartOffset="2948"/>
</LocList>
<BasicStmnt CovItemId="S47" CovItemPrefix="rules.AtomicRules.java" Intrnl_Id="1320">
<LocList>
<Loc EndOffset="2960" SrcFileId="4" StartOffset="2948"/>
</LocList>
</BasicStmnt>
</StmntSeq>
</Branch>
<Branch CovItemId="B22" CovItemPrefix="rules.AtomicRules.java" Implct="true" Intrnl_Id="1321">
<Cond/>
<LocList/>
<StmntSeq Intrnl_Id="1322">
<LocList/>
</StmntSeq>
</Branch>
<Keyword EndOffset="2926" SrcFileId="4" StartOffset="2924"/>
<LocList>
<Loc EndOffset="2965" SrcFileId="4" StartOffset="2924"/>
</LocList>
<RootTerm CovItemId="C15" CovItemPrefix="rules.AtomicRules.java" Intrnl_Id="1323">
<BasicBoolTerm Intrnl_Id="1324">
<LocList>
<Loc EndOffset="2940" SrcFileId="4" StartOffset="2928"/>
</LocList>
</BasicBoolTerm>
</RootTerm>
</CondStmnt>
<LoopStmnt CovItemId="S48" CovItemPrefix="rules.AtomicRules.java" Intrnl_Id="1325" MltplExecId="L7-2" MltplExecPrefix="rules.AtomicRules.java" NvrExecId="L7-0" NvrExecPrefix="rules.AtomicRules.java" OnceExecutedId="L7-1" OnceExecutedPrefix="rules.AtomicRules.java" OptBodyExec="true">
<StmntSeq Intrnl_Id="1326">
<LocList>
<Loc EndOffset="3443" SrcFileId="4" StartOffset="3061"/>
</LocList>
<LoopStmnt CovItemId="S49" CovItemPrefix="rules.AtomicRules.java" Intrnl_Id="1327" MltplExecId="L8-2" MltplExecPrefix="rules.AtomicRules.java" NvrExecId="L8-0" NvrExecPrefix="rules.AtomicRules.java" OnceExecutedId="L8-1" OnceExecutedPrefix="rules.AtomicRules.java" OptBodyExec="true">
<StmntSeq Intrnl_Id="1328">
<LocList>
<Loc EndOffset="3155" SrcFileId="4" StartOffset="3109"/>
<Loc EndOffset="3437" SrcFileId="4" StartOffset="3161"/>
</LocList>
<BasicStmnt CovItemId="S50" CovItemPrefix="rules.AtomicRules.java" Intrnl_Id="1329">
<LocList>
<Loc EndOffset="3155" SrcFileId="4" StartOffset="3109"/>
</LocList>
</BasicStmnt>
<CondStmnt CovItemId="S51" CovItemPrefix="rules.AtomicRules.java" Intrnl_Id="1330">
<Branch CovItemId="B23" CovItemPrefix="rules.AtomicRules.java" Implct="false" Intrnl_Id="1331">
<Cond/>
<LocList>
<Loc EndOffset="3437" SrcFileId="4" StartOffset="3192"/>
</LocList>
<StmntSeq Intrnl_Id="1332">
<LocList>
<Loc EndOffset="3254" SrcFileId="4" StartOffset="3200"/>
<Loc EndOffset="3430" SrcFileId="4" StartOffset="3261"/>
</LocList>
<BasicStmnt CovItemId="S52" CovItemPrefix="rules.AtomicRules.java" Intrnl_Id="1333">
<LocList>
<Loc EndOffset="3254" SrcFileId="4" StartOffset="3200"/>
</LocList>
</BasicStmnt>
<LoopStmnt CovItemId="S53" CovItemPrefix="rules.AtomicRules.java" Intrnl_Id="1334" MltplExecId="L9-2" MltplExecPrefix="rules.AtomicRules.java" NvrExecId="L9-0" NvrExecPrefix="rules.AtomicRules.java" OnceExecutedId="L9-1" OnceExecutedPrefix="rules.AtomicRules.java" OptBodyExec="true">
<StmntSeq Intrnl_Id="1335">
<LocList>
<Loc EndOffset="3422" SrcFileId="4" StartOffset="3294"/>
</LocList>
<CondStmnt CovItemId="S54" CovItemPrefix="rules.AtomicRules.java" Intrnl_Id="1336">
<Branch CovItemId="B25" CovItemPrefix="rules.AtomicRules.java" Implct="false" Intrnl_Id="1337">
<Cond/>
<LocList>
<Loc EndOffset="3422" SrcFileId="4" StartOffset="3365"/>
</LocList>
<StmntSeq Intrnl_Id="1338">
<LocList>
<Loc EndOffset="3388" SrcFileId="4" StartOffset="3375"/>
<Loc EndOffset="3413" SrcFileId="4" StartOffset="3397"/>
</LocList>
<BasicStmnt CovItemId="S55" CovItemPrefix="rules.AtomicRules.java" Intrnl_Id="1339">
<LocList>
<Loc EndOffset="3388" SrcFileId="4" StartOffset="3375"/>
</LocList>
</BasicStmnt>
<BasicStmnt CovItemId="S56" CovItemPrefix="rules.AtomicRules.java" Intrnl_Id="1340">
<LocList>
<Loc EndOffset="3413" SrcFileId="4" StartOffset="3397"/>
</LocList>
</BasicStmnt>
</StmntSeq>
</Branch>
<Branch CovItemId="B26" CovItemPrefix="rules.AtomicRules.java" Implct="true" Intrnl_Id="1341">
<Cond/>
<LocList/>
<StmntSeq Intrnl_Id="1342">
<LocList/>
</StmntSeq>
</Branch>
<Keyword EndOffset="3296" SrcFileId="4" StartOffset="3294"/>
<LocList>
<Loc EndOffset="3422" SrcFileId="4" StartOffset="3294"/>
</LocList>
<RootTerm CovItemId="C19" CovItemPrefix="rules.AtomicRules.java" Intrnl_Id="1343">
<OpTerm BooleanOpId="6" Intrnl_Id="1344">
<BasicBoolTerm Intrnl_Id="1345">
<LocList>
<Loc EndOffset="3335" SrcFileId="4" StartOffset="3298"/>
</LocList>
</BasicBoolTerm>
<BasicBoolTerm Intrnl_Id="1346">
<LocList>
<Loc EndOffset="3363" SrcFileId="4" StartOffset="3348"/>
</LocList>
</BasicBoolTerm>
<LocList>
<Loc EndOffset="3347" SrcFileId="4" StartOffset="3345"/>
</LocList>
</OpTerm>
</RootTerm>
</CondStmnt>
</StmntSeq>
<Keyword EndOffset="3264" SrcFileId="4" StartOffset="3261"/>
<LocList>
<Loc EndOffset="3430" SrcFileId="4" StartOffset="3261"/>
</LocList>
</LoopStmnt>
</StmntSeq>
</Branch>
<Branch CovItemId="B24" CovItemPrefix="rules.AtomicRules.java" Implct="true" Intrnl_Id="1347">
<Cond/>
<LocList/>
<StmntSeq Intrnl_Id="1348">
<LocList/>
</StmntSeq>
</Branch>
<Keyword EndOffset="3163" SrcFileId="4" StartOffset="3161"/>
<LocList>
<Loc EndOffset="3437" SrcFileId="4" StartOffset="3161"/>
</LocList>
<RootTerm CovItemId="C18" CovItemPrefix="rules.AtomicRules.java" Intrnl_Id="1349">
<OpTerm BooleanOpId="6" Intrnl_Id="1350">
<BasicBoolTerm Intrnl_Id="1351">
<LocList>
<Loc EndOffset="3174" SrcFileId="4" StartOffset="3165"/>
</LocList>
</BasicBoolTerm>
<BasicBoolTerm Intrnl_Id="1352">
<LocList>
<Loc EndOffset="3190" SrcFileId="4" StartOffset="3178"/>
</LocList>
</BasicBoolTerm>
<LocList>
<Loc EndOffset="3177" SrcFileId="4" StartOffset="3175"/>
</LocList>
</OpTerm>
</RootTerm>
</CondStmnt>
</StmntSeq>
<Keyword EndOffset="3064" SrcFileId="4" StartOffset="3061"/>
<LocList>
<Loc EndOffset="3443" SrcFileId="4" StartOffset="3061"/>
</LocList>
<RootTerm CovItemId="C17" CovItemPrefix="rules.AtomicRules.java" Intrnl_Id="1353">
<BasicBoolTerm Intrnl_Id="1354">
<LocList>
<Loc EndOffset="3095" SrcFileId="4" StartOffset="3077"/>
</LocList>
</BasicBoolTerm>
</RootTerm>
</LoopStmnt>
</StmntSeq>
<Keyword EndOffset="3017" SrcFileId="4" StartOffset="3014"/>
<LocList>
<Loc EndOffset="3448" SrcFileId="4" StartOffset="3003"/>
</LocList>
<RootTerm CovItemId="C16" CovItemPrefix="rules.AtomicRules.java" Intrnl_Id="1355">
<BasicBoolTerm Intrnl_Id="1356">
<LocList>
<Loc EndOffset="3048" SrcFileId="4" StartOffset="3030"/>
</LocList>
</BasicBoolTerm>
</RootTerm>
</LoopStmnt>
<BasicStmnt CovItemId="S57" CovItemPrefix="rules.AtomicRules.java" Intrnl_Id="1357">
<LocList>
<Loc EndOffset="3467" SrcFileId="4" StartOffset="3454"/>
</LocList>
</BasicStmnt>
</StmntSeq>
</HierarchyLvl>
</HierarchyLvl>
</HierarchyLvl>
<HierarchyLvl HierarchyLvlId="113" HierarchyLvlTypeId="9" Intrnl_Id="1358" Name="pieceUnitTests">
<Header/>
<LocList/>
<HierarchyLvl HierarchyLvlId="111" HierarchyLvlTypeId="11" Intrnl_Id="1359" Name="ListMoves">
<Header>
<Loc EndOffset="320" SrcFileId="5" StartOffset="281"/>
</Header>
<LocList>
<Loc EndOffset="4318" SrcFileId="5" StartOffset="281"/>
</LocList>
<StmntSeq Intrnl_Id="1360">
<LocList>
<Loc EndOffset="361" SrcFileId="5" StartOffset="325"/>
<Loc EndOffset="393" SrcFileId="5" StartOffset="364"/>
</LocList>
<BasicStmnt CovItemId="S1" CovItemPrefix="pieceUnitTests.ListMoves.java" Intrnl_Id="1361">
<LocList>
<Loc EndOffset="361" SrcFileId="5" StartOffset="325"/>
</LocList>
</BasicStmnt>
<BasicStmnt CovItemId="S2" CovItemPrefix="pieceUnitTests.ListMoves.java" Intrnl_Id="1362">
<LocList>
<Loc EndOffset="393" SrcFileId="5" StartOffset="364"/>
</LocList>
</BasicStmnt>
</StmntSeq>
<HierarchyLvl HierarchyLvlId="99" HierarchyLvlTypeId="10" Intrnl_Id="1363" Name="testPawn">
<Header>
<Loc EndOffset="422" SrcFileId="5" StartOffset="400"/>
</Header>
<LocList>
<Loc EndOffset="697" SrcFileId="5" StartOffset="400"/>
</LocList>
<StmntSeq Intrnl_Id="1364">
<LocList>
<Loc EndOffset="468" SrcFileId="5" StartOffset="429"/>
<Loc EndOffset="521" SrcFileId="5" StartOffset="473"/>
<Loc EndOffset="614" SrcFileId="5" StartOffset="526"/>
<Loc EndOffset="692" SrcFileId="5" StartOffset="619"/>
</LocList>
<BasicStmnt CovItemId="S3" CovItemPrefix="pieceUnitTests.ListMoves.java" Intrnl_Id="1365">
<LocList>
<Loc EndOffset="468" SrcFileId="5" StartOffset="429"/>
</LocList>
</BasicStmnt>
<BasicStmnt CovItemId="S4" CovItemPrefix="pieceUnitTests.ListMoves.java" Intrnl_Id="1366">
<LocList>
<Loc EndOffset="521" SrcFileId="5" StartOffset="473"/>
</LocList>
</BasicStmnt>
<BasicStmnt CovItemId="S5" CovItemPrefix="pieceUnitTests.ListMoves.java" Intrnl_Id="1367">
<LocList>
<Loc EndOffset="614" SrcFileId="5" StartOffset="526"/>
</LocList>
</BasicStmnt>
<BasicStmnt CovItemId="S6" CovItemPrefix="pieceUnitTests.ListMoves.java" Intrnl_Id="1368">
<LocList>
<Loc EndOffset="692" SrcFileId="5" StartOffset="619"/>
</LocList>
</BasicStmnt>
</StmntSeq>
</HierarchyLvl>
<HierarchyLvl HierarchyLvlId="100" HierarchyLvlTypeId="10" Intrnl_Id="1369" Name="testPawnMidGame">
<Header>
<Loc EndOffset="734" SrcFileId="5" StartOffset="705"/>
</Header>
<LocList>
<Loc EndOffset="1052" SrcFileId="5" StartOffset="705"/>
</LocList>
<StmntSeq Intrnl_Id="1370">
<LocList>
<Loc EndOffset="780" SrcFileId="5" StartOffset="741"/>
<Loc EndOffset="817" SrcFileId="5" StartOffset="785"/>
<Loc EndOffset="839" SrcFileId="5" StartOffset="817"/>
<Loc EndOffset="892" SrcFileId="5" StartOffset="844"/>
<Loc EndOffset="969" SrcFileId="5" StartOffset="897"/>
<Loc EndOffset="1047" SrcFileId="5" StartOffset="974"/>
</LocList>
<BasicStmnt CovItemId="S7" CovItemPrefix="pieceUnitTests.ListMoves.java" Intrnl_Id="1371">
<LocList>
<Loc EndOffset="780" SrcFileId="5" StartOffset="741"/>
</LocList>
</BasicStmnt>
<BasicStmnt CovItemId="S8" CovItemPrefix="pieceUnitTests.ListMoves.java" Intrnl_Id="1372">
<LocList>
<Loc EndOffset="817" SrcFileId="5" StartOffset="785"/>
</LocList>
</BasicStmnt>
<BasicStmnt CovItemId="S9" CovItemPrefix="pieceUnitTests.ListMoves.java" Intrnl_Id="1373">
<LocList>
<Loc EndOffset="839" SrcFileId="5" StartOffset="817"/>
</LocList>
</BasicStmnt>
<BasicStmnt CovItemId="S10" CovItemPrefix="pieceUnitTests.ListMoves.java" Intrnl_Id="1374">
<LocList>
<Loc EndOffset="892" SrcFileId="5" StartOffset="844"/>
</LocList>
</BasicStmnt>
<BasicStmnt CovItemId="S11" CovItemPrefix="pieceUnitTests.ListMoves.java" Intrnl_Id="1375">
<LocList>
<Loc EndOffset="969" SrcFileId="5" StartOffset="897"/>
</LocList>
</BasicStmnt>
<BasicStmnt CovItemId="S12" CovItemPrefix="pieceUnitTests.ListMoves.java" Intrnl_Id="1376">
<LocList>
<Loc EndOffset="1047" SrcFileId="5" StartOffset="974"/>
</LocList>
</BasicStmnt>
</StmntSeq>
</HierarchyLvl>
<HierarchyLvl HierarchyLvlId="101" HierarchyLvlTypeId="10" Intrnl_Id="1377" Name="testRook">
<Header>
<Loc EndOffset="1082" SrcFileId="5" StartOffset="1060"/>
</Header>
<LocList>
<Loc EndOffset="1264" SrcFileId="5" StartOffset="1060"/>
</LocList>
<StmntSeq Intrnl_Id="1378">
<LocList>
<Loc EndOffset="1128" SrcFileId="5" StartOffset="1089"/>
<Loc EndOffset="1181" SrcFileId="5" StartOffset="1133"/>
<Loc EndOffset="1259" SrcFileId="5" StartOffset="1186"/>
</LocList>
<BasicStmnt CovItemId="S13" CovItemPrefix="pieceUnitTests.ListMoves.java" Intrnl_Id="1379">
<LocList>
<Loc EndOffset="1128" SrcFileId="5" StartOffset="1089"/>
</LocList>
</BasicStmnt>
<BasicStmnt CovItemId="S14" CovItemPrefix="pieceUnitTests.ListMoves.java" Intrnl_Id="1380">
<LocList>
<Loc EndOffset="1181" SrcFileId="5" StartOffset="1133"/>
</LocList>
</BasicStmnt>
<BasicStmnt CovItemId="S15" CovItemPrefix="pieceUnitTests.ListMoves.java" Intrnl_Id="1381">
<LocList>
<Loc EndOffset="1259" SrcFileId="5" StartOffset="1186"/>
</LocList>
</BasicStmnt>
</StmntSeq>
</HierarchyLvl>
<HierarchyLvl HierarchyLvlId="102" HierarchyLvlTypeId="10" Intrnl_Id="1382" Name="testRookMidGame">
<Header>
<Loc EndOffset="1301" SrcFileId="5" StartOffset="1272"/>
</Header>
<LocList>
<Loc EndOffset="1664" SrcFileId="5" StartOffset="1272"/>
</LocList>
<StmntSeq Intrnl_Id="1383">
<LocList>
<Loc EndOffset="1347" SrcFileId="5" StartOffset="1308"/>
<Loc EndOffset="1384" SrcFileId="5" StartOffset="1352"/>
<Loc EndOffset="1406" SrcFileId="5" StartOffset="1384"/>
<Loc EndOffset="1459" SrcFileId="5" StartOffset="1411"/>
<Loc EndOffset="1581" SrcFileId="5" StartOffset="1464"/>
<Loc EndOffset="1659" SrcFileId="5" StartOffset="1586"/>
</LocList>
<BasicStmnt CovItemId="S16" CovItemPrefix="pieceUnitTests.ListMoves.java" Intrnl_Id="1384">
<LocList>
<Loc EndOffset="1347" SrcFileId="5" StartOffset="1308"/>
</LocList>
</BasicStmnt>
<BasicStmnt CovItemId="S17" CovItemPrefix="pieceUnitTests.ListMoves.java" Intrnl_Id="1385">
<LocList>
<Loc EndOffset="1384" SrcFileId="5" StartOffset="1352"/>
</LocList>
</BasicStmnt>
<BasicStmnt CovItemId="S18" CovItemPrefix="pieceUnitTests.ListMoves.java" Intrnl_Id="1386">
<LocList>
<Loc EndOffset="1406" SrcFileId="5" StartOffset="1384"/>
</LocList>
</BasicStmnt>
<BasicStmnt CovItemId="S19" CovItemPrefix="pieceUnitTests.ListMoves.java" Intrnl_Id="1387">
<LocList>
<Loc EndOffset="1459" SrcFileId="5" StartOffset="1411"/>
</LocList>
</BasicStmnt>
<BasicStmnt CovItemId="S20" CovItemPrefix="pieceUnitTests.ListMoves.java" Intrnl_Id="1388">
<LocList>
<Loc EndOffset="1581" SrcFileId="5" StartOffset="1464"/>
</LocList>
</BasicStmnt>
<BasicStmnt CovItemId="S21" CovItemPrefix="pieceUnitTests.ListMoves.java" Intrnl_Id="1389">
<LocList>
<Loc EndOffset="1659" SrcFileId="5" StartOffset="1586"/>
</LocList>
</BasicStmnt>
</StmntSeq>
</HierarchyLvl>
<HierarchyLvl HierarchyLvlId="103" HierarchyLvlTypeId="10" Intrnl_Id="1390" Name="testKnight">
<Header>
<Loc EndOffset="1696" SrcFileId="5" StartOffset="1672"/>
</Header>
<LocList>
<Loc EndOffset="1973" SrcFileId="5" StartOffset="1672"/>
</LocList>
<StmntSeq Intrnl_Id="1391">
<LocList>
<Loc EndOffset="1742" SrcFileId="5" StartOffset="1703"/>
<Loc EndOffset="1797" SrcFileId="5" StartOffset="1747"/>
<Loc EndOffset="1890" SrcFileId="5" StartOffset="1802"/>
<Loc EndOffset="1968" SrcFileId="5" StartOffset="1895"/>
</LocList>
<BasicStmnt CovItemId="S22" CovItemPrefix="pieceUnitTests.ListMoves.java" Intrnl_Id="1392">
<LocList>
<Loc EndOffset="1742" SrcFileId="5" StartOffset="1703"/>
</LocList>
</BasicStmnt>
<BasicStmnt CovItemId="S23" CovItemPrefix="pieceUnitTests.ListMoves.java" Intrnl_Id="1393">
<LocList>
<Loc EndOffset="1797" SrcFileId="5" StartOffset="1747"/>
</LocList>
</BasicStmnt>
<BasicStmnt CovItemId="S24" CovItemPrefix="pieceUnitTests.ListMoves.java" Intrnl_Id="1394">
<LocList>
<Loc EndOffset="1890" SrcFileId="5" StartOffset="1802"/>
</LocList>
</BasicStmnt>
<BasicStmnt CovItemId="S25" CovItemPrefix="pieceUnitTests.ListMoves.java" Intrnl_Id="1395">
<LocList>
<Loc EndOffset="1968" SrcFileId="5" StartOffset="1895"/>
</LocList>
</BasicStmnt>
</StmntSeq>
</HierarchyLvl>
<HierarchyLvl HierarchyLvlId="104" HierarchyLvlTypeId="10" Intrnl_Id="1396" Name="testKnightMidGame">
<Header>
<Loc EndOffset="2012" SrcFileId="5" StartOffset="1981"/>
</Header>
<LocList>
<Loc EndOffset="2347" SrcFileId="5" StartOffset="1981"/>
</LocList>
<StmntSeq Intrnl_Id="1397">
<LocList>
<Loc EndOffset="2058" SrcFileId="5" StartOffset="2019"/>
<Loc EndOffset="2095" SrcFileId="5" StartOffset="2063"/>
<Loc EndOffset="2117" SrcFileId="5" StartOffset="2095"/>
<Loc EndOffset="2172" SrcFileId="5" StartOffset="2122"/>
<Loc EndOffset="2264" SrcFileId="5" StartOffset="2177"/>
<Loc EndOffset="2342" SrcFileId="5" StartOffset="2269"/>
</LocList>
<BasicStmnt CovItemId="S26" CovItemPrefix="pieceUnitTests.ListMoves.java" Intrnl_Id="1398">
<LocList>
<Loc EndOffset="2058" SrcFileId="5" StartOffset="2019"/>
</LocList>
</BasicStmnt>
<BasicStmnt CovItemId="S27" CovItemPrefix="pieceUnitTests.ListMoves.java" Intrnl_Id="1399">
<LocList>
<Loc EndOffset="2095" SrcFileId="5" StartOffset="2063"/>
</LocList>
</BasicStmnt>
<BasicStmnt CovItemId="S28" CovItemPrefix="pieceUnitTests.ListMoves.java" Intrnl_Id="1400">
<LocList>
<Loc EndOffset="2117" SrcFileId="5" StartOffset="2095"/>
</LocList>
</BasicStmnt>
<BasicStmnt CovItemId="S29" CovItemPrefix="pieceUnitTests.ListMoves.java" Intrnl_Id="1401">
<LocList>
<Loc EndOffset="2172" SrcFileId="5" StartOffset="2122"/>
</LocList>
</BasicStmnt>
<BasicStmnt CovItemId="S30" CovItemPrefix="pieceUnitTests.ListMoves.java" Intrnl_Id="1402">
<LocList>
<Loc EndOffset="2264" SrcFileId="5" StartOffset="2177"/>
</LocList>
</BasicStmnt>
<BasicStmnt CovItemId="S31" CovItemPrefix="pieceUnitTests.ListMoves.java" Intrnl_Id="1403">
<LocList>
<Loc EndOffset="2342" SrcFileId="5" StartOffset="2269"/>
</LocList>
</BasicStmnt>
</StmntSeq>
</HierarchyLvl>
<HierarchyLvl HierarchyLvlId="105" HierarchyLvlTypeId="10" Intrnl_Id="1404" Name="testBishup">
<Header>
<Loc EndOffset="2379" SrcFileId="5" StartOffset="2355"/>
</Header>
<LocList>
<Loc EndOffset="2563" SrcFileId="5" StartOffset="2355"/>
</LocList>
<StmntSeq Intrnl_Id="1405">
<LocList>
<Loc EndOffset="2425" SrcFileId="5" StartOffset="2386"/>
<Loc EndOffset="2480" SrcFileId="5" StartOffset="2430"/>
<Loc EndOffset="2558" SrcFileId="5" StartOffset="2485"/>
</LocList>
<BasicStmnt CovItemId="S32" CovItemPrefix="pieceUnitTests.ListMoves.java" Intrnl_Id="1406">
<LocList>
<Loc EndOffset="2425" SrcFileId="5" StartOffset="2386"/>
</LocList>
</BasicStmnt>
<BasicStmnt CovItemId="S33" CovItemPrefix="pieceUnitTests.ListMoves.java" Intrnl_Id="1407">
<LocList>
<Loc EndOffset="2480" SrcFileId="5" StartOffset="2430"/>
</LocList>
</BasicStmnt>
<BasicStmnt CovItemId="S34" CovItemPrefix="pieceUnitTests.ListMoves.java" Intrnl_Id="1408">
<LocList>
<Loc EndOffset="2558" SrcFileId="5" StartOffset="2485"/>
</LocList>
</BasicStmnt>
</StmntSeq>
</HierarchyLvl>
<HierarchyLvl HierarchyLvlId="106" HierarchyLvlTypeId="10" Intrnl_Id="1409" Name="testBishupMidGame">
<Header>
<Loc EndOffset="2602" SrcFileId="5" StartOffset="2571"/>
</Header>
<LocList>
<Loc EndOffset="2967" SrcFileId="5" StartOffset="2571"/>
</LocList>
<StmntSeq Intrnl_Id="1410">
<LocList>
<Loc EndOffset="2648" SrcFileId="5" StartOffset="2609"/>
<Loc EndOffset="2685" SrcFileId="5" StartOffset="2653"/>
<Loc EndOffset="2707" SrcFileId="5" StartOffset="2685"/>
<Loc EndOffset="2762" SrcFileId="5" StartOffset="2712"/>
<Loc EndOffset="2884" SrcFileId="5" StartOffset="2767"/>
<Loc EndOffset="2962" SrcFileId="5" StartOffset="2889"/>
</LocList>
<BasicStmnt CovItemId="S35" CovItemPrefix="pieceUnitTests.ListMoves.java" Intrnl_Id="1411">
<LocList>
<Loc EndOffset="2648" SrcFileId="5" StartOffset="2609"/>
</LocList>
</BasicStmnt>
<BasicStmnt CovItemId="S36" CovItemPrefix="pieceUnitTests.ListMoves.java" Intrnl_Id="1412">
<LocList>
<Loc EndOffset="2685" SrcFileId="5" StartOffset="2653"/>
</LocList>
</BasicStmnt>
<BasicStmnt CovItemId="S37" CovItemPrefix="pieceUnitTests.ListMoves.java" Intrnl_Id="1413">
<LocList>
<Loc EndOffset="2707" SrcFileId="5" StartOffset="2685"/>
</LocList>
</BasicStmnt>
<BasicStmnt CovItemId="S38" CovItemPrefix="pieceUnitTests.ListMoves.java" Intrnl_Id="1414">
<LocList>
<Loc EndOffset="2762" SrcFileId="5" StartOffset="2712"/>
</LocList>
</BasicStmnt>
<BasicStmnt CovItemId="S39" CovItemPrefix="pieceUnitTests.ListMoves.java" Intrnl_Id="1415">
<LocList>
<Loc EndOffset="2884" SrcFileId="5" StartOffset="2767"/>
</LocList>
</BasicStmnt>
<BasicStmnt CovItemId="S40" CovItemPrefix="pieceUnitTests.ListMoves.java" Intrnl_Id="1416">
<LocList>
<Loc EndOffset="2962" SrcFileId="5" StartOffset="2889"/>
</LocList>
</BasicStmnt>
</StmntSeq>
</HierarchyLvl>
<HierarchyLvl HierarchyLvlId="107" HierarchyLvlTypeId="10" Intrnl_Id="1417" Name="testQueen">
<Header>
<Loc EndOffset="2998" SrcFileId="5" StartOffset="2975"/>
</Header>
<LocList>
<Loc EndOffset="3181" SrcFileId="5" StartOffset="2975"/>
</LocList>
<StmntSeq Intrnl_Id="1418">
<LocList>
<Loc EndOffset="3044" SrcFileId="5" StartOffset="3005"/>
<Loc EndOffset="3098" SrcFileId="5" StartOffset="3049"/>
<Loc EndOffset="3176" SrcFileId="5" StartOffset="3103"/>
</LocList>
<BasicStmnt CovItemId="S41" CovItemPrefix="pieceUnitTests.ListMoves.java" Intrnl_Id="1419">
<LocList>
<Loc EndOffset="3044" SrcFileId="5" StartOffset="3005"/>
</LocList>
</BasicStmnt>
<BasicStmnt CovItemId="S42" CovItemPrefix="pieceUnitTests.ListMoves.java" Intrnl_Id="1420">
<LocList>
<Loc EndOffset="3098" SrcFileId="5" StartOffset="3049"/>
</LocList>
</BasicStmnt>
<BasicStmnt CovItemId="S43" CovItemPrefix="pieceUnitTests.ListMoves.java" Intrnl_Id="1421">
<LocList>
<Loc EndOffset="3176" SrcFileId="5" StartOffset="3103"/>
</LocList>
</BasicStmnt>
</StmntSeq>
</HierarchyLvl>
<HierarchyLvl HierarchyLvlId="108" HierarchyLvlTypeId="10" Intrnl_Id="1422" Name="testQueenMidGame">
<Header>
<Loc EndOffset="3219" SrcFileId="5" StartOffset="3189"/>
</Header>
<LocList>
<Loc EndOffset="3643" SrcFileId="5" StartOffset="3189"/>
</LocList>
<StmntSeq Intrnl_Id="1423">
<LocList>
<Loc EndOffset="3265" SrcFileId="5" StartOffset="3226"/>
<Loc EndOffset="3302" SrcFileId="5" StartOffset="3270"/>
<Loc EndOffset="3324" SrcFileId="5" StartOffset="3302"/>
<Loc EndOffset="3378" SrcFileId="5" StartOffset="3329"/>
<Loc EndOffset="3560" SrcFileId="5" StartOffset="3383"/>
<Loc EndOffset="3638" SrcFileId="5" StartOffset="3565"/>
</LocList>
<BasicStmnt CovItemId="S44" CovItemPrefix="pieceUnitTests.ListMoves.java" Intrnl_Id="1424">
<LocList>
<Loc EndOffset="3265" SrcFileId="5" StartOffset="3226"/>
</LocList>
</BasicStmnt>
<BasicStmnt CovItemId="S45" CovItemPrefix="pieceUnitTests.ListMoves.java" Intrnl_Id="1425">
<LocList>
<Loc EndOffset="3302" SrcFileId="5" StartOffset="3270"/>
</LocList>
</BasicStmnt>
<BasicStmnt CovItemId="S46" CovItemPrefix="pieceUnitTests.ListMoves.java" Intrnl_Id="1426">
<LocList>
<Loc EndOffset="3324" SrcFileId="5" StartOffset="3302"/>
</LocList>
</BasicStmnt>
<BasicStmnt CovItemId="S47" CovItemPrefix="pieceUnitTests.ListMoves.java" Intrnl_Id="1427">
<LocList>
<Loc EndOffset="3378" SrcFileId="5" StartOffset="3329"/>
</LocList>
</BasicStmnt>
<BasicStmnt CovItemId="S48" CovItemPrefix="pieceUnitTests.ListMoves.java" Intrnl_Id="1428">
<LocList>
<Loc EndOffset="3560" SrcFileId="5" StartOffset="3383"/>
</LocList>
</BasicStmnt>
<BasicStmnt CovItemId="S49" CovItemPrefix="pieceUnitTests.ListMoves.java" Intrnl_Id="1429">
<LocList>
<Loc EndOffset="3638" SrcFileId="5" StartOffset="3565"/>
</LocList>
</BasicStmnt>
</StmntSeq>
</HierarchyLvl>
<HierarchyLvl HierarchyLvlId="109" HierarchyLvlTypeId="10" Intrnl_Id="1430" Name="testKing">
<Header>
<Loc EndOffset="3673" SrcFileId="5" StartOffset="3651"/>
</Header>
<LocList>
<Loc EndOffset="3855" SrcFileId="5" StartOffset="3651"/>
</LocList>
<StmntSeq Intrnl_Id="1431">
<LocList>
<Loc EndOffset="3719" SrcFileId="5" StartOffset="3680"/>
<Loc EndOffset="3772" SrcFileId="5" StartOffset="3724"/>
<Loc EndOffset="3850" SrcFileId="5" StartOffset="3777"/>
</LocList>
<BasicStmnt CovItemId="S50" CovItemPrefix="pieceUnitTests.ListMoves.java" Intrnl_Id="1432">
<LocList>
<Loc EndOffset="3719" SrcFileId="5" StartOffset="3680"/>
</LocList>
</BasicStmnt>
<BasicStmnt CovItemId="S51" CovItemPrefix="pieceUnitTests.ListMoves.java" Intrnl_Id="1433">
<LocList>
<Loc EndOffset="3772" SrcFileId="5" StartOffset="3724"/>
</LocList>
</BasicStmnt>
<BasicStmnt CovItemId="S52" CovItemPrefix="pieceUnitTests.ListMoves.java" Intrnl_Id="1434">
<LocList>
<Loc EndOffset="3850" SrcFileId="5" StartOffset="3777"/>
</LocList>
</BasicStmnt>
</StmntSeq>
</HierarchyLvl>
<HierarchyLvl HierarchyLvlId="110" HierarchyLvlTypeId="10" Intrnl_Id="1435" Name="testKingMidGame">
<Header>
<Loc EndOffset="3892" SrcFileId="5" StartOffset="3863"/>
</Header>
<LocList>
<Loc EndOffset="4315" SrcFileId="5" StartOffset="3863"/>
</LocList>
<StmntSeq Intrnl_Id="1436">
<LocList>
<Loc EndOffset="3938" SrcFileId="5" StartOffset="3899"/>
<Loc EndOffset="3975" SrcFileId="5" StartOffset="3943"/>
<Loc EndOffset="3997" SrcFileId="5" StartOffset="3975"/>
<Loc EndOffset="4050" SrcFileId="5" StartOffset="4002"/>
<Loc EndOffset="4232" SrcFileId="5" StartOffset="4055"/>
<Loc EndOffset="4310" SrcFileId="5" StartOffset="4237"/>
</LocList>
<BasicStmnt CovItemId="S53" CovItemPrefix="pieceUnitTests.ListMoves.java" Intrnl_Id="1437">
<LocList>
<Loc EndOffset="3938" SrcFileId="5" StartOffset="3899"/>
</LocList>
</BasicStmnt>
<BasicStmnt CovItemId="S54" CovItemPrefix="pieceUnitTests.ListMoves.java" Intrnl_Id="1438">
<LocList>
<Loc EndOffset="3975" SrcFileId="5" StartOffset="3943"/>
</LocList>
</BasicStmnt>
<BasicStmnt CovItemId="S55" CovItemPrefix="pieceUnitTests.ListMoves.java" Intrnl_Id="1439">
<LocList>
<Loc EndOffset="3997" SrcFileId="5" StartOffset="3975"/>
</LocList>
</BasicStmnt>
<BasicStmnt CovItemId="S56" CovItemPrefix="pieceUnitTests.ListMoves.java" Intrnl_Id="1440">
<LocList>
<Loc EndOffset="4050" SrcFileId="5" StartOffset="4002"/>
</LocList>
</BasicStmnt>
<BasicStmnt CovItemId="S57" CovItemPrefix="pieceUnitTests.ListMoves.java" Intrnl_Id="1441">
<LocList>
<Loc EndOffset="4232" SrcFileId="5" StartOffset="4055"/>
</LocList>
</BasicStmnt>
<BasicStmnt CovItemId="S58" CovItemPrefix="pieceUnitTests.ListMoves.java" Intrnl_Id="1442">
<LocList>
<Loc EndOffset="4310" SrcFileId="5" StartOffset="4237"/>
</LocList>
</BasicStmnt>
</StmntSeq>
</HierarchyLvl>
</HierarchyLvl>
</HierarchyLvl>
</HierarchyLvl>
</MASTRoot>
<TestSession Comment="" Date="1416432421566" Name="Nov 19, 2014 4:27:01 PM">
<TestCase Comment="" Date="1416432421500" Name="pieceUnitTests.ListMoves:testKnightMidGame">
<CovList>
<CovPrefix CovItemPrefix="pieceUnitTests.ListMoves.java">
<Cov CovItemId="S26" Value="1"/>
<Cov CovItemId="S27" Value="1"/>
<Cov CovItemId="S28" Value="1"/>
<Cov CovItemId="S29" Value="1"/>
<Cov CovItemId="S30" Value="1"/>
<Cov CovItemId="S31" Value="1"/>
</CovPrefix>
<CovPrefix CovItemPrefix="rules.ClassicRules.java">
<Cov CovItemId="B169" Value="2"/>
<Cov CovItemId="B171" Value="2"/>
<Cov CovItemId="B173" Value="2"/>
<Cov CovItemId="B175" Value="2"/>
<Cov CovItemId="B177" Value="2"/>
<Cov CovItemId="B179" Value="2"/>
<Cov CovItemId="B181" Value="2"/>
<Cov CovItemId="B183" Value="2"/>
<Cov CovItemId="B56" Value="2"/>
<Cov CovItemId="B58" Value="2"/>
<Cov CovItemId="B60" Value="2"/>
<Cov CovItemId="B62" Value="2"/>
<Cov CovItemId="B64" Value="2"/>
<Cov CovItemId="B65" Value="2"/>
<Cov CovItemId="B67" Value="4"/>
<Cov CovItemId="B68" Value="12"/>
<Cov CovItemId="S106" Value="2"/>
<Cov CovItemId="S107" Value="2"/>
<Cov CovItemId="S108" Value="2"/>
<Cov CovItemId="S109" Value="2"/>
<Cov CovItemId="S111" Value="2"/>
<Cov CovItemId="S113" Value="2"/>
<Cov CovItemId="S115" Value="2"/>
<Cov CovItemId="S117" Value="2"/>
<Cov CovItemId="S119" Value="2"/>
<Cov CovItemId="S120" Value="2"/>
<Cov CovItemId="S121" Value="2"/>
<Cov CovItemId="S122" Value="2"/>
<Cov CovItemId="S123" Value="16"/>
<Cov CovItemId="S124" Value="16"/>
<Cov CovItemId="S125" Value="4"/>
<Cov CovItemId="S126" Value="2"/>
<Cov CovItemId="S306" Value="2"/>
<Cov CovItemId="S307" Value="2"/>
<Cov CovItemId="S308" Value="2"/>
<Cov CovItemId="S309" Value="2"/>
<Cov CovItemId="S310" Value="2"/>
<Cov CovItemId="S311" Value="2"/>
<Cov CovItemId="S312" Value="2"/>
<Cov CovItemId="S313" Value="2"/>
<Cov CovItemId="S314" Value="2"/>
<Cov CovItemId="S315" Value="2"/>
<Cov CovItemId="S316" Value="2"/>
<Cov CovItemId="S317" Value="2"/>
<Cov CovItemId="S318" Value="2"/>
<Cov CovItemId="S319" Value="2"/>
<Cov CovItemId="S320" Value="2"/>
<Cov CovItemId="S321" Value="2"/>
<Cov CovItemId="S322" Value="2"/>
<Cov CovItemId="S323" Value="2"/>
<Cov CovItemId="S324" Value="2"/>
<Cov CovItemId="S325" Value="2"/>
<Cov CovItemId="S326" Value="2"/>
<Cov CovItemId="S327" Value="2"/>
<Cov CovItemId="S328" Value="2"/>
<Cov CovItemId="S329" Value="2"/>
</CovPrefix>
</CovList>
<AssgnmntList>
<AssgnmntPrefix RootTermCovItemPrefix="rules.ClassicRules.java">
<AssgnmntListEntry Length="1" RootTermCovItemId="C113">
<MapEntry BoolAssgnmnt="1" Value="2"/>
</AssgnmntListEntry>
<AssgnmntListEntry Length="1" RootTermCovItemId="C114">
<MapEntry BoolAssgnmnt="1" Value="2"/>
</AssgnmntListEntry>
<AssgnmntListEntry Length="1" RootTermCovItemId="C115">
<MapEntry BoolAssgnmnt="1" Value="2"/>
</AssgnmntListEntry>
<AssgnmntListEntry Length="1" RootTermCovItemId="C116">
<MapEntry BoolAssgnmnt="1" Value="2"/>
</AssgnmntListEntry>
<AssgnmntListEntry Length="1" RootTermCovItemId="C117">
<MapEntry BoolAssgnmnt="1" Value="2"/>
</AssgnmntListEntry>
<AssgnmntListEntry Length="1" RootTermCovItemId="C118">
<MapEntry BoolAssgnmnt="1" Value="2"/>
</AssgnmntListEntry>
<AssgnmntListEntry Length="1" RootTermCovItemId="C119">
<MapEntry BoolAssgnmnt="1" Value="2"/>
</AssgnmntListEntry>
<AssgnmntListEntry Length="1" RootTermCovItemId="C120">
<MapEntry BoolAssgnmnt="1" Value="2"/>
</AssgnmntListEntry>
<AssgnmntListEntry Length="1" RootTermCovItemId="C36">
<MapEntry BoolAssgnmnt="0" Value="2"/>
</AssgnmntListEntry>
<AssgnmntListEntry Length="1" RootTermCovItemId="C37">
<MapEntry BoolAssgnmnt="0" Value="2"/>
</AssgnmntListEntry>
<AssgnmntListEntry Length="1" RootTermCovItemId="C38">
<MapEntry BoolAssgnmnt="0" Value="2"/>
</AssgnmntListEntry>
<AssgnmntListEntry Length="1" RootTermCovItemId="C39">
<MapEntry BoolAssgnmnt="0" Value="2"/>
</AssgnmntListEntry>
<AssgnmntListEntry Length="1" RootTermCovItemId="C40">
<MapEntry BoolAssgnmnt="0" Value="2"/>
</AssgnmntListEntry>
<AssgnmntListEntry Length="1" RootTermCovItemId="C41">
<MapEntry BoolAssgnmnt="1" Value="2"/>
</AssgnmntListEntry>
<AssgnmntListEntry Length="1" RootTermCovItemId="C42">
<MapEntry BoolAssgnmnt="0" Value="2"/>
<MapEntry BoolAssgnmnt="1" Value="16"/>
</AssgnmntListEntry>
<AssgnmntListEntry Length="2" RootTermCovItemId="C43">
<MapEntry BoolAssgnmnt="02" Value="12"/>
<MapEntry BoolAssgnmnt="11" Value="4"/>
</AssgnmntListEntry>
</AssgnmntPrefix>
</AssgnmntList>
<ObjMetaDataList/>
<MetaDataList/>
</TestCase>
<TestCase Comment="" Date="1416432421515" Name="pieceUnitTests.ListMoves:testBishupMidGame">
<CovList>
<CovPrefix CovItemPrefix="pieceUnitTests.ListMoves.java">
<Cov CovItemId="S35" Value="1"/>
<Cov CovItemId="S36" Value="1"/>
<Cov CovItemId="S37" Value="1"/>
<Cov CovItemId="S38" Value="1"/>
<Cov CovItemId="S39" Value="1"/>
<Cov CovItemId="S40" Value="1"/>
</CovPrefix>
<CovPrefix CovItemPrefix="rules.ClassicRules.java">
<Cov CovItemId="B122" Value="6"/>
<Cov CovItemId="B123" Value="2"/>
<Cov CovItemId="B124" Value="4"/>
<Cov CovItemId="B126" Value="4"/>
<Cov CovItemId="B127" Value="2"/>
<Cov CovItemId="B128" Value="2"/>
<Cov CovItemId="B130" Value="4"/>
<Cov CovItemId="B131" Value="2"/>
<Cov CovItemId="B132" Value="2"/>
<Cov CovItemId="B134" Value="6"/>
<Cov CovItemId="B135" Value="2"/>
<Cov CovItemId="B136" Value="4"/>
<Cov CovItemId="B56" Value="2"/>
<Cov CovItemId="B58" Value="2"/>
<Cov CovItemId="B60" Value="2"/>
<Cov CovItemId="B61" Value="2"/>
<Cov CovItemId="B67" Value="4"/>
<Cov CovItemId="B68" Value="16"/>
<Cov CovItemId="S106" Value="2"/>
<Cov CovItemId="S107" Value="2"/>
<Cov CovItemId="S108" Value="2"/>
<Cov CovItemId="S109" Value="2"/>
<Cov CovItemId="S111" Value="2"/>
<Cov CovItemId="S113" Value="2"/>
<Cov CovItemId="S115" Value="2"/>
<Cov CovItemId="S116" Value="2"/>
<Cov CovItemId="S121" Value="2"/>
<Cov CovItemId="S122" Value="2"/>
<Cov CovItemId="S123" Value="20"/>
<Cov CovItemId="S124" Value="20"/>
<Cov CovItemId="S125" Value="4"/>
<Cov CovItemId="S126" Value="2"/>
<Cov CovItemId="S222" Value="2"/>
<Cov CovItemId="S223" Value="6"/>
<Cov CovItemId="S224" Value="6"/>
<Cov CovItemId="S226" Value="6"/>
<Cov CovItemId="S227" Value="6"/>
<Cov CovItemId="S228" Value="2"/>
<Cov CovItemId="S229" Value="2"/>
<Cov CovItemId="S230" Value="4"/>
<Cov CovItemId="S231" Value="4"/>
<Cov CovItemId="S233" Value="4"/>
<Cov CovItemId="S234" Value="4"/>
<Cov CovItemId="S235" Value="2"/>
<Cov CovItemId="S236" Value="2"/>
<Cov CovItemId="S237" Value="4"/>
<Cov CovItemId="S238" Value="4"/>
<Cov CovItemId="S240" Value="4"/>
<Cov CovItemId="S241" Value="4"/>
<Cov CovItemId="S242" Value="2"/>
<Cov CovItemId="S243" Value="2"/>
<Cov CovItemId="S244" Value="6"/>
<Cov CovItemId="S245" Value="6"/>
<Cov CovItemId="S247" Value="6"/>
<Cov CovItemId="S248" Value="6"/>
<Cov CovItemId="S249" Value="2"/>
</CovPrefix>
</CovList>
<AssgnmntList>
<AssgnmntPrefix RootTermCovItemPrefix="rules.ClassicRules.java">
<AssgnmntListEntry Length="1" RootTermCovItemId="C36">
<MapEntry BoolAssgnmnt="0" Value="2"/>
</AssgnmntListEntry>
<AssgnmntListEntry Length="1" RootTermCovItemId="C37">
<MapEntry BoolAssgnmnt="0" Value="2"/>
</AssgnmntListEntry>
<AssgnmntListEntry Length="1" RootTermCovItemId="C38">
<MapEntry BoolAssgnmnt="0" Value="2"/>
</AssgnmntListEntry>
<AssgnmntListEntry Length="1" RootTermCovItemId="C39">
<MapEntry BoolAssgnmnt="1" Value="2"/>
</AssgnmntListEntry>
<AssgnmntListEntry Length="1" RootTermCovItemId="C42">
<MapEntry BoolAssgnmnt="0" Value="2"/>
<MapEntry BoolAssgnmnt="1" Value="20"/>
</AssgnmntListEntry>
<AssgnmntListEntry Length="2" RootTermCovItemId="C43">
<MapEntry BoolAssgnmnt="02" Value="12"/>
<MapEntry BoolAssgnmnt="10" Value="4"/>
<MapEntry BoolAssgnmnt="11" Value="4"/>
</AssgnmntListEntry>
<AssgnmntListEntry Length="1" RootTermCovItemId="C78">
<MapEntry BoolAssgnmnt="0" Value="6"/>
</AssgnmntListEntry>
<AssgnmntListEntry Length="1" RootTermCovItemId="C79">
<MapEntry BoolAssgnmnt="0" Value="4"/>
<MapEntry BoolAssgnmnt="1" Value="2"/>
</AssgnmntListEntry>
<AssgnmntListEntry Length="1" RootTermCovItemId="C81">
<MapEntry BoolAssgnmnt="0" Value="4"/>
</AssgnmntListEntry>
<AssgnmntListEntry Length="1" RootTermCovItemId="C82">
<MapEntry BoolAssgnmnt="0" Value="2"/>
<MapEntry BoolAssgnmnt="1" Value="2"/>
</AssgnmntListEntry>
<AssgnmntListEntry Length="1" RootTermCovItemId="C84">
<MapEntry BoolAssgnmnt="0" Value="4"/>
</AssgnmntListEntry>
<AssgnmntListEntry Length="1" RootTermCovItemId="C85">
<MapEntry BoolAssgnmnt="0" Value="2"/>
<MapEntry BoolAssgnmnt="1" Value="2"/>
</AssgnmntListEntry>
<AssgnmntListEntry Length="1" RootTermCovItemId="C87">
<MapEntry BoolAssgnmnt="0" Value="6"/>
</AssgnmntListEntry>
<AssgnmntListEntry Length="1" RootTermCovItemId="C88">
<MapEntry BoolAssgnmnt="0" Value="4"/>
<MapEntry BoolAssgnmnt="1" Value="2"/>
</AssgnmntListEntry>
</AssgnmntPrefix>
</AssgnmntList>
<ObjMetaDataList/>
<MetaDataList/>
</TestCase>
<TestCase Comment="" Date="1416432421517" Name="pieceUnitTests.ListMoves:testQueenMidGame">
<CovList>
<CovPrefix CovItemPrefix="pieceUnitTests.ListMoves.java">
<Cov CovItemId="S44" Value="1"/>
<Cov CovItemId="S45" Value="1"/>
<Cov CovItemId="S46" Value="1"/>
<Cov CovItemId="S47" Value="1"/>
<Cov CovItemId="S48" Value="1"/>
<Cov CovItemId="S49" Value="1"/>
</CovPrefix>
<CovPrefix CovItemPrefix="rules.ClassicRules.java">
<Cov CovItemId="B138" Value="6"/>
<Cov CovItemId="B139" Value="2"/>
<Cov CovItemId="B140" Value="4"/>
<Cov CovItemId="B142" Value="4"/>
<Cov CovItemId="B143" Value="2"/>
<Cov CovItemId="B144" Value="2"/>
<Cov CovItemId="B146" Value="4"/>
<Cov CovItemId="B147" Value="2"/>
<Cov CovItemId="B148" Value="2"/>
<Cov CovItemId="B150" Value="6"/>
<Cov CovItemId="B151" Value="2"/>
<Cov CovItemId="B152" Value="4"/>
<Cov CovItemId="B154" Value="6"/>
<Cov CovItemId="B155" Value="2"/>
<Cov CovItemId="B156" Value="4"/>
<Cov CovItemId="B158" Value="4"/>
<Cov CovItemId="B159" Value="2"/>
<Cov CovItemId="B160" Value="2"/>
<Cov CovItemId="B161" Value="2"/>
<Cov CovItemId="B162" Value="8"/>
<Cov CovItemId="B164" Value="8"/>
<Cov CovItemId="B165" Value="2"/>
<Cov CovItemId="B166" Value="6"/>
<Cov CovItemId="B168" Value="6"/>
<Cov CovItemId="B56" Value="2"/>
<Cov CovItemId="B58" Value="2"/>
<Cov CovItemId="B60" Value="2"/>
<Cov CovItemId="B62" Value="2"/>
<Cov CovItemId="B63" Value="2"/>
<Cov CovItemId="B67" Value="6"/>
<Cov CovItemId="B68" Value="38"/>
<Cov CovItemId="S106" Value="2"/>
<Cov CovItemId="S107" Value="2"/>
<Cov CovItemId="S108" Value="2"/>
<Cov CovItemId="S109" Value="2"/>
<Cov CovItemId="S111" Value="2"/>
<Cov CovItemId="S113" Value="2"/>
<Cov CovItemId="S115" Value="2"/>
<Cov CovItemId="S117" Value="2"/>
<Cov CovItemId="S118" Value="2"/>
<Cov CovItemId="S121" Value="2"/>
<Cov CovItemId="S122" Value="2"/>
<Cov CovItemId="S123" Value="44"/>
<Cov CovItemId="S124" Value="44"/>
<Cov CovItemId="S125" Value="6"/>
<Cov CovItemId="S126" Value="2"/>
<Cov CovItemId="S250" Value="2"/>
<Cov CovItemId="S251" Value="6"/>
<Cov CovItemId="S252" Value="6"/>
<Cov CovItemId="S254" Value="6"/>
<Cov CovItemId="S255" Value="6"/>
<Cov CovItemId="S256" Value="2"/>
<Cov CovItemId="S257" Value="2"/>
<Cov CovItemId="S258" Value="4"/>
<Cov CovItemId="S259" Value="4"/>
<Cov CovItemId="S261" Value="4"/>
<Cov CovItemId="S262" Value="4"/>
<Cov CovItemId="S263" Value="2"/>
<Cov CovItemId="S264" Value="2"/>
<Cov CovItemId="S265" Value="4"/>
<Cov CovItemId="S266" Value="4"/>
<Cov CovItemId="S268" Value="4"/>
<Cov CovItemId="S269" Value="4"/>
<Cov CovItemId="S270" Value="2"/>
<Cov CovItemId="S271" Value="2"/>
<Cov CovItemId="S272" Value="6"/>
<Cov CovItemId="S273" Value="6"/>
<Cov CovItemId="S275" Value="6"/>
<Cov CovItemId="S276" Value="6"/>
<Cov CovItemId="S277" Value="2"/>
<Cov CovItemId="S278" Value="2"/>
<Cov CovItemId="S279" Value="6"/>
<Cov CovItemId="S280" Value="6"/>
<Cov CovItemId="S282" Value="6"/>
<Cov CovItemId="S283" Value="6"/>
<Cov CovItemId="S284" Value="2"/>
<Cov CovItemId="S285" Value="2"/>
<Cov CovItemId="S286" Value="4"/>
<Cov CovItemId="S287" Value="4"/>
<Cov CovItemId="S289" Value="4"/>
<Cov CovItemId="S290" Value="4"/>
<Cov CovItemId="S291" Value="2"/>
<Cov CovItemId="S292" Value="2"/>
<Cov CovItemId="S293" Value="10"/>
<Cov CovItemId="S294" Value="10"/>
<Cov CovItemId="S295" Value="2"/>
<Cov CovItemId="S296" Value="8"/>
<Cov CovItemId="S297" Value="8"/>
<Cov CovItemId="S299" Value="2"/>
<Cov CovItemId="S300" Value="8"/>
<Cov CovItemId="S301" Value="8"/>
<Cov CovItemId="S302" Value="2"/>
<Cov CovItemId="S303" Value="6"/>
<Cov CovItemId="S304" Value="6"/>
</CovPrefix>
</CovList>
<AssgnmntList>
<AssgnmntPrefix RootTermCovItemPrefix="rules.ClassicRules.java">
<AssgnmntListEntry Length="1" RootTermCovItemId="C100">
<MapEntry BoolAssgnmnt="0" Value="4"/>
<MapEntry BoolAssgnmnt="1" Value="2"/>
</AssgnmntListEntry>
<AssgnmntListEntry Length="1" RootTermCovItemId="C102">
<MapEntry BoolAssgnmnt="0" Value="6"/>
</AssgnmntListEntry>
<AssgnmntListEntry Length="1" RootTermCovItemId="C103">
<MapEntry BoolAssgnmnt="0" Value="4"/>
<MapEntry BoolAssgnmnt="1" Value="2"/>
</AssgnmntListEntry>
<AssgnmntListEntry Length="1" RootTermCovItemId="C105">
<MapEntry BoolAssgnmnt="0" Value="4"/>
</AssgnmntListEntry>
<AssgnmntListEntry Length="1" RootTermCovItemId="C106">
<MapEntry BoolAssgnmnt="0" Value="2"/>
<MapEntry BoolAssgnmnt="1" Value="2"/>
</AssgnmntListEntry>
<AssgnmntListEntry Length="1" RootTermCovItemId="C108">
<MapEntry BoolAssgnmnt="0" Value="8"/>
<MapEntry BoolAssgnmnt="1" Value="2"/>
</AssgnmntListEntry>
<AssgnmntListEntry Length="1" RootTermCovItemId="C109">
<MapEntry BoolAssgnmnt="0" Value="8"/>
</AssgnmntListEntry>
<AssgnmntListEntry Length="1" RootTermCovItemId="C111">
<MapEntry BoolAssgnmnt="0" Value="6"/>
<MapEntry BoolAssgnmnt="1" Value="2"/>
</AssgnmntListEntry>
<AssgnmntListEntry Length="1" RootTermCovItemId="C112">
<MapEntry BoolAssgnmnt="0" Value="6"/>
</AssgnmntListEntry>
<AssgnmntListEntry Length="1" RootTermCovItemId="C36">
<MapEntry BoolAssgnmnt="0" Value="2"/>
</AssgnmntListEntry>
<AssgnmntListEntry Length="1" RootTermCovItemId="C37">
<MapEntry BoolAssgnmnt="0" Value="2"/>
</AssgnmntListEntry>
<AssgnmntListEntry Length="1" RootTermCovItemId="C38">
<MapEntry BoolAssgnmnt="0" Value="2"/>
</AssgnmntListEntry>
<AssgnmntListEntry Length="1" RootTermCovItemId="C39">
<MapEntry BoolAssgnmnt="0" Value="2"/>
</AssgnmntListEntry>
<AssgnmntListEntry Length="1" RootTermCovItemId="C40">
<MapEntry BoolAssgnmnt="1" Value="2"/>
</AssgnmntListEntry>
<AssgnmntListEntry Length="1" RootTermCovItemId="C42">
<MapEntry BoolAssgnmnt="0" Value="2"/>
<MapEntry BoolAssgnmnt="1" Value="44"/>
</AssgnmntListEntry>
<AssgnmntListEntry Length="2" RootTermCovItemId="C43">
<MapEntry BoolAssgnmnt="02" Value="32"/>
<MapEntry BoolAssgnmnt="10" Value="6"/>
<MapEntry BoolAssgnmnt="11" Value="6"/>
</AssgnmntListEntry>
<AssgnmntListEntry Length="1" RootTermCovItemId="C90">
<MapEntry BoolAssgnmnt="0" Value="6"/>
</AssgnmntListEntry>
<AssgnmntListEntry Length="1" RootTermCovItemId="C91">
<MapEntry BoolAssgnmnt="0" Value="4"/>
<MapEntry BoolAssgnmnt="1" Value="2"/>
</AssgnmntListEntry>
<AssgnmntListEntry Length="1" RootTermCovItemId="C93">
<MapEntry BoolAssgnmnt="0" Value="4"/>
</AssgnmntListEntry>
<AssgnmntListEntry Length="1" RootTermCovItemId="C94">
<MapEntry BoolAssgnmnt="0" Value="2"/>
<MapEntry BoolAssgnmnt="1" Value="2"/>
</AssgnmntListEntry>
<AssgnmntListEntry Length="1" RootTermCovItemId="C96">
<MapEntry BoolAssgnmnt="0" Value="4"/>
</AssgnmntListEntry>
<AssgnmntListEntry Length="1" RootTermCovItemId="C97">
<MapEntry BoolAssgnmnt="0" Value="2"/>
<MapEntry BoolAssgnmnt="1" Value="2"/>
</AssgnmntListEntry>
<AssgnmntListEntry Length="1" RootTermCovItemId="C99">
<MapEntry BoolAssgnmnt="0" Value="6"/>
</AssgnmntListEntry>
</AssgnmntPrefix>
</AssgnmntList>
<ObjMetaDataList/>
<MetaDataList/>
</TestCase>
<TestCase Comment="" Date="1416432421530" Name="pieceUnitTests.ListMoves:testKing">
<CovList>
<CovPrefix CovItemPrefix="pieceUnitTests.ListMoves.java">
<Cov CovItemId="S50" Value="1"/>
<Cov CovItemId="S51" Value="1"/>
<Cov CovItemId="S52" Value="1"/>
</CovPrefix>
<CovPrefix CovItemPrefix="rules.ClassicRules.java">
<Cov CovItemId="B20" Value="2"/>
<Cov CovItemId="B21" Value="2"/>
<Cov CovItemId="B24" Value="2"/>
<Cov CovItemId="B56" Value="1"/>
<Cov CovItemId="B57" Value="1"/>
<Cov CovItemId="B67" Value="5"/>
<Cov CovItemId="B91" Value="8"/>
<Cov CovItemId="B92" Value="1"/>
<Cov CovItemId="B93" Value="5"/>
<Cov CovItemId="B94" Value="3"/>
<Cov CovItemId="B95" Value="1"/>
<Cov CovItemId="B98" Value="2"/>
<Cov CovItemId="S106" Value="1"/>
<Cov CovItemId="S107" Value="1"/>
<Cov CovItemId="S108" Value="1"/>
<Cov CovItemId="S109" Value="1"/>
<Cov CovItemId="S111" Value="1"/>
<Cov CovItemId="S112" Value="1"/>
<Cov CovItemId="S121" Value="1"/>
<Cov CovItemId="S122" Value="1"/>
<Cov CovItemId="S123" Value="5"/>
<Cov CovItemId="S124" Value="5"/>
<Cov CovItemId="S125" Value="5"/>
<Cov CovItemId="S126" Value="1"/>
<Cov CovItemId="S160" Value="1"/>
<Cov CovItemId="S161" Value="3"/>
<Cov CovItemId="S162" Value="9"/>
<Cov CovItemId="S163" Value="8"/>
<Cov CovItemId="S164" Value="8"/>
<Cov CovItemId="S165" Value="5"/>
<Cov CovItemId="S166" Value="1"/>
<Cov CovItemId="S167" Value="1"/>
<Cov CovItemId="S168" Value="1"/>
<Cov CovItemId="S169" Value="2"/>
<Cov CovItemId="S170" Value="2"/>
<Cov CovItemId="S171" Value="2"/>
<Cov CovItemId="S47" Value="2"/>
<Cov CovItemId="S48" Value="2"/>
<Cov CovItemId="S49" Value="2"/>
<Cov CovItemId="S50" Value="2"/>
<Cov CovItemId="S52" Value="2"/>
<Cov CovItemId="S53" Value="2"/>
<Cov CovItemId="S54" Value="2"/>
<Cov CovItemId="S56" Value="2"/>
</CovPrefix>
</CovList>
<AssgnmntList>
<AssgnmntPrefix RootTermCovItemPrefix="rules.ClassicRules.java">
<AssgnmntListEntry Length="1" RootTermCovItemId="C16">
<MapEntry BoolAssgnmnt="0" Value="2"/>
</AssgnmntListEntry>
<AssgnmntListEntry Length="1" RootTermCovItemId="C17">
<MapEntry BoolAssgnmnt="1" Value="2"/>
</AssgnmntListEntry>
<AssgnmntListEntry Length="2" RootTermCovItemId="C18">
<MapEntry BoolAssgnmnt="02" Value="2"/>
</AssgnmntListEntry>
<AssgnmntListEntry Length="1" RootTermCovItemId="C36">
<MapEntry BoolAssgnmnt="0" Value="1"/>
</AssgnmntListEntry>
<AssgnmntListEntry Length="1" RootTermCovItemId="C37">
<MapEntry BoolAssgnmnt="1" Value="1"/>
</AssgnmntListEntry>
<AssgnmntListEntry Length="1" RootTermCovItemId="C42">
<MapEntry BoolAssgnmnt="0" Value="1"/>
<MapEntry BoolAssgnmnt="1" Value="5"/>
</AssgnmntListEntry>
<AssgnmntListEntry Length="2" RootTermCovItemId="C43">
<MapEntry BoolAssgnmnt="11" Value="5"/>
</AssgnmntListEntry>
<AssgnmntListEntry Length="1" RootTermCovItemId="C55">
<MapEntry BoolAssgnmnt="0" Value="1"/>
<MapEntry BoolAssgnmnt="1" Value="3"/>
</AssgnmntListEntry>
<AssgnmntListEntry Length="1" RootTermCovItemId="C56">
<MapEntry BoolAssgnmnt="0" Value="3"/>
<MapEntry BoolAssgnmnt="1" Value="9"/>
</AssgnmntListEntry>
<AssgnmntListEntry Length="2" RootTermCovItemId="C57">
<MapEntry BoolAssgnmnt="00" Value="1"/>
<MapEntry BoolAssgnmnt="01" Value="2"/>
<MapEntry BoolAssgnmnt="12" Value="6"/>
</AssgnmntListEntry>
<AssgnmntListEntry Length="1" RootTermCovItemId="C58">
<MapEntry BoolAssgnmnt="0" Value="3"/>
<MapEntry BoolAssgnmnt="1" Value="5"/>
</AssgnmntListEntry>
<AssgnmntListEntry Length="1" RootTermCovItemId="C59">
<MapEntry BoolAssgnmnt="0" Value="1"/>
</AssgnmntListEntry>
<AssgnmntListEntry Length="1" RootTermCovItemId="C60">
<MapEntry BoolAssgnmnt="0" Value="1"/>
<MapEntry BoolAssgnmnt="1" Value="1"/>
</AssgnmntListEntry>
<AssgnmntListEntry Length="1" RootTermCovItemId="C61">
<MapEntry BoolAssgnmnt="0" Value="2"/>
</AssgnmntListEntry>
</AssgnmntPrefix>
</AssgnmntList>
<ObjMetaDataList/>
<MetaDataList/>
</TestCase>
<TestCase Comment="" Date="1416432421532" Name="pieceUnitTests.ListMoves:testKingMidGame">
<CovList>
<CovPrefix CovItemPrefix="pieceUnitTests.ListMoves.java">
<Cov CovItemId="S53" Value="1"/>
<Cov CovItemId="S54" Value="1"/>
<Cov CovItemId="S55" Value="1"/>
<Cov CovItemId="S56" Value="1"/>
<Cov CovItemId="S57" Value="1"/>
<Cov CovItemId="S58" Value="1"/>
</CovPrefix>
<CovPrefix CovItemPrefix="rules.ClassicRules.java">
<Cov CovItemId="B56" Value="2"/>
<Cov CovItemId="B57" Value="2"/>
<Cov CovItemId="B68" Value="16"/>
<Cov CovItemId="B91" Value="16"/>
<Cov CovItemId="B92" Value="2"/>
<Cov CovItemId="B93" Value="16"/>
<Cov CovItemId="B96" Value="2"/>
<Cov CovItemId="S106" Value="2"/>
<Cov CovItemId="S107" Value="2"/>
<Cov CovItemId="S108" Value="2"/>
<Cov CovItemId="S109" Value="2"/>
<Cov CovItemId="S111" Value="2"/>
<Cov CovItemId="S112" Value="2"/>
<Cov CovItemId="S121" Value="2"/>
<Cov CovItemId="S122" Value="2"/>
<Cov CovItemId="S123" Value="16"/>
<Cov CovItemId="S124" Value="16"/>
<Cov CovItemId="S126" Value="2"/>
<Cov CovItemId="S160" Value="2"/>
<Cov CovItemId="S161" Value="6"/>
<Cov CovItemId="S162" Value="18"/>
<Cov CovItemId="S163" Value="16"/>
<Cov CovItemId="S164" Value="16"/>
<Cov CovItemId="S165" Value="16"/>
<Cov CovItemId="S166" Value="2"/>
</CovPrefix>
</CovList>
<AssgnmntList>
<AssgnmntPrefix RootTermCovItemPrefix="rules.ClassicRules.java">
<AssgnmntListEntry Length="1" RootTermCovItemId="C36">
<MapEntry BoolAssgnmnt="0" Value="2"/>
</AssgnmntListEntry>
<AssgnmntListEntry Length="1" RootTermCovItemId="C37">
<MapEntry BoolAssgnmnt="1" Value="2"/>
</AssgnmntListEntry>
<AssgnmntListEntry Length="1" RootTermCovItemId="C42">
<MapEntry BoolAssgnmnt="0" Value="2"/>
<MapEntry BoolAssgnmnt="1" Value="16"/>
</AssgnmntListEntry>
<AssgnmntListEntry Length="2" RootTermCovItemId="C43">
<MapEntry BoolAssgnmnt="02" Value="16"/>
</AssgnmntListEntry>
<AssgnmntListEntry Length="1" RootTermCovItemId="C55">
<MapEntry BoolAssgnmnt="0" Value="2"/>
<MapEntry BoolAssgnmnt="1" Value="6"/>
</AssgnmntListEntry>
<AssgnmntListEntry Length="1" RootTermCovItemId="C56">
<MapEntry BoolAssgnmnt="0" Value="6"/>
<MapEntry BoolAssgnmnt="1" Value="18"/>
</AssgnmntListEntry>
<AssgnmntListEntry Length="2" RootTermCovItemId="C57">
<MapEntry BoolAssgnmnt="00" Value="2"/>
<MapEntry BoolAssgnmnt="01" Value="4"/>
<MapEntry BoolAssgnmnt="12" Value="12"/>
</AssgnmntListEntry>
<AssgnmntListEntry Length="1" RootTermCovItemId="C58">
<MapEntry BoolAssgnmnt="1" Value="16"/>
</AssgnmntListEntry>
<AssgnmntListEntry Length="1" RootTermCovItemId="C59">
<MapEntry BoolAssgnmnt="1" Value="2"/>
</AssgnmntListEntry>
</AssgnmntPrefix>
</AssgnmntList>
<ObjMetaDataList/>
<MetaDataList/>
</TestCase>
<TestCase Comment="" Date="1416432421543" Name="pieceUnitTests.ListMoves:testRook">
<CovList>
<CovPrefix CovItemPrefix="pieceUnitTests.ListMoves.java">
<Cov CovItemId="S13" Value="1"/>
<Cov CovItemId="S14" Value="1"/>
<Cov CovItemId="S15" Value="1"/>
</CovPrefix>
<CovPrefix CovItemPrefix="rules.ClassicRules.java">
<Cov CovItemId="B106" Value="1"/>
<Cov CovItemId="B107" Value="1"/>
<Cov CovItemId="B109" Value="1"/>
<Cov CovItemId="B114" Value="1"/>
<Cov CovItemId="B115" Value="1"/>
<Cov CovItemId="B117" Value="1"/>
<Cov CovItemId="B56" Value="1"/>
<Cov CovItemId="B58" Value="1"/>
<Cov CovItemId="B59" Value="1"/>
<Cov CovItemId="B67" Value="2"/>
<Cov CovItemId="S106" Value="1"/>
<Cov CovItemId="S107" Value="1"/>
<Cov CovItemId="S108" Value="1"/>
<Cov CovItemId="S109" Value="1"/>
<Cov CovItemId="S111" Value="1"/>
<Cov CovItemId="S113" Value="1"/>
<Cov CovItemId="S114" Value="1"/>
<Cov CovItemId="S121" Value="1"/>
<Cov CovItemId="S122" Value="1"/>
<Cov CovItemId="S123" Value="2"/>
<Cov CovItemId="S124" Value="2"/>
<Cov CovItemId="S125" Value="2"/>
<Cov CovItemId="S126" Value="1"/>
<Cov CovItemId="S194" Value="1"/>
<Cov CovItemId="S195" Value="1"/>
<Cov CovItemId="S196" Value="1"/>
<Cov CovItemId="S198" Value="1"/>
<Cov CovItemId="S199" Value="1"/>
<Cov CovItemId="S200" Value="1"/>
<Cov CovItemId="S201" Value="1"/>
<Cov CovItemId="S202" Value="1"/>
<Cov CovItemId="S203" Value="1"/>
<Cov CovItemId="S204" Value="1"/>
<Cov CovItemId="S208" Value="1"/>
<Cov CovItemId="S209" Value="1"/>
<Cov CovItemId="S210" Value="1"/>
<Cov CovItemId="S212" Value="1"/>
<Cov CovItemId="S213" Value="1"/>
<Cov CovItemId="S214" Value="1"/>
<Cov CovItemId="S215" Value="1"/>
<Cov CovItemId="S216" Value="1"/>
<Cov CovItemId="S217" Value="1"/>
<Cov CovItemId="S218" Value="1"/>
</CovPrefix>
</CovList>
<AssgnmntList>
<AssgnmntPrefix RootTermCovItemPrefix="rules.ClassicRules.java">
<AssgnmntListEntry Length="1" RootTermCovItemId="C36">
<MapEntry BoolAssgnmnt="0" Value="1"/>
</AssgnmntListEntry>
<AssgnmntListEntry Length="1" RootTermCovItemId="C37">
<MapEntry BoolAssgnmnt="0" Value="1"/>
</AssgnmntListEntry>
<AssgnmntListEntry Length="1" RootTermCovItemId="C38">
<MapEntry BoolAssgnmnt="1" Value="1"/>
</AssgnmntListEntry>
<AssgnmntListEntry Length="1" RootTermCovItemId="C42">
<MapEntry BoolAssgnmnt="0" Value="1"/>
<MapEntry BoolAssgnmnt="1" Value="2"/>
</AssgnmntListEntry>
<AssgnmntListEntry Length="2" RootTermCovItemId="C43">
<MapEntry BoolAssgnmnt="11" Value="2"/>
</AssgnmntListEntry>
<AssgnmntListEntry Length="1" RootTermCovItemId="C66">
<MapEntry BoolAssgnmnt="0" Value="1"/>
</AssgnmntListEntry>
<AssgnmntListEntry Length="1" RootTermCovItemId="C67">
<MapEntry BoolAssgnmnt="1" Value="1"/>
</AssgnmntListEntry>
<AssgnmntListEntry Length="1" RootTermCovItemId="C69">
<MapEntry BoolAssgnmnt="1" Value="1"/>
</AssgnmntListEntry>
<AssgnmntListEntry Length="1" RootTermCovItemId="C72">
<MapEntry BoolAssgnmnt="0" Value="1"/>
</AssgnmntListEntry>
<AssgnmntListEntry Length="1" RootTermCovItemId="C73">
<MapEntry BoolAssgnmnt="1" Value="1"/>
</AssgnmntListEntry>
<AssgnmntListEntry Length="1" RootTermCovItemId="C75">
<MapEntry BoolAssgnmnt="1" Value="1"/>
</AssgnmntListEntry>
</AssgnmntPrefix>
</AssgnmntList>
<ObjMetaDataList/>
<MetaDataList/>
</TestCase>
<TestCase Comment="" Date="1416432421545" Name="pieceUnitTests.ListMoves:testRookMidGame">
<CovList>
<CovPrefix CovItemPrefix="pieceUnitTests.ListMoves.java">
<Cov CovItemId="S16" Value="1"/>
<Cov CovItemId="S17" Value="1"/>
<Cov CovItemId="S18" Value="1"/>
<Cov CovItemId="S19" Value="1"/>
<Cov CovItemId="S20" Value="1"/>
<Cov CovItemId="S21" Value="1"/>
</CovPrefix>
<CovPrefix CovItemPrefix="rules.ClassicRules.java">
<Cov CovItemId="B106" Value="6"/>
<Cov CovItemId="B107" Value="2"/>
<Cov CovItemId="B108" Value="4"/>
<Cov CovItemId="B110" Value="4"/>
<Cov CovItemId="B111" Value="2"/>
<Cov CovItemId="B112" Value="2"/>
<Cov CovItemId="B113" Value="2"/>
<Cov CovItemId="B114" Value="8"/>
<Cov CovItemId="B116" Value="8"/>
<Cov CovItemId="B117" Value="2"/>
<Cov CovItemId="B118" Value="6"/>
<Cov CovItemId="B120" Value="6"/>
<Cov CovItemId="B56" Value="2"/>
<Cov CovItemId="B58" Value="2"/>
<Cov CovItemId="B59" Value="2"/>
<Cov CovItemId="B67" Value="2"/>
<Cov CovItemId="B68" Value="22"/>
<Cov CovItemId="S106" Value="2"/>
<Cov CovItemId="S107" Value="2"/>
<Cov CovItemId="S108" Value="2"/>
<Cov CovItemId="S109" Value="2"/>
<Cov CovItemId="S111" Value="2"/>
<Cov CovItemId="S113" Value="2"/>
<Cov CovItemId="S114" Value="2"/>
<Cov CovItemId="S121" Value="2"/>
<Cov CovItemId="S122" Value="2"/>
<Cov CovItemId="S123" Value="24"/>
<Cov CovItemId="S124" Value="24"/>
<Cov CovItemId="S125" Value="2"/>
<Cov CovItemId="S126" Value="2"/>
<Cov CovItemId="S194" Value="2"/>
<Cov CovItemId="S195" Value="6"/>
<Cov CovItemId="S196" Value="6"/>
<Cov CovItemId="S198" Value="6"/>
<Cov CovItemId="S199" Value="6"/>
<Cov CovItemId="S200" Value="2"/>
<Cov CovItemId="S201" Value="2"/>
<Cov CovItemId="S202" Value="4"/>
<Cov CovItemId="S203" Value="4"/>
<Cov CovItemId="S205" Value="4"/>
<Cov CovItemId="S206" Value="4"/>
<Cov CovItemId="S207" Value="2"/>
<Cov CovItemId="S208" Value="2"/>
<Cov CovItemId="S209" Value="10"/>
<Cov CovItemId="S210" Value="10"/>
<Cov CovItemId="S211" Value="2"/>
<Cov CovItemId="S212" Value="8"/>
<Cov CovItemId="S213" Value="8"/>
<Cov CovItemId="S215" Value="2"/>
<Cov CovItemId="S216" Value="8"/>
<Cov CovItemId="S217" Value="8"/>
<Cov CovItemId="S218" Value="2"/>
<Cov CovItemId="S219" Value="6"/>
<Cov CovItemId="S220" Value="6"/>
</CovPrefix>
</CovList>
<AssgnmntList>
<AssgnmntPrefix RootTermCovItemPrefix="rules.ClassicRules.java">
<AssgnmntListEntry Length="1" RootTermCovItemId="C36">
<MapEntry BoolAssgnmnt="0" Value="2"/>
</AssgnmntListEntry>
<AssgnmntListEntry Length="1" RootTermCovItemId="C37">
<MapEntry BoolAssgnmnt="0" Value="2"/>
</AssgnmntListEntry>
<AssgnmntListEntry Length="1" RootTermCovItemId="C38">
<MapEntry BoolAssgnmnt="1" Value="2"/>
</AssgnmntListEntry>
<AssgnmntListEntry Length="1" RootTermCovItemId="C42">
<MapEntry BoolAssgnmnt="0" Value="2"/>
<MapEntry BoolAssgnmnt="1" Value="24"/>
</AssgnmntListEntry>
<AssgnmntListEntry Length="2" RootTermCovItemId="C43">
<MapEntry BoolAssgnmnt="02" Value="20"/>
<MapEntry BoolAssgnmnt="10" Value="2"/>
<MapEntry BoolAssgnmnt="11" Value="2"/>
</AssgnmntListEntry>
<AssgnmntListEntry Length="1" RootTermCovItemId="C66">
<MapEntry BoolAssgnmnt="0" Value="6"/>
</AssgnmntListEntry>
<AssgnmntListEntry Length="1" RootTermCovItemId="C67">
<MapEntry BoolAssgnmnt="0" Value="4"/>
<MapEntry BoolAssgnmnt="1" Value="2"/>
</AssgnmntListEntry>
<AssgnmntListEntry Length="1" RootTermCovItemId="C69">
<MapEntry BoolAssgnmnt="0" Value="4"/>
</AssgnmntListEntry>
<AssgnmntListEntry Length="1" RootTermCovItemId="C70">
<MapEntry BoolAssgnmnt="0" Value="2"/>
<MapEntry BoolAssgnmnt="1" Value="2"/>
</AssgnmntListEntry>
<AssgnmntListEntry Length="1" RootTermCovItemId="C72">
<MapEntry BoolAssgnmnt="0" Value="8"/>
<MapEntry BoolAssgnmnt="1" Value="2"/>
</AssgnmntListEntry>
<AssgnmntListEntry Length="1" RootTermCovItemId="C73">
<MapEntry BoolAssgnmnt="0" Value="8"/>
</AssgnmntListEntry>
<AssgnmntListEntry Length="1" RootTermCovItemId="C75">
<MapEntry BoolAssgnmnt="0" Value="6"/>
<MapEntry BoolAssgnmnt="1" Value="2"/>
</AssgnmntListEntry>
<AssgnmntListEntry Length="1" RootTermCovItemId="C76">
<MapEntry BoolAssgnmnt="0" Value="6"/>
</AssgnmntListEntry>
</AssgnmntPrefix>
</AssgnmntList>
<ObjMetaDataList/>
<MetaDataList/>
</TestCase>
<TestCase Comment="" Date="1416432421547" Name="pieceUnitTests.ListMoves:testKnight">
<CovList>
<CovPrefix CovItemPrefix="pieceUnitTests.ListMoves.java">
<Cov CovItemId="S22" Value="1"/>
<Cov CovItemId="S23" Value="1"/>
<Cov CovItemId="S24" Value="1"/>
<Cov CovItemId="S25" Value="1"/>
</CovPrefix>
<CovPrefix CovItemPrefix="rules.ClassicRules.java">
<Cov CovItemId="B169" Value="2"/>
<Cov CovItemId="B172" Value="2"/>
<Cov CovItemId="B173" Value="2"/>
<Cov CovItemId="B176" Value="2"/>
<Cov CovItemId="B177" Value="2"/>
<Cov CovItemId="B180" Value="2"/>
<Cov CovItemId="B182" Value="2"/>
<Cov CovItemId="B184" Value="2"/>
<Cov CovItemId="B56" Value="2"/>
<Cov CovItemId="B58" Value="2"/>
<Cov CovItemId="B60" Value="2"/>
<Cov CovItemId="B62" Value="2"/>
<Cov CovItemId="B64" Value="2"/>
<Cov CovItemId="B65" Value="2"/>
<Cov CovItemId="B67" Value="2"/>
<Cov CovItemId="B68" Value="4"/>
<Cov CovItemId="S106" Value="2"/>
<Cov CovItemId="S107" Value="2"/>
<Cov CovItemId="S108" Value="2"/>
<Cov CovItemId="S109" Value="2"/>
<Cov CovItemId="S111" Value="2"/>
<Cov CovItemId="S113" Value="2"/>
<Cov CovItemId="S115" Value="2"/>
<Cov CovItemId="S117" Value="2"/>
<Cov CovItemId="S119" Value="2"/>
<Cov CovItemId="S120" Value="2"/>
<Cov CovItemId="S121" Value="2"/>
<Cov CovItemId="S122" Value="2"/>
<Cov CovItemId="S123" Value="6"/>
<Cov CovItemId="S124" Value="6"/>
<Cov CovItemId="S125" Value="2"/>
<Cov CovItemId="S126" Value="2"/>
<Cov CovItemId="S306" Value="2"/>
<Cov CovItemId="S307" Value="2"/>
<Cov CovItemId="S308" Value="2"/>
<Cov CovItemId="S309" Value="2"/>
<Cov CovItemId="S310" Value="2"/>
<Cov CovItemId="S312" Value="2"/>
<Cov CovItemId="S313" Value="2"/>
<Cov CovItemId="S314" Value="2"/>
<Cov CovItemId="S315" Value="2"/>
<Cov CovItemId="S316" Value="2"/>
<Cov CovItemId="S318" Value="2"/>
<Cov CovItemId="S319" Value="2"/>
<Cov CovItemId="S320" Value="2"/>
<Cov CovItemId="S321" Value="2"/>
<Cov CovItemId="S322" Value="2"/>
<Cov CovItemId="S324" Value="2"/>
<Cov CovItemId="S325" Value="2"/>
<Cov CovItemId="S327" Value="2"/>
<Cov CovItemId="S328" Value="2"/>
</CovPrefix>
</CovList>
<AssgnmntList>
<AssgnmntPrefix RootTermCovItemPrefix="rules.ClassicRules.java">
<AssgnmntListEntry Length="1" RootTermCovItemId="C113">
<MapEntry BoolAssgnmnt="1" Value="2"/>
</AssgnmntListEntry>
<AssgnmntListEntry Length="1" RootTermCovItemId="C114">
<MapEntry BoolAssgnmnt="0" Value="2"/>
</AssgnmntListEntry>
<AssgnmntListEntry Length="1" RootTermCovItemId="C115">
<MapEntry BoolAssgnmnt="1" Value="2"/>
</AssgnmntListEntry>
<AssgnmntListEntry Length="1" RootTermCovItemId="C116">
<MapEntry BoolAssgnmnt="0" Value="2"/>
</AssgnmntListEntry>
<AssgnmntListEntry Length="1" RootTermCovItemId="C117">
<MapEntry BoolAssgnmnt="1" Value="2"/>
</AssgnmntListEntry>
<AssgnmntListEntry Length="1" RootTermCovItemId="C118">
<MapEntry BoolAssgnmnt="0" Value="2"/>
</AssgnmntListEntry>
<AssgnmntListEntry Length="1" RootTermCovItemId="C119">
<MapEntry BoolAssgnmnt="0" Value="2"/>
</AssgnmntListEntry>
<AssgnmntListEntry Length="1" RootTermCovItemId="C120">
<MapEntry BoolAssgnmnt="0" Value="2"/>
</AssgnmntListEntry>
<AssgnmntListEntry Length="1" RootTermCovItemId="C36">
<MapEntry BoolAssgnmnt="0" Value="2"/>
</AssgnmntListEntry>
<AssgnmntListEntry Length="1" RootTermCovItemId="C37">
<MapEntry BoolAssgnmnt="0" Value="2"/>
</AssgnmntListEntry>
<AssgnmntListEntry Length="1" RootTermCovItemId="C38">
<MapEntry BoolAssgnmnt="0" Value="2"/>
</AssgnmntListEntry>
<AssgnmntListEntry Length="1" RootTermCovItemId="C39">
<MapEntry BoolAssgnmnt="0" Value="2"/>
</AssgnmntListEntry>
<AssgnmntListEntry Length="1" RootTermCovItemId="C40">
<MapEntry BoolAssgnmnt="0" Value="2"/>
</AssgnmntListEntry>
<AssgnmntListEntry Length="1" RootTermCovItemId="C41">
<MapEntry BoolAssgnmnt="1" Value="2"/>
</AssgnmntListEntry>
<AssgnmntListEntry Length="1" RootTermCovItemId="C42">
<MapEntry BoolAssgnmnt="0" Value="2"/>
<MapEntry BoolAssgnmnt="1" Value="6"/>
</AssgnmntListEntry>
<AssgnmntListEntry Length="2" RootTermCovItemId="C43">
<MapEntry BoolAssgnmnt="02" Value="4"/>
<MapEntry BoolAssgnmnt="11" Value="2"/>
</AssgnmntListEntry>
</AssgnmntPrefix>
</AssgnmntList>
<ObjMetaDataList/>
<MetaDataList/>
</TestCase>
<TestCase Comment="" Date="1416432421548" Name="pieceUnitTests.ListMoves:testQueen">
<CovList>
<CovPrefix CovItemPrefix="pieceUnitTests.ListMoves.java">
<Cov CovItemId="S41" Value="1"/>
<Cov CovItemId="S42" Value="1"/>
<Cov CovItemId="S43" Value="1"/>
</CovPrefix>
<CovPrefix CovItemPrefix="rules.ClassicRules.java">
<Cov CovItemId="B138" Value="1"/>
<Cov CovItemId="B139" Value="1"/>
<Cov CovItemId="B141" Value="1"/>
<Cov CovItemId="B145" Value="1"/>
<Cov CovItemId="B150" Value="1"/>
<Cov CovItemId="B151" Value="1"/>
<Cov CovItemId="B154" Value="1"/>
<Cov CovItemId="B155" Value="1"/>
<Cov CovItemId="B157" Value="1"/>
<Cov CovItemId="B162" Value="1"/>
<Cov CovItemId="B163" Value="1"/>
<Cov CovItemId="B166" Value="1"/>
<Cov CovItemId="B167" Value="1"/>
<Cov CovItemId="B56" Value="1"/>
<Cov CovItemId="B58" Value="1"/>
<Cov CovItemId="B60" Value="1"/>
<Cov CovItemId="B62" Value="1"/>
<Cov CovItemId="B63" Value="1"/>
<Cov CovItemId="B67" Value="5"/>
<Cov CovItemId="S106" Value="1"/>
<Cov CovItemId="S107" Value="1"/>
<Cov CovItemId="S108" Value="1"/>
<Cov CovItemId="S109" Value="1"/>
<Cov CovItemId="S111" Value="1"/>
<Cov CovItemId="S113" Value="1"/>
<Cov CovItemId="S115" Value="1"/>
<Cov CovItemId="S117" Value="1"/>
<Cov CovItemId="S118" Value="1"/>
<Cov CovItemId="S121" Value="1"/>
<Cov CovItemId="S122" Value="1"/>
<Cov CovItemId="S123" Value="5"/>
<Cov CovItemId="S124" Value="5"/>
<Cov CovItemId="S125" Value="5"/>
<Cov CovItemId="S126" Value="1"/>
<Cov CovItemId="S250" Value="1"/>
<Cov CovItemId="S251" Value="1"/>
<Cov CovItemId="S252" Value="1"/>
<Cov CovItemId="S254" Value="1"/>
<Cov CovItemId="S255" Value="1"/>
<Cov CovItemId="S256" Value="1"/>
<Cov CovItemId="S257" Value="1"/>
<Cov CovItemId="S258" Value="1"/>
<Cov CovItemId="S259" Value="1"/>
<Cov CovItemId="S260" Value="1"/>
<Cov CovItemId="S264" Value="1"/>
<Cov CovItemId="S265" Value="1"/>
<Cov CovItemId="S266" Value="1"/>
<Cov CovItemId="S267" Value="1"/>
<Cov CovItemId="S271" Value="1"/>
<Cov CovItemId="S272" Value="1"/>
<Cov CovItemId="S273" Value="1"/>
<Cov CovItemId="S275" Value="1"/>
<Cov CovItemId="S276" Value="1"/>
<Cov CovItemId="S277" Value="1"/>
<Cov CovItemId="S278" Value="1"/>
<Cov CovItemId="S279" Value="1"/>
<Cov CovItemId="S280" Value="1"/>
<Cov CovItemId="S282" Value="1"/>
<Cov CovItemId="S283" Value="1"/>
<Cov CovItemId="S284" Value="1"/>
<Cov CovItemId="S285" Value="1"/>
<Cov CovItemId="S286" Value="1"/>
<Cov CovItemId="S287" Value="1"/>
<Cov CovItemId="S288" Value="1"/>
<Cov CovItemId="S292" Value="1"/>
<Cov CovItemId="S293" Value="1"/>
<Cov CovItemId="S294" Value="1"/>
<Cov CovItemId="S296" Value="1"/>
<Cov CovItemId="S297" Value="1"/>
<Cov CovItemId="S298" Value="1"/>
<Cov CovItemId="S299" Value="1"/>
<Cov CovItemId="S300" Value="1"/>
<Cov CovItemId="S301" Value="1"/>
<Cov CovItemId="S303" Value="1"/>
<Cov CovItemId="S304" Value="1"/>
<Cov CovItemId="S305" Value="1"/>
</CovPrefix>
</CovList>
<AssgnmntList>
<AssgnmntPrefix RootTermCovItemPrefix="rules.ClassicRules.java">
<AssgnmntListEntry Length="1" RootTermCovItemId="C100">
<MapEntry BoolAssgnmnt="1" Value="1"/>
</AssgnmntListEntry>
<AssgnmntListEntry Length="1" RootTermCovItemId="C102">
<MapEntry BoolAssgnmnt="0" Value="1"/>
</AssgnmntListEntry>
<AssgnmntListEntry Length="1" RootTermCovItemId="C103">
<MapEntry BoolAssgnmnt="1" Value="1"/>
</AssgnmntListEntry>
<AssgnmntListEntry Length="1" RootTermCovItemId="C105">
<MapEntry BoolAssgnmnt="1" Value="1"/>
</AssgnmntListEntry>
<AssgnmntListEntry Length="1" RootTermCovItemId="C108">
<MapEntry BoolAssgnmnt="0" Value="1"/>
</AssgnmntListEntry>
<AssgnmntListEntry Length="1" RootTermCovItemId="C109">
<MapEntry BoolAssgnmnt="1" Value="1"/>
</AssgnmntListEntry>
<AssgnmntListEntry Length="1" RootTermCovItemId="C111">
<MapEntry BoolAssgnmnt="0" Value="1"/>
</AssgnmntListEntry>
<AssgnmntListEntry Length="1" RootTermCovItemId="C112">
<MapEntry BoolAssgnmnt="1" Value="1"/>
</AssgnmntListEntry>
<AssgnmntListEntry Length="1" RootTermCovItemId="C36">
<MapEntry BoolAssgnmnt="0" Value="1"/>
</AssgnmntListEntry>
<AssgnmntListEntry Length="1" RootTermCovItemId="C37">
<MapEntry BoolAssgnmnt="0" Value="1"/>
</AssgnmntListEntry>
<AssgnmntListEntry Length="1" RootTermCovItemId="C38">
<MapEntry BoolAssgnmnt="0" Value="1"/>
</AssgnmntListEntry>
<AssgnmntListEntry Length="1" RootTermCovItemId="C39">
<MapEntry BoolAssgnmnt="0" Value="1"/>
</AssgnmntListEntry>
<AssgnmntListEntry Length="1" RootTermCovItemId="C40">
<MapEntry BoolAssgnmnt="1" Value="1"/>
</AssgnmntListEntry>
<AssgnmntListEntry Length="1" RootTermCovItemId="C42">
<MapEntry BoolAssgnmnt="0" Value="1"/>
<MapEntry BoolAssgnmnt="1" Value="5"/>
</AssgnmntListEntry>
<AssgnmntListEntry Length="2" RootTermCovItemId="C43">
<MapEntry BoolAssgnmnt="11" Value="5"/>
</AssgnmntListEntry>
<AssgnmntListEntry Length="1" RootTermCovItemId="C90">
<MapEntry BoolAssgnmnt="0" Value="1"/>
</AssgnmntListEntry>
<AssgnmntListEntry Length="1" RootTermCovItemId="C91">
<MapEntry BoolAssgnmnt="1" Value="1"/>
</AssgnmntListEntry>
<AssgnmntListEntry Length="1" RootTermCovItemId="C93">
<MapEntry BoolAssgnmnt="1" Value="1"/>
</AssgnmntListEntry>
<AssgnmntListEntry Length="1" RootTermCovItemId="C96">
<MapEntry BoolAssgnmnt="1" Value="1"/>
</AssgnmntListEntry>
<AssgnmntListEntry Length="1" RootTermCovItemId="C99">
<MapEntry BoolAssgnmnt="0" Value="1"/>
</AssgnmntListEntry>
</AssgnmntPrefix>
</AssgnmntList>
<ObjMetaDataList/>
<MetaDataList/>
</TestCase>
<TestCase Comment="" Date="1416432421549" Name="pieceUnitTests.ListMoves:testBishup">
<CovList>
<CovPrefix CovItemPrefix="pieceUnitTests.ListMoves.java">
<Cov CovItemId="S32" Value="1"/>
<Cov CovItemId="S33" Value="1"/>
<Cov CovItemId="S34" Value="1"/>
</CovPrefix>
<CovPrefix CovItemPrefix="rules.ClassicRules.java">
<Cov CovItemId="B122" Value="1"/>
<Cov CovItemId="B123" Value="1"/>
<Cov CovItemId="B125" Value="1"/>
<Cov CovItemId="B129" Value="1"/>
<Cov CovItemId="B134" Value="1"/>
<Cov CovItemId="B135" Value="1"/>
<Cov CovItemId="B56" Value="1"/>
<Cov CovItemId="B58" Value="1"/>
<Cov CovItemId="B60" Value="1"/>
<Cov CovItemId="B61" Value="1"/>
<Cov CovItemId="B67" Value="2"/>
<Cov CovItemId="S106" Value="1"/>
<Cov CovItemId="S107" Value="1"/>
<Cov CovItemId="S108" Value="1"/>
<Cov CovItemId="S109" Value="1"/>
<Cov CovItemId="S111" Value="1"/>
<Cov CovItemId="S113" Value="1"/>
<Cov CovItemId="S115" Value="1"/>
<Cov CovItemId="S116" Value="1"/>
<Cov CovItemId="S121" Value="1"/>
<Cov CovItemId="S122" Value="1"/>
<Cov CovItemId="S123" Value="2"/>
<Cov CovItemId="S124" Value="2"/>
<Cov CovItemId="S125" Value="2"/>
<Cov CovItemId="S126" Value="1"/>
<Cov CovItemId="S222" Value="1"/>
<Cov CovItemId="S223" Value="1"/>
<Cov CovItemId="S224" Value="1"/>
<Cov CovItemId="S226" Value="1"/>
<Cov CovItemId="S227" Value="1"/>
<Cov CovItemId="S228" Value="1"/>
<Cov CovItemId="S229" Value="1"/>
<Cov CovItemId="S230" Value="1"/>
<Cov CovItemId="S231" Value="1"/>
<Cov CovItemId="S232" Value="1"/>
<Cov CovItemId="S236" Value="1"/>
<Cov CovItemId="S237" Value="1"/>
<Cov CovItemId="S238" Value="1"/>
<Cov CovItemId="S239" Value="1"/>
<Cov CovItemId="S243" Value="1"/>
<Cov CovItemId="S244" Value="1"/>
<Cov CovItemId="S245" Value="1"/>
<Cov CovItemId="S247" Value="1"/>
<Cov CovItemId="S248" Value="1"/>
<Cov CovItemId="S249" Value="1"/>
</CovPrefix>
</CovList>
<AssgnmntList>
<AssgnmntPrefix RootTermCovItemPrefix="rules.ClassicRules.java">
<AssgnmntListEntry Length="1" RootTermCovItemId="C36">
<MapEntry BoolAssgnmnt="0" Value="1"/>
</AssgnmntListEntry>
<AssgnmntListEntry Length="1" RootTermCovItemId="C37">
<MapEntry BoolAssgnmnt="0" Value="1"/>
</AssgnmntListEntry>
<AssgnmntListEntry Length="1" RootTermCovItemId="C38">
<MapEntry BoolAssgnmnt="0" Value="1"/>
</AssgnmntListEntry>
<AssgnmntListEntry Length="1" RootTermCovItemId="C39">
<MapEntry BoolAssgnmnt="1" Value="1"/>
</AssgnmntListEntry>
<AssgnmntListEntry Length="1" RootTermCovItemId="C42">
<MapEntry BoolAssgnmnt="0" Value="1"/>
<MapEntry BoolAssgnmnt="1" Value="2"/>
</AssgnmntListEntry>
<AssgnmntListEntry Length="2" RootTermCovItemId="C43">
<MapEntry BoolAssgnmnt="11" Value="2"/>
</AssgnmntListEntry>
<AssgnmntListEntry Length="1" RootTermCovItemId="C78">
<MapEntry BoolAssgnmnt="0" Value="1"/>
</AssgnmntListEntry>
<AssgnmntListEntry Length="1" RootTermCovItemId="C79">
<MapEntry BoolAssgnmnt="1" Value="1"/>
</AssgnmntListEntry>
<AssgnmntListEntry Length="1" RootTermCovItemId="C81">
<MapEntry BoolAssgnmnt="1" Value="1"/>
</AssgnmntListEntry>
<AssgnmntListEntry Length="1" RootTermCovItemId="C84">
<MapEntry BoolAssgnmnt="1" Value="1"/>
</AssgnmntListEntry>
<AssgnmntListEntry Length="1" RootTermCovItemId="C87">
<MapEntry BoolAssgnmnt="0" Value="1"/>
</AssgnmntListEntry>
<AssgnmntListEntry Length="1" RootTermCovItemId="C88">
<MapEntry BoolAssgnmnt="1" Value="1"/>
</AssgnmntListEntry>
</AssgnmntPrefix>
</AssgnmntList>
<ObjMetaDataList/>
<MetaDataList/>
</TestCase>
<TestCase Comment="" Date="1416432421551" Name="pieceUnitTests.ListMoves:testPawn">
<CovList>
<CovPrefix CovItemPrefix="pieceUnitTests.ListMoves.java">
<Cov CovItemId="S3" Value="1"/>
<Cov CovItemId="S4" Value="1"/>
<Cov CovItemId="S5" Value="1"/>
<Cov CovItemId="S6" Value="1"/>
</CovPrefix>
<CovPrefix CovItemPrefix="rules.ClassicRules.java">
<Cov CovItemId="B55" Value="2"/>
<Cov CovItemId="B68" Value="4"/>
<Cov CovItemId="B69" Value="2"/>
<Cov CovItemId="B71" Value="2"/>
<Cov CovItemId="B73" Value="2"/>
<Cov CovItemId="B76" Value="2"/>
<Cov CovItemId="B78" Value="2"/>
<Cov CovItemId="B80" Value="2"/>
<Cov CovItemId="B85" Value="2"/>
<Cov CovItemId="B88" Value="2"/>
<Cov CovItemId="S106" Value="2"/>
<Cov CovItemId="S107" Value="2"/>
<Cov CovItemId="S108" Value="2"/>
<Cov CovItemId="S109" Value="2"/>
<Cov CovItemId="S110" Value="2"/>
<Cov CovItemId="S121" Value="2"/>
<Cov CovItemId="S122" Value="2"/>
<Cov CovItemId="S123" Value="4"/>
<Cov CovItemId="S124" Value="4"/>
<Cov CovItemId="S126" Value="2"/>
<Cov CovItemId="S127" Value="2"/>
<Cov CovItemId="S128" Value="2"/>
<Cov CovItemId="S129" Value="2"/>
<Cov CovItemId="S130" Value="2"/>
<Cov CovItemId="S131" Value="2"/>
<Cov CovItemId="S132" Value="2"/>
<Cov CovItemId="S133" Value="2"/>
<Cov CovItemId="S134" Value="2"/>
<Cov CovItemId="S135" Value="2"/>
<Cov CovItemId="S136" Value="2"/>
<Cov CovItemId="S137" Value="2"/>
<Cov CovItemId="S139" Value="2"/>
<Cov CovItemId="S140" Value="2"/>
<Cov CovItemId="S142" Value="2"/>
<Cov CovItemId="S143" Value="2"/>
<Cov CovItemId="S151" Value="2"/>
<Cov CovItemId="S152" Value="2"/>
<Cov CovItemId="S153" Value="2"/>
</CovPrefix>
</CovList>
<AssgnmntList>
<AssgnmntPrefix RootTermCovItemPrefix="rules.ClassicRules.java">
<AssgnmntListEntry Length="1" RootTermCovItemId="C36">
<MapEntry BoolAssgnmnt="1" Value="2"/>
</AssgnmntListEntry>
<AssgnmntListEntry Length="1" RootTermCovItemId="C42">
<MapEntry BoolAssgnmnt="0" Value="2"/>
<MapEntry BoolAssgnmnt="1" Value="4"/>
</AssgnmntListEntry>
<AssgnmntListEntry Length="2" RootTermCovItemId="C43">
<MapEntry BoolAssgnmnt="02" Value="4"/>
</AssgnmntListEntry>
<AssgnmntListEntry Length="2" RootTermCovItemId="C44">
<MapEntry BoolAssgnmnt="11" Value="2"/>
</AssgnmntListEntry>
<AssgnmntListEntry Length="1" RootTermCovItemId="C45">
<MapEntry BoolAssgnmnt="0" Value="2"/>
</AssgnmntListEntry>
<AssgnmntListEntry Length="2" RootTermCovItemId="C46">
<MapEntry BoolAssgnmnt="11" Value="2"/>
</AssgnmntListEntry>
<AssgnmntListEntry Length="2" RootTermCovItemId="C47">
<MapEntry BoolAssgnmnt="10" Value="2"/>
</AssgnmntListEntry>
<AssgnmntListEntry Length="2" RootTermCovItemId="C48">
<MapEntry BoolAssgnmnt="02" Value="2"/>
</AssgnmntListEntry>
<AssgnmntListEntry Length="2" RootTermCovItemId="C49">
<MapEntry BoolAssgnmnt="02" Value="2"/>
</AssgnmntListEntry>
<AssgnmntListEntry Length="2" RootTermCovItemId="C52">
<MapEntry BoolAssgnmnt="11" Value="2"/>
</AssgnmntListEntry>
<AssgnmntListEntry Length="1" RootTermCovItemId="C53">
<MapEntry BoolAssgnmnt="0" Value="2"/>
</AssgnmntListEntry>
</AssgnmntPrefix>
</AssgnmntList>
<ObjMetaDataList/>
<MetaDataList/>
</TestCase>
<TestCase Comment="" Date="1416432421554" Name="pieceUnitTests.ListMoves:testPawnMidGame">
<CovList>
<CovPrefix CovItemPrefix="pieceUnitTests.ListMoves.java">
<Cov CovItemId="S10" Value="1"/>
<Cov CovItemId="S11" Value="1"/>
<Cov CovItemId="S12" Value="1"/>
<Cov CovItemId="S7" Value="1"/>
<Cov CovItemId="S8" Value="1"/>
<Cov CovItemId="S9" Value="1"/>
</CovPrefix>
<CovPrefix CovItemPrefix="rules.ClassicRules.java">
<Cov CovItemId="B55" Value="2"/>
<Cov CovItemId="B68" Value="2"/>
<Cov CovItemId="B69" Value="2"/>
<Cov CovItemId="B72" Value="2"/>
<Cov CovItemId="B76" Value="2"/>
<Cov CovItemId="B78" Value="2"/>
<Cov CovItemId="B80" Value="2"/>
<Cov CovItemId="B86" Value="2"/>
<Cov CovItemId="S106" Value="2"/>
<Cov CovItemId="S107" Value="2"/>
<Cov CovItemId="S108" Value="2"/>
<Cov CovItemId="S109" Value="2"/>
<Cov CovItemId="S110" Value="2"/>
<Cov CovItemId="S121" Value="2"/>
<Cov CovItemId="S122" Value="2"/>
<Cov CovItemId="S123" Value="2"/>
<Cov CovItemId="S124" Value="2"/>
<Cov CovItemId="S126" Value="2"/>
<Cov CovItemId="S127" Value="2"/>
<Cov CovItemId="S128" Value="2"/>
<Cov CovItemId="S129" Value="2"/>
<Cov CovItemId="S130" Value="2"/>
<Cov CovItemId="S136" Value="2"/>
<Cov CovItemId="S137" Value="2"/>
<Cov CovItemId="S139" Value="2"/>
<Cov CovItemId="S140" Value="2"/>
<Cov CovItemId="S142" Value="2"/>
<Cov CovItemId="S143" Value="2"/>
<Cov CovItemId="S151" Value="2"/>
<Cov CovItemId="S152" Value="2"/>
</CovPrefix>
</CovList>
<AssgnmntList>
<AssgnmntPrefix RootTermCovItemPrefix="rules.ClassicRules.java">
<AssgnmntListEntry Length="1" RootTermCovItemId="C36">
<MapEntry BoolAssgnmnt="1" Value="2"/>
</AssgnmntListEntry>
<AssgnmntListEntry Length="1" RootTermCovItemId="C42">
<MapEntry BoolAssgnmnt="0" Value="2"/>
<MapEntry BoolAssgnmnt="1" Value="2"/>
</AssgnmntListEntry>
<AssgnmntListEntry Length="2" RootTermCovItemId="C43">
<MapEntry BoolAssgnmnt="02" Value="2"/>
</AssgnmntListEntry>
<AssgnmntListEntry Length="2" RootTermCovItemId="C44">
<MapEntry BoolAssgnmnt="11" Value="2"/>
</AssgnmntListEntry>
<AssgnmntListEntry Length="1" RootTermCovItemId="C45">
<MapEntry BoolAssgnmnt="1" Value="2"/>
</AssgnmntListEntry>
<AssgnmntListEntry Length="2" RootTermCovItemId="C47">
<MapEntry BoolAssgnmnt="10" Value="2"/>
</AssgnmntListEntry>
<AssgnmntListEntry Length="2" RootTermCovItemId="C48">
<MapEntry BoolAssgnmnt="10" Value="2"/>
</AssgnmntListEntry>
<AssgnmntListEntry Length="2" RootTermCovItemId="C49">
<MapEntry BoolAssgnmnt="10" Value="2"/>
</AssgnmntListEntry>
<AssgnmntListEntry Length="2" RootTermCovItemId="C52">
<MapEntry BoolAssgnmnt="10" Value="2"/>
</AssgnmntListEntry>
</AssgnmntPrefix>
</AssgnmntList>
<ObjMetaDataList/>
<MetaDataList/>
</TestCase>
<MetaDataList/>
</TestSession>
<TestSession Comment="" Date="1416432528365" Name="Nov 19, 2014 4:28:48 PM">
<TestCase Comment="" Date="1416432528313" Name="pieceUnitTests.ListMoves:testKnightMidGame">
<CovList>
<CovPrefix CovItemPrefix="pieceUnitTests.ListMoves.java">
<Cov CovItemId="S26" Value="1"/>
<Cov CovItemId="S27" Value="1"/>
<Cov CovItemId="S28" Value="1"/>
<Cov CovItemId="S29" Value="1"/>
<Cov CovItemId="S30" Value="1"/>
<Cov CovItemId="S31" Value="1"/>
</CovPrefix>
<CovPrefix CovItemPrefix="rules.ClassicRules.java">
<Cov CovItemId="B169" Value="2"/>
<Cov CovItemId="B171" Value="2"/>
<Cov CovItemId="B173" Value="2"/>
<Cov CovItemId="B175" Value="2"/>
<Cov CovItemId="B177" Value="2"/>
<Cov CovItemId="B179" Value="2"/>
<Cov CovItemId="B181" Value="2"/>
<Cov CovItemId="B183" Value="2"/>
<Cov CovItemId="B56" Value="2"/>
<Cov CovItemId="B58" Value="2"/>
<Cov CovItemId="B60" Value="2"/>
<Cov CovItemId="B62" Value="2"/>
<Cov CovItemId="B64" Value="2"/>
<Cov CovItemId="B65" Value="2"/>
<Cov CovItemId="B67" Value="4"/>
<Cov CovItemId="B68" Value="12"/>
<Cov CovItemId="S106" Value="2"/>
<Cov CovItemId="S107" Value="2"/>
<Cov CovItemId="S108" Value="2"/>
<Cov CovItemId="S109" Value="2"/>
<Cov CovItemId="S111" Value="2"/>
<Cov CovItemId="S113" Value="2"/>
<Cov CovItemId="S115" Value="2"/>
<Cov CovItemId="S117" Value="2"/>
<Cov CovItemId="S119" Value="2"/>
<Cov CovItemId="S120" Value="2"/>
<Cov CovItemId="S121" Value="2"/>
<Cov CovItemId="S122" Value="2"/>
<Cov CovItemId="S123" Value="16"/>
<Cov CovItemId="S124" Value="16"/>
<Cov CovItemId="S125" Value="4"/>
<Cov CovItemId="S126" Value="2"/>
<Cov CovItemId="S306" Value="2"/>
<Cov CovItemId="S307" Value="2"/>
<Cov CovItemId="S308" Value="2"/>
<Cov CovItemId="S309" Value="2"/>
<Cov CovItemId="S310" Value="2"/>
<Cov CovItemId="S311" Value="2"/>
<Cov CovItemId="S312" Value="2"/>
<Cov CovItemId="S313" Value="2"/>
<Cov CovItemId="S314" Value="2"/>
<Cov CovItemId="S315" Value="2"/>
<Cov CovItemId="S316" Value="2"/>
<Cov CovItemId="S317" Value="2"/>
<Cov CovItemId="S318" Value="2"/>
<Cov CovItemId="S319" Value="2"/>
<Cov CovItemId="S320" Value="2"/>
<Cov CovItemId="S321" Value="2"/>
<Cov CovItemId="S322" Value="2"/>
<Cov CovItemId="S323" Value="2"/>
<Cov CovItemId="S324" Value="2"/>
<Cov CovItemId="S325" Value="2"/>
<Cov CovItemId="S326" Value="2"/>
<Cov CovItemId="S327" Value="2"/>
<Cov CovItemId="S328" Value="2"/>
<Cov CovItemId="S329" Value="2"/>
</CovPrefix>
</CovList>
<AssgnmntList>
<AssgnmntPrefix RootTermCovItemPrefix="rules.ClassicRules.java">
<AssgnmntListEntry Length="1" RootTermCovItemId="C113">
<MapEntry BoolAssgnmnt="1" Value="2"/>
</AssgnmntListEntry>
<AssgnmntListEntry Length="1" RootTermCovItemId="C114">
<MapEntry BoolAssgnmnt="1" Value="2"/>
</AssgnmntListEntry>
<AssgnmntListEntry Length="1" RootTermCovItemId="C115">
<MapEntry BoolAssgnmnt="1" Value="2"/>
</AssgnmntListEntry>
<AssgnmntListEntry Length="1" RootTermCovItemId="C116">
<MapEntry BoolAssgnmnt="1" Value="2"/>
</AssgnmntListEntry>
<AssgnmntListEntry Length="1" RootTermCovItemId="C117">
<MapEntry BoolAssgnmnt="1" Value="2"/>
</AssgnmntListEntry>
<AssgnmntListEntry Length="1" RootTermCovItemId="C118">
<MapEntry BoolAssgnmnt="1" Value="2"/>
</AssgnmntListEntry>
<AssgnmntListEntry Length="1" RootTermCovItemId="C119">
<MapEntry BoolAssgnmnt="1" Value="2"/>
</AssgnmntListEntry>
<AssgnmntListEntry Length="1" RootTermCovItemId="C120">
<MapEntry BoolAssgnmnt="1" Value="2"/>
</AssgnmntListEntry>
<AssgnmntListEntry Length="1" RootTermCovItemId="C36">
<MapEntry BoolAssgnmnt="0" Value="2"/>
</AssgnmntListEntry>
<AssgnmntListEntry Length="1" RootTermCovItemId="C37">
<MapEntry BoolAssgnmnt="0" Value="2"/>
</AssgnmntListEntry>
<AssgnmntListEntry Length="1" RootTermCovItemId="C38">
<MapEntry BoolAssgnmnt="0" Value="2"/>
</AssgnmntListEntry>
<AssgnmntListEntry Length="1" RootTermCovItemId="C39">
<MapEntry BoolAssgnmnt="0" Value="2"/>
</AssgnmntListEntry>
<AssgnmntListEntry Length="1" RootTermCovItemId="C40">
<MapEntry BoolAssgnmnt="0" Value="2"/>
</AssgnmntListEntry>
<AssgnmntListEntry Length="1" RootTermCovItemId="C41">
<MapEntry BoolAssgnmnt="1" Value="2"/>
</AssgnmntListEntry>
<AssgnmntListEntry Length="1" RootTermCovItemId="C42">
<MapEntry BoolAssgnmnt="0" Value="2"/>
<MapEntry BoolAssgnmnt="1" Value="16"/>
</AssgnmntListEntry>
<AssgnmntListEntry Length="2" RootTermCovItemId="C43">
<MapEntry BoolAssgnmnt="02" Value="12"/>
<MapEntry BoolAssgnmnt="11" Value="4"/>
</AssgnmntListEntry>
</AssgnmntPrefix>
</AssgnmntList>
<ObjMetaDataList/>
<MetaDataList/>
</TestCase>
<TestCase Comment="" Date="1416432528326" Name="pieceUnitTests.ListMoves:testBishupMidGame">
<CovList>
<CovPrefix CovItemPrefix="pieceUnitTests.ListMoves.java">
<Cov CovItemId="S35" Value="1"/>
<Cov CovItemId="S36" Value="1"/>
<Cov CovItemId="S37" Value="1"/>
<Cov CovItemId="S38" Value="1"/>
<Cov CovItemId="S39" Value="1"/>
<Cov CovItemId="S40" Value="1"/>
</CovPrefix>
<CovPrefix CovItemPrefix="rules.ClassicRules.java">
<Cov CovItemId="B122" Value="6"/>
<Cov CovItemId="B123" Value="2"/>
<Cov CovItemId="B124" Value="4"/>
<Cov CovItemId="B126" Value="4"/>
<Cov CovItemId="B127" Value="2"/>
<Cov CovItemId="B128" Value="2"/>
<Cov CovItemId="B130" Value="4"/>
<Cov CovItemId="B131" Value="2"/>
<Cov CovItemId="B132" Value="2"/>
<Cov CovItemId="B134" Value="6"/>
<Cov CovItemId="B135" Value="2"/>
<Cov CovItemId="B136" Value="4"/>
<Cov CovItemId="B56" Value="2"/>
<Cov CovItemId="B58" Value="2"/>
<Cov CovItemId="B60" Value="2"/>
<Cov CovItemId="B61" Value="2"/>
<Cov CovItemId="B67" Value="4"/>
<Cov CovItemId="B68" Value="16"/>
<Cov CovItemId="S106" Value="2"/>
<Cov CovItemId="S107" Value="2"/>
<Cov CovItemId="S108" Value="2"/>
<Cov CovItemId="S109" Value="2"/>
<Cov CovItemId="S111" Value="2"/>
<Cov CovItemId="S113" Value="2"/>
<Cov CovItemId="S115" Value="2"/>
<Cov CovItemId="S116" Value="2"/>
<Cov CovItemId="S121" Value="2"/>
<Cov CovItemId="S122" Value="2"/>
<Cov CovItemId="S123" Value="20"/>
<Cov CovItemId="S124" Value="20"/>
<Cov CovItemId="S125" Value="4"/>
<Cov CovItemId="S126" Value="2"/>
<Cov CovItemId="S222" Value="2"/>
<Cov CovItemId="S223" Value="6"/>
<Cov CovItemId="S224" Value="6"/>
<Cov CovItemId="S226" Value="6"/>
<Cov CovItemId="S227" Value="6"/>
<Cov CovItemId="S228" Value="2"/>
<Cov CovItemId="S229" Value="2"/>
<Cov CovItemId="S230" Value="4"/>
<Cov CovItemId="S231" Value="4"/>
<Cov CovItemId="S233" Value="4"/>
<Cov CovItemId="S234" Value="4"/>
<Cov CovItemId="S235" Value="2"/>
<Cov CovItemId="S236" Value="2"/>
<Cov CovItemId="S237" Value="4"/>
<Cov CovItemId="S238" Value="4"/>
<Cov CovItemId="S240" Value="4"/>
<Cov CovItemId="S241" Value="4"/>
<Cov CovItemId="S242" Value="2"/>
<Cov CovItemId="S243" Value="2"/>
<Cov CovItemId="S244" Value="6"/>
<Cov CovItemId="S245" Value="6"/>
<Cov CovItemId="S247" Value="6"/>
<Cov CovItemId="S248" Value="6"/>
<Cov CovItemId="S249" Value="2"/>
</CovPrefix>
</CovList>
<AssgnmntList>
<AssgnmntPrefix RootTermCovItemPrefix="rules.ClassicRules.java">
<AssgnmntListEntry Length="1" RootTermCovItemId="C36">
<MapEntry BoolAssgnmnt="0" Value="2"/>
</AssgnmntListEntry>
<AssgnmntListEntry Length="1" RootTermCovItemId="C37">
<MapEntry BoolAssgnmnt="0" Value="2"/>
</AssgnmntListEntry>
<AssgnmntListEntry Length="1" RootTermCovItemId="C38">
<MapEntry BoolAssgnmnt="0" Value="2"/>
</AssgnmntListEntry>
<AssgnmntListEntry Length="1" RootTermCovItemId="C39">
<MapEntry BoolAssgnmnt="1" Value="2"/>
</AssgnmntListEntry>
<AssgnmntListEntry Length="1" RootTermCovItemId="C42">
<MapEntry BoolAssgnmnt="0" Value="2"/>
<MapEntry BoolAssgnmnt="1" Value="20"/>
</AssgnmntListEntry>
<AssgnmntListEntry Length="2" RootTermCovItemId="C43">
<MapEntry BoolAssgnmnt="02" Value="12"/>
<MapEntry BoolAssgnmnt="10" Value="4"/>
<MapEntry BoolAssgnmnt="11" Value="4"/>
</AssgnmntListEntry>
<AssgnmntListEntry Length="1" RootTermCovItemId="C78">
<MapEntry BoolAssgnmnt="0" Value="6"/>
</AssgnmntListEntry>
<AssgnmntListEntry Length="1" RootTermCovItemId="C79">
<MapEntry BoolAssgnmnt="0" Value="4"/>
<MapEntry BoolAssgnmnt="1" Value="2"/>
</AssgnmntListEntry>
<AssgnmntListEntry Length="1" RootTermCovItemId="C81">
<MapEntry BoolAssgnmnt="0" Value="4"/>
</AssgnmntListEntry>
<AssgnmntListEntry Length="1" RootTermCovItemId="C82">
<MapEntry BoolAssgnmnt="0" Value="2"/>
<MapEntry BoolAssgnmnt="1" Value="2"/>
</AssgnmntListEntry>
<AssgnmntListEntry Length="1" RootTermCovItemId="C84">
<MapEntry BoolAssgnmnt="0" Value="4"/>
</AssgnmntListEntry>
<AssgnmntListEntry Length="1" RootTermCovItemId="C85">
<MapEntry BoolAssgnmnt="0" Value="2"/>
<MapEntry BoolAssgnmnt="1" Value="2"/>
</AssgnmntListEntry>
<AssgnmntListEntry Length="1" RootTermCovItemId="C87">
<MapEntry BoolAssgnmnt="0" Value="6"/>
</AssgnmntListEntry>
<AssgnmntListEntry Length="1" RootTermCovItemId="C88">
<MapEntry BoolAssgnmnt="0" Value="4"/>
<MapEntry BoolAssgnmnt="1" Value="2"/>
</AssgnmntListEntry>
</AssgnmntPrefix>
</AssgnmntList>
<ObjMetaDataList/>
<MetaDataList/>
</TestCase>
<TestCase Comment="" Date="1416432528328" Name="pieceUnitTests.ListMoves:testQueen">
<CovList>
<CovPrefix CovItemPrefix="pieceUnitTests.ListMoves.java">
<Cov CovItemId="S41" Value="1"/>
<Cov CovItemId="S42" Value="1"/>
<Cov CovItemId="S43" Value="1"/>
</CovPrefix>
<CovPrefix CovItemPrefix="rules.ClassicRules.java">
<Cov CovItemId="B138" Value="1"/>
<Cov CovItemId="B139" Value="1"/>
<Cov CovItemId="B141" Value="1"/>
<Cov CovItemId="B145" Value="1"/>
<Cov CovItemId="B150" Value="1"/>
<Cov CovItemId="B151" Value="1"/>
<Cov CovItemId="B154" Value="1"/>
<Cov CovItemId="B155" Value="1"/>
<Cov CovItemId="B157" Value="1"/>
<Cov CovItemId="B162" Value="1"/>
<Cov CovItemId="B163" Value="1"/>
<Cov CovItemId="B166" Value="1"/>
<Cov CovItemId="B167" Value="1"/>
<Cov CovItemId="B56" Value="1"/>
<Cov CovItemId="B58" Value="1"/>
<Cov CovItemId="B60" Value="1"/>
<Cov CovItemId="B62" Value="1"/>
<Cov CovItemId="B63" Value="1"/>
<Cov CovItemId="B67" Value="5"/>
<Cov CovItemId="S106" Value="1"/>
<Cov CovItemId="S107" Value="1"/>
<Cov CovItemId="S108" Value="1"/>
<Cov CovItemId="S109" Value="1"/>
<Cov CovItemId="S111" Value="1"/>
<Cov CovItemId="S113" Value="1"/>
<Cov CovItemId="S115" Value="1"/>
<Cov CovItemId="S117" Value="1"/>
<Cov CovItemId="S118" Value="1"/>
<Cov CovItemId="S121" Value="1"/>
<Cov CovItemId="S122" Value="1"/>
<Cov CovItemId="S123" Value="5"/>
<Cov CovItemId="S124" Value="5"/>
<Cov CovItemId="S125" Value="5"/>
<Cov CovItemId="S126" Value="1"/>
<Cov CovItemId="S250" Value="1"/>
<Cov CovItemId="S251" Value="1"/>
<Cov CovItemId="S252" Value="1"/>
<Cov CovItemId="S254" Value="1"/>
<Cov CovItemId="S255" Value="1"/>
<Cov CovItemId="S256" Value="1"/>
<Cov CovItemId="S257" Value="1"/>
<Cov CovItemId="S258" Value="1"/>
<Cov CovItemId="S259" Value="1"/>
<Cov CovItemId="S260" Value="1"/>
<Cov CovItemId="S264" Value="1"/>
<Cov CovItemId="S265" Value="1"/>
<Cov CovItemId="S266" Value="1"/>
<Cov CovItemId="S267" Value="1"/>
<Cov CovItemId="S271" Value="1"/>
<Cov CovItemId="S272" Value="1"/>
<Cov CovItemId="S273" Value="1"/>
<Cov CovItemId="S275" Value="1"/>
<Cov CovItemId="S276" Value="1"/>
<Cov CovItemId="S277" Value="1"/>
<Cov CovItemId="S278" Value="1"/>
<Cov CovItemId="S279" Value="1"/>
<Cov CovItemId="S280" Value="1"/>
<Cov CovItemId="S282" Value="1"/>
<Cov CovItemId="S283" Value="1"/>
<Cov CovItemId="S284" Value="1"/>
<Cov CovItemId="S285" Value="1"/>
<Cov CovItemId="S286" Value="1"/>
<Cov CovItemId="S287" Value="1"/>
<Cov CovItemId="S288" Value="1"/>
<Cov CovItemId="S292" Value="1"/>
<Cov CovItemId="S293" Value="1"/>
<Cov CovItemId="S294" Value="1"/>
<Cov CovItemId="S296" Value="1"/>
<Cov CovItemId="S297" Value="1"/>
<Cov CovItemId="S298" Value="1"/>
<Cov CovItemId="S299" Value="1"/>
<Cov CovItemId="S300" Value="1"/>
<Cov CovItemId="S301" Value="1"/>
<Cov CovItemId="S303" Value="1"/>
<Cov CovItemId="S304" Value="1"/>
<Cov CovItemId="S305" Value="1"/>
</CovPrefix>
</CovList>
<AssgnmntList>
<AssgnmntPrefix RootTermCovItemPrefix="rules.ClassicRules.java">
<AssgnmntListEntry Length="1" RootTermCovItemId="C100">
<MapEntry BoolAssgnmnt="1" Value="1"/>
</AssgnmntListEntry>
<AssgnmntListEntry Length="1" RootTermCovItemId="C102">
<MapEntry BoolAssgnmnt="0" Value="1"/>
</AssgnmntListEntry>
<AssgnmntListEntry Length="1" RootTermCovItemId="C103">
<MapEntry BoolAssgnmnt="1" Value="1"/>
</AssgnmntListEntry>
<AssgnmntListEntry Length="1" RootTermCovItemId="C105">
<MapEntry BoolAssgnmnt="1" Value="1"/>
</AssgnmntListEntry>
<AssgnmntListEntry Length="1" RootTermCovItemId="C108">
<MapEntry BoolAssgnmnt="0" Value="1"/>
</AssgnmntListEntry>
<AssgnmntListEntry Length="1" RootTermCovItemId="C109">
<MapEntry BoolAssgnmnt="1" Value="1"/>
</AssgnmntListEntry>
<AssgnmntListEntry Length="1" RootTermCovItemId="C111">
<MapEntry BoolAssgnmnt="0" Value="1"/>
</AssgnmntListEntry>
<AssgnmntListEntry Length="1" RootTermCovItemId="C112">
<MapEntry BoolAssgnmnt="1" Value="1"/>
</AssgnmntListEntry>
<AssgnmntListEntry Length="1" RootTermCovItemId="C36">
<MapEntry BoolAssgnmnt="0" Value="1"/>
</AssgnmntListEntry>
<AssgnmntListEntry Length="1" RootTermCovItemId="C37">
<MapEntry BoolAssgnmnt="0" Value="1"/>
</AssgnmntListEntry>
<AssgnmntListEntry Length="1" RootTermCovItemId="C38">
<MapEntry BoolAssgnmnt="0" Value="1"/>
</AssgnmntListEntry>
<AssgnmntListEntry Length="1" RootTermCovItemId="C39">
<MapEntry BoolAssgnmnt="0" Value="1"/>
</AssgnmntListEntry>
<AssgnmntListEntry Length="1" RootTermCovItemId="C40">
<MapEntry BoolAssgnmnt="1" Value="1"/>
</AssgnmntListEntry>
<AssgnmntListEntry Length="1" RootTermCovItemId="C42">
<MapEntry BoolAssgnmnt="0" Value="1"/>
<MapEntry BoolAssgnmnt="1" Value="5"/>
</AssgnmntListEntry>
<AssgnmntListEntry Length="2" RootTermCovItemId="C43">
<MapEntry BoolAssgnmnt="11" Value="5"/>
</AssgnmntListEntry>
<AssgnmntListEntry Length="1" RootTermCovItemId="C90">
<MapEntry BoolAssgnmnt="0" Value="1"/>
</AssgnmntListEntry>
<AssgnmntListEntry Length="1" RootTermCovItemId="C91">
<MapEntry BoolAssgnmnt="1" Value="1"/>
</AssgnmntListEntry>
<AssgnmntListEntry Length="1" RootTermCovItemId="C93">
<MapEntry BoolAssgnmnt="1" Value="1"/>
</AssgnmntListEntry>
<AssgnmntListEntry Length="1" RootTermCovItemId="C96">
<MapEntry BoolAssgnmnt="1" Value="1"/>
</AssgnmntListEntry>
<AssgnmntListEntry Length="1" RootTermCovItemId="C99">
<MapEntry BoolAssgnmnt="0" Value="1"/>
</AssgnmntListEntry>
</AssgnmntPrefix>
</AssgnmntList>
<ObjMetaDataList/>
<MetaDataList/>
</TestCase>
<TestCase Comment="" Date="1416432528329" Name="pieceUnitTests.ListMoves:testQueenMidGame">
<CovList>
<CovPrefix CovItemPrefix="pieceUnitTests.ListMoves.java">
<Cov CovItemId="S44" Value="1"/>
<Cov CovItemId="S45" Value="1"/>
<Cov CovItemId="S46" Value="1"/>
<Cov CovItemId="S47" Value="1"/>
<Cov CovItemId="S48" Value="1"/>
<Cov CovItemId="S49" Value="1"/>
</CovPrefix>
<CovPrefix CovItemPrefix="rules.ClassicRules.java">
<Cov CovItemId="B138" Value="6"/>
<Cov CovItemId="B139" Value="2"/>
<Cov CovItemId="B140" Value="4"/>
<Cov CovItemId="B142" Value="4"/>
<Cov CovItemId="B143" Value="2"/>
<Cov CovItemId="B144" Value="2"/>
<Cov CovItemId="B146" Value="4"/>
<Cov CovItemId="B147" Value="2"/>
<Cov CovItemId="B148" Value="2"/>
<Cov CovItemId="B150" Value="6"/>
<Cov CovItemId="B151" Value="2"/>
<Cov CovItemId="B152" Value="4"/>
<Cov CovItemId="B154" Value="6"/>
<Cov CovItemId="B155" Value="2"/>
<Cov CovItemId="B156" Value="4"/>
<Cov CovItemId="B158" Value="4"/>
<Cov CovItemId="B159" Value="2"/>
<Cov CovItemId="B160" Value="2"/>
<Cov CovItemId="B161" Value="2"/>
<Cov CovItemId="B162" Value="8"/>
<Cov CovItemId="B164" Value="8"/>
<Cov CovItemId="B165" Value="2"/>
<Cov CovItemId="B166" Value="6"/>
<Cov CovItemId="B168" Value="6"/>
<Cov CovItemId="B56" Value="2"/>
<Cov CovItemId="B58" Value="2"/>
<Cov CovItemId="B60" Value="2"/>
<Cov CovItemId="B62" Value="2"/>
<Cov CovItemId="B63" Value="2"/>
<Cov CovItemId="B67" Value="6"/>
<Cov CovItemId="B68" Value="38"/>
<Cov CovItemId="S106" Value="2"/>
<Cov CovItemId="S107" Value="2"/>
<Cov CovItemId="S108" Value="2"/>
<Cov CovItemId="S109" Value="2"/>
<Cov CovItemId="S111" Value="2"/>
<Cov CovItemId="S113" Value="2"/>
<Cov CovItemId="S115" Value="2"/>
<Cov CovItemId="S117" Value="2"/>
<Cov CovItemId="S118" Value="2"/>
<Cov CovItemId="S121" Value="2"/>
<Cov CovItemId="S122" Value="2"/>
<Cov CovItemId="S123" Value="44"/>
<Cov CovItemId="S124" Value="44"/>
<Cov CovItemId="S125" Value="6"/>
<Cov CovItemId="S126" Value="2"/>
<Cov CovItemId="S250" Value="2"/>
<Cov CovItemId="S251" Value="6"/>
<Cov CovItemId="S252" Value="6"/>
<Cov CovItemId="S254" Value="6"/>
<Cov CovItemId="S255" Value="6"/>
<Cov CovItemId="S256" Value="2"/>
<Cov CovItemId="S257" Value="2"/>
<Cov CovItemId="S258" Value="4"/>
<Cov CovItemId="S259" Value="4"/>
<Cov CovItemId="S261" Value="4"/>
<Cov CovItemId="S262" Value="4"/>
<Cov CovItemId="S263" Value="2"/>
<Cov CovItemId="S264" Value="2"/>
<Cov CovItemId="S265" Value="4"/>
<Cov CovItemId="S266" Value="4"/>
<Cov CovItemId="S268" Value="4"/>
<Cov CovItemId="S269" Value="4"/>
<Cov CovItemId="S270" Value="2"/>
<Cov CovItemId="S271" Value="2"/>
<Cov CovItemId="S272" Value="6"/>
<Cov CovItemId="S273" Value="6"/>
<Cov CovItemId="S275" Value="6"/>
<Cov CovItemId="S276" Value="6"/>
<Cov CovItemId="S277" Value="2"/>
<Cov CovItemId="S278" Value="2"/>
<Cov CovItemId="S279" Value="6"/>
<Cov CovItemId="S280" Value="6"/>
<Cov CovItemId="S282" Value="6"/>
<Cov CovItemId="S283" Value="6"/>
<Cov CovItemId="S284" Value="2"/>
<Cov CovItemId="S285" Value="2"/>
<Cov CovItemId="S286" Value="4"/>
<Cov CovItemId="S287" Value="4"/>
<Cov CovItemId="S289" Value="4"/>
<Cov CovItemId="S290" Value="4"/>
<Cov CovItemId="S291" Value="2"/>
<Cov CovItemId="S292" Value="2"/>
<Cov CovItemId="S293" Value="10"/>
<Cov CovItemId="S294" Value="10"/>
<Cov CovItemId="S295" Value="2"/>
<Cov CovItemId="S296" Value="8"/>
<Cov CovItemId="S297" Value="8"/>
<Cov CovItemId="S299" Value="2"/>
<Cov CovItemId="S300" Value="8"/>
<Cov CovItemId="S301" Value="8"/>
<Cov CovItemId="S302" Value="2"/>
<Cov CovItemId="S303" Value="6"/>
<Cov CovItemId="S304" Value="6"/>
</CovPrefix>
</CovList>
<AssgnmntList>
<AssgnmntPrefix RootTermCovItemPrefix="rules.ClassicRules.java">
<AssgnmntListEntry Length="1" RootTermCovItemId="C100">
<MapEntry BoolAssgnmnt="0" Value="4"/>
<MapEntry BoolAssgnmnt="1" Value="2"/>
</AssgnmntListEntry>
<AssgnmntListEntry Length="1" RootTermCovItemId="C102">
<MapEntry BoolAssgnmnt="0" Value="6"/>
</AssgnmntListEntry>
<AssgnmntListEntry Length="1" RootTermCovItemId="C103">
<MapEntry BoolAssgnmnt="0" Value="4"/>
<MapEntry BoolAssgnmnt="1" Value="2"/>
</AssgnmntListEntry>
<AssgnmntListEntry Length="1" RootTermCovItemId="C105">
<MapEntry BoolAssgnmnt="0" Value="4"/>
</AssgnmntListEntry>
<AssgnmntListEntry Length="1" RootTermCovItemId="C106">
<MapEntry BoolAssgnmnt="0" Value="2"/>
<MapEntry BoolAssgnmnt="1" Value="2"/>
</AssgnmntListEntry>
<AssgnmntListEntry Length="1" RootTermCovItemId="C108">
<MapEntry BoolAssgnmnt="0" Value="8"/>
<MapEntry BoolAssgnmnt="1" Value="2"/>
</AssgnmntListEntry>
<AssgnmntListEntry Length="1" RootTermCovItemId="C109">
<MapEntry BoolAssgnmnt="0" Value="8"/>
</AssgnmntListEntry>
<AssgnmntListEntry Length="1" RootTermCovItemId="C111">
<MapEntry BoolAssgnmnt="0" Value="6"/>
<MapEntry BoolAssgnmnt="1" Value="2"/>
</AssgnmntListEntry>
<AssgnmntListEntry Length="1" RootTermCovItemId="C112">
<MapEntry BoolAssgnmnt="0" Value="6"/>
</AssgnmntListEntry>
<AssgnmntListEntry Length="1" RootTermCovItemId="C36">
<MapEntry BoolAssgnmnt="0" Value="2"/>
</AssgnmntListEntry>
<AssgnmntListEntry Length="1" RootTermCovItemId="C37">
<MapEntry BoolAssgnmnt="0" Value="2"/>
</AssgnmntListEntry>
<AssgnmntListEntry Length="1" RootTermCovItemId="C38">
<MapEntry BoolAssgnmnt="0" Value="2"/>
</AssgnmntListEntry>
<AssgnmntListEntry Length="1" RootTermCovItemId="C39">
<MapEntry BoolAssgnmnt="0" Value="2"/>
</AssgnmntListEntry>
<AssgnmntListEntry Length="1" RootTermCovItemId="C40">
<MapEntry BoolAssgnmnt="1" Value="2"/>
</AssgnmntListEntry>
<AssgnmntListEntry Length="1" RootTermCovItemId="C42">
<MapEntry BoolAssgnmnt="0" Value="2"/>
<MapEntry BoolAssgnmnt="1" Value="44"/>
</AssgnmntListEntry>
<AssgnmntListEntry Length="2" RootTermCovItemId="C43">
<MapEntry BoolAssgnmnt="02" Value="32"/>
<MapEntry BoolAssgnmnt="10" Value="6"/>
<MapEntry BoolAssgnmnt="11" Value="6"/>
</AssgnmntListEntry>
<AssgnmntListEntry Length="1" RootTermCovItemId="C90">
<MapEntry BoolAssgnmnt="0" Value="6"/>
</AssgnmntListEntry>
<AssgnmntListEntry Length="1" RootTermCovItemId="C91">
<MapEntry BoolAssgnmnt="0" Value="4"/>
<MapEntry BoolAssgnmnt="1" Value="2"/>
</AssgnmntListEntry>
<AssgnmntListEntry Length="1" RootTermCovItemId="C93">
<MapEntry BoolAssgnmnt="0" Value="4"/>
</AssgnmntListEntry>
<AssgnmntListEntry Length="1" RootTermCovItemId="C94">
<MapEntry BoolAssgnmnt="0" Value="2"/>
<MapEntry BoolAssgnmnt="1" Value="2"/>
</AssgnmntListEntry>
<AssgnmntListEntry Length="1" RootTermCovItemId="C96">
<MapEntry BoolAssgnmnt="0" Value="4"/>
</AssgnmntListEntry>
<AssgnmntListEntry Length="1" RootTermCovItemId="C97">
<MapEntry BoolAssgnmnt="0" Value="2"/>
<MapEntry BoolAssgnmnt="1" Value="2"/>
</AssgnmntListEntry>
<AssgnmntListEntry Length="1" RootTermCovItemId="C99">
<MapEntry BoolAssgnmnt="0" Value="6"/>
</AssgnmntListEntry>
</AssgnmntPrefix>
</AssgnmntList>
<ObjMetaDataList/>
<MetaDataList/>
</TestCase>
<TestCase Comment="" Date="1416432528331" Name="pieceUnitTests.ListMoves:testKing">
<CovList>
<CovPrefix CovItemPrefix="pieceUnitTests.ListMoves.java">
<Cov CovItemId="S50" Value="1"/>
<Cov CovItemId="S51" Value="1"/>
<Cov CovItemId="S52" Value="1"/>
</CovPrefix>
<CovPrefix CovItemPrefix="rules.ClassicRules.java">
<Cov CovItemId="B20" Value="2"/>
<Cov CovItemId="B21" Value="2"/>
<Cov CovItemId="B24" Value="2"/>
<Cov CovItemId="B56" Value="1"/>
<Cov CovItemId="B57" Value="1"/>
<Cov CovItemId="B67" Value="5"/>
<Cov CovItemId="B91" Value="8"/>
<Cov CovItemId="B92" Value="1"/>
<Cov CovItemId="B93" Value="5"/>
<Cov CovItemId="B94" Value="3"/>
<Cov CovItemId="B95" Value="1"/>
<Cov CovItemId="B98" Value="2"/>
<Cov CovItemId="S106" Value="1"/>
<Cov CovItemId="S107" Value="1"/>
<Cov CovItemId="S108" Value="1"/>
<Cov CovItemId="S109" Value="1"/>
<Cov CovItemId="S111" Value="1"/>
<Cov CovItemId="S112" Value="1"/>
<Cov CovItemId="S121" Value="1"/>
<Cov CovItemId="S122" Value="1"/>
<Cov CovItemId="S123" Value="5"/>
<Cov CovItemId="S124" Value="5"/>
<Cov CovItemId="S125" Value="5"/>
<Cov CovItemId="S126" Value="1"/>
<Cov CovItemId="S160" Value="1"/>
<Cov CovItemId="S161" Value="3"/>
<Cov CovItemId="S162" Value="9"/>
<Cov CovItemId="S163" Value="8"/>
<Cov CovItemId="S164" Value="8"/>
<Cov CovItemId="S165" Value="5"/>
<Cov CovItemId="S166" Value="1"/>
<Cov CovItemId="S167" Value="1"/>
<Cov CovItemId="S168" Value="1"/>
<Cov CovItemId="S169" Value="2"/>
<Cov CovItemId="S170" Value="2"/>
<Cov CovItemId="S171" Value="2"/>
<Cov CovItemId="S47" Value="2"/>
<Cov CovItemId="S48" Value="2"/>
<Cov CovItemId="S49" Value="2"/>
<Cov CovItemId="S50" Value="2"/>
<Cov CovItemId="S52" Value="2"/>
<Cov CovItemId="S53" Value="2"/>
<Cov CovItemId="S54" Value="2"/>
<Cov CovItemId="S56" Value="2"/>
</CovPrefix>
</CovList>
<AssgnmntList>
<AssgnmntPrefix RootTermCovItemPrefix="rules.ClassicRules.java">
<AssgnmntListEntry Length="1" RootTermCovItemId="C16">
<MapEntry BoolAssgnmnt="0" Value="2"/>
</AssgnmntListEntry>
<AssgnmntListEntry Length="1" RootTermCovItemId="C17">
<MapEntry BoolAssgnmnt="1" Value="2"/>
</AssgnmntListEntry>
<AssgnmntListEntry Length="2" RootTermCovItemId="C18">
<MapEntry BoolAssgnmnt="02" Value="2"/>
</AssgnmntListEntry>
<AssgnmntListEntry Length="1" RootTermCovItemId="C36">
<MapEntry BoolAssgnmnt="0" Value="1"/>
</AssgnmntListEntry>
<AssgnmntListEntry Length="1" RootTermCovItemId="C37">
<MapEntry BoolAssgnmnt="1" Value="1"/>
</AssgnmntListEntry>
<AssgnmntListEntry Length="1" RootTermCovItemId="C42">
<MapEntry BoolAssgnmnt="0" Value="1"/>
<MapEntry BoolAssgnmnt="1" Value="5"/>
</AssgnmntListEntry>
<AssgnmntListEntry Length="2" RootTermCovItemId="C43">
<MapEntry BoolAssgnmnt="11" Value="5"/>
</AssgnmntListEntry>
<AssgnmntListEntry Length="1" RootTermCovItemId="C55">
<MapEntry BoolAssgnmnt="0" Value="1"/>
<MapEntry BoolAssgnmnt="1" Value="3"/>
</AssgnmntListEntry>
<AssgnmntListEntry Length="1" RootTermCovItemId="C56">
<MapEntry BoolAssgnmnt="0" Value="3"/>
<MapEntry BoolAssgnmnt="1" Value="9"/>
</AssgnmntListEntry>
<AssgnmntListEntry Length="2" RootTermCovItemId="C57">
<MapEntry BoolAssgnmnt="00" Value="1"/>
<MapEntry BoolAssgnmnt="01" Value="2"/>
<MapEntry BoolAssgnmnt="12" Value="6"/>
</AssgnmntListEntry>
<AssgnmntListEntry Length="1" RootTermCovItemId="C58">
<MapEntry BoolAssgnmnt="0" Value="3"/>
<MapEntry BoolAssgnmnt="1" Value="5"/>
</AssgnmntListEntry>
<AssgnmntListEntry Length="1" RootTermCovItemId="C59">
<MapEntry BoolAssgnmnt="0" Value="1"/>
</AssgnmntListEntry>
<AssgnmntListEntry Length="1" RootTermCovItemId="C60">
<MapEntry BoolAssgnmnt="0" Value="1"/>
<MapEntry BoolAssgnmnt="1" Value="1"/>
</AssgnmntListEntry>
<AssgnmntListEntry Length="1" RootTermCovItemId="C61">
<MapEntry BoolAssgnmnt="0" Value="2"/>
</AssgnmntListEntry>
</AssgnmntPrefix>
</AssgnmntList>
<ObjMetaDataList/>
<MetaDataList/>
</TestCase>
<TestCase Comment="" Date="1416432528333" Name="pieceUnitTests.ListMoves:testPawn">
<CovList>
<CovPrefix CovItemPrefix="pieceUnitTests.ListMoves.java">
<Cov CovItemId="S3" Value="1"/>
<Cov CovItemId="S4" Value="1"/>
<Cov CovItemId="S5" Value="1"/>
<Cov CovItemId="S6" Value="1"/>
</CovPrefix>
<CovPrefix CovItemPrefix="rules.ClassicRules.java">
<Cov CovItemId="B55" Value="2"/>
<Cov CovItemId="B68" Value="4"/>
<Cov CovItemId="B69" Value="2"/>
<Cov CovItemId="B71" Value="2"/>
<Cov CovItemId="B73" Value="2"/>
<Cov CovItemId="B76" Value="2"/>
<Cov CovItemId="B78" Value="2"/>
<Cov CovItemId="B80" Value="2"/>
<Cov CovItemId="B85" Value="2"/>
<Cov CovItemId="B88" Value="2"/>
<Cov CovItemId="S106" Value="2"/>
<Cov CovItemId="S107" Value="2"/>
<Cov CovItemId="S108" Value="2"/>
<Cov CovItemId="S109" Value="2"/>
<Cov CovItemId="S110" Value="2"/>
<Cov CovItemId="S121" Value="2"/>
<Cov CovItemId="S122" Value="2"/>
<Cov CovItemId="S123" Value="4"/>
<Cov CovItemId="S124" Value="4"/>
<Cov CovItemId="S126" Value="2"/>
<Cov CovItemId="S127" Value="2"/>
<Cov CovItemId="S128" Value="2"/>
<Cov CovItemId="S129" Value="2"/>
<Cov CovItemId="S130" Value="2"/>
<Cov CovItemId="S131" Value="2"/>
<Cov CovItemId="S132" Value="2"/>
<Cov CovItemId="S133" Value="2"/>
<Cov CovItemId="S134" Value="2"/>
<Cov CovItemId="S135" Value="2"/>
<Cov CovItemId="S136" Value="2"/>
<Cov CovItemId="S137" Value="2"/>
<Cov CovItemId="S139" Value="2"/>
<Cov CovItemId="S140" Value="2"/>
<Cov CovItemId="S142" Value="2"/>
<Cov CovItemId="S143" Value="2"/>
<Cov CovItemId="S151" Value="2"/>
<Cov CovItemId="S152" Value="2"/>
<Cov CovItemId="S153" Value="2"/>
</CovPrefix>
</CovList>
<AssgnmntList>
<AssgnmntPrefix RootTermCovItemPrefix="rules.ClassicRules.java">
<AssgnmntListEntry Length="1" RootTermCovItemId="C36">
<MapEntry BoolAssgnmnt="1" Value="2"/>
</AssgnmntListEntry>
<AssgnmntListEntry Length="1" RootTermCovItemId="C42">
<MapEntry BoolAssgnmnt="0" Value="2"/>
<MapEntry BoolAssgnmnt="1" Value="4"/>
</AssgnmntListEntry>
<AssgnmntListEntry Length="2" RootTermCovItemId="C43">
<MapEntry BoolAssgnmnt="02" Value="4"/>
</AssgnmntListEntry>
<AssgnmntListEntry Length="2" RootTermCovItemId="C44">
<MapEntry BoolAssgnmnt="11" Value="2"/>
</AssgnmntListEntry>
<AssgnmntListEntry Length="1" RootTermCovItemId="C45">
<MapEntry BoolAssgnmnt="0" Value="2"/>
</AssgnmntListEntry>
<AssgnmntListEntry Length="2" RootTermCovItemId="C46">
<MapEntry BoolAssgnmnt="11" Value="2"/>
</AssgnmntListEntry>
<AssgnmntListEntry Length="2" RootTermCovItemId="C47">
<MapEntry BoolAssgnmnt="10" Value="2"/>
</AssgnmntListEntry>
<AssgnmntListEntry Length="2" RootTermCovItemId="C48">
<MapEntry BoolAssgnmnt="02" Value="2"/>
</AssgnmntListEntry>
<AssgnmntListEntry Length="2" RootTermCovItemId="C49">
<MapEntry BoolAssgnmnt="02" Value="2"/>
</AssgnmntListEntry>
<AssgnmntListEntry Length="2" RootTermCovItemId="C52">
<MapEntry BoolAssgnmnt="11" Value="2"/>
</AssgnmntListEntry>
<AssgnmntListEntry Length="1" RootTermCovItemId="C53">
<MapEntry BoolAssgnmnt="0" Value="2"/>
</AssgnmntListEntry>
</AssgnmntPrefix>
</AssgnmntList>
<ObjMetaDataList/>
<MetaDataList/>
</TestCase>
<TestCase Comment="" Date="1416432528335" Name="pieceUnitTests.ListMoves:testRookMidGame">
<CovList>
<CovPrefix CovItemPrefix="pieceUnitTests.ListMoves.java">
<Cov CovItemId="S16" Value="1"/>
<Cov CovItemId="S17" Value="1"/>
<Cov CovItemId="S18" Value="1"/>
<Cov CovItemId="S19" Value="1"/>
<Cov CovItemId="S20" Value="1"/>
<Cov CovItemId="S21" Value="1"/>
</CovPrefix>
<CovPrefix CovItemPrefix="rules.ClassicRules.java">
<Cov CovItemId="B106" Value="6"/>
<Cov CovItemId="B107" Value="2"/>
<Cov CovItemId="B108" Value="4"/>
<Cov CovItemId="B110" Value="4"/>
<Cov CovItemId="B111" Value="2"/>
<Cov CovItemId="B112" Value="2"/>
<Cov CovItemId="B113" Value="2"/>
<Cov CovItemId="B114" Value="8"/>
<Cov CovItemId="B116" Value="8"/>
<Cov CovItemId="B117" Value="2"/>
<Cov CovItemId="B118" Value="6"/>
<Cov CovItemId="B120" Value="6"/>
<Cov CovItemId="B56" Value="2"/>
<Cov CovItemId="B58" Value="2"/>
<Cov CovItemId="B59" Value="2"/>
<Cov CovItemId="B67" Value="2"/>
<Cov CovItemId="B68" Value="22"/>
<Cov CovItemId="S106" Value="2"/>
<Cov CovItemId="S107" Value="2"/>
<Cov CovItemId="S108" Value="2"/>
<Cov CovItemId="S109" Value="2"/>
<Cov CovItemId="S111" Value="2"/>
<Cov CovItemId="S113" Value="2"/>
<Cov CovItemId="S114" Value="2"/>
<Cov CovItemId="S121" Value="2"/>
<Cov CovItemId="S122" Value="2"/>
<Cov CovItemId="S123" Value="24"/>
<Cov CovItemId="S124" Value="24"/>
<Cov CovItemId="S125" Value="2"/>
<Cov CovItemId="S126" Value="2"/>
<Cov CovItemId="S194" Value="2"/>
<Cov CovItemId="S195" Value="6"/>
<Cov CovItemId="S196" Value="6"/>
<Cov CovItemId="S198" Value="6"/>
<Cov CovItemId="S199" Value="6"/>
<Cov CovItemId="S200" Value="2"/>
<Cov CovItemId="S201" Value="2"/>
<Cov CovItemId="S202" Value="4"/>
<Cov CovItemId="S203" Value="4"/>
<Cov CovItemId="S205" Value="4"/>
<Cov CovItemId="S206" Value="4"/>
<Cov CovItemId="S207" Value="2"/>
<Cov CovItemId="S208" Value="2"/>
<Cov CovItemId="S209" Value="10"/>
<Cov CovItemId="S210" Value="10"/>
<Cov CovItemId="S211" Value="2"/>
<Cov CovItemId="S212" Value="8"/>
<Cov CovItemId="S213" Value="8"/>
<Cov CovItemId="S215" Value="2"/>
<Cov CovItemId="S216" Value="8"/>
<Cov CovItemId="S217" Value="8"/>
<Cov CovItemId="S218" Value="2"/>
<Cov CovItemId="S219" Value="6"/>
<Cov CovItemId="S220" Value="6"/>
</CovPrefix>
</CovList>
<AssgnmntList>
<AssgnmntPrefix RootTermCovItemPrefix="rules.ClassicRules.java">
<AssgnmntListEntry Length="1" RootTermCovItemId="C36">
<MapEntry BoolAssgnmnt="0" Value="2"/>
</AssgnmntListEntry>
<AssgnmntListEntry Length="1" RootTermCovItemId="C37">
<MapEntry BoolAssgnmnt="0" Value="2"/>
</AssgnmntListEntry>
<AssgnmntListEntry Length="1" RootTermCovItemId="C38">
<MapEntry BoolAssgnmnt="1" Value="2"/>
</AssgnmntListEntry>
<AssgnmntListEntry Length="1" RootTermCovItemId="C42">
<MapEntry BoolAssgnmnt="0" Value="2"/>
<MapEntry BoolAssgnmnt="1" Value="24"/>
</AssgnmntListEntry>
<AssgnmntListEntry Length="2" RootTermCovItemId="C43">
<MapEntry BoolAssgnmnt="02" Value="20"/>
<MapEntry BoolAssgnmnt="10" Value="2"/>
<MapEntry BoolAssgnmnt="11" Value="2"/>
</AssgnmntListEntry>
<AssgnmntListEntry Length="1" RootTermCovItemId="C66">
<MapEntry BoolAssgnmnt="0" Value="6"/>
</AssgnmntListEntry>
<AssgnmntListEntry Length="1" RootTermCovItemId="C67">
<MapEntry BoolAssgnmnt="0" Value="4"/>
<MapEntry BoolAssgnmnt="1" Value="2"/>
</AssgnmntListEntry>
<AssgnmntListEntry Length="1" RootTermCovItemId="C69">
<MapEntry BoolAssgnmnt="0" Value="4"/>
</AssgnmntListEntry>
<AssgnmntListEntry Length="1" RootTermCovItemId="C70">
<MapEntry BoolAssgnmnt="0" Value="2"/>
<MapEntry BoolAssgnmnt="1" Value="2"/>
</AssgnmntListEntry>
<AssgnmntListEntry Length="1" RootTermCovItemId="C72">
<MapEntry BoolAssgnmnt="0" Value="8"/>
<MapEntry BoolAssgnmnt="1" Value="2"/>
</AssgnmntListEntry>
<AssgnmntListEntry Length="1" RootTermCovItemId="C73">
<MapEntry BoolAssgnmnt="0" Value="8"/>
</AssgnmntListEntry>
<AssgnmntListEntry Length="1" RootTermCovItemId="C75">
<MapEntry BoolAssgnmnt="0" Value="6"/>
<MapEntry BoolAssgnmnt="1" Value="2"/>
</AssgnmntListEntry>
<AssgnmntListEntry Length="1" RootTermCovItemId="C76">
<MapEntry BoolAssgnmnt="0" Value="6"/>
</AssgnmntListEntry>
</AssgnmntPrefix>
</AssgnmntList>
<ObjMetaDataList/>
<MetaDataList/>
</TestCase>
<TestCase Comment="" Date="1416432528338" Name="pieceUnitTests.ListMoves:testRook">
<CovList>
<CovPrefix CovItemPrefix="pieceUnitTests.ListMoves.java">
<Cov CovItemId="S13" Value="1"/>
<Cov CovItemId="S14" Value="1"/>
<Cov CovItemId="S15" Value="1"/>
</CovPrefix>
<CovPrefix CovItemPrefix="rules.ClassicRules.java">
<Cov CovItemId="B106" Value="1"/>
<Cov CovItemId="B107" Value="1"/>
<Cov CovItemId="B109" Value="1"/>
<Cov CovItemId="B114" Value="1"/>
<Cov CovItemId="B115" Value="1"/>
<Cov CovItemId="B117" Value="1"/>
<Cov CovItemId="B56" Value="1"/>
<Cov CovItemId="B58" Value="1"/>
<Cov CovItemId="B59" Value="1"/>
<Cov CovItemId="B67" Value="2"/>
<Cov CovItemId="S106" Value="1"/>
<Cov CovItemId="S107" Value="1"/>
<Cov CovItemId="S108" Value="1"/>
<Cov CovItemId="S109" Value="1"/>
<Cov CovItemId="S111" Value="1"/>
<Cov CovItemId="S113" Value="1"/>
<Cov CovItemId="S114" Value="1"/>
<Cov CovItemId="S121" Value="1"/>
<Cov CovItemId="S122" Value="1"/>
<Cov CovItemId="S123" Value="2"/>
<Cov CovItemId="S124" Value="2"/>
<Cov CovItemId="S125" Value="2"/>
<Cov CovItemId="S126" Value="1"/>
<Cov CovItemId="S194" Value="1"/>
<Cov CovItemId="S195" Value="1"/>
<Cov CovItemId="S196" Value="1"/>
<Cov CovItemId="S198" Value="1"/>
<Cov CovItemId="S199" Value="1"/>
<Cov CovItemId="S200" Value="1"/>
<Cov CovItemId="S201" Value="1"/>
<Cov CovItemId="S202" Value="1"/>
<Cov CovItemId="S203" Value="1"/>
<Cov CovItemId="S204" Value="1"/>
<Cov CovItemId="S208" Value="1"/>
<Cov CovItemId="S209" Value="1"/>
<Cov CovItemId="S210" Value="1"/>
<Cov CovItemId="S212" Value="1"/>
<Cov CovItemId="S213" Value="1"/>
<Cov CovItemId="S214" Value="1"/>
<Cov CovItemId="S215" Value="1"/>
<Cov CovItemId="S216" Value="1"/>
<Cov CovItemId="S217" Value="1"/>
<Cov CovItemId="S218" Value="1"/>
</CovPrefix>
</CovList>
<AssgnmntList>
<AssgnmntPrefix RootTermCovItemPrefix="rules.ClassicRules.java">
<AssgnmntListEntry Length="1" RootTermCovItemId="C36">
<MapEntry BoolAssgnmnt="0" Value="1"/>
</AssgnmntListEntry>
<AssgnmntListEntry Length="1" RootTermCovItemId="C37">
<MapEntry BoolAssgnmnt="0" Value="1"/>
</AssgnmntListEntry>
<AssgnmntListEntry Length="1" RootTermCovItemId="C38">
<MapEntry BoolAssgnmnt="1" Value="1"/>
</AssgnmntListEntry>
<AssgnmntListEntry Length="1" RootTermCovItemId="C42">
<MapEntry BoolAssgnmnt="0" Value="1"/>
<MapEntry BoolAssgnmnt="1" Value="2"/>
</AssgnmntListEntry>
<AssgnmntListEntry Length="2" RootTermCovItemId="C43">
<MapEntry BoolAssgnmnt="11" Value="2"/>
</AssgnmntListEntry>
<AssgnmntListEntry Length="1" RootTermCovItemId="C66">
<MapEntry BoolAssgnmnt="0" Value="1"/>
</AssgnmntListEntry>
<AssgnmntListEntry Length="1" RootTermCovItemId="C67">
<MapEntry BoolAssgnmnt="1" Value="1"/>
</AssgnmntListEntry>
<AssgnmntListEntry Length="1" RootTermCovItemId="C69">
<MapEntry BoolAssgnmnt="1" Value="1"/>
</AssgnmntListEntry>
<AssgnmntListEntry Length="1" RootTermCovItemId="C72">
<MapEntry BoolAssgnmnt="0" Value="1"/>
</AssgnmntListEntry>
<AssgnmntListEntry Length="1" RootTermCovItemId="C73">
<MapEntry BoolAssgnmnt="1" Value="1"/>
</AssgnmntListEntry>
<AssgnmntListEntry Length="1" RootTermCovItemId="C75">
<MapEntry BoolAssgnmnt="1" Value="1"/>
</AssgnmntListEntry>
</AssgnmntPrefix>
</AssgnmntList>
<ObjMetaDataList/>
<MetaDataList/>
</TestCase>
<TestCase Comment="" Date="1416432528339" Name="pieceUnitTests.ListMoves:testPawnMidGame">
<CovList>
<CovPrefix CovItemPrefix="pieceUnitTests.ListMoves.java">
<Cov CovItemId="S10" Value="1"/>
<Cov CovItemId="S11" Value="1"/>
<Cov CovItemId="S12" Value="1"/>
<Cov CovItemId="S7" Value="1"/>
<Cov CovItemId="S8" Value="1"/>
<Cov CovItemId="S9" Value="1"/>
</CovPrefix>
<CovPrefix CovItemPrefix="rules.ClassicRules.java">
<Cov CovItemId="B55" Value="2"/>
<Cov CovItemId="B68" Value="2"/>
<Cov CovItemId="B69" Value="2"/>
<Cov CovItemId="B72" Value="2"/>
<Cov CovItemId="B76" Value="2"/>
<Cov CovItemId="B78" Value="2"/>
<Cov CovItemId="B80" Value="2"/>
<Cov CovItemId="B86" Value="2"/>
<Cov CovItemId="S106" Value="2"/>
<Cov CovItemId="S107" Value="2"/>
<Cov CovItemId="S108" Value="2"/>
<Cov CovItemId="S109" Value="2"/>
<Cov CovItemId="S110" Value="2"/>
<Cov CovItemId="S121" Value="2"/>
<Cov CovItemId="S122" Value="2"/>
<Cov CovItemId="S123" Value="2"/>
<Cov CovItemId="S124" Value="2"/>
<Cov CovItemId="S126" Value="2"/>
<Cov CovItemId="S127" Value="2"/>
<Cov CovItemId="S128" Value="2"/>
<Cov CovItemId="S129" Value="2"/>
<Cov CovItemId="S130" Value="2"/>
<Cov CovItemId="S136" Value="2"/>
<Cov CovItemId="S137" Value="2"/>
<Cov CovItemId="S139" Value="2"/>
<Cov CovItemId="S140" Value="2"/>
<Cov CovItemId="S142" Value="2"/>
<Cov CovItemId="S143" Value="2"/>
<Cov CovItemId="S151" Value="2"/>
<Cov CovItemId="S152" Value="2"/>
</CovPrefix>
</CovList>
<AssgnmntList>
<AssgnmntPrefix RootTermCovItemPrefix="rules.ClassicRules.java">
<AssgnmntListEntry Length="1" RootTermCovItemId="C36">
<MapEntry BoolAssgnmnt="1" Value="2"/>
</AssgnmntListEntry>
<AssgnmntListEntry Length="1" RootTermCovItemId="C42">
<MapEntry BoolAssgnmnt="0" Value="2"/>
<MapEntry BoolAssgnmnt="1" Value="2"/>
</AssgnmntListEntry>
<AssgnmntListEntry Length="2" RootTermCovItemId="C43">
<MapEntry BoolAssgnmnt="02" Value="2"/>
</AssgnmntListEntry>
<AssgnmntListEntry Length="2" RootTermCovItemId="C44">
<MapEntry BoolAssgnmnt="11" Value="2"/>
</AssgnmntListEntry>
<AssgnmntListEntry Length="1" RootTermCovItemId="C45">
<MapEntry BoolAssgnmnt="1" Value="2"/>
</AssgnmntListEntry>
<AssgnmntListEntry Length="2" RootTermCovItemId="C47">
<MapEntry BoolAssgnmnt="10" Value="2"/>
</AssgnmntListEntry>
<AssgnmntListEntry Length="2" RootTermCovItemId="C48">
<MapEntry BoolAssgnmnt="10" Value="2"/>
</AssgnmntListEntry>
<AssgnmntListEntry Length="2" RootTermCovItemId="C49">
<MapEntry BoolAssgnmnt="10" Value="2"/>
</AssgnmntListEntry>
<AssgnmntListEntry Length="2" RootTermCovItemId="C52">
<MapEntry BoolAssgnmnt="10" Value="2"/>
</AssgnmntListEntry>
</AssgnmntPrefix>
</AssgnmntList>
<ObjMetaDataList/>
<MetaDataList/>
</TestCase>
<TestCase Comment="" Date="1416432528342" Name="pieceUnitTests.ListMoves:testKingMidGame">
<CovList>
<CovPrefix CovItemPrefix="pieceUnitTests.ListMoves.java">
<Cov CovItemId="S53" Value="1"/>
<Cov CovItemId="S54" Value="1"/>
<Cov CovItemId="S55" Value="1"/>
<Cov CovItemId="S56" Value="1"/>
<Cov CovItemId="S57" Value="1"/>
<Cov CovItemId="S58" Value="1"/>
</CovPrefix>
<CovPrefix CovItemPrefix="rules.ClassicRules.java">
<Cov CovItemId="B56" Value="2"/>
<Cov CovItemId="B57" Value="2"/>
<Cov CovItemId="B68" Value="16"/>
<Cov CovItemId="B91" Value="16"/>
<Cov CovItemId="B92" Value="2"/>
<Cov CovItemId="B93" Value="16"/>
<Cov CovItemId="B96" Value="2"/>
<Cov CovItemId="S106" Value="2"/>
<Cov CovItemId="S107" Value="2"/>
<Cov CovItemId="S108" Value="2"/>
<Cov CovItemId="S109" Value="2"/>
<Cov CovItemId="S111" Value="2"/>
<Cov CovItemId="S112" Value="2"/>
<Cov CovItemId="S121" Value="2"/>
<Cov CovItemId="S122" Value="2"/>
<Cov CovItemId="S123" Value="16"/>
<Cov CovItemId="S124" Value="16"/>
<Cov CovItemId="S126" Value="2"/>
<Cov CovItemId="S160" Value="2"/>
<Cov CovItemId="S161" Value="6"/>
<Cov CovItemId="S162" Value="18"/>
<Cov CovItemId="S163" Value="16"/>
<Cov CovItemId="S164" Value="16"/>
<Cov CovItemId="S165" Value="16"/>
<Cov CovItemId="S166" Value="2"/>
</CovPrefix>
</CovList>
<AssgnmntList>
<AssgnmntPrefix RootTermCovItemPrefix="rules.ClassicRules.java">
<AssgnmntListEntry Length="1" RootTermCovItemId="C36">
<MapEntry BoolAssgnmnt="0" Value="2"/>
</AssgnmntListEntry>
<AssgnmntListEntry Length="1" RootTermCovItemId="C37">
<MapEntry BoolAssgnmnt="1" Value="2"/>
</AssgnmntListEntry>
<AssgnmntListEntry Length="1" RootTermCovItemId="C42">
<MapEntry BoolAssgnmnt="0" Value="2"/>
<MapEntry BoolAssgnmnt="1" Value="16"/>
</AssgnmntListEntry>
<AssgnmntListEntry Length="2" RootTermCovItemId="C43">
<MapEntry BoolAssgnmnt="02" Value="16"/>
</AssgnmntListEntry>
<AssgnmntListEntry Length="1" RootTermCovItemId="C55">
<MapEntry BoolAssgnmnt="0" Value="2"/>
<MapEntry BoolAssgnmnt="1" Value="6"/>
</AssgnmntListEntry>
<AssgnmntListEntry Length="1" RootTermCovItemId="C56">
<MapEntry BoolAssgnmnt="0" Value="6"/>
<MapEntry BoolAssgnmnt="1" Value="18"/>
</AssgnmntListEntry>
<AssgnmntListEntry Length="2" RootTermCovItemId="C57">
<MapEntry BoolAssgnmnt="00" Value="2"/>
<MapEntry BoolAssgnmnt="01" Value="4"/>
<MapEntry BoolAssgnmnt="12" Value="12"/>
</AssgnmntListEntry>
<AssgnmntListEntry Length="1" RootTermCovItemId="C58">
<MapEntry BoolAssgnmnt="1" Value="16"/>
</AssgnmntListEntry>
<AssgnmntListEntry Length="1" RootTermCovItemId="C59">
<MapEntry BoolAssgnmnt="1" Value="2"/>
</AssgnmntListEntry>
</AssgnmntPrefix>
</AssgnmntList>
<ObjMetaDataList/>
<MetaDataList/>
</TestCase>
<TestCase Comment="" Date="1416432528343" Name="pieceUnitTests.ListMoves:testKnight">
<CovList>
<CovPrefix CovItemPrefix="pieceUnitTests.ListMoves.java">
<Cov CovItemId="S22" Value="1"/>
<Cov CovItemId="S23" Value="1"/>
<Cov CovItemId="S24" Value="1"/>
<Cov CovItemId="S25" Value="1"/>
</CovPrefix>
<CovPrefix CovItemPrefix="rules.ClassicRules.java">
<Cov CovItemId="B169" Value="2"/>
<Cov CovItemId="B172" Value="2"/>
<Cov CovItemId="B173" Value="2"/>
<Cov CovItemId="B176" Value="2"/>
<Cov CovItemId="B177" Value="2"/>
<Cov CovItemId="B180" Value="2"/>
<Cov CovItemId="B182" Value="2"/>
<Cov CovItemId="B184" Value="2"/>
<Cov CovItemId="B56" Value="2"/>
<Cov CovItemId="B58" Value="2"/>
<Cov CovItemId="B60" Value="2"/>
<Cov CovItemId="B62" Value="2"/>
<Cov CovItemId="B64" Value="2"/>
<Cov CovItemId="B65" Value="2"/>
<Cov CovItemId="B67" Value="2"/>
<Cov CovItemId="B68" Value="4"/>
<Cov CovItemId="S106" Value="2"/>
<Cov CovItemId="S107" Value="2"/>
<Cov CovItemId="S108" Value="2"/>
<Cov CovItemId="S109" Value="2"/>
<Cov CovItemId="S111" Value="2"/>
<Cov CovItemId="S113" Value="2"/>
<Cov CovItemId="S115" Value="2"/>
<Cov CovItemId="S117" Value="2"/>
<Cov CovItemId="S119" Value="2"/>
<Cov CovItemId="S120" Value="2"/>
<Cov CovItemId="S121" Value="2"/>
<Cov CovItemId="S122" Value="2"/>
<Cov CovItemId="S123" Value="6"/>
<Cov CovItemId="S124" Value="6"/>
<Cov CovItemId="S125" Value="2"/>
<Cov CovItemId="S126" Value="2"/>
<Cov CovItemId="S306" Value="2"/>
<Cov CovItemId="S307" Value="2"/>
<Cov CovItemId="S308" Value="2"/>
<Cov CovItemId="S309" Value="2"/>
<Cov CovItemId="S310" Value="2"/>
<Cov CovItemId="S312" Value="2"/>
<Cov CovItemId="S313" Value="2"/>
<Cov CovItemId="S314" Value="2"/>
<Cov CovItemId="S315" Value="2"/>
<Cov CovItemId="S316" Value="2"/>
<Cov CovItemId="S318" Value="2"/>
<Cov CovItemId="S319" Value="2"/>
<Cov CovItemId="S320" Value="2"/>
<Cov CovItemId="S321" Value="2"/>
<Cov CovItemId="S322" Value="2"/>
<Cov CovItemId="S324" Value="2"/>
<Cov CovItemId="S325" Value="2"/>
<Cov CovItemId="S327" Value="2"/>
<Cov CovItemId="S328" Value="2"/>
</CovPrefix>
</CovList>
<AssgnmntList>
<AssgnmntPrefix RootTermCovItemPrefix="rules.ClassicRules.java">
<AssgnmntListEntry Length="1" RootTermCovItemId="C113">
<MapEntry BoolAssgnmnt="1" Value="2"/>
</AssgnmntListEntry>
<AssgnmntListEntry Length="1" RootTermCovItemId="C114">
<MapEntry BoolAssgnmnt="0" Value="2"/>
</AssgnmntListEntry>
<AssgnmntListEntry Length="1" RootTermCovItemId="C115">
<MapEntry BoolAssgnmnt="1" Value="2"/>
</AssgnmntListEntry>
<AssgnmntListEntry Length="1" RootTermCovItemId="C116">
<MapEntry BoolAssgnmnt="0" Value="2"/>
</AssgnmntListEntry>
<AssgnmntListEntry Length="1" RootTermCovItemId="C117">
<MapEntry BoolAssgnmnt="1" Value="2"/>
</AssgnmntListEntry>
<AssgnmntListEntry Length="1" RootTermCovItemId="C118">
<MapEntry BoolAssgnmnt="0" Value="2"/>
</AssgnmntListEntry>
<AssgnmntListEntry Length="1" RootTermCovItemId="C119">
<MapEntry BoolAssgnmnt="0" Value="2"/>
</AssgnmntListEntry>
<AssgnmntListEntry Length="1" RootTermCovItemId="C120">
<MapEntry BoolAssgnmnt="0" Value="2"/>
</AssgnmntListEntry>
<AssgnmntListEntry Length="1" RootTermCovItemId="C36">
<MapEntry BoolAssgnmnt="0" Value="2"/>
</AssgnmntListEntry>
<AssgnmntListEntry Length="1" RootTermCovItemId="C37">
<MapEntry BoolAssgnmnt="0" Value="2"/>
</AssgnmntListEntry>
<AssgnmntListEntry Length="1" RootTermCovItemId="C38">
<MapEntry BoolAssgnmnt="0" Value="2"/>
</AssgnmntListEntry>
<AssgnmntListEntry Length="1" RootTermCovItemId="C39">
<MapEntry BoolAssgnmnt="0" Value="2"/>
</AssgnmntListEntry>
<AssgnmntListEntry Length="1" RootTermCovItemId="C40">
<MapEntry BoolAssgnmnt="0" Value="2"/>
</AssgnmntListEntry>
<AssgnmntListEntry Length="1" RootTermCovItemId="C41">
<MapEntry BoolAssgnmnt="1" Value="2"/>
</AssgnmntListEntry>
<AssgnmntListEntry Length="1" RootTermCovItemId="C42">
<MapEntry BoolAssgnmnt="0" Value="2"/>
<MapEntry BoolAssgnmnt="1" Value="6"/>
</AssgnmntListEntry>
<AssgnmntListEntry Length="2" RootTermCovItemId="C43">
<MapEntry BoolAssgnmnt="02" Value="4"/>
<MapEntry BoolAssgnmnt="11" Value="2"/>
</AssgnmntListEntry>
</AssgnmntPrefix>
</AssgnmntList>
<ObjMetaDataList/>
<MetaDataList/>
</TestCase>
<TestCase Comment="" Date="1416432528344" Name="pieceUnitTests.ListMoves:testBishup">
<CovList>
<CovPrefix CovItemPrefix="pieceUnitTests.ListMoves.java">
<Cov CovItemId="S32" Value="1"/>
<Cov CovItemId="S33" Value="1"/>
<Cov CovItemId="S34" Value="1"/>
</CovPrefix>
<CovPrefix CovItemPrefix="rules.ClassicRules.java">
<Cov CovItemId="B122" Value="1"/>
<Cov CovItemId="B123" Value="1"/>
<Cov CovItemId="B125" Value="1"/>
<Cov CovItemId="B129" Value="1"/>
<Cov CovItemId="B134" Value="1"/>
<Cov CovItemId="B135" Value="1"/>
<Cov CovItemId="B56" Value="1"/>
<Cov CovItemId="B58" Value="1"/>
<Cov CovItemId="B60" Value="1"/>
<Cov CovItemId="B61" Value="1"/>
<Cov CovItemId="B67" Value="2"/>
<Cov CovItemId="S106" Value="1"/>
<Cov CovItemId="S107" Value="1"/>
<Cov CovItemId="S108" Value="1"/>
<Cov CovItemId="S109" Value="1"/>
<Cov CovItemId="S111" Value="1"/>
<Cov CovItemId="S113" Value="1"/>
<Cov CovItemId="S115" Value="1"/>
<Cov CovItemId="S116" Value="1"/>
<Cov CovItemId="S121" Value="1"/>
<Cov CovItemId="S122" Value="1"/>
<Cov CovItemId="S123" Value="2"/>
<Cov CovItemId="S124" Value="2"/>
<Cov CovItemId="S125" Value="2"/>
<Cov CovItemId="S126" Value="1"/>
<Cov CovItemId="S222" Value="1"/>
<Cov CovItemId="S223" Value="1"/>
<Cov CovItemId="S224" Value="1"/>
<Cov CovItemId="S226" Value="1"/>
<Cov CovItemId="S227" Value="1"/>
<Cov CovItemId="S228" Value="1"/>
<Cov CovItemId="S229" Value="1"/>
<Cov CovItemId="S230" Value="1"/>
<Cov CovItemId="S231" Value="1"/>
<Cov CovItemId="S232" Value="1"/>
<Cov CovItemId="S236" Value="1"/>
<Cov CovItemId="S237" Value="1"/>
<Cov CovItemId="S238" Value="1"/>
<Cov CovItemId="S239" Value="1"/>
<Cov CovItemId="S243" Value="1"/>
<Cov CovItemId="S244" Value="1"/>
<Cov CovItemId="S245" Value="1"/>
<Cov CovItemId="S247" Value="1"/>
<Cov CovItemId="S248" Value="1"/>
<Cov CovItemId="S249" Value="1"/>
</CovPrefix>
</CovList>
<AssgnmntList>
<AssgnmntPrefix RootTermCovItemPrefix="rules.ClassicRules.java">
<AssgnmntListEntry Length="1" RootTermCovItemId="C36">
<MapEntry BoolAssgnmnt="0" Value="1"/>
</AssgnmntListEntry>
<AssgnmntListEntry Length="1" RootTermCovItemId="C37">
<MapEntry BoolAssgnmnt="0" Value="1"/>
</AssgnmntListEntry>
<AssgnmntListEntry Length="1" RootTermCovItemId="C38">
<MapEntry BoolAssgnmnt="0" Value="1"/>
</AssgnmntListEntry>
<AssgnmntListEntry Length="1" RootTermCovItemId="C39">
<MapEntry BoolAssgnmnt="1" Value="1"/>
</AssgnmntListEntry>
<AssgnmntListEntry Length="1" RootTermCovItemId="C42">
<MapEntry BoolAssgnmnt="0" Value="1"/>
<MapEntry BoolAssgnmnt="1" Value="2"/>
</AssgnmntListEntry>
<AssgnmntListEntry Length="2" RootTermCovItemId="C43">
<MapEntry BoolAssgnmnt="11" Value="2"/>
</AssgnmntListEntry>
<AssgnmntListEntry Length="1" RootTermCovItemId="C78">
<MapEntry BoolAssgnmnt="0" Value="1"/>
</AssgnmntListEntry>
<AssgnmntListEntry Length="1" RootTermCovItemId="C79">
<MapEntry BoolAssgnmnt="1" Value="1"/>
</AssgnmntListEntry>
<AssgnmntListEntry Length="1" RootTermCovItemId="C81">
<MapEntry BoolAssgnmnt="1" Value="1"/>
</AssgnmntListEntry>
<AssgnmntListEntry Length="1" RootTermCovItemId="C84">
<MapEntry BoolAssgnmnt="1" Value="1"/>
</AssgnmntListEntry>
<AssgnmntListEntry Length="1" RootTermCovItemId="C87">
<MapEntry BoolAssgnmnt="0" Value="1"/>
</AssgnmntListEntry>
<AssgnmntListEntry Length="1" RootTermCovItemId="C88">
<MapEntry BoolAssgnmnt="1" Value="1"/>
</AssgnmntListEntry>
</AssgnmntPrefix>
</AssgnmntList>
<ObjMetaDataList/>
<MetaDataList/>
</TestCase>
<MetaDataList/>
</TestSession>
</TestSessionContainer>
